0.09500000000000242	EXP	Created Window = Window( name=Window, fullscr=true, color=#808080, units=height, waitBlanking=true, autoLog=true, size=[1280,739] )
11.869	DATA	Keydown: 1
12.184000000000001	DATA	Keydown: 1
16.128000000000004	DATA	Keydown: 1
16.535	DATA	Keydown: 1
20.912000000000003	EXP	Created intro1 = TextStim( name=intro1, win=Window( name=Window, fullscr=true, color=#808080, ~), autoDraw=null, autoLog=true, units=height, pos=[0,0], size=undefined, ori=null, opacity=1, depth=null, clipMask=null, boundingBox={"x":-0.49818298587618404,"y":-0.5054127198917456,~, text=A continuación vas a completar una tarea computari~, alignHoriz=center, alignVert=center, flipHoriz=null, flipVert=null, font=Arial, height=0.1, wrapWidth=1, bold=null, italic=null, color=#FFFFFF, contrast=1 )
20.916	EXP	Created intro2 = TextStim( name=intro2, win=Window( name=Window, fullscr=true, color=#808080, ~), autoDraw=null, autoLog=true, units=height, pos=[0,0], size=undefined, ori=null, opacity=1, depth=null, clipMask=null, boundingBox={"x":-0.49815259218538566,"y":-0.6427604871447903,~, text=Todas las decisiones que tendrás que tomar serán e~, alignHoriz=center, alignVert=center, flipHoriz=null, flipVert=null, font=Arial, height=0.06, wrapWidth=1, bold=null, italic=null, color=#FFFFFF, contrast=1 )
20.918000000000003	EXP	Created intro2_2 = TextStim( name=intro2_2, win=Window( name=Window, fullscr=true, color=#808080, ~), autoDraw=null, autoLog=true, units=height, pos=[0,0], size=undefined, ori=null, opacity=1, depth=null, clipMask=null, boundingBox={"x":-0.49315216931664413,"y":-0.6427604871447903,~, text=Aunque estas decisiones son hipotéticas, te pedimo~, alignHoriz=center, alignVert=center, flipHoriz=null, flipVert=null, font=Arial, height=0.06, wrapWidth=1, bold=null, italic=null, color=#FFFFFF, contrast=1 )
20.919	EXP	Created Intro2_3 = TextStim( name=Intro2_3, win=Window( name=Window, fullscr=true, color=#808080, ~), autoDraw=null, autoLog=true, units=height, pos=[0,0], size=undefined, ori=null, opacity=1, depth=null, clipMask=null, boundingBox={"x":-0.49260904727672533,"y":-0.44925575101488496~, text=Si escoges la opción de la izquierda oprime la fle~, alignHoriz=center, alignVert=center, flipHoriz=null, flipVert=null, font=Arial, height=0.1, wrapWidth=1, bold=null, italic=null, color=#FFFFFF, contrast=1 )
20.920000000000005	EXP	Created intro3 = TextStim( name=intro3, win=Window( name=Window, fullscr=true, color=#808080, ~), autoDraw=null, autoLog=true, units=height, pos=[0,0.5], size=undefined, ori=null, opacity=1, depth=-1, clipMask=null, boundingBox={"x":-0.40909775668132614,"y":0.3876860622462788,"~, text=Por ejemplo, ¿qué preferirías?, alignHoriz=center, alignVert=center, flipHoriz=null, flipVert=null, font=Arial, height=0.1, wrapWidth=1, bold=null, italic=null, color=#FFFFFF, contrast=1 )
20.921000000000003	EXP	Created ss_am = TextStim( name=ss_am, win=Window( name=Window, fullscr=true, color=#808080, ~), autoDraw=null, autoLog=true, units=height, pos=[-0.5,0.1], size=undefined, ori=null, opacity=1, depth=-2, clipMask=null, boundingBox={"x":-0.6531366288903924,"y":0.043843031123139385,~, text=$5.000, alignHoriz=center, alignVert=center, flipHoriz=null, flipVert=null, font=Arial, height=0.1, wrapWidth=1, bold=null, italic=null, color=#FFFFFF, contrast=1 )
20.922	EXP	Created ss_del = TextStim( name=ss_del, win=Window( name=Window, fullscr=true, color=#808080, ~), autoDraw=null, autoLog=true, units=height, pos=[-0.5,-0.1], size=undefined, ori=null, opacity=1, depth=-3, clipMask=null, boundingBox={"x":-0.5807243212956699,"y":-0.15615696887686062,~, text=hoy, alignHoriz=center, alignVert=center, flipHoriz=null, flipVert=null, font=Arial, height=0.1, wrapWidth=1, bold=null, italic=null, color=#FFFFFF, contrast=1 )
20.923	EXP	Created ll_am = TextStim( name=ll_am, win=Window( name=Window, fullscr=true, color=#808080, ~), autoDraw=null, autoLog=true, units=height, pos=[0.5,0.1], size=undefined, ori=null, opacity=1, depth=-4, clipMask=null, boundingBox={"x":0.31901812521143436,"y":0.043843031123139385,~, text=$10.000, alignHoriz=center, alignVert=center, flipHoriz=null, flipVert=null, font=Arial, height=0.1, wrapWidth=1, bold=null, italic=null, color=#FFFFFF, contrast=1 )
20.924000000000003	EXP	Created ll_del = TextStim( name=ll_del, win=Window( name=Window, fullscr=true, color=#808080, ~), autoDraw=null, autoLog=true, units=height, pos=[0.5,-0.1], size=undefined, ori=null, opacity=1, depth=-5, clipMask=null, boundingBox={"x":0.2940087428112314,"y":-0.15615696887686062,"~, text=en 7 días, alignHoriz=center, alignVert=center, flipHoriz=null, flipVert=null, font=Arial, height=0.1, wrapWidth=1, bold=null, italic=null, color=#FFFFFF, contrast=1 )
20.925	EXP	Created Intro4 = TextStim( name=Intro4, win=Window( name=Window, fullscr=true, color=#808080, ~), autoDraw=null, autoLog=true, units=height, pos=[0,0], size=undefined, ori=null, opacity=1, depth=null, clipMask=null, boundingBox={"x":-0.4453039104786874,"y":-0.11231393775372124,~, text=Hagamos unos ensayos de práctica, alignHoriz=center, alignVert=center, flipHoriz=null, flipVert=null, font=Arial, height=0.1, wrapWidth=1, bold=null, italic=null, color=#FFFFFF, contrast=1 )
20.926	EXP	Created pregunta = TextStim( name=pregunta, win=Window( name=Window, fullscr=true, color=#808080, ~), autoDraw=null, autoLog=true, units=height, pos=[0,0.5], size=undefined, ori=null, opacity=1, depth=-1, clipMask=null, boundingBox={"x":-0.3812525107831529,"y":0.4438430311231394,"w~, text=¿qué preferirías?, alignHoriz=center, alignVert=center, flipHoriz=null, flipVert=null, font=Arial, height=0.1, wrapWidth=1, bold=null, italic=null, color=#FFFFFF, contrast=1 )
20.926	EXP	Created ssAm_P = TextStim( name=ssAm_P, win=Window( name=Window, fullscr=true, color=#808080, ~), autoDraw=null, autoLog=true, units=height, pos=[0,0], size=undefined, ori=null, opacity=1, depth=-2, clipMask=null, boundingBox={"x":-0.2449354860876184,"y":-0.05615696887686062,~, text=default text, alignHoriz=center, alignVert=center, flipHoriz=null, flipVert=null, font=Arial, height=0.1, wrapWidth=1, bold=null, italic=null, color=#FFFFFF, contrast=1 )
20.927000000000003	EXP	Created ssDel_P = TextStim( name=ssDel_P, win=Window( name=Window, fullscr=true, color=#808080, ~), autoDraw=null, autoLog=true, units=height, pos=[0,0], size=undefined, ori=null, opacity=1, depth=-3, clipMask=null, boundingBox={"x":-0.08072432129566982,"y":-0.05615696887686062~, text=hoy, alignHoriz=center, alignVert=center, flipHoriz=null, flipVert=null, font=Arial, height=0.1, wrapWidth=1, bold=null, italic=null, color=#FFFFFF, contrast=1 )
20.928	EXP	Created llAm_P = TextStim( name=llAm_P, win=Window( name=Window, fullscr=true, color=#808080, ~), autoDraw=null, autoLog=true, units=height, pos=[0,0], size=undefined, ori=null, opacity=1, depth=-4, clipMask=null, boundingBox={"x":-0.2449354860876184,"y":-0.05615696887686062,~, text=default text, alignHoriz=center, alignVert=center, flipHoriz=null, flipVert=null, font=Arial, height=0.1, wrapWidth=1, bold=null, italic=null, color=#FFFFFF, contrast=1 )
20.929	EXP	Created llDel_P = TextStim( name=llDel_P, win=Window( name=Window, fullscr=true, color=#808080, ~), autoDraw=null, autoLog=true, units=height, pos=[0,0], size=undefined, ori=null, opacity=1, depth=-5, clipMask=null, boundingBox={"x":-0.2449354860876184,"y":-0.05615696887686062,~, text=default text, alignHoriz=center, alignVert=center, flipHoriz=null, flipVert=null, font=Arial, height=0.1, wrapWidth=1, bold=null, italic=null, color=#FFFFFF, contrast=1 )
20.930000000000003	EXP	Created feedbackP = TextStim( name=feedbackP, win=Window( name=Window, fullscr=true, color=#808080, ~), autoDraw=null, autoLog=true, units=height, pos=[0,0], size=undefined, ori=null, opacity=1, depth=-1, clipMask=null, boundingBox={"x":-0.2449354860876184,"y":-0.05615696887686062,~, text=default text, alignHoriz=center, alignVert=center, flipHoriz=null, flipVert=null, font=Arial, height=0.1, wrapWidth=1, bold=null, italic=null, color=#FFFFFF, contrast=1 )
20.931	EXP	Created comienzo = TextStim( name=comienzo, win=Window( name=Window, fullscr=true, color=#808080, ~), autoDraw=null, autoLog=true, units=height, pos=[0,0], size=undefined, ori=null, opacity=1, depth=null, clipMask=null, boundingBox={"x":-0.4842481393775372,"y":-0.39309878213802435,~, text=Ahora sí vamos a empezar con la tarea. Recuerda qu~, alignHoriz=center, alignVert=center, flipHoriz=null, flipVert=null, font=Arial, height=0.1, wrapWidth=1, bold=null, italic=null, color=#FFFFFF, contrast=1 )
20.932	EXP	Created preguntaT = TextStim( name=preguntaT, win=Window( name=Window, fullscr=true, color=#808080, ~), autoDraw=null, autoLog=true, units=height, pos=[0,0.5], size=undefined, ori=null, opacity=1, depth=-1, clipMask=null, boundingBox={"x":-0.3812525107831529,"y":0.4438430311231394,"w~, text=¿qué preferirías?, alignHoriz=center, alignVert=center, flipHoriz=null, flipVert=null, font=Arial, height=0.1, wrapWidth=1, bold=null, italic=null, color=#FFFFFF, contrast=1 )
20.933000000000003	EXP	Created ssAm_T = TextStim( name=ssAm_T, win=Window( name=Window, fullscr=true, color=#808080, ~), autoDraw=null, autoLog=true, units=height, pos=[0,0], size=undefined, ori=null, opacity=1, depth=-2, clipMask=null, boundingBox={"x":-0.2449354860876184,"y":-0.05615696887686062,~, text=default text, alignHoriz=center, alignVert=center, flipHoriz=null, flipVert=null, font=Arial, height=0.1, wrapWidth=1, bold=null, italic=null, color=#FFFFFF, contrast=1 )
20.933000000000003	EXP	Created ssDel_T = TextStim( name=ssDel_T, win=Window( name=Window, fullscr=true, color=#808080, ~), autoDraw=null, autoLog=true, units=height, pos=[0,0], size=undefined, ori=null, opacity=1, depth=-3, clipMask=null, boundingBox={"x":-0.08072432129566982,"y":-0.05615696887686062~, text=hoy, alignHoriz=center, alignVert=center, flipHoriz=null, flipVert=null, font=Arial, height=0.1, wrapWidth=1, bold=null, italic=null, color=#FFFFFF, contrast=1 )
20.934	EXP	Created llAm_T = TextStim( name=llAm_T, win=Window( name=Window, fullscr=true, color=#808080, ~), autoDraw=null, autoLog=true, units=height, pos=[0,0], size=undefined, ori=null, opacity=1, depth=-4, clipMask=null, boundingBox={"x":-0.2449354860876184,"y":-0.05615696887686062,~, text=default text, alignHoriz=center, alignVert=center, flipHoriz=null, flipVert=null, font=Arial, height=0.1, wrapWidth=1, bold=null, italic=null, color=#FFFFFF, contrast=1 )
20.935	EXP	Created llDel_T = TextStim( name=llDel_T, win=Window( name=Window, fullscr=true, color=#808080, ~), autoDraw=null, autoLog=true, units=height, pos=[0,0], size=undefined, ori=null, opacity=1, depth=-5, clipMask=null, boundingBox={"x":-0.2449354860876184,"y":-0.05615696887686062,~, text=default text, alignHoriz=center, alignVert=center, flipHoriz=null, flipVert=null, font=Arial, height=0.1, wrapWidth=1, bold=null, italic=null, color=#FFFFFF, contrast=1 )
20.936000000000003	EXP	Created textfbT = TextStim( name=textfbT, win=Window( name=Window, fullscr=true, color=#808080, ~), autoDraw=null, autoLog=true, units=height, pos=[0,0], size=undefined, ori=null, opacity=1, depth=-1, clipMask=null, boundingBox={"x":-0.2449354860876184,"y":-0.05615696887686062,~, text=default text, alignHoriz=center, alignVert=center, flipHoriz=null, flipVert=null, font=Arial, height=0.1, wrapWidth=1, bold=null, italic=null, color=#FFFFFF, contrast=1 )
20.937	EXP	Created Gracias = TextStim( name=Gracias, win=Window( name=Window, fullscr=true, color=#808080, ~), autoDraw=null, autoLog=true, units=height, pos=[0,0], size=undefined, ori=null, opacity=1, depth=null, clipMask=null, boundingBox={"x":-0.4368941083812585,"y":-0.22462787550744248,~, text=Terminaste!

Muchas gracias por participar!, alignHoriz=center, alignVert=center, flipHoriz=null, flipVert=null, font=Arial, height=0.1, wrapWidth=1, bold=null, italic=null, color=#FFFFFF, contrast=1 )
20.974	EXP	intro1: units = height
20.974	EXP	intro1: pos = [0,0]
20.974	EXP	intro1: size = undefined
20.974	EXP	intro1: ori = null
20.974	EXP	intro1: opacity = 1
20.974	EXP	intro1: depth = null
20.974	EXP	intro1: clipMask = null
20.974	EXP	intro1: boundingBox = {"x":0,"y":0,"width":0,"height":0,"type":1}
20.974	EXP	intro1: text = A continuación vas a completar una tarea computarizada en la que tomarás una serie de decisiones.

Presiona la barra de espacio para continuar.
20.974	EXP	intro1: alignHoriz = center
20.974	EXP	intro1: alignVert = center
20.974	EXP	intro1: flipHoriz = null
20.974	EXP	intro1: flipVert = null
20.974	EXP	intro1: font = Arial
20.974	EXP	intro1: height = 0.1
20.974	EXP	intro1: wrapWidth = 1
20.974	EXP	intro1: bold = null
20.974	EXP	intro1: italic = null
20.974	EXP	intro1: color = #FFFFFF
20.974	EXP	intro1: contrast = 1
20.974	EXP	intro2: units = height
20.974	EXP	intro2: pos = [0,0]
20.974	EXP	intro2: size = undefined
20.974	EXP	intro2: ori = null
20.974	EXP	intro2: opacity = 1
20.974	EXP	intro2: depth = null
20.974	EXP	intro2: clipMask = null
20.974	EXP	intro2: boundingBox = {"x":0,"y":0,"width":0,"height":0,"type":1}
20.974	EXP	intro2: text = Todas las decisiones que tendrás que tomar serán elecciones entre dos opciones de recompensas monetarias que podrías recibir: una opción de dinero que obtendrías hoy contra una opción de dinero que obtendrías en el futuro. 

En cada pregunta, las cantidades de dinero ofrecido y el número de días que habría que esperar en el futuro cambiarán. 

En cada pregunta, la opción inmediata y la  opción futura cambiarán de lado en la pantalla, así que debes poner atención para responder con el teclado cuál es tu preferencia.
20.974	EXP	intro2: alignHoriz = center
20.974	EXP	intro2: alignVert = center
20.974	EXP	intro2: flipHoriz = null
20.974	EXP	intro2: flipVert = null
20.974	EXP	intro2: font = Arial
20.974	EXP	intro2: height = 0.06
20.974	EXP	intro2: wrapWidth = 1
20.974	EXP	intro2: bold = null
20.974	EXP	intro2: italic = null
20.974	EXP	intro2: color = #FFFFFF
20.974	EXP	intro2: contrast = 1
20.974	EXP	intro2_2: units = height
20.974	EXP	intro2_2: pos = [0,0]
20.974	EXP	intro2_2: size = undefined
20.974	EXP	intro2_2: ori = null
20.974	EXP	intro2_2: opacity = 1
20.974	EXP	intro2_2: depth = null
20.974	EXP	intro2_2: clipMask = null
20.974	EXP	intro2_2: boundingBox = {"x":0,"y":0,"width":0,"height":0,"type":1}
20.974	EXP	intro2_2: text = Aunque estas decisiones son hipotéticas, te pedimos que hagas cada elección con honestidad, es decir, que respondas cuál es tu verdadera preferencia tal y como si fuéramos a darte el dinero que escogiste en la fecha en la que escogiste.

Es muy importante que sepas que en esta tarea NO HAY respuestas correctas o incorrectas, cada pregunta es sobre TU preferencia, así que tus respuestas pueden ser muy distintas de las de otra persona. Por este motivo, te recomendamos que contestes con sinceridad para que tus respuestas reflejen tus preferencias únicas.
20.974	EXP	intro2_2: alignHoriz = center
20.974	EXP	intro2_2: alignVert = center
20.974	EXP	intro2_2: flipHoriz = null
20.974	EXP	intro2_2: flipVert = null
20.974	EXP	intro2_2: font = Arial
20.974	EXP	intro2_2: height = 0.06
20.974	EXP	intro2_2: wrapWidth = 1
20.974	EXP	intro2_2: bold = null
20.974	EXP	intro2_2: italic = null
20.974	EXP	intro2_2: color = #FFFFFF
20.974	EXP	intro2_2: contrast = 1
20.974	EXP	Intro2_3: units = height
20.974	EXP	Intro2_3: pos = [0,0]
20.974	EXP	Intro2_3: size = undefined
20.974	EXP	Intro2_3: ori = null
20.974	EXP	Intro2_3: opacity = 1
20.974	EXP	Intro2_3: depth = null
20.974	EXP	Intro2_3: clipMask = null
20.974	EXP	Intro2_3: boundingBox = {"x":0,"y":0,"width":0,"height":0,"type":1}
20.974	EXP	Intro2_3: text = Si escoges la opción de la izquierda oprime la flecha hacia la izquierda, si escoges la opción de la derecha oprime la flecha hacia la derecha
20.974	EXP	Intro2_3: alignHoriz = center
20.974	EXP	Intro2_3: alignVert = center
20.974	EXP	Intro2_3: flipHoriz = null
20.974	EXP	Intro2_3: flipVert = null
20.974	EXP	Intro2_3: font = Arial
20.974	EXP	Intro2_3: height = 0.1
20.974	EXP	Intro2_3: wrapWidth = 1
20.974	EXP	Intro2_3: bold = null
20.974	EXP	Intro2_3: italic = null
20.974	EXP	Intro2_3: color = #FFFFFF
20.974	EXP	Intro2_3: contrast = 1
20.974	EXP	intro3: units = height
20.974	EXP	intro3: pos = [0,0.5]
20.974	EXP	intro3: size = undefined
20.974	EXP	intro3: ori = null
20.974	EXP	intro3: opacity = 1
20.974	EXP	intro3: depth = -1
20.974	EXP	intro3: clipMask = null
20.974	EXP	intro3: boundingBox = {"x":0,"y":0,"width":0,"height":0,"type":1}
20.974	EXP	intro3: text = Por ejemplo, ¿qué preferirías?
20.974	EXP	intro3: alignHoriz = center
20.974	EXP	intro3: alignVert = center
20.974	EXP	intro3: flipHoriz = null
20.974	EXP	intro3: flipVert = null
20.974	EXP	intro3: font = Arial
20.974	EXP	intro3: height = 0.1
20.974	EXP	intro3: wrapWidth = 1
20.974	EXP	intro3: bold = null
20.974	EXP	intro3: italic = null
20.974	EXP	intro3: color = #FFFFFF
20.974	EXP	intro3: contrast = 1
20.974	EXP	ss_am: units = height
20.974	EXP	ss_am: pos = [-0.5,0.1]
20.974	EXP	ss_am: size = undefined
20.974	EXP	ss_am: ori = null
20.974	EXP	ss_am: opacity = 1
20.974	EXP	ss_am: depth = -2
20.974	EXP	ss_am: clipMask = null
20.974	EXP	ss_am: boundingBox = {"x":0,"y":0,"width":0,"height":0,"type":1}
20.974	EXP	ss_am: text = $5.000
20.974	EXP	ss_am: alignHoriz = center
20.974	EXP	ss_am: alignVert = center
20.974	EXP	ss_am: flipHoriz = null
20.974	EXP	ss_am: flipVert = null
20.974	EXP	ss_am: font = Arial
20.974	EXP	ss_am: height = 0.1
20.974	EXP	ss_am: wrapWidth = 1
20.974	EXP	ss_am: bold = null
20.974	EXP	ss_am: italic = null
20.974	EXP	ss_am: color = #FFFFFF
20.974	EXP	ss_am: contrast = 1
20.974	EXP	ss_del: units = height
20.974	EXP	ss_del: pos = [-0.5,-0.1]
20.974	EXP	ss_del: size = undefined
20.974	EXP	ss_del: ori = null
20.974	EXP	ss_del: opacity = 1
20.974	EXP	ss_del: depth = -3
20.974	EXP	ss_del: clipMask = null
20.974	EXP	ss_del: boundingBox = {"x":0,"y":0,"width":0,"height":0,"type":1}
20.974	EXP	ss_del: text = hoy
20.974	EXP	ss_del: alignHoriz = center
20.974	EXP	ss_del: alignVert = center
20.974	EXP	ss_del: flipHoriz = null
20.974	EXP	ss_del: flipVert = null
20.974	EXP	ss_del: font = Arial
20.974	EXP	ss_del: height = 0.1
20.974	EXP	ss_del: wrapWidth = 1
20.974	EXP	ss_del: bold = null
20.974	EXP	ss_del: italic = null
20.974	EXP	ss_del: color = #FFFFFF
20.974	EXP	ss_del: contrast = 1
20.974	EXP	ll_am: units = height
20.974	EXP	ll_am: pos = [0.5,0.1]
20.974	EXP	ll_am: size = undefined
20.974	EXP	ll_am: ori = null
20.974	EXP	ll_am: opacity = 1
20.974	EXP	ll_am: depth = -4
20.974	EXP	ll_am: clipMask = null
20.974	EXP	ll_am: boundingBox = {"x":0,"y":0,"width":0,"height":0,"type":1}
20.974	EXP	ll_am: text = $10.000
20.974	EXP	ll_am: alignHoriz = center
20.974	EXP	ll_am: alignVert = center
20.974	EXP	ll_am: flipHoriz = null
20.974	EXP	ll_am: flipVert = null
20.974	EXP	ll_am: font = Arial
20.974	EXP	ll_am: height = 0.1
20.974	EXP	ll_am: wrapWidth = 1
20.974	EXP	ll_am: bold = null
20.974	EXP	ll_am: italic = null
20.974	EXP	ll_am: color = #FFFFFF
20.974	EXP	ll_am: contrast = 1
20.974	EXP	ll_del: units = height
20.974	EXP	ll_del: pos = [0.5,-0.1]
20.974	EXP	ll_del: size = undefined
20.974	EXP	ll_del: ori = null
20.974	EXP	ll_del: opacity = 1
20.974	EXP	ll_del: depth = -5
20.974	EXP	ll_del: clipMask = null
20.974	EXP	ll_del: boundingBox = {"x":0,"y":0,"width":0,"height":0,"type":1}
20.974	EXP	ll_del: text = en 7 días
20.974	EXP	ll_del: alignHoriz = center
20.974	EXP	ll_del: alignVert = center
20.974	EXP	ll_del: flipHoriz = null
20.974	EXP	ll_del: flipVert = null
20.974	EXP	ll_del: font = Arial
20.974	EXP	ll_del: height = 0.1
20.974	EXP	ll_del: wrapWidth = 1
20.974	EXP	ll_del: bold = null
20.974	EXP	ll_del: italic = null
20.974	EXP	ll_del: color = #FFFFFF
20.974	EXP	ll_del: contrast = 1
20.974	EXP	Intro4: units = height
20.974	EXP	Intro4: pos = [0,0]
20.974	EXP	Intro4: size = undefined
20.974	EXP	Intro4: ori = null
20.974	EXP	Intro4: opacity = 1
20.974	EXP	Intro4: depth = null
20.974	EXP	Intro4: clipMask = null
20.974	EXP	Intro4: boundingBox = {"x":0,"y":0,"width":0,"height":0,"type":1}
20.974	EXP	Intro4: text = Hagamos unos ensayos de práctica
20.974	EXP	Intro4: alignHoriz = center
20.974	EXP	Intro4: alignVert = center
20.974	EXP	Intro4: flipHoriz = null
20.974	EXP	Intro4: flipVert = null
20.974	EXP	Intro4: font = Arial
20.974	EXP	Intro4: height = 0.1
20.974	EXP	Intro4: wrapWidth = 1
20.974	EXP	Intro4: bold = null
20.974	EXP	Intro4: italic = null
20.974	EXP	Intro4: color = #FFFFFF
20.974	EXP	Intro4: contrast = 1
20.974	EXP	pregunta: units = height
20.974	EXP	pregunta: pos = [0,0.5]
20.974	EXP	pregunta: size = undefined
20.974	EXP	pregunta: ori = null
20.974	EXP	pregunta: opacity = 1
20.974	EXP	pregunta: depth = -1
20.974	EXP	pregunta: clipMask = null
20.974	EXP	pregunta: boundingBox = {"x":0,"y":0,"width":0,"height":0,"type":1}
20.974	EXP	pregunta: text = ¿qué preferirías?
20.974	EXP	pregunta: alignHoriz = center
20.974	EXP	pregunta: alignVert = center
20.974	EXP	pregunta: flipHoriz = null
20.974	EXP	pregunta: flipVert = null
20.974	EXP	pregunta: font = Arial
20.974	EXP	pregunta: height = 0.1
20.974	EXP	pregunta: wrapWidth = 1
20.974	EXP	pregunta: bold = null
20.974	EXP	pregunta: italic = null
20.974	EXP	pregunta: color = #FFFFFF
20.974	EXP	pregunta: contrast = 1
20.974	EXP	ssAm_P: units = height
20.974	EXP	ssAm_P: pos = [0,0]
20.974	EXP	ssAm_P: size = undefined
20.974	EXP	ssAm_P: ori = null
20.974	EXP	ssAm_P: opacity = 1
20.974	EXP	ssAm_P: depth = -2
20.974	EXP	ssAm_P: clipMask = null
20.974	EXP	ssAm_P: boundingBox = {"x":0,"y":0,"width":0,"height":0,"type":1}
20.974	EXP	ssAm_P: text = default text
20.974	EXP	ssAm_P: alignHoriz = center
20.974	EXP	ssAm_P: alignVert = center
20.974	EXP	ssAm_P: flipHoriz = null
20.974	EXP	ssAm_P: flipVert = null
20.974	EXP	ssAm_P: font = Arial
20.974	EXP	ssAm_P: height = 0.1
20.974	EXP	ssAm_P: wrapWidth = 1
20.974	EXP	ssAm_P: bold = null
20.974	EXP	ssAm_P: italic = null
20.974	EXP	ssAm_P: color = #FFFFFF
20.974	EXP	ssAm_P: contrast = 1
20.974	EXP	ssDel_P: units = height
20.974	EXP	ssDel_P: pos = [0,0]
20.974	EXP	ssDel_P: size = undefined
20.974	EXP	ssDel_P: ori = null
20.974	EXP	ssDel_P: opacity = 1
20.974	EXP	ssDel_P: depth = -3
20.974	EXP	ssDel_P: clipMask = null
20.974	EXP	ssDel_P: boundingBox = {"x":0,"y":0,"width":0,"height":0,"type":1}
20.974	EXP	ssDel_P: text = hoy
20.974	EXP	ssDel_P: alignHoriz = center
20.974	EXP	ssDel_P: alignVert = center
20.974	EXP	ssDel_P: flipHoriz = null
20.974	EXP	ssDel_P: flipVert = null
20.974	EXP	ssDel_P: font = Arial
20.974	EXP	ssDel_P: height = 0.1
20.974	EXP	ssDel_P: wrapWidth = 1
20.974	EXP	ssDel_P: bold = null
20.974	EXP	ssDel_P: italic = null
20.974	EXP	ssDel_P: color = #FFFFFF
20.974	EXP	ssDel_P: contrast = 1
20.974	EXP	llAm_P: units = height
20.974	EXP	llAm_P: pos = [0,0]
20.974	EXP	llAm_P: size = undefined
20.974	EXP	llAm_P: ori = null
20.974	EXP	llAm_P: opacity = 1
20.974	EXP	llAm_P: depth = -4
20.974	EXP	llAm_P: clipMask = null
20.974	EXP	llAm_P: boundingBox = {"x":0,"y":0,"width":0,"height":0,"type":1}
20.974	EXP	llAm_P: text = default text
20.974	EXP	llAm_P: alignHoriz = center
20.974	EXP	llAm_P: alignVert = center
20.974	EXP	llAm_P: flipHoriz = null
20.974	EXP	llAm_P: flipVert = null
20.974	EXP	llAm_P: font = Arial
20.974	EXP	llAm_P: height = 0.1
20.974	EXP	llAm_P: wrapWidth = 1
20.974	EXP	llAm_P: bold = null
20.974	EXP	llAm_P: italic = null
20.974	EXP	llAm_P: color = #FFFFFF
20.974	EXP	llAm_P: contrast = 1
20.974	EXP	llDel_P: units = height
20.974	EXP	llDel_P: pos = [0,0]
20.974	EXP	llDel_P: size = undefined
20.974	EXP	llDel_P: ori = null
20.974	EXP	llDel_P: opacity = 1
20.974	EXP	llDel_P: depth = -5
20.974	EXP	llDel_P: clipMask = null
20.974	EXP	llDel_P: boundingBox = {"x":0,"y":0,"width":0,"height":0,"type":1}
20.974	EXP	llDel_P: text = default text
20.974	EXP	llDel_P: alignHoriz = center
20.974	EXP	llDel_P: alignVert = center
20.974	EXP	llDel_P: flipHoriz = null
20.974	EXP	llDel_P: flipVert = null
20.974	EXP	llDel_P: font = Arial
20.974	EXP	llDel_P: height = 0.1
20.974	EXP	llDel_P: wrapWidth = 1
20.974	EXP	llDel_P: bold = null
20.974	EXP	llDel_P: italic = null
20.974	EXP	llDel_P: color = #FFFFFF
20.974	EXP	llDel_P: contrast = 1
20.974	EXP	feedbackP: units = height
20.974	EXP	feedbackP: pos = [0,0]
20.974	EXP	feedbackP: size = undefined
20.974	EXP	feedbackP: ori = null
20.974	EXP	feedbackP: opacity = 1
20.974	EXP	feedbackP: depth = -1
20.974	EXP	feedbackP: clipMask = null
20.974	EXP	feedbackP: boundingBox = {"x":0,"y":0,"width":0,"height":0,"type":1}
20.974	EXP	feedbackP: text = default text
20.974	EXP	feedbackP: alignHoriz = center
20.974	EXP	feedbackP: alignVert = center
20.974	EXP	feedbackP: flipHoriz = null
20.974	EXP	feedbackP: flipVert = null
20.974	EXP	feedbackP: font = Arial
20.974	EXP	feedbackP: height = 0.1
20.974	EXP	feedbackP: wrapWidth = 1
20.974	EXP	feedbackP: bold = null
20.974	EXP	feedbackP: italic = null
20.974	EXP	feedbackP: color = #FFFFFF
20.974	EXP	feedbackP: contrast = 1
20.974	EXP	comienzo: units = height
20.974	EXP	comienzo: pos = [0,0]
20.974	EXP	comienzo: size = undefined
20.974	EXP	comienzo: ori = null
20.974	EXP	comienzo: opacity = 1
20.974	EXP	comienzo: depth = null
20.974	EXP	comienzo: clipMask = null
20.974	EXP	comienzo: boundingBox = {"x":0,"y":0,"width":0,"height":0,"type":1}
20.974	EXP	comienzo: text = Ahora sí vamos a empezar con la tarea. Recuerda que debes contestar todas las preguntas. Tienes 20 segundos por cada pregunta. 
20.974	EXP	comienzo: alignHoriz = center
20.974	EXP	comienzo: alignVert = center
20.974	EXP	comienzo: flipHoriz = null
20.974	EXP	comienzo: flipVert = null
20.974	EXP	comienzo: font = Arial
20.974	EXP	comienzo: height = 0.1
20.974	EXP	comienzo: wrapWidth = 1
20.974	EXP	comienzo: bold = null
20.974	EXP	comienzo: italic = null
20.974	EXP	comienzo: color = #FFFFFF
20.974	EXP	comienzo: contrast = 1
20.974	EXP	preguntaT: units = height
20.974	EXP	preguntaT: pos = [0,0.5]
20.974	EXP	preguntaT: size = undefined
20.974	EXP	preguntaT: ori = null
20.974	EXP	preguntaT: opacity = 1
20.974	EXP	preguntaT: depth = -1
20.974	EXP	preguntaT: clipMask = null
20.974	EXP	preguntaT: boundingBox = {"x":0,"y":0,"width":0,"height":0,"type":1}
20.974	EXP	preguntaT: text = ¿qué preferirías?
20.974	EXP	preguntaT: alignHoriz = center
20.974	EXP	preguntaT: alignVert = center
20.974	EXP	preguntaT: flipHoriz = null
20.974	EXP	preguntaT: flipVert = null
20.974	EXP	preguntaT: font = Arial
20.974	EXP	preguntaT: height = 0.1
20.974	EXP	preguntaT: wrapWidth = 1
20.974	EXP	preguntaT: bold = null
20.974	EXP	preguntaT: italic = null
20.974	EXP	preguntaT: color = #FFFFFF
20.974	EXP	preguntaT: contrast = 1
20.974	EXP	ssAm_T: units = height
20.974	EXP	ssAm_T: pos = [0,0]
20.974	EXP	ssAm_T: size = undefined
20.974	EXP	ssAm_T: ori = null
20.974	EXP	ssAm_T: opacity = 1
20.974	EXP	ssAm_T: depth = -2
20.974	EXP	ssAm_T: clipMask = null
20.974	EXP	ssAm_T: boundingBox = {"x":0,"y":0,"width":0,"height":0,"type":1}
20.974	EXP	ssAm_T: text = default text
20.974	EXP	ssAm_T: alignHoriz = center
20.974	EXP	ssAm_T: alignVert = center
20.974	EXP	ssAm_T: flipHoriz = null
20.974	EXP	ssAm_T: flipVert = null
20.974	EXP	ssAm_T: font = Arial
20.974	EXP	ssAm_T: height = 0.1
20.974	EXP	ssAm_T: wrapWidth = 1
20.974	EXP	ssAm_T: bold = null
20.974	EXP	ssAm_T: italic = null
20.974	EXP	ssAm_T: color = #FFFFFF
20.974	EXP	ssAm_T: contrast = 1
20.974	EXP	ssDel_T: units = height
20.974	EXP	ssDel_T: pos = [0,0]
20.974	EXP	ssDel_T: size = undefined
20.974	EXP	ssDel_T: ori = null
20.974	EXP	ssDel_T: opacity = 1
20.974	EXP	ssDel_T: depth = -3
20.974	EXP	ssDel_T: clipMask = null
20.974	EXP	ssDel_T: boundingBox = {"x":0,"y":0,"width":0,"height":0,"type":1}
20.974	EXP	ssDel_T: text = hoy
20.974	EXP	ssDel_T: alignHoriz = center
20.974	EXP	ssDel_T: alignVert = center
20.974	EXP	ssDel_T: flipHoriz = null
20.974	EXP	ssDel_T: flipVert = null
20.974	EXP	ssDel_T: font = Arial
20.974	EXP	ssDel_T: height = 0.1
20.974	EXP	ssDel_T: wrapWidth = 1
20.974	EXP	ssDel_T: bold = null
20.974	EXP	ssDel_T: italic = null
20.974	EXP	ssDel_T: color = #FFFFFF
20.974	EXP	ssDel_T: contrast = 1
20.974	EXP	llAm_T: units = height
20.974	EXP	llAm_T: pos = [0,0]
20.974	EXP	llAm_T: size = undefined
20.974	EXP	llAm_T: ori = null
20.974	EXP	llAm_T: opacity = 1
20.974	EXP	llAm_T: depth = -4
20.974	EXP	llAm_T: clipMask = null
20.974	EXP	llAm_T: boundingBox = {"x":0,"y":0,"width":0,"height":0,"type":1}
20.974	EXP	llAm_T: text = default text
20.974	EXP	llAm_T: alignHoriz = center
20.974	EXP	llAm_T: alignVert = center
20.974	EXP	llAm_T: flipHoriz = null
20.974	EXP	llAm_T: flipVert = null
20.974	EXP	llAm_T: font = Arial
20.974	EXP	llAm_T: height = 0.1
20.974	EXP	llAm_T: wrapWidth = 1
20.974	EXP	llAm_T: bold = null
20.974	EXP	llAm_T: italic = null
20.974	EXP	llAm_T: color = #FFFFFF
20.974	EXP	llAm_T: contrast = 1
20.974	EXP	llDel_T: units = height
20.974	EXP	llDel_T: pos = [0,0]
20.974	EXP	llDel_T: size = undefined
20.974	EXP	llDel_T: ori = null
20.974	EXP	llDel_T: opacity = 1
20.974	EXP	llDel_T: depth = -5
20.974	EXP	llDel_T: clipMask = null
20.974	EXP	llDel_T: boundingBox = {"x":0,"y":0,"width":0,"height":0,"type":1}
20.974	EXP	llDel_T: text = default text
20.974	EXP	llDel_T: alignHoriz = center
20.974	EXP	llDel_T: alignVert = center
20.974	EXP	llDel_T: flipHoriz = null
20.974	EXP	llDel_T: flipVert = null
20.974	EXP	llDel_T: font = Arial
20.974	EXP	llDel_T: height = 0.1
20.974	EXP	llDel_T: wrapWidth = 1
20.974	EXP	llDel_T: bold = null
20.974	EXP	llDel_T: italic = null
20.974	EXP	llDel_T: color = #FFFFFF
20.974	EXP	llDel_T: contrast = 1
20.974	EXP	textfbT: units = height
20.974	EXP	textfbT: pos = [0,0]
20.974	EXP	textfbT: size = undefined
20.974	EXP	textfbT: ori = null
20.974	EXP	textfbT: opacity = 1
20.974	EXP	textfbT: depth = -1
20.974	EXP	textfbT: clipMask = null
20.974	EXP	textfbT: boundingBox = {"x":0,"y":0,"width":0,"height":0,"type":1}
20.974	EXP	textfbT: text = default text
20.974	EXP	textfbT: alignHoriz = center
20.974	EXP	textfbT: alignVert = center
20.974	EXP	textfbT: flipHoriz = null
20.974	EXP	textfbT: flipVert = null
20.974	EXP	textfbT: font = Arial
20.974	EXP	textfbT: height = 0.1
20.974	EXP	textfbT: wrapWidth = 1
20.974	EXP	textfbT: bold = null
20.974	EXP	textfbT: italic = null
20.974	EXP	textfbT: color = #FFFFFF
20.974	EXP	textfbT: contrast = 1
20.974	EXP	Gracias: units = height
20.974	EXP	Gracias: pos = [0,0]
20.974	EXP	Gracias: size = undefined
20.974	EXP	Gracias: ori = null
20.974	EXP	Gracias: opacity = 1
20.974	EXP	Gracias: depth = null
20.974	EXP	Gracias: clipMask = null
20.974	EXP	Gracias: boundingBox = {"x":0,"y":0,"width":0,"height":0,"type":1}
20.974	EXP	Gracias: text = Terminaste!

Muchas gracias por participar!
20.974	EXP	Gracias: alignHoriz = center
20.974	EXP	Gracias: alignVert = center
20.974	EXP	Gracias: flipHoriz = null
20.974	EXP	Gracias: flipVert = null
20.974	EXP	Gracias: font = Arial
20.974	EXP	Gracias: height = 0.1
20.974	EXP	Gracias: wrapWidth = 1
20.974	EXP	Gracias: bold = null
20.974	EXP	Gracias: italic = null
20.974	EXP	Gracias: color = #FFFFFF
20.974	EXP	Gracias: contrast = 1
20.974	EXP	intro1: autoDraw = true
23.339000000000002	DATA	Keydown:  
23.378000000000004	EXP	intro1: autoDraw = null
23.378000000000004	EXP	intro2: autoDraw = true
24.555000000000003	DATA	Keydown:  
24.585000000000004	EXP	intro2: autoDraw = null
24.585000000000004	EXP	intro2_2: autoDraw = true
25.655000000000005	DATA	Keydown:  
25.681	EXP	intro2_2: autoDraw = null
25.681	EXP	Intro2_3: autoDraw = true
26.837999999999997	DATA	Keydown:  
26.867	EXP	Intro2_3: autoDraw = null
26.867	EXP	intro3: autoDraw = true
26.867	EXP	ss_am: autoDraw = true
26.867	EXP	ss_del: autoDraw = true
26.867	EXP	ll_am: autoDraw = true
26.867	EXP	ll_del: autoDraw = true
27.975000000000005	DATA	Keydown:  
27.992	EXP	intro3: autoDraw = null
27.992	EXP	ss_am: autoDraw = null
27.992	EXP	ss_del: autoDraw = null
27.992	EXP	ll_am: autoDraw = null
27.992	EXP	ll_del: autoDraw = null
27.992	EXP	Intro4: autoDraw = true
28.959	DATA	Keydown:  
29.017	EXP	Intro4: autoDraw = null
29.017	EXP	ssAm_P: pos = [-0.5,0.1]
29.017	EXP	ssAm_P: text = 25000
29.017	EXP	ssDel_P: pos = [-0.5,-0.1]
29.017	EXP	llAm_P: pos = [0.5,0.1]
29.017	EXP	llAm_P: text = 35000
29.017	EXP	llDel_P: pos = [0.5,-0.1]
29.017	EXP	llDel_P: text = en 150 dias
29.017	EXP	pregunta: autoDraw = true
29.017	EXP	ssAm_P: autoDraw = true
29.017	EXP	ssDel_P: autoDraw = true
29.017	EXP	llAm_P: autoDraw = true
29.017	EXP	llDel_P: autoDraw = true
29.724	DATA	Keydown: ArrowRight
29.74	EXP	pregunta: autoDraw = null
29.74	EXP	ssAm_P: autoDraw = null
29.74	EXP	ssDel_P: autoDraw = null
29.74	EXP	llAm_P: autoDraw = null
29.74	EXP	llDel_P: autoDraw = null
29.74	EXP	feedbackP: text = Elegiste esperar
29.74	EXP	feedbackP: autoDraw = true
31.854000000000003	DATA	Keydown:  
32.355000000000004	DATA	Keydown: ArrowRight
32.748000000000005	EXP	feedbackP: autoDraw = null
32.748000000000005	EXP	feedbackP: autoDraw = null
32.748000000000005	EXP	ssAm_P: pos = [0.5,0.1]
32.748000000000005	EXP	ssAm_P: text = 10000
32.748000000000005	EXP	ssDel_P: pos = [0.5,-0.1]
32.748000000000005	EXP	llAm_P: pos = [-0.5,0.1]
32.748000000000005	EXP	llAm_P: text = 109000
32.748000000000005	EXP	llDel_P: pos = [-0.5,-0.1]
32.748000000000005	EXP	llDel_P: text = en 9 dias
32.748000000000005	EXP	pregunta: autoDraw = true
32.748000000000005	EXP	ssAm_P: autoDraw = true
32.748000000000005	EXP	ssDel_P: autoDraw = true
32.748000000000005	EXP	llAm_P: autoDraw = true
32.748000000000005	EXP	llDel_P: autoDraw = true
34.134	DATA	Keydown: ArrowRight
34.141999999999996	EXP	pregunta: autoDraw = null
34.141999999999996	EXP	ssAm_P: autoDraw = null
34.141999999999996	EXP	ssDel_P: autoDraw = null
34.141999999999996	EXP	llAm_P: autoDraw = null
34.141999999999996	EXP	llDel_P: autoDraw = null
34.141999999999996	EXP	feedbackP: text = Elegiste no esperar
34.141999999999996	EXP	feedbackP: autoDraw = true
37.147999999999996	EXP	feedbackP: autoDraw = null
37.147999999999996	EXP	feedbackP: autoDraw = null
37.147999999999996	EXP	ssAm_P: pos = [0.5,0.1]
37.147999999999996	EXP	ssAm_P: text = 10000
37.147999999999996	EXP	ssDel_P: pos = [0.5,-0.1]
37.147999999999996	EXP	llAm_P: pos = [-0.5,0.1]
37.147999999999996	EXP	llAm_P: text = 19000
37.147999999999996	EXP	llDel_P: pos = [-0.5,-0.1]
37.147999999999996	EXP	llDel_P: text = en 89 dias
37.147999999999996	EXP	pregunta: autoDraw = true
37.147999999999996	EXP	ssAm_P: autoDraw = true
37.147999999999996	EXP	ssDel_P: autoDraw = true
37.147999999999996	EXP	llAm_P: autoDraw = true
37.147999999999996	EXP	llDel_P: autoDraw = true
37.991	DATA	Keydown: ArrowLeft
38.012	EXP	pregunta: autoDraw = null
38.012	EXP	ssAm_P: autoDraw = null
38.012	EXP	ssDel_P: autoDraw = null
38.012	EXP	llAm_P: autoDraw = null
38.012	EXP	llDel_P: autoDraw = null
38.012	EXP	feedbackP: text = Elegiste esperar
38.012	EXP	feedbackP: autoDraw = true
41.022999999999996	EXP	feedbackP: autoDraw = null
41.022999999999996	EXP	feedbackP: autoDraw = null
41.022999999999996	EXP	comienzo: autoDraw = true
42.626999999999995	DATA	Keydown: g
42.681	EXP	comienzo: autoDraw = null
42.681	EXP	ssAm_T: pos = [-0.5,0.1]
42.681	EXP	ssAm_T: text = 25000
42.681	EXP	ssDel_T: pos = [-0.5,-0.1]
42.681	EXP	llAm_T: pos = [0.5,0.1]
42.681	EXP	llAm_T: text = 75000
42.681	EXP	llDel_T: pos = [0.5,-0.1]
42.681	EXP	llDel_T: text = en 59 dias
42.681	EXP	preguntaT: autoDraw = true
42.681	EXP	ssAm_T: autoDraw = true
42.681	EXP	ssDel_T: autoDraw = true
42.681	EXP	llAm_T: autoDraw = true
42.681	EXP	llDel_T: autoDraw = true
44.72500000000001	DATA	Keydown: ArrowRight
44.73100000000001	EXP	preguntaT: autoDraw = null
44.73100000000001	EXP	ssAm_T: autoDraw = null
44.73100000000001	EXP	ssDel_T: autoDraw = null
44.73100000000001	EXP	llAm_T: autoDraw = null
44.73100000000001	EXP	llDel_T: autoDraw = null
44.73100000000001	EXP	textfbT: text = Elegiste esperar
44.73100000000001	EXP	textfbT: autoDraw = true
47.736000000000004	EXP	textfbT: autoDraw = null
47.736000000000004	EXP	textfbT: autoDraw = null
47.736000000000004	EXP	ssAm_T: pos = [0.5,0.1]
47.736000000000004	EXP	ssAm_T: text = 25000
47.736000000000004	EXP	ssDel_T: pos = [0.5,-0.1]
47.736000000000004	EXP	llAm_T: pos = [-0.5,0.1]
47.736000000000004	EXP	llAm_T: text = 150000
47.736000000000004	EXP	llDel_T: pos = [-0.5,-0.1]
47.736000000000004	EXP	llDel_T: text = en 89 dias
47.736000000000004	EXP	preguntaT: autoDraw = true
47.736000000000004	EXP	ssAm_T: autoDraw = true
47.736000000000004	EXP	ssDel_T: autoDraw = true
47.736000000000004	EXP	llAm_T: autoDraw = true
47.736000000000004	EXP	llDel_T: autoDraw = true
50.301	DATA	Keydown: ArrowRight
50.31800000000001	EXP	preguntaT: autoDraw = null
50.31800000000001	EXP	ssAm_T: autoDraw = null
50.31800000000001	EXP	ssDel_T: autoDraw = null
50.31800000000001	EXP	llAm_T: autoDraw = null
50.31800000000001	EXP	llDel_T: autoDraw = null
50.31800000000001	EXP	textfbT: text = Elegiste no esperar
50.31800000000001	EXP	textfbT: autoDraw = true
53.325	EXP	textfbT: autoDraw = null
53.325	EXP	textfbT: autoDraw = null
53.325	EXP	ssAm_T: pos = [-0.5,0.1]
53.325	EXP	ssAm_T: text = 10000
53.325	EXP	ssDel_T: pos = [-0.5,-0.1]
53.325	EXP	llAm_T: pos = [0.5,0.1]
53.325	EXP	llAm_T: text = 40000
53.325	EXP	llDel_T: pos = [0.5,-0.1]
53.325	EXP	llDel_T: text = en 10 dias
53.325	EXP	preguntaT: autoDraw = true
53.325	EXP	ssAm_T: autoDraw = true
53.325	EXP	ssDel_T: autoDraw = true
53.325	EXP	llAm_T: autoDraw = true
53.325	EXP	llDel_T: autoDraw = true
54.56800000000001	DATA	Keydown: ArrowRight
54.58600000000001	EXP	preguntaT: autoDraw = null
54.58600000000001	EXP	ssAm_T: autoDraw = null
54.58600000000001	EXP	ssDel_T: autoDraw = null
54.58600000000001	EXP	llAm_T: autoDraw = null
54.58600000000001	EXP	llDel_T: autoDraw = null
54.58600000000001	EXP	textfbT: text = Elegiste esperar
54.58600000000001	EXP	textfbT: autoDraw = true
57.59200000000001	EXP	textfbT: autoDraw = null
57.59200000000001	EXP	textfbT: autoDraw = null
57.59200000000001	EXP	ssAm_T: pos = [0.5,0.1]
57.59200000000001	EXP	ssAm_T: text = 5000
57.59200000000001	EXP	ssDel_T: pos = [0.5,-0.1]
57.59200000000001	EXP	llAm_T: pos = [-0.5,0.1]
57.59200000000001	EXP	llAm_T: text = 56000
57.59200000000001	EXP	llDel_T: pos = [-0.5,-0.1]
57.59200000000001	EXP	llDel_T: text = en 29 dias
57.59200000000001	EXP	preguntaT: autoDraw = true
57.59200000000001	EXP	ssAm_T: autoDraw = true
57.59200000000001	EXP	ssDel_T: autoDraw = true
57.59200000000001	EXP	llAm_T: autoDraw = true
57.59200000000001	EXP	llDel_T: autoDraw = true
59.394000000000005	DATA	Keydown: ArrowRight
59.40400000000001	EXP	preguntaT: autoDraw = null
59.40400000000001	EXP	ssAm_T: autoDraw = null
59.40400000000001	EXP	ssDel_T: autoDraw = null
59.40400000000001	EXP	llAm_T: autoDraw = null
59.40400000000001	EXP	llDel_T: autoDraw = null
59.40400000000001	EXP	textfbT: text = Elegiste no esperar
59.40400000000001	EXP	textfbT: autoDraw = true
62.414	EXP	textfbT: autoDraw = null
62.414	EXP	textfbT: autoDraw = null
62.414	EXP	ssAm_T: pos = [0.5,0.1]
62.414	EXP	ssAm_T: text = 25000
62.414	EXP	ssDel_T: pos = [0.5,-0.1]
62.414	EXP	llAm_T: pos = [-0.5,0.1]
62.414	EXP	llAm_T: text = 150000
62.414	EXP	llDel_T: pos = [-0.5,-0.1]
62.414	EXP	llDel_T: text = en 150 dias
62.414	EXP	preguntaT: autoDraw = true
62.414	EXP	ssAm_T: autoDraw = true
62.414	EXP	ssDel_T: autoDraw = true
62.414	EXP	llAm_T: autoDraw = true
62.414	EXP	llDel_T: autoDraw = true
63.039	DATA	Keydown: ArrowLeft
63.057	EXP	preguntaT: autoDraw = null
63.057	EXP	ssAm_T: autoDraw = null
63.057	EXP	ssDel_T: autoDraw = null
63.057	EXP	llAm_T: autoDraw = null
63.057	EXP	llDel_T: autoDraw = null
63.057	EXP	textfbT: text = Elegiste esperar
63.057	EXP	textfbT: autoDraw = true
66.061	EXP	textfbT: autoDraw = null
66.061	EXP	textfbT: autoDraw = null
66.061	EXP	ssAm_T: pos = [0.5,0.1]
66.061	EXP	ssAm_T: text = 10000
66.061	EXP	ssDel_T: pos = [0.5,-0.1]
66.061	EXP	llAm_T: pos = [-0.5,0.1]
66.061	EXP	llAm_T: text = 10000
66.061	EXP	llDel_T: pos = [-0.5,-0.1]
66.061	EXP	llDel_T: text = en 150 dias
66.061	EXP	preguntaT: autoDraw = true
66.061	EXP	ssAm_T: autoDraw = true
66.061	EXP	ssDel_T: autoDraw = true
66.061	EXP	llAm_T: autoDraw = true
66.061	EXP	llDel_T: autoDraw = true
66.94900000000001	DATA	Keydown: ArrowLeft
66.95500000000001	EXP	preguntaT: autoDraw = null
66.95500000000001	EXP	ssAm_T: autoDraw = null
66.95500000000001	EXP	ssDel_T: autoDraw = null
66.95500000000001	EXP	llAm_T: autoDraw = null
66.95500000000001	EXP	llDel_T: autoDraw = null
66.95500000000001	EXP	textfbT: text = Elegiste esperar
66.95500000000001	EXP	textfbT: autoDraw = true
69.965	EXP	textfbT: autoDraw = null
69.965	EXP	textfbT: autoDraw = null
69.965	EXP	ssAm_T: pos = [0.5,0.1]
69.965	EXP	ssAm_T: text = 25000
69.965	EXP	ssDel_T: pos = [0.5,-0.1]
69.965	EXP	llAm_T: pos = [-0.5,0.1]
69.965	EXP	llAm_T: text = 125000
69.965	EXP	llDel_T: pos = [-0.5,-0.1]
69.965	EXP	llDel_T: text = en 9 dias
69.965	EXP	preguntaT: autoDraw = true
69.965	EXP	ssAm_T: autoDraw = true
69.965	EXP	ssDel_T: autoDraw = true
69.965	EXP	llAm_T: autoDraw = true
69.965	EXP	llDel_T: autoDraw = true
71.70700000000001	DATA	Keydown: ArrowLeft
71.724	EXP	preguntaT: autoDraw = null
71.724	EXP	ssAm_T: autoDraw = null
71.724	EXP	ssDel_T: autoDraw = null
71.724	EXP	llAm_T: autoDraw = null
71.724	EXP	llDel_T: autoDraw = null
71.724	EXP	textfbT: text = Elegiste esperar
71.724	EXP	textfbT: autoDraw = true
74.73400000000001	EXP	textfbT: autoDraw = null
74.73400000000001	EXP	textfbT: autoDraw = null
74.73400000000001	EXP	ssAm_T: pos = [0.5,0.1]
74.73400000000001	EXP	ssAm_T: text = 5000
74.73400000000001	EXP	ssDel_T: pos = [0.5,-0.1]
74.73400000000001	EXP	llAm_T: pos = [-0.5,0.1]
74.73400000000001	EXP	llAm_T: text = 36000
74.73400000000001	EXP	llDel_T: pos = [-0.5,-0.1]
74.73400000000001	EXP	llDel_T: text = en 61 dias
74.73400000000001	EXP	preguntaT: autoDraw = true
74.73400000000001	EXP	ssAm_T: autoDraw = true
74.73400000000001	EXP	ssDel_T: autoDraw = true
74.73400000000001	EXP	llAm_T: autoDraw = true
74.73400000000001	EXP	llDel_T: autoDraw = true
80.08900000000001	DATA	Keydown: Escape
