0.25930000000516884	EXP	Created Window = Window( name=Window, fullscr=true, color=#808080, units=height, waitBlanking=true, autoLog=true, size=[1218,641] )
5.281905000010738	DATA	Keydown: undefined
17.74177000000782	EXP	Created intro1 = TextStim( name=intro1, win=Window( name=Window, fullscr=true, color=#808080, ~), autoDraw=null, autoLog=true, units=height, pos=[0,0], size=undefined, ori=null, opacity=1, depth=null, clipMask=null, boundingBox={"x":-0.46959858863104526,"y":-0.20124804992199688~, text=A continuación vas a completar una tarea computari~, alignHoriz=center, alignVert=center, flipHoriz=null, flipVert=null, font=Arial, height=0.06, wrapWidth=1, bold=null, italic=null, color=#FFFFFF, contrast=1 )
17.774300000004587	EXP	Created intro2 = TextStim( name=intro2, win=Window( name=Window, fullscr=true, color=#808080, ~), autoDraw=null, autoLog=true, units=height, pos=[0,0], size=undefined, ori=null, opacity=1, depth=null, clipMask=null, boundingBox={"x":-0.49932661368954756,"y":-0.18876755070202808~, text=Todas las decisiones que tendrás que tomar serán e~, alignHoriz=center, alignVert=center, flipHoriz=null, flipVert=null, font=Arial, height=0.03, wrapWidth=1, bold=null, italic=null, color=#FFFFFF, contrast=1 )
17.780064999999013	EXP	Created intro2_2 = TextStim( name=intro2_2, win=Window( name=Window, fullscr=true, color=#808080, ~), autoDraw=null, autoLog=true, units=height, pos=[0,0], size=undefined, ori=null, opacity=1, depth=null, clipMask=null, boundingBox={"x":-0.4967431412100234,"y":-0.17160686427457097,~, text=Aunque estas decisiones son hipotéticas, te pedimo~, alignHoriz=center, alignVert=center, flipHoriz=null, flipVert=null, font=Arial, height=0.03, wrapWidth=1, bold=null, italic=null, color=#FFFFFF, contrast=1 )
17.783405000009225	EXP	Created Intro2_3 = TextStim( name=Intro2_3, win=Window( name=Window, fullscr=true, color=#808080, ~), autoDraw=null, autoLog=true, units=height, pos=[0,0], size=undefined, ori=null, opacity=1, depth=null, clipMask=null, boundingBox={"x":-0.4860401837948518,"y":-0.13416536661466458,~, text=Si escoges la opción de la izquierda oprime la fle~, alignHoriz=center, alignVert=center, flipHoriz=null, flipVert=null, font=Arial, height=0.06, wrapWidth=1, bold=null, italic=null, color=#FFFFFF, contrast=1 )
17.79100000001199	EXP	Created intro3 = TextStim( name=intro3, win=Window( name=Window, fullscr=true, color=#808080, ~), autoDraw=null, autoLog=true, units=height, pos=[0,0.3], size=undefined, ori=null, opacity=1, depth=-1, clipMask=null, boundingBox={"x":-0.4003441582975819,"y":0.26645865834633387,"~, text=Por ejemplo, ¿qué preferirías?, alignHoriz=center, alignVert=center, flipHoriz=null, flipVert=null, font=Arial, height=0.06, wrapWidth=1, bold=null, italic=null, color=#FFFFFF, contrast=1 )
17.82023000001209	EXP	Created ss_am = TextStim( name=ss_am, win=Window( name=Window, fullscr=true, color=#808080, ~), autoDraw=null, autoLog=true, units=height, pos=[-0.5,0.1], size=undefined, ori=null, opacity=1, depth=-2, clipMask=null, boundingBox={"x":-0.6216757264040562,"y":0.05475819032761311,"~, text=$5.000, alignHoriz=center, alignVert=center, flipHoriz=null, flipVert=null, font=Arial, height=0.08, wrapWidth=1, bold=null, italic=null, color=#FFFFFF, contrast=1 )
17.821335000000545	EXP	Created ss_del = TextStim( name=ss_del, win=Window( name=Window, fullscr=true, color=#808080, ~), autoDraw=null, autoLog=true, units=height, pos=[-0.5,-0.1], size=undefined, ori=null, opacity=1, depth=-3, clipMask=null, boundingBox={"x":-0.5641400460705929,"y":-0.1452418096723869,"~, text=hoy, alignHoriz=center, alignVert=center, flipHoriz=null, flipVert=null, font=Arial, height=0.08, wrapWidth=1, bold=null, italic=null, color=#FFFFFF, contrast=1 )
17.82213500000944	EXP	Created ll_am = TextStim( name=ll_am, win=Window( name=Window, fullscr=true, color=#808080, ~), autoDraw=null, autoLog=true, units=height, pos=[0.5,0.1], size=undefined, ori=null, opacity=1, depth=-4, clipMask=null, boundingBox={"x":0.35619964837656004,"y":0.05475819032761311,"~, text=$10.000, alignHoriz=center, alignVert=center, flipHoriz=null, flipVert=null, font=Arial, height=0.08, wrapWidth=1, bold=null, italic=null, color=#FFFFFF, contrast=1 )
17.823085000010906	EXP	Created ll_del = TextStim( name=ll_del, win=Window( name=Window, fullscr=true, color=#808080, ~), autoDraw=null, autoLog=true, units=height, pos=[0.5,-0.1], size=undefined, ori=null, opacity=1, depth=-5, clipMask=null, boundingBox={"x":0.336328277349844,"y":-0.1452418096723869,"wi~, text=en 7 días, alignHoriz=center, alignVert=center, flipHoriz=null, flipVert=null, font=Arial, height=0.08, wrapWidth=1, bold=null, italic=null, color=#FFFFFF, contrast=1 )
17.82405500000459	EXP	Created Intro4 = TextStim( name=Intro4, win=Window( name=Window, fullscr=true, color=#808080, ~), autoDraw=null, autoLog=true, units=height, pos=[0,0], size=undefined, ori=null, opacity=1, depth=null, clipMask=null, boundingBox={"x":-0.47123406420631825,"y":-0.03354134165366614~, text=Hagamos unos ensayos de práctica, alignHoriz=center, alignVert=center, flipHoriz=null, flipVert=null, font=Arial, height=0.06, wrapWidth=1, bold=null, italic=null, color=#FFFFFF, contrast=1 )
17.829215000005206	EXP	Created pregunta = TextStim( name=pregunta, win=Window( name=Window, fullscr=true, color=#808080, ~), autoDraw=null, autoLog=true, units=height, pos=[0,0.3], size=undefined, ori=null, opacity=1, depth=-1, clipMask=null, boundingBox={"x":-0.2257101026228549,"y":0.26645865834633387,"~, text=¿qué preferirías?, alignHoriz=center, alignVert=center, flipHoriz=null, flipVert=null, font=Arial, height=0.06, wrapWidth=1, bold=null, italic=null, color=#FFFFFF, contrast=1 )
17.8301300000021	EXP	Created ssAm_P = TextStim( name=ssAm_P, win=Window( name=Window, fullscr=true, color=#808080, ~), autoDraw=null, autoLog=true, units=height, pos=[0,0], size=undefined, ori=null, opacity=1, depth=-2, clipMask=null, boundingBox={"x":-0.19461511858911856,"y":-0.0452418096723869,~, text=default text, alignHoriz=center, alignVert=center, flipHoriz=null, flipVert=null, font=Arial, height=0.08, wrapWidth=1, bold=null, italic=null, color=#FFFFFF, contrast=1 )
17.831140000009327	EXP	Created ssDel_P = TextStim( name=ssDel_P, win=Window( name=Window, fullscr=true, color=#808080, ~), autoDraw=null, autoLog=true, units=height, pos=[0,0], size=undefined, ori=null, opacity=1, depth=-3, clipMask=null, boundingBox={"x":-0.06414004607059283,"y":-0.0452418096723869,~, text=hoy, alignHoriz=center, alignVert=center, flipHoriz=null, flipVert=null, font=Arial, height=0.08, wrapWidth=1, bold=null, italic=null, color=#FFFFFF, contrast=1 )
17.833445000011125	EXP	Created llAm_P = TextStim( name=llAm_P, win=Window( name=Window, fullscr=true, color=#808080, ~), autoDraw=null, autoLog=true, units=height, pos=[0,0], size=undefined, ori=null, opacity=1, depth=-4, clipMask=null, boundingBox={"x":-0.19461511858911856,"y":-0.0452418096723869,~, text=default text, alignHoriz=center, alignVert=center, flipHoriz=null, flipVert=null, font=Arial, height=0.08, wrapWidth=1, bold=null, italic=null, color=#FFFFFF, contrast=1 )
17.83687500000815	EXP	Created llDel_P = TextStim( name=llDel_P, win=Window( name=Window, fullscr=true, color=#808080, ~), autoDraw=null, autoLog=true, units=height, pos=[0,0], size=undefined, ori=null, opacity=1, depth=-5, clipMask=null, boundingBox={"x":-0.19461511858911856,"y":-0.0452418096723869,~, text=default text, alignHoriz=center, alignVert=center, flipHoriz=null, flipVert=null, font=Arial, height=0.08, wrapWidth=1, bold=null, italic=null, color=#FFFFFF, contrast=1 )
17.837840000007418	EXP	Created feedbackP = TextStim( name=feedbackP, win=Window( name=Window, fullscr=true, color=#808080, ~), autoDraw=null, autoLog=true, units=height, pos=[0,0], size=undefined, ori=null, opacity=1, depth=-1, clipMask=null, boundingBox={"x":-0.1450073432624805,"y":-0.033541341653666144~, text=default text, alignHoriz=center, alignVert=center, flipHoriz=null, flipVert=null, font=Arial, height=0.06, wrapWidth=1, bold=null, italic=null, color=#FFFFFF, contrast=1 )
17.83952500000305	EXP	Created comienzo = TextStim( name=comienzo, win=Window( name=Window, fullscr=true, color=#808080, ~), autoDraw=null, autoLog=true, units=height, pos=[0,0], size=undefined, ori=null, opacity=1, depth=null, clipMask=null, boundingBox={"x":-0.48939797435647425,"y":-0.13416536661466458~, text=Ahora sí vamos a empezar con la tarea. Recuerda qu~, alignHoriz=center, alignVert=center, flipHoriz=null, flipVert=null, font=Arial, height=0.06, wrapWidth=1, bold=null, italic=null, color=#FFFFFF, contrast=1 )
17.84034999999858	EXP	Created preguntaT = TextStim( name=preguntaT, win=Window( name=Window, fullscr=true, color=#808080, ~), autoDraw=null, autoLog=true, units=height, pos=[0,0.3], size=undefined, ori=null, opacity=1, depth=-1, clipMask=null, boundingBox={"x":-0.2257101026228549,"y":0.26645865834633387,"~, text=¿qué preferirías?, alignHoriz=center, alignVert=center, flipHoriz=null, flipVert=null, font=Arial, height=0.06, wrapWidth=1, bold=null, italic=null, color=#FFFFFF, contrast=1 )
17.84103999999934	EXP	Created ssAm_T = TextStim( name=ssAm_T, win=Window( name=Window, fullscr=true, color=#808080, ~), autoDraw=null, autoLog=true, units=height, pos=[0,0], size=undefined, ori=null, opacity=1, depth=-2, clipMask=null, boundingBox={"x":-0.19461511858911856,"y":-0.0452418096723869,~, text=default text, alignHoriz=center, alignVert=center, flipHoriz=null, flipVert=null, font=Arial, height=0.08, wrapWidth=1, bold=null, italic=null, color=#FFFFFF, contrast=1 )
17.841680000012275	EXP	Created ssDel_T = TextStim( name=ssDel_T, win=Window( name=Window, fullscr=true, color=#808080, ~), autoDraw=null, autoLog=true, units=height, pos=[0,0], size=undefined, ori=null, opacity=1, depth=-3, clipMask=null, boundingBox={"x":-0.06414004607059283,"y":-0.0452418096723869,~, text=hoy, alignHoriz=center, alignVert=center, flipHoriz=null, flipVert=null, font=Arial, height=0.08, wrapWidth=1, bold=null, italic=null, color=#FFFFFF, contrast=1 )
17.842459999999846	EXP	Created llAm_T = TextStim( name=llAm_T, win=Window( name=Window, fullscr=true, color=#808080, ~), autoDraw=null, autoLog=true, units=height, pos=[0,0], size=undefined, ori=null, opacity=1, depth=-4, clipMask=null, boundingBox={"x":-0.19461511858911856,"y":-0.0452418096723869,~, text=default text, alignHoriz=center, alignVert=center, flipHoriz=null, flipVert=null, font=Arial, height=0.08, wrapWidth=1, bold=null, italic=null, color=#FFFFFF, contrast=1 )
17.85112000000663	EXP	Created llDel_T = TextStim( name=llDel_T, win=Window( name=Window, fullscr=true, color=#808080, ~), autoDraw=null, autoLog=true, units=height, pos=[0,0], size=undefined, ori=null, opacity=1, depth=-5, clipMask=null, boundingBox={"x":-0.19461511858911856,"y":-0.0452418096723869,~, text=default text, alignHoriz=center, alignVert=center, flipHoriz=null, flipVert=null, font=Arial, height=0.08, wrapWidth=1, bold=null, italic=null, color=#FFFFFF, contrast=1 )
17.854120000003604	EXP	Created textfbT = TextStim( name=textfbT, win=Window( name=Window, fullscr=true, color=#808080, ~), autoDraw=null, autoLog=true, units=height, pos=[0,0], size=undefined, ori=null, opacity=1, depth=-1, clipMask=null, boundingBox={"x":-0.1450073432624805,"y":-0.033541341653666144~, text=default text, alignHoriz=center, alignVert=center, flipHoriz=null, flipVert=null, font=Arial, height=0.06, wrapWidth=1, bold=null, italic=null, color=#FFFFFF, contrast=1 )
17.855040000009467	EXP	Created Gracias = TextStim( name=Gracias, win=Window( name=Window, fullscr=true, color=#808080, ~), autoDraw=null, autoLog=true, units=height, pos=[0,0], size=undefined, ori=null, opacity=1, depth=null, clipMask=null, boundingBox={"x":-0.39702978744149764,"y":-0.10062402496099844~, text=Terminaste!

Muchas gracias por participar!, alignHoriz=center, alignVert=center, flipHoriz=null, flipVert=null, font=Arial, height=0.06, wrapWidth=1, bold=null, italic=null, color=#FFFFFF, contrast=1 )
17.923520000011194	EXP	intro1: units = height
17.923520000011194	EXP	intro1: pos = [0,0]
17.923520000011194	EXP	intro1: size = undefined
17.923520000011194	EXP	intro1: ori = null
17.923520000011194	EXP	intro1: opacity = 1
17.923520000011194	EXP	intro1: depth = null
17.923520000011194	EXP	intro1: clipMask = null
17.923520000011194	EXP	intro1: boundingBox = {"x":0,"y":0,"width":0,"height":0,"type":1}
17.923520000011194	EXP	intro1: text = A continuación vas a completar una tarea computarizada en la que tomarás una serie de decisiones.

Presiona la barra de espacio para continuar.
17.923520000011194	EXP	intro1: alignHoriz = center
17.923520000011194	EXP	intro1: alignVert = center
17.923520000011194	EXP	intro1: flipHoriz = null
17.923520000011194	EXP	intro1: flipVert = null
17.923520000011194	EXP	intro1: font = Arial
17.923520000011194	EXP	intro1: height = 0.06
17.923520000011194	EXP	intro1: wrapWidth = 1
17.923520000011194	EXP	intro1: bold = null
17.923520000011194	EXP	intro1: italic = null
17.923520000011194	EXP	intro1: color = #FFFFFF
17.923520000011194	EXP	intro1: contrast = 1
17.923520000011194	EXP	intro2: units = height
17.923520000011194	EXP	intro2: pos = [0,0]
17.923520000011194	EXP	intro2: size = undefined
17.923520000011194	EXP	intro2: ori = null
17.923520000011194	EXP	intro2: opacity = 1
17.923520000011194	EXP	intro2: depth = null
17.923520000011194	EXP	intro2: clipMask = null
17.923520000011194	EXP	intro2: boundingBox = {"x":0,"y":0,"width":0,"height":0,"type":1}
17.923520000011194	EXP	intro2: text = Todas las decisiones que tendrás que tomar serán elecciones entre dos opciones de recompensas monetarias que podrías recibir: una opción de dinero que obtendrías hoy contra una opción de dinero que obtendrías en el futuro. 

En cada pregunta, las cantidades de dinero ofrecido y el número de días que habría que esperar en el futuro cambiarán. 

En cada pregunta, la opción inmediata y la  opción futura cambiarán de lado en la pantalla, así que debes poner atención para responder con el teclado cuál es tu preferencia.
17.923520000011194	EXP	intro2: alignHoriz = center
17.923520000011194	EXP	intro2: alignVert = center
17.923520000011194	EXP	intro2: flipHoriz = null
17.923520000011194	EXP	intro2: flipVert = null
17.923520000011194	EXP	intro2: font = Arial
17.923520000011194	EXP	intro2: height = 0.03
17.923520000011194	EXP	intro2: wrapWidth = 1
17.923520000011194	EXP	intro2: bold = null
17.923520000011194	EXP	intro2: italic = null
17.923520000011194	EXP	intro2: color = #FFFFFF
17.923520000011194	EXP	intro2: contrast = 1
17.923520000011194	EXP	intro2_2: units = height
17.923520000011194	EXP	intro2_2: pos = [0,0]
17.923520000011194	EXP	intro2_2: size = undefined
17.923520000011194	EXP	intro2_2: ori = null
17.923520000011194	EXP	intro2_2: opacity = 1
17.923520000011194	EXP	intro2_2: depth = null
17.923520000011194	EXP	intro2_2: clipMask = null
17.923520000011194	EXP	intro2_2: boundingBox = {"x":0,"y":0,"width":0,"height":0,"type":1}
17.923520000011194	EXP	intro2_2: text = Aunque estas decisiones son hipotéticas, te pedimos que hagas cada elección con honestidad, es decir, que respondas cuál es tu verdadera preferencia tal y como si fuéramos a darte el dinero que escogiste en la fecha en la que escogiste.

Es muy importante que sepas que en esta tarea NO HAY respuestas correctas o incorrectas, cada pregunta es sobre TU preferencia, así que tus respuestas pueden ser muy distintas de las de otra persona. Por este motivo, te recomendamos que contestes con sinceridad para que tus respuestas reflejen tus preferencias únicas.
17.923520000011194	EXP	intro2_2: alignHoriz = center
17.923520000011194	EXP	intro2_2: alignVert = center
17.923520000011194	EXP	intro2_2: flipHoriz = null
17.923520000011194	EXP	intro2_2: flipVert = null
17.923520000011194	EXP	intro2_2: font = Arial
17.923520000011194	EXP	intro2_2: height = 0.03
17.923520000011194	EXP	intro2_2: wrapWidth = 1
17.923520000011194	EXP	intro2_2: bold = null
17.923520000011194	EXP	intro2_2: italic = null
17.923520000011194	EXP	intro2_2: color = #FFFFFF
17.923520000011194	EXP	intro2_2: contrast = 1
17.923520000011194	EXP	Intro2_3: units = height
17.923520000011194	EXP	Intro2_3: pos = [0,0]
17.923520000011194	EXP	Intro2_3: size = undefined
17.923520000011194	EXP	Intro2_3: ori = null
17.923520000011194	EXP	Intro2_3: opacity = 1
17.923520000011194	EXP	Intro2_3: depth = null
17.923520000011194	EXP	Intro2_3: clipMask = null
17.923520000011194	EXP	Intro2_3: boundingBox = {"x":0,"y":0,"width":0,"height":0,"type":1}
17.923520000011194	EXP	Intro2_3: text = Si escoges la opción de la izquierda oprime la flecha hacia la izquierda, si escoges la opción de la derecha oprime la flecha hacia la derecha
17.923520000011194	EXP	Intro2_3: alignHoriz = center
17.923520000011194	EXP	Intro2_3: alignVert = center
17.923520000011194	EXP	Intro2_3: flipHoriz = null
17.923520000011194	EXP	Intro2_3: flipVert = null
17.923520000011194	EXP	Intro2_3: font = Arial
17.923520000011194	EXP	Intro2_3: height = 0.06
17.923520000011194	EXP	Intro2_3: wrapWidth = 1
17.923520000011194	EXP	Intro2_3: bold = null
17.923520000011194	EXP	Intro2_3: italic = null
17.923520000011194	EXP	Intro2_3: color = #FFFFFF
17.923520000011194	EXP	Intro2_3: contrast = 1
17.923520000011194	EXP	intro3: units = height
17.923520000011194	EXP	intro3: pos = [0,0.3]
17.923520000011194	EXP	intro3: size = undefined
17.923520000011194	EXP	intro3: ori = null
17.923520000011194	EXP	intro3: opacity = 1
17.923520000011194	EXP	intro3: depth = -1
17.923520000011194	EXP	intro3: clipMask = null
17.923520000011194	EXP	intro3: boundingBox = {"x":0,"y":0,"width":0,"height":0,"type":1}
17.923520000011194	EXP	intro3: text = Por ejemplo, ¿qué preferirías?
17.923520000011194	EXP	intro3: alignHoriz = center
17.923520000011194	EXP	intro3: alignVert = center
17.923520000011194	EXP	intro3: flipHoriz = null
17.923520000011194	EXP	intro3: flipVert = null
17.923520000011194	EXP	intro3: font = Arial
17.923520000011194	EXP	intro3: height = 0.06
17.923520000011194	EXP	intro3: wrapWidth = 1
17.923520000011194	EXP	intro3: bold = null
17.923520000011194	EXP	intro3: italic = null
17.923520000011194	EXP	intro3: color = #FFFFFF
17.923520000011194	EXP	intro3: contrast = 1
17.923520000011194	EXP	ss_am: units = height
17.923520000011194	EXP	ss_am: pos = [-0.5,0.1]
17.923520000011194	EXP	ss_am: size = undefined
17.923520000011194	EXP	ss_am: ori = null
17.923520000011194	EXP	ss_am: opacity = 1
17.923520000011194	EXP	ss_am: depth = -2
17.923520000011194	EXP	ss_am: clipMask = null
17.923520000011194	EXP	ss_am: boundingBox = {"x":0,"y":0,"width":0,"height":0,"type":1}
17.923520000011194	EXP	ss_am: text = $5.000
17.923520000011194	EXP	ss_am: alignHoriz = center
17.923520000011194	EXP	ss_am: alignVert = center
17.923520000011194	EXP	ss_am: flipHoriz = null
17.923520000011194	EXP	ss_am: flipVert = null
17.923520000011194	EXP	ss_am: font = Arial
17.923520000011194	EXP	ss_am: height = 0.08
17.923520000011194	EXP	ss_am: wrapWidth = 1
17.923520000011194	EXP	ss_am: bold = null
17.923520000011194	EXP	ss_am: italic = null
17.923520000011194	EXP	ss_am: color = #FFFFFF
17.923520000011194	EXP	ss_am: contrast = 1
17.923520000011194	EXP	ss_del: units = height
17.923520000011194	EXP	ss_del: pos = [-0.5,-0.1]
17.923520000011194	EXP	ss_del: size = undefined
17.923520000011194	EXP	ss_del: ori = null
17.923520000011194	EXP	ss_del: opacity = 1
17.923520000011194	EXP	ss_del: depth = -3
17.923520000011194	EXP	ss_del: clipMask = null
17.923520000011194	EXP	ss_del: boundingBox = {"x":0,"y":0,"width":0,"height":0,"type":1}
17.923520000011194	EXP	ss_del: text = hoy
17.923520000011194	EXP	ss_del: alignHoriz = center
17.923520000011194	EXP	ss_del: alignVert = center
17.923520000011194	EXP	ss_del: flipHoriz = null
17.923520000011194	EXP	ss_del: flipVert = null
17.923520000011194	EXP	ss_del: font = Arial
17.923520000011194	EXP	ss_del: height = 0.08
17.923520000011194	EXP	ss_del: wrapWidth = 1
17.923520000011194	EXP	ss_del: bold = null
17.923520000011194	EXP	ss_del: italic = null
17.923520000011194	EXP	ss_del: color = #FFFFFF
17.923520000011194	EXP	ss_del: contrast = 1
17.923520000011194	EXP	ll_am: units = height
17.923520000011194	EXP	ll_am: pos = [0.5,0.1]
17.923520000011194	EXP	ll_am: size = undefined
17.923520000011194	EXP	ll_am: ori = null
17.923520000011194	EXP	ll_am: opacity = 1
17.923520000011194	EXP	ll_am: depth = -4
17.923520000011194	EXP	ll_am: clipMask = null
17.923520000011194	EXP	ll_am: boundingBox = {"x":0,"y":0,"width":0,"height":0,"type":1}
17.923520000011194	EXP	ll_am: text = $10.000
17.923520000011194	EXP	ll_am: alignHoriz = center
17.923520000011194	EXP	ll_am: alignVert = center
17.923520000011194	EXP	ll_am: flipHoriz = null
17.923520000011194	EXP	ll_am: flipVert = null
17.923520000011194	EXP	ll_am: font = Arial
17.923520000011194	EXP	ll_am: height = 0.08
17.923520000011194	EXP	ll_am: wrapWidth = 1
17.923520000011194	EXP	ll_am: bold = null
17.923520000011194	EXP	ll_am: italic = null
17.923520000011194	EXP	ll_am: color = #FFFFFF
17.923520000011194	EXP	ll_am: contrast = 1
17.923520000011194	EXP	ll_del: units = height
17.923520000011194	EXP	ll_del: pos = [0.5,-0.1]
17.923520000011194	EXP	ll_del: size = undefined
17.923520000011194	EXP	ll_del: ori = null
17.923520000011194	EXP	ll_del: opacity = 1
17.923520000011194	EXP	ll_del: depth = -5
17.923520000011194	EXP	ll_del: clipMask = null
17.923520000011194	EXP	ll_del: boundingBox = {"x":0,"y":0,"width":0,"height":0,"type":1}
17.923520000011194	EXP	ll_del: text = en 7 días
17.923520000011194	EXP	ll_del: alignHoriz = center
17.923520000011194	EXP	ll_del: alignVert = center
17.923520000011194	EXP	ll_del: flipHoriz = null
17.923520000011194	EXP	ll_del: flipVert = null
17.923520000011194	EXP	ll_del: font = Arial
17.923520000011194	EXP	ll_del: height = 0.08
17.923520000011194	EXP	ll_del: wrapWidth = 1
17.923520000011194	EXP	ll_del: bold = null
17.923520000011194	EXP	ll_del: italic = null
17.923520000011194	EXP	ll_del: color = #FFFFFF
17.923520000011194	EXP	ll_del: contrast = 1
17.923520000011194	EXP	Intro4: units = height
17.923520000011194	EXP	Intro4: pos = [0,0]
17.923520000011194	EXP	Intro4: size = undefined
17.923520000011194	EXP	Intro4: ori = null
17.923520000011194	EXP	Intro4: opacity = 1
17.923520000011194	EXP	Intro4: depth = null
17.923520000011194	EXP	Intro4: clipMask = null
17.923520000011194	EXP	Intro4: boundingBox = {"x":0,"y":0,"width":0,"height":0,"type":1}
17.923520000011194	EXP	Intro4: text = Hagamos unos ensayos de práctica
17.923520000011194	EXP	Intro4: alignHoriz = center
17.923520000011194	EXP	Intro4: alignVert = center
17.923520000011194	EXP	Intro4: flipHoriz = null
17.923520000011194	EXP	Intro4: flipVert = null
17.923520000011194	EXP	Intro4: font = Arial
17.923520000011194	EXP	Intro4: height = 0.06
17.923520000011194	EXP	Intro4: wrapWidth = 1
17.923520000011194	EXP	Intro4: bold = null
17.923520000011194	EXP	Intro4: italic = null
17.923520000011194	EXP	Intro4: color = #FFFFFF
17.923520000011194	EXP	Intro4: contrast = 1
17.923520000011194	EXP	pregunta: units = height
17.923520000011194	EXP	pregunta: pos = [0,0.3]
17.923520000011194	EXP	pregunta: size = undefined
17.923520000011194	EXP	pregunta: ori = null
17.923520000011194	EXP	pregunta: opacity = 1
17.923520000011194	EXP	pregunta: depth = -1
17.923520000011194	EXP	pregunta: clipMask = null
17.923520000011194	EXP	pregunta: boundingBox = {"x":0,"y":0,"width":0,"height":0,"type":1}
17.923520000011194	EXP	pregunta: text = ¿qué preferirías?
17.923520000011194	EXP	pregunta: alignHoriz = center
17.923520000011194	EXP	pregunta: alignVert = center
17.923520000011194	EXP	pregunta: flipHoriz = null
17.923520000011194	EXP	pregunta: flipVert = null
17.923520000011194	EXP	pregunta: font = Arial
17.923520000011194	EXP	pregunta: height = 0.06
17.923520000011194	EXP	pregunta: wrapWidth = 1
17.923520000011194	EXP	pregunta: bold = null
17.923520000011194	EXP	pregunta: italic = null
17.923520000011194	EXP	pregunta: color = #FFFFFF
17.923520000011194	EXP	pregunta: contrast = 1
17.923520000011194	EXP	ssAm_P: units = height
17.923520000011194	EXP	ssAm_P: pos = [0,0]
17.923520000011194	EXP	ssAm_P: size = undefined
17.923520000011194	EXP	ssAm_P: ori = null
17.923520000011194	EXP	ssAm_P: opacity = 1
17.923520000011194	EXP	ssAm_P: depth = -2
17.923520000011194	EXP	ssAm_P: clipMask = null
17.923520000011194	EXP	ssAm_P: boundingBox = {"x":0,"y":0,"width":0,"height":0,"type":1}
17.923520000011194	EXP	ssAm_P: text = default text
17.923520000011194	EXP	ssAm_P: alignHoriz = center
17.923520000011194	EXP	ssAm_P: alignVert = center
17.923520000011194	EXP	ssAm_P: flipHoriz = null
17.923520000011194	EXP	ssAm_P: flipVert = null
17.923520000011194	EXP	ssAm_P: font = Arial
17.923520000011194	EXP	ssAm_P: height = 0.08
17.923520000011194	EXP	ssAm_P: wrapWidth = 1
17.923520000011194	EXP	ssAm_P: bold = null
17.923520000011194	EXP	ssAm_P: italic = null
17.923520000011194	EXP	ssAm_P: color = #FFFFFF
17.923520000011194	EXP	ssAm_P: contrast = 1
17.923520000011194	EXP	ssDel_P: units = height
17.923520000011194	EXP	ssDel_P: pos = [0,0]
17.923520000011194	EXP	ssDel_P: size = undefined
17.923520000011194	EXP	ssDel_P: ori = null
17.923520000011194	EXP	ssDel_P: opacity = 1
17.923520000011194	EXP	ssDel_P: depth = -3
17.923520000011194	EXP	ssDel_P: clipMask = null
17.923520000011194	EXP	ssDel_P: boundingBox = {"x":0,"y":0,"width":0,"height":0,"type":1}
17.923520000011194	EXP	ssDel_P: text = hoy
17.923520000011194	EXP	ssDel_P: alignHoriz = center
17.923520000011194	EXP	ssDel_P: alignVert = center
17.923520000011194	EXP	ssDel_P: flipHoriz = null
17.923520000011194	EXP	ssDel_P: flipVert = null
17.923520000011194	EXP	ssDel_P: font = Arial
17.923520000011194	EXP	ssDel_P: height = 0.08
17.923520000011194	EXP	ssDel_P: wrapWidth = 1
17.923520000011194	EXP	ssDel_P: bold = null
17.923520000011194	EXP	ssDel_P: italic = null
17.923520000011194	EXP	ssDel_P: color = #FFFFFF
17.923520000011194	EXP	ssDel_P: contrast = 1
17.923520000011194	EXP	llAm_P: units = height
17.923520000011194	EXP	llAm_P: pos = [0,0]
17.923520000011194	EXP	llAm_P: size = undefined
17.923520000011194	EXP	llAm_P: ori = null
17.923520000011194	EXP	llAm_P: opacity = 1
17.923520000011194	EXP	llAm_P: depth = -4
17.923520000011194	EXP	llAm_P: clipMask = null
17.923520000011194	EXP	llAm_P: boundingBox = {"x":0,"y":0,"width":0,"height":0,"type":1}
17.923520000011194	EXP	llAm_P: text = default text
17.923520000011194	EXP	llAm_P: alignHoriz = center
17.923520000011194	EXP	llAm_P: alignVert = center
17.923520000011194	EXP	llAm_P: flipHoriz = null
17.923520000011194	EXP	llAm_P: flipVert = null
17.923520000011194	EXP	llAm_P: font = Arial
17.923520000011194	EXP	llAm_P: height = 0.08
17.923520000011194	EXP	llAm_P: wrapWidth = 1
17.923520000011194	EXP	llAm_P: bold = null
17.923520000011194	EXP	llAm_P: italic = null
17.923520000011194	EXP	llAm_P: color = #FFFFFF
17.923520000011194	EXP	llAm_P: contrast = 1
17.923520000011194	EXP	llDel_P: units = height
17.923520000011194	EXP	llDel_P: pos = [0,0]
17.923520000011194	EXP	llDel_P: size = undefined
17.923520000011194	EXP	llDel_P: ori = null
17.923520000011194	EXP	llDel_P: opacity = 1
17.923520000011194	EXP	llDel_P: depth = -5
17.923520000011194	EXP	llDel_P: clipMask = null
17.923520000011194	EXP	llDel_P: boundingBox = {"x":0,"y":0,"width":0,"height":0,"type":1}
17.923520000011194	EXP	llDel_P: text = default text
17.923520000011194	EXP	llDel_P: alignHoriz = center
17.923520000011194	EXP	llDel_P: alignVert = center
17.923520000011194	EXP	llDel_P: flipHoriz = null
17.923520000011194	EXP	llDel_P: flipVert = null
17.923520000011194	EXP	llDel_P: font = Arial
17.923520000011194	EXP	llDel_P: height = 0.08
17.923520000011194	EXP	llDel_P: wrapWidth = 1
17.923520000011194	EXP	llDel_P: bold = null
17.923520000011194	EXP	llDel_P: italic = null
17.923520000011194	EXP	llDel_P: color = #FFFFFF
17.923520000011194	EXP	llDel_P: contrast = 1
17.923520000011194	EXP	feedbackP: units = height
17.923520000011194	EXP	feedbackP: pos = [0,0]
17.923520000011194	EXP	feedbackP: size = undefined
17.923520000011194	EXP	feedbackP: ori = null
17.923520000011194	EXP	feedbackP: opacity = 1
17.923520000011194	EXP	feedbackP: depth = -1
17.923520000011194	EXP	feedbackP: clipMask = null
17.923520000011194	EXP	feedbackP: boundingBox = {"x":0,"y":0,"width":0,"height":0,"type":1}
17.923520000011194	EXP	feedbackP: text = default text
17.923520000011194	EXP	feedbackP: alignHoriz = center
17.923520000011194	EXP	feedbackP: alignVert = center
17.923520000011194	EXP	feedbackP: flipHoriz = null
17.923520000011194	EXP	feedbackP: flipVert = null
17.923520000011194	EXP	feedbackP: font = Arial
17.923520000011194	EXP	feedbackP: height = 0.06
17.923520000011194	EXP	feedbackP: wrapWidth = 1
17.923520000011194	EXP	feedbackP: bold = null
17.923520000011194	EXP	feedbackP: italic = null
17.923520000011194	EXP	feedbackP: color = #FFFFFF
17.923520000011194	EXP	feedbackP: contrast = 1
17.923520000011194	EXP	comienzo: units = height
17.923520000011194	EXP	comienzo: pos = [0,0]
17.923520000011194	EXP	comienzo: size = undefined
17.923520000011194	EXP	comienzo: ori = null
17.923520000011194	EXP	comienzo: opacity = 1
17.923520000011194	EXP	comienzo: depth = null
17.923520000011194	EXP	comienzo: clipMask = null
17.923520000011194	EXP	comienzo: boundingBox = {"x":0,"y":0,"width":0,"height":0,"type":1}
17.923520000011194	EXP	comienzo: text = Ahora sí vamos a empezar con la tarea. Recuerda que debes contestar todas las preguntas. Tienes 20 segundos por cada pregunta. 
17.923520000011194	EXP	comienzo: alignHoriz = center
17.923520000011194	EXP	comienzo: alignVert = center
17.923520000011194	EXP	comienzo: flipHoriz = null
17.923520000011194	EXP	comienzo: flipVert = null
17.923520000011194	EXP	comienzo: font = Arial
17.923520000011194	EXP	comienzo: height = 0.06
17.923520000011194	EXP	comienzo: wrapWidth = 1
17.923520000011194	EXP	comienzo: bold = null
17.923520000011194	EXP	comienzo: italic = null
17.923520000011194	EXP	comienzo: color = #FFFFFF
17.923520000011194	EXP	comienzo: contrast = 1
17.923520000011194	EXP	preguntaT: units = height
17.923520000011194	EXP	preguntaT: pos = [0,0.3]
17.923520000011194	EXP	preguntaT: size = undefined
17.923520000011194	EXP	preguntaT: ori = null
17.923520000011194	EXP	preguntaT: opacity = 1
17.923520000011194	EXP	preguntaT: depth = -1
17.923520000011194	EXP	preguntaT: clipMask = null
17.923520000011194	EXP	preguntaT: boundingBox = {"x":0,"y":0,"width":0,"height":0,"type":1}
17.923520000011194	EXP	preguntaT: text = ¿qué preferirías?
17.923520000011194	EXP	preguntaT: alignHoriz = center
17.923520000011194	EXP	preguntaT: alignVert = center
17.923520000011194	EXP	preguntaT: flipHoriz = null
17.923520000011194	EXP	preguntaT: flipVert = null
17.923520000011194	EXP	preguntaT: font = Arial
17.923520000011194	EXP	preguntaT: height = 0.06
17.923520000011194	EXP	preguntaT: wrapWidth = 1
17.923520000011194	EXP	preguntaT: bold = null
17.923520000011194	EXP	preguntaT: italic = null
17.923520000011194	EXP	preguntaT: color = #FFFFFF
17.923520000011194	EXP	preguntaT: contrast = 1
17.923520000011194	EXP	ssAm_T: units = height
17.923520000011194	EXP	ssAm_T: pos = [0,0]
17.923520000011194	EXP	ssAm_T: size = undefined
17.923520000011194	EXP	ssAm_T: ori = null
17.923520000011194	EXP	ssAm_T: opacity = 1
17.923520000011194	EXP	ssAm_T: depth = -2
17.923520000011194	EXP	ssAm_T: clipMask = null
17.923520000011194	EXP	ssAm_T: boundingBox = {"x":0,"y":0,"width":0,"height":0,"type":1}
17.923520000011194	EXP	ssAm_T: text = default text
17.923520000011194	EXP	ssAm_T: alignHoriz = center
17.923520000011194	EXP	ssAm_T: alignVert = center
17.923520000011194	EXP	ssAm_T: flipHoriz = null
17.923520000011194	EXP	ssAm_T: flipVert = null
17.923520000011194	EXP	ssAm_T: font = Arial
17.923520000011194	EXP	ssAm_T: height = 0.08
17.923520000011194	EXP	ssAm_T: wrapWidth = 1
17.923520000011194	EXP	ssAm_T: bold = null
17.923520000011194	EXP	ssAm_T: italic = null
17.923520000011194	EXP	ssAm_T: color = #FFFFFF
17.923520000011194	EXP	ssAm_T: contrast = 1
17.923520000011194	EXP	ssDel_T: units = height
17.923520000011194	EXP	ssDel_T: pos = [0,0]
17.923520000011194	EXP	ssDel_T: size = undefined
17.923520000011194	EXP	ssDel_T: ori = null
17.923520000011194	EXP	ssDel_T: opacity = 1
17.923520000011194	EXP	ssDel_T: depth = -3
17.923520000011194	EXP	ssDel_T: clipMask = null
17.923520000011194	EXP	ssDel_T: boundingBox = {"x":0,"y":0,"width":0,"height":0,"type":1}
17.923520000011194	EXP	ssDel_T: text = hoy
17.923520000011194	EXP	ssDel_T: alignHoriz = center
17.923520000011194	EXP	ssDel_T: alignVert = center
17.923520000011194	EXP	ssDel_T: flipHoriz = null
17.923520000011194	EXP	ssDel_T: flipVert = null
17.923520000011194	EXP	ssDel_T: font = Arial
17.923520000011194	EXP	ssDel_T: height = 0.08
17.923520000011194	EXP	ssDel_T: wrapWidth = 1
17.923520000011194	EXP	ssDel_T: bold = null
17.923520000011194	EXP	ssDel_T: italic = null
17.923520000011194	EXP	ssDel_T: color = #FFFFFF
17.923520000011194	EXP	ssDel_T: contrast = 1
17.923520000011194	EXP	llAm_T: units = height
17.923520000011194	EXP	llAm_T: pos = [0,0]
17.923520000011194	EXP	llAm_T: size = undefined
17.923520000011194	EXP	llAm_T: ori = null
17.923520000011194	EXP	llAm_T: opacity = 1
17.923520000011194	EXP	llAm_T: depth = -4
17.923520000011194	EXP	llAm_T: clipMask = null
17.923520000011194	EXP	llAm_T: boundingBox = {"x":0,"y":0,"width":0,"height":0,"type":1}
17.923520000011194	EXP	llAm_T: text = default text
17.923520000011194	EXP	llAm_T: alignHoriz = center
17.923520000011194	EXP	llAm_T: alignVert = center
17.923520000011194	EXP	llAm_T: flipHoriz = null
17.923520000011194	EXP	llAm_T: flipVert = null
17.923520000011194	EXP	llAm_T: font = Arial
17.923520000011194	EXP	llAm_T: height = 0.08
17.923520000011194	EXP	llAm_T: wrapWidth = 1
17.923520000011194	EXP	llAm_T: bold = null
17.923520000011194	EXP	llAm_T: italic = null
17.923520000011194	EXP	llAm_T: color = #FFFFFF
17.923520000011194	EXP	llAm_T: contrast = 1
17.923520000011194	EXP	llDel_T: units = height
17.923520000011194	EXP	llDel_T: pos = [0,0]
17.923520000011194	EXP	llDel_T: size = undefined
17.923520000011194	EXP	llDel_T: ori = null
17.923520000011194	EXP	llDel_T: opacity = 1
17.923520000011194	EXP	llDel_T: depth = -5
17.923520000011194	EXP	llDel_T: clipMask = null
17.923520000011194	EXP	llDel_T: boundingBox = {"x":0,"y":0,"width":0,"height":0,"type":1}
17.923520000011194	EXP	llDel_T: text = default text
17.923520000011194	EXP	llDel_T: alignHoriz = center
17.923520000011194	EXP	llDel_T: alignVert = center
17.923520000011194	EXP	llDel_T: flipHoriz = null
17.923520000011194	EXP	llDel_T: flipVert = null
17.923520000011194	EXP	llDel_T: font = Arial
17.923520000011194	EXP	llDel_T: height = 0.08
17.923520000011194	EXP	llDel_T: wrapWidth = 1
17.923520000011194	EXP	llDel_T: bold = null
17.923520000011194	EXP	llDel_T: italic = null
17.923520000011194	EXP	llDel_T: color = #FFFFFF
17.923520000011194	EXP	llDel_T: contrast = 1
17.923520000011194	EXP	textfbT: units = height
17.923520000011194	EXP	textfbT: pos = [0,0]
17.923520000011194	EXP	textfbT: size = undefined
17.923520000011194	EXP	textfbT: ori = null
17.923520000011194	EXP	textfbT: opacity = 1
17.923520000011194	EXP	textfbT: depth = -1
17.923520000011194	EXP	textfbT: clipMask = null
17.923520000011194	EXP	textfbT: boundingBox = {"x":0,"y":0,"width":0,"height":0,"type":1}
17.923520000011194	EXP	textfbT: text = default text
17.923520000011194	EXP	textfbT: alignHoriz = center
17.923520000011194	EXP	textfbT: alignVert = center
17.923520000011194	EXP	textfbT: flipHoriz = null
17.923520000011194	EXP	textfbT: flipVert = null
17.923520000011194	EXP	textfbT: font = Arial
17.923520000011194	EXP	textfbT: height = 0.06
17.923520000011194	EXP	textfbT: wrapWidth = 1
17.923520000011194	EXP	textfbT: bold = null
17.923520000011194	EXP	textfbT: italic = null
17.923520000011194	EXP	textfbT: color = #FFFFFF
17.923520000011194	EXP	textfbT: contrast = 1
17.923520000011194	EXP	Gracias: units = height
17.923520000011194	EXP	Gracias: pos = [0,0]
17.923520000011194	EXP	Gracias: size = undefined
17.923520000011194	EXP	Gracias: ori = null
17.923520000011194	EXP	Gracias: opacity = 1
17.923520000011194	EXP	Gracias: depth = null
17.923520000011194	EXP	Gracias: clipMask = null
17.923520000011194	EXP	Gracias: boundingBox = {"x":0,"y":0,"width":0,"height":0,"type":1}
17.923520000011194	EXP	Gracias: text = Terminaste!

Muchas gracias por participar!
17.923520000011194	EXP	Gracias: alignHoriz = center
17.923520000011194	EXP	Gracias: alignVert = center
17.923520000011194	EXP	Gracias: flipHoriz = null
17.923520000011194	EXP	Gracias: flipVert = null
17.923520000011194	EXP	Gracias: font = Arial
17.923520000011194	EXP	Gracias: height = 0.06
17.923520000011194	EXP	Gracias: wrapWidth = 1
17.923520000011194	EXP	Gracias: bold = null
17.923520000011194	EXP	Gracias: italic = null
17.923520000011194	EXP	Gracias: color = #FFFFFF
17.923520000011194	EXP	Gracias: contrast = 1
17.923520000011194	EXP	intro1: autoDraw = true
30.330490000007558	DATA	Keydown:  
30.36036000000604	EXP	intro1: autoDraw = null
30.36036000000604	EXP	intro2: autoDraw = true
57.85929500000202	DATA	Keydown:  
57.874815000002855	EXP	intro2: autoDraw = null
57.874815000002855	EXP	intro2_2: autoDraw = true
92.71150000000489	DATA	Keydown:  
92.73627000000852	EXP	intro2_2: autoDraw = null
92.73627000000852	EXP	Intro2_3: autoDraw = true
102.41487500000221	DATA	Keydown:  
102.45048500000848	EXP	Intro2_3: autoDraw = null
102.45048500000848	EXP	intro3: autoDraw = true
102.45048500000848	EXP	ss_am: autoDraw = true
102.45048500000848	EXP	ss_del: autoDraw = true
102.45048500000848	EXP	ll_am: autoDraw = true
102.45048500000848	EXP	ll_del: autoDraw = true
114.93480000000272	DATA	Keydown: ArrowRight
114.95346000000427	EXP	intro3: autoDraw = null
114.95346000000427	EXP	ss_am: autoDraw = null
114.95346000000427	EXP	ss_del: autoDraw = null
114.95346000000427	EXP	ll_am: autoDraw = null
114.95346000000427	EXP	ll_del: autoDraw = null
114.95346000000427	EXP	Intro4: autoDraw = true
120.002290000004	DATA	Keydown:  
120.06812000001082	EXP	Intro4: autoDraw = null
120.06812000001082	EXP	ssAm_P: pos = [0.5,0.1]
120.06812000001082	EXP	ssAm_P: text = $10000
120.06812000001082	EXP	ssDel_P: pos = [0.5,-0.1]
120.06812000001082	EXP	llAm_P: pos = [-0.5,0.1]
120.06812000001082	EXP	llAm_P: text = $19000
120.06812000001082	EXP	llDel_P: pos = [-0.5,-0.1]
120.06812000001082	EXP	llDel_P: text = en 89 días
120.06812000001082	EXP	pregunta: autoDraw = true
120.06812000001082	EXP	ssAm_P: autoDraw = true
120.06812000001082	EXP	ssDel_P: autoDraw = true
120.06812000001082	EXP	llAm_P: autoDraw = true
120.06812000001082	EXP	llDel_P: autoDraw = true
126.94381000001158	DATA	Keydown: ArrowRight
126.95576500000607	EXP	pregunta: autoDraw = null
126.95576500000607	EXP	ssAm_P: autoDraw = null
126.95576500000607	EXP	ssDel_P: autoDraw = null
126.95576500000607	EXP	llAm_P: autoDraw = null
126.95576500000607	EXP	llDel_P: autoDraw = null
126.95576500000607	EXP	feedbackP: text = Elegiste no esperar
126.95576500000607	EXP	feedbackP: autoDraw = true
129.96366000000853	EXP	feedbackP: autoDraw = null
129.96366000000853	EXP	feedbackP: autoDraw = null
129.96366000000853	EXP	ssAm_P: pos = [0.5,0.1]
129.96366000000853	EXP	ssAm_P: text = $25000
129.96366000000853	EXP	ssDel_P: pos = [0.5,-0.1]
129.96366000000853	EXP	llAm_P: pos = [-0.5,0.1]
129.96366000000853	EXP	llAm_P: text = $35000
129.96366000000853	EXP	llDel_P: pos = [-0.5,-0.1]
129.96366000000853	EXP	llDel_P: text = en 150 días
129.96366000000853	EXP	pregunta: autoDraw = true
129.96366000000853	EXP	ssAm_P: autoDraw = true
129.96366000000853	EXP	ssDel_P: autoDraw = true
129.96366000000853	EXP	llAm_P: autoDraw = true
129.96366000000853	EXP	llDel_P: autoDraw = true
132.78826500001014	DATA	Keydown: ArrowRight
132.79862500001036	EXP	pregunta: autoDraw = null
132.79862500001036	EXP	ssAm_P: autoDraw = null
132.79862500001036	EXP	ssDel_P: autoDraw = null
132.79862500001036	EXP	llAm_P: autoDraw = null
132.79862500001036	EXP	llDel_P: autoDraw = null
132.79862500001036	EXP	feedbackP: text = Elegiste no esperar
132.79862500001036	EXP	feedbackP: autoDraw = true
135.81302500001038	EXP	feedbackP: autoDraw = null
135.81302500001038	EXP	feedbackP: autoDraw = null
135.81302500001038	EXP	ssAm_P: pos = [0.5,0.1]
135.81302500001038	EXP	ssAm_P: text = $10000
135.81302500001038	EXP	ssDel_P: pos = [0.5,-0.1]
135.81302500001038	EXP	llAm_P: pos = [-0.5,0.1]
135.81302500001038	EXP	llAm_P: text = $109000
135.81302500001038	EXP	llDel_P: pos = [-0.5,-0.1]
135.81302500001038	EXP	llDel_P: text = en 9 días
135.81302500001038	EXP	pregunta: autoDraw = true
135.81302500001038	EXP	ssAm_P: autoDraw = true
135.81302500001038	EXP	ssDel_P: autoDraw = true
135.81302500001038	EXP	llAm_P: autoDraw = true
135.81302500001038	EXP	llDel_P: autoDraw = true
138.16058500000509	DATA	Keydown: ArrowLeft
138.17739000001166	EXP	pregunta: autoDraw = null
138.17739000001166	EXP	ssAm_P: autoDraw = null
138.17739000001166	EXP	ssDel_P: autoDraw = null
138.17739000001166	EXP	llAm_P: autoDraw = null
138.17739000001166	EXP	llDel_P: autoDraw = null
138.17739000001166	EXP	feedbackP: text = Elegiste esperar
138.17739000001166	EXP	feedbackP: autoDraw = true
141.17986000000383	EXP	feedbackP: autoDraw = null
141.17986000000383	EXP	feedbackP: autoDraw = null
141.17986000000383	EXP	comienzo: autoDraw = true
142.21590000001015	DATA	Keydown: Meta
202.207705000008	DATA	Keydown: g
202.2872100000095	EXP	comienzo: autoDraw = null
202.2872100000095	EXP	ssAm_T: pos = [0.5,0.1]
202.2872100000095	EXP	ssAm_T: text = $10000
202.2872100000095	EXP	ssDel_T: pos = [0.5,-0.1]
202.2872100000095	EXP	llAm_T: pos = [-0.5,0.1]
202.2872100000095	EXP	llAm_T: text = $61000
202.2872100000095	EXP	llDel_T: pos = [-0.5,-0.1]
202.2872100000095	EXP	llDel_T: text = en 4 días
202.2872100000095	EXP	preguntaT: autoDraw = true
202.2872100000095	EXP	ssAm_T: autoDraw = true
202.2872100000095	EXP	ssDel_T: autoDraw = true
202.2872100000095	EXP	llAm_T: autoDraw = true
202.2872100000095	EXP	llDel_T: autoDraw = true
203.75818499999878	DATA	Keydown: Meta
494.2239899999986	EXP	preguntaT: autoDraw = null
494.2239899999986	EXP	ssAm_T: autoDraw = null
494.2239899999986	EXP	ssDel_T: autoDraw = null
494.2239899999986	EXP	llAm_T: autoDraw = null
494.2239899999986	EXP	llDel_T: autoDraw = null
494.2239899999986	EXP	preguntaT: autoDraw = null
494.2239899999986	EXP	ssAm_T: autoDraw = null
494.2239899999986	EXP	ssDel_T: autoDraw = null
494.2239899999986	EXP	llAm_T: autoDraw = null
494.2239899999986	EXP	llDel_T: autoDraw = null
494.2239899999986	EXP	textfbT: text = No respondiste a tiempo!
494.2239899999986	EXP	textfbT: autoDraw = true
494.2239899999986	EXP	textfbT: autoDraw = null
494.2239899999986	EXP	ssAm_T: pos = [-0.5,0.1]
494.2239899999986	EXP	ssAm_T: text = $10000
494.2239899999986	EXP	ssDel_T: pos = [-0.5,-0.1]
494.2239899999986	EXP	llAm_T: pos = [0.5,0.1]
494.2239899999986	EXP	llAm_T: text = $39000
494.2239899999986	EXP	llDel_T: pos = [0.5,-0.1]
494.2239899999986	EXP	llDel_T: text = en 150 días
494.2239899999986	EXP	preguntaT: autoDraw = true
494.2239899999986	EXP	ssAm_T: autoDraw = true
494.2239899999986	EXP	ssDel_T: autoDraw = true
494.2239899999986	EXP	llAm_T: autoDraw = true
494.2239899999986	EXP	llDel_T: autoDraw = true
494.2239899999986	EXP	preguntaT: autoDraw = null
494.2239899999986	EXP	ssAm_T: autoDraw = null
494.2239899999986	EXP	ssDel_T: autoDraw = null
494.2239899999986	EXP	llAm_T: autoDraw = null
494.2239899999986	EXP	llDel_T: autoDraw = null
494.2239899999986	EXP	textfbT: text = No respondiste a tiempo!
494.2239899999986	EXP	textfbT: autoDraw = true
494.2239899999986	EXP	textfbT: autoDraw = null
494.2239899999986	EXP	ssAm_T: pos = [-0.5,0.1]
494.2239899999986	EXP	ssAm_T: text = $10000
494.2239899999986	EXP	ssDel_T: pos = [-0.5,-0.1]
494.2239899999986	EXP	llAm_T: pos = [0.5,0.1]
494.2239899999986	EXP	llAm_T: text = $21000
494.2239899999986	EXP	llDel_T: pos = [0.5,-0.1]
494.2239899999986	EXP	llDel_T: text = en 31 días
494.2239899999986	EXP	preguntaT: autoDraw = true
494.2239899999986	EXP	ssAm_T: autoDraw = true
494.2239899999986	EXP	ssDel_T: autoDraw = true
494.2239899999986	EXP	llAm_T: autoDraw = true
494.2239899999986	EXP	llDel_T: autoDraw = true
494.2239899999986	EXP	preguntaT: autoDraw = null
494.2239899999986	EXP	ssAm_T: autoDraw = null
494.2239899999986	EXP	ssDel_T: autoDraw = null
494.2239899999986	EXP	llAm_T: autoDraw = null
494.2239899999986	EXP	llDel_T: autoDraw = null
494.2239899999986	EXP	textfbT: text = No respondiste a tiempo!
494.2239899999986	EXP	textfbT: autoDraw = true
494.2239899999986	EXP	textfbT: autoDraw = null
494.2239899999986	EXP	ssAm_T: pos = [0.5,0.1]
494.2239899999986	EXP	ssAm_T: text = $5000
494.2239899999986	EXP	ssDel_T: pos = [0.5,-0.1]
494.2239899999986	EXP	llAm_T: pos = [-0.5,0.1]
494.2239899999986	EXP	llAm_T: text = $35000
494.2239899999986	EXP	llDel_T: pos = [-0.5,-0.1]
494.2239899999986	EXP	llDel_T: text = en 31 días
494.2239899999986	EXP	preguntaT: autoDraw = true
494.2239899999986	EXP	ssAm_T: autoDraw = true
494.2239899999986	EXP	ssDel_T: autoDraw = true
494.2239899999986	EXP	llAm_T: autoDraw = true
494.2239899999986	EXP	llDel_T: autoDraw = true
494.2239899999986	EXP	preguntaT: autoDraw = null
494.2239899999986	EXP	ssAm_T: autoDraw = null
494.2239899999986	EXP	ssDel_T: autoDraw = null
494.2239899999986	EXP	llAm_T: autoDraw = null
494.2239899999986	EXP	llDel_T: autoDraw = null
494.2239899999986	EXP	textfbT: text = No respondiste a tiempo!
494.2239899999986	EXP	textfbT: autoDraw = true
494.2239899999986	EXP	textfbT: autoDraw = null
494.2239899999986	EXP	ssAm_T: pos = [0.5,0.1]
494.2239899999986	EXP	ssAm_T: text = $10000
494.2239899999986	EXP	ssDel_T: pos = [0.5,-0.1]
494.2239899999986	EXP	llAm_T: pos = [-0.5,0.1]
494.2239899999986	EXP	llAm_T: text = $151000
494.2239899999986	EXP	llDel_T: pos = [-0.5,-0.1]
494.2239899999986	EXP	llDel_T: text = en 151 días
494.2239899999986	EXP	preguntaT: autoDraw = true
494.2239899999986	EXP	ssAm_T: autoDraw = true
494.2239899999986	EXP	ssDel_T: autoDraw = true
494.2239899999986	EXP	llAm_T: autoDraw = true
494.2239899999986	EXP	llDel_T: autoDraw = true
494.2239899999986	EXP	preguntaT: autoDraw = null
494.2239899999986	EXP	ssAm_T: autoDraw = null
494.2239899999986	EXP	ssDel_T: autoDraw = null
494.2239899999986	EXP	llAm_T: autoDraw = null
494.2239899999986	EXP	llDel_T: autoDraw = null
494.2239899999986	EXP	textfbT: text = No respondiste a tiempo!
494.2239899999986	EXP	textfbT: autoDraw = true
494.2239899999986	EXP	textfbT: autoDraw = null
494.2239899999986	EXP	ssAm_T: pos = [-0.5,0.1]
494.2239899999986	EXP	ssAm_T: text = $5000
494.2239899999986	EXP	ssDel_T: pos = [-0.5,-0.1]
494.2239899999986	EXP	llAm_T: pos = [0.5,0.1]
494.2239899999986	EXP	llAm_T: text = $149000
494.2239899999986	EXP	llDel_T: pos = [0.5,-0.1]
494.2239899999986	EXP	llDel_T: text = en 10 días
494.2239899999986	EXP	preguntaT: autoDraw = true
494.2239899999986	EXP	ssAm_T: autoDraw = true
494.2239899999986	EXP	ssDel_T: autoDraw = true
494.2239899999986	EXP	llAm_T: autoDraw = true
494.2239899999986	EXP	llDel_T: autoDraw = true
494.2239899999986	EXP	preguntaT: autoDraw = null
494.2239899999986	EXP	ssAm_T: autoDraw = null
494.2239899999986	EXP	ssDel_T: autoDraw = null
494.2239899999986	EXP	llAm_T: autoDraw = null
494.2239899999986	EXP	llDel_T: autoDraw = null
494.2239899999986	EXP	textfbT: text = No respondiste a tiempo!
494.2239899999986	EXP	textfbT: autoDraw = true
494.2239899999986	EXP	textfbT: autoDraw = null
494.2239899999986	EXP	ssAm_T: pos = [0.5,0.1]
494.2239899999986	EXP	ssAm_T: text = $10000
494.2239899999986	EXP	ssDel_T: pos = [0.5,-0.1]
494.2239899999986	EXP	llAm_T: pos = [-0.5,0.1]
494.2239899999986	EXP	llAm_T: text = $150000
494.2239899999986	EXP	llDel_T: pos = [-0.5,-0.1]
494.2239899999986	EXP	llDel_T: text = en 5 días
494.2239899999986	EXP	preguntaT: autoDraw = true
494.2239899999986	EXP	ssAm_T: autoDraw = true
494.2239899999986	EXP	ssDel_T: autoDraw = true
494.2239899999986	EXP	llAm_T: autoDraw = true
494.2239899999986	EXP	llDel_T: autoDraw = true
494.2239899999986	EXP	preguntaT: autoDraw = null
494.2239899999986	EXP	ssAm_T: autoDraw = null
494.2239899999986	EXP	ssDel_T: autoDraw = null
494.2239899999986	EXP	llAm_T: autoDraw = null
494.2239899999986	EXP	llDel_T: autoDraw = null
494.2239899999986	EXP	textfbT: text = No respondiste a tiempo!
494.2239899999986	EXP	textfbT: autoDraw = true
494.2239899999986	EXP	textfbT: autoDraw = null
494.2239899999986	EXP	ssAm_T: pos = [0.5,0.1]
494.2239899999986	EXP	ssAm_T: text = $5000
494.2239899999986	EXP	ssDel_T: pos = [0.5,-0.1]
494.2239899999986	EXP	llAm_T: pos = [-0.5,0.1]
494.2239899999986	EXP	llAm_T: text = $150000
494.2239899999986	EXP	llDel_T: pos = [-0.5,-0.1]
494.2239899999986	EXP	llDel_T: text = en 30 días
494.2239899999986	EXP	preguntaT: autoDraw = true
494.2239899999986	EXP	ssAm_T: autoDraw = true
494.2239899999986	EXP	ssDel_T: autoDraw = true
494.2239899999986	EXP	llAm_T: autoDraw = true
494.2239899999986	EXP	llDel_T: autoDraw = true
494.2239899999986	EXP	preguntaT: autoDraw = null
494.2239899999986	EXP	ssAm_T: autoDraw = null
494.2239899999986	EXP	ssDel_T: autoDraw = null
494.2239899999986	EXP	llAm_T: autoDraw = null
494.2239899999986	EXP	llDel_T: autoDraw = null
494.2239899999986	EXP	textfbT: text = No respondiste a tiempo!
494.2239899999986	EXP	textfbT: autoDraw = true
494.2239899999986	EXP	textfbT: autoDraw = null
494.2239899999986	EXP	ssAm_T: pos = [-0.5,0.1]
494.2239899999986	EXP	ssAm_T: text = $5000
494.2239899999986	EXP	ssDel_T: pos = [-0.5,-0.1]
494.2239899999986	EXP	llAm_T: pos = [0.5,0.1]
494.2239899999986	EXP	llAm_T: text = $56000
494.2239899999986	EXP	llDel_T: pos = [0.5,-0.1]
494.2239899999986	EXP	llDel_T: text = en 60 días
494.2239899999986	EXP	preguntaT: autoDraw = true
494.2239899999986	EXP	ssAm_T: autoDraw = true
494.2239899999986	EXP	ssDel_T: autoDraw = true
494.2239899999986	EXP	llAm_T: autoDraw = true
494.2239899999986	EXP	llDel_T: autoDraw = true
494.2239899999986	EXP	preguntaT: autoDraw = null
494.2239899999986	EXP	ssAm_T: autoDraw = null
494.2239899999986	EXP	ssDel_T: autoDraw = null
494.2239899999986	EXP	llAm_T: autoDraw = null
494.2239899999986	EXP	llDel_T: autoDraw = null
494.2239899999986	EXP	textfbT: text = No respondiste a tiempo!
494.2239899999986	EXP	textfbT: autoDraw = true
494.2239899999986	EXP	textfbT: autoDraw = null
494.2239899999986	EXP	ssAm_T: pos = [0.5,0.1]
494.2239899999986	EXP	ssAm_T: text = $5000
494.2239899999986	EXP	ssDel_T: pos = [0.5,-0.1]
494.2239899999986	EXP	llAm_T: pos = [-0.5,0.1]
494.2239899999986	EXP	llAm_T: text = $104000
494.2239899999986	EXP	llDel_T: pos = [-0.5,-0.1]
494.2239899999986	EXP	llDel_T: text = en 10 días
494.2239899999986	EXP	preguntaT: autoDraw = true
494.2239899999986	EXP	ssAm_T: autoDraw = true
494.2239899999986	EXP	ssDel_T: autoDraw = true
494.2239899999986	EXP	llAm_T: autoDraw = true
494.2239899999986	EXP	llDel_T: autoDraw = true
494.2239899999986	EXP	preguntaT: autoDraw = null
494.2239899999986	EXP	ssAm_T: autoDraw = null
494.2239899999986	EXP	ssDel_T: autoDraw = null
494.2239899999986	EXP	llAm_T: autoDraw = null
494.2239899999986	EXP	llDel_T: autoDraw = null
494.2239899999986	EXP	textfbT: text = No respondiste a tiempo!
494.2239899999986	EXP	textfbT: autoDraw = true
494.2239899999986	EXP	textfbT: autoDraw = null
494.2239899999986	EXP	ssAm_T: pos = [0.5,0.1]
494.2239899999986	EXP	ssAm_T: text = $25000
494.2239899999986	EXP	ssDel_T: pos = [0.5,-0.1]
494.2239899999986	EXP	llAm_T: pos = [-0.5,0.1]
494.2239899999986	EXP	llAm_T: text = $55000
494.2239899999986	EXP	llDel_T: pos = [-0.5,-0.1]
494.2239899999986	EXP	llDel_T: text = en 11 días
494.2239899999986	EXP	preguntaT: autoDraw = true
494.2239899999986	EXP	ssAm_T: autoDraw = true
494.2239899999986	EXP	ssDel_T: autoDraw = true
494.2239899999986	EXP	llAm_T: autoDraw = true
494.2239899999986	EXP	llDel_T: autoDraw = true
494.2239899999986	EXP	preguntaT: autoDraw = null
494.2239899999986	EXP	ssAm_T: autoDraw = null
494.2239899999986	EXP	ssDel_T: autoDraw = null
494.2239899999986	EXP	llAm_T: autoDraw = null
494.2239899999986	EXP	llDel_T: autoDraw = null
494.2239899999986	EXP	textfbT: text = No respondiste a tiempo!
494.2239899999986	EXP	textfbT: autoDraw = true
494.2239899999986	EXP	textfbT: autoDraw = null
494.2239899999986	EXP	ssAm_T: pos = [0.5,0.1]
494.2239899999986	EXP	ssAm_T: text = $10000
494.2239899999986	EXP	ssDel_T: pos = [0.5,-0.1]
494.2239899999986	EXP	llAm_T: pos = [-0.5,0.1]
494.2239899999986	EXP	llAm_T: text = $40000
494.2239899999986	EXP	llDel_T: pos = [-0.5,-0.1]
494.2239899999986	EXP	llDel_T: text = en 91 días
494.2239899999986	EXP	preguntaT: autoDraw = true
494.2239899999986	EXP	ssAm_T: autoDraw = true
494.2239899999986	EXP	ssDel_T: autoDraw = true
494.2239899999986	EXP	llAm_T: autoDraw = true
494.2239899999986	EXP	llDel_T: autoDraw = true
494.2239899999986	EXP	preguntaT: autoDraw = null
494.2239899999986	EXP	ssAm_T: autoDraw = null
494.2239899999986	EXP	ssDel_T: autoDraw = null
494.2239899999986	EXP	llAm_T: autoDraw = null
494.2239899999986	EXP	llDel_T: autoDraw = null
494.2239899999986	EXP	textfbT: text = No respondiste a tiempo!
494.2239899999986	EXP	textfbT: autoDraw = true
494.2239899999986	EXP	textfbT: autoDraw = null
494.2239899999986	EXP	ssAm_T: pos = [-0.5,0.1]
494.2239899999986	EXP	ssAm_T: text = $25000
494.2239899999986	EXP	ssDel_T: pos = [-0.5,-0.1]
494.2239899999986	EXP	llAm_T: pos = [0.5,0.1]
494.2239899999986	EXP	llAm_T: text = $75000
494.2239899999986	EXP	llDel_T: pos = [0.5,-0.1]
494.2239899999986	EXP	llDel_T: text = en 59 días
494.2239899999986	EXP	preguntaT: autoDraw = true
494.2239899999986	EXP	ssAm_T: autoDraw = true
494.2239899999986	EXP	ssDel_T: autoDraw = true
494.2239899999986	EXP	llAm_T: autoDraw = true
494.2239899999986	EXP	llDel_T: autoDraw = true
498.22904500000004	EXP	preguntaT: autoDraw = null
498.22904500000004	EXP	ssAm_T: autoDraw = null
498.22904500000004	EXP	ssDel_T: autoDraw = null
498.22904500000004	EXP	llAm_T: autoDraw = null
498.22904500000004	EXP	llDel_T: autoDraw = null
498.22904500000004	EXP	textfbT: text = No respondiste a tiempo!
498.22904500000004	EXP	textfbT: autoDraw = true
500.1685800000123	DATA	Keydown: Escape
