0.15161499999521766	EXP	Created Window = Window( name=Window, fullscr=true, color=#808080, units=height, waitBlanking=true, autoLog=true, size=[1218,641] )
5.7973649999985355	DATA	Keydown: undefined
8.150829999998678	EXP	Created intro1 = TextStim( name=intro1, win=Window( name=Window, fullscr=true, color=#808080, ~), autoDraw=null, autoLog=true, units=height, pos=[0,0], size=undefined, ori=null, opacity=1, depth=null, clipMask=null, boundingBox={"x":-0.46959858863104526,"y":-0.20124804992199688~, text=A continuación vas a completar una tarea computari~, alignHoriz=center, alignVert=center, flipHoriz=null, flipVert=null, font=Arial, height=0.06, wrapWidth=1, bold=null, italic=null, color=#FFFFFF, contrast=1 )
8.162879999996221	EXP	Created intro2 = TextStim( name=intro2, win=Window( name=Window, fullscr=true, color=#808080, ~), autoDraw=null, autoLog=true, units=height, pos=[0,0], size=undefined, ori=null, opacity=1, depth=null, clipMask=null, boundingBox={"x":-0.49932661368954756,"y":-0.18876755070202808~, text=Todas las decisiones que tendrás que tomar serán e~, alignHoriz=center, alignVert=center, flipHoriz=null, flipVert=null, font=Arial, height=0.03, wrapWidth=1, bold=null, italic=null, color=#FFFFFF, contrast=1 )
8.181134999998903	EXP	Created intro2_2 = TextStim( name=intro2_2, win=Window( name=Window, fullscr=true, color=#808080, ~), autoDraw=null, autoLog=true, units=height, pos=[0,0], size=undefined, ori=null, opacity=1, depth=null, clipMask=null, boundingBox={"x":-0.4967431412100234,"y":-0.17160686427457097,~, text=Aunque estas decisiones son hipotéticas, te pedimo~, alignHoriz=center, alignVert=center, flipHoriz=null, flipVert=null, font=Arial, height=0.03, wrapWidth=1, bold=null, italic=null, color=#FFFFFF, contrast=1 )
8.187290000001667	EXP	Created Intro2_3 = TextStim( name=Intro2_3, win=Window( name=Window, fullscr=true, color=#808080, ~), autoDraw=null, autoLog=true, units=height, pos=[0,0], size=undefined, ori=null, opacity=1, depth=null, clipMask=null, boundingBox={"x":-0.4860401837948518,"y":-0.13416536661466458,~, text=Si escoges la opción de la izquierda oprime la fle~, alignHoriz=center, alignVert=center, flipHoriz=null, flipVert=null, font=Arial, height=0.06, wrapWidth=1, bold=null, italic=null, color=#FFFFFF, contrast=1 )
8.188349999996717	EXP	Created intro3 = TextStim( name=intro3, win=Window( name=Window, fullscr=true, color=#808080, ~), autoDraw=null, autoLog=true, units=height, pos=[0,0.3], size=undefined, ori=null, opacity=1, depth=-1, clipMask=null, boundingBox={"x":-0.4003441582975819,"y":0.26645865834633387,"~, text=Por ejemplo, ¿qué preferirías?, alignHoriz=center, alignVert=center, flipHoriz=null, flipVert=null, font=Arial, height=0.06, wrapWidth=1, bold=null, italic=null, color=#FFFFFF, contrast=1 )
8.20091500000126	EXP	Created ss_am = TextStim( name=ss_am, win=Window( name=Window, fullscr=true, color=#808080, ~), autoDraw=null, autoLog=true, units=height, pos=[-0.5,0.1], size=undefined, ori=null, opacity=1, depth=-2, clipMask=null, boundingBox={"x":-0.6216757264040562,"y":0.05475819032761311,"~, text=$5.000, alignHoriz=center, alignVert=center, flipHoriz=null, flipVert=null, font=Arial, height=0.08, wrapWidth=1, bold=null, italic=null, color=#FFFFFF, contrast=1 )
8.20240499999636	EXP	Created ss_del = TextStim( name=ss_del, win=Window( name=Window, fullscr=true, color=#808080, ~), autoDraw=null, autoLog=true, units=height, pos=[-0.5,-0.1], size=undefined, ori=null, opacity=1, depth=-3, clipMask=null, boundingBox={"x":-0.5641400460705929,"y":-0.1452418096723869,"~, text=hoy, alignHoriz=center, alignVert=center, flipHoriz=null, flipVert=null, font=Arial, height=0.08, wrapWidth=1, bold=null, italic=null, color=#FFFFFF, contrast=1 )
8.204534999997122	EXP	Created ll_am = TextStim( name=ll_am, win=Window( name=Window, fullscr=true, color=#808080, ~), autoDraw=null, autoLog=true, units=height, pos=[0.5,0.1], size=undefined, ori=null, opacity=1, depth=-4, clipMask=null, boundingBox={"x":0.35619964837656004,"y":0.05475819032761311,"~, text=$10.000, alignHoriz=center, alignVert=center, flipHoriz=null, flipVert=null, font=Arial, height=0.08, wrapWidth=1, bold=null, italic=null, color=#FFFFFF, contrast=1 )
8.205809999999474	EXP	Created ll_del = TextStim( name=ll_del, win=Window( name=Window, fullscr=true, color=#808080, ~), autoDraw=null, autoLog=true, units=height, pos=[0.5,-0.1], size=undefined, ori=null, opacity=1, depth=-5, clipMask=null, boundingBox={"x":0.336328277349844,"y":-0.1452418096723869,"wi~, text=en 7 días, alignHoriz=center, alignVert=center, flipHoriz=null, flipVert=null, font=Arial, height=0.08, wrapWidth=1, bold=null, italic=null, color=#FFFFFF, contrast=1 )
8.206669999999576	EXP	Created Intro4 = TextStim( name=Intro4, win=Window( name=Window, fullscr=true, color=#808080, ~), autoDraw=null, autoLog=true, units=height, pos=[0,0], size=undefined, ori=null, opacity=1, depth=null, clipMask=null, boundingBox={"x":-0.47123406420631825,"y":-0.03354134165366614~, text=Hagamos unos ensayos de práctica, alignHoriz=center, alignVert=center, flipHoriz=null, flipVert=null, font=Arial, height=0.06, wrapWidth=1, bold=null, italic=null, color=#FFFFFF, contrast=1 )
8.208229999996547	EXP	Created pregunta = TextStim( name=pregunta, win=Window( name=Window, fullscr=true, color=#808080, ~), autoDraw=null, autoLog=true, units=height, pos=[0,0.3], size=undefined, ori=null, opacity=1, depth=-1, clipMask=null, boundingBox={"x":-0.2257101026228549,"y":0.26645865834633387,"~, text=¿qué preferirías?, alignHoriz=center, alignVert=center, flipHoriz=null, flipVert=null, font=Arial, height=0.06, wrapWidth=1, bold=null, italic=null, color=#FFFFFF, contrast=1 )
8.209334999999555	EXP	Created ssAm_P = TextStim( name=ssAm_P, win=Window( name=Window, fullscr=true, color=#808080, ~), autoDraw=null, autoLog=true, units=height, pos=[0,0], size=undefined, ori=null, opacity=1, depth=-2, clipMask=null, boundingBox={"x":-0.19461511858911856,"y":-0.0452418096723869,~, text=default text, alignHoriz=center, alignVert=center, flipHoriz=null, flipVert=null, font=Arial, height=0.08, wrapWidth=1, bold=null, italic=null, color=#FFFFFF, contrast=1 )
8.21024000000034	EXP	Created ssDel_P = TextStim( name=ssDel_P, win=Window( name=Window, fullscr=true, color=#808080, ~), autoDraw=null, autoLog=true, units=height, pos=[0,0], size=undefined, ori=null, opacity=1, depth=-3, clipMask=null, boundingBox={"x":-0.06414004607059283,"y":-0.0452418096723869,~, text=hoy, alignHoriz=center, alignVert=center, flipHoriz=null, flipVert=null, font=Arial, height=0.08, wrapWidth=1, bold=null, italic=null, color=#FFFFFF, contrast=1 )
8.211199999997916	EXP	Created llAm_P = TextStim( name=llAm_P, win=Window( name=Window, fullscr=true, color=#808080, ~), autoDraw=null, autoLog=true, units=height, pos=[0,0], size=undefined, ori=null, opacity=1, depth=-4, clipMask=null, boundingBox={"x":-0.19461511858911856,"y":-0.0452418096723869,~, text=default text, alignHoriz=center, alignVert=center, flipHoriz=null, flipVert=null, font=Arial, height=0.08, wrapWidth=1, bold=null, italic=null, color=#FFFFFF, contrast=1 )
8.211875000000873	EXP	Created llDel_P = TextStim( name=llDel_P, win=Window( name=Window, fullscr=true, color=#808080, ~), autoDraw=null, autoLog=true, units=height, pos=[0,0], size=undefined, ori=null, opacity=1, depth=-5, clipMask=null, boundingBox={"x":-0.19461511858911856,"y":-0.0452418096723869,~, text=default text, alignHoriz=center, alignVert=center, flipHoriz=null, flipVert=null, font=Arial, height=0.08, wrapWidth=1, bold=null, italic=null, color=#FFFFFF, contrast=1 )
8.2126849999986	EXP	Created feedbackP = TextStim( name=feedbackP, win=Window( name=Window, fullscr=true, color=#808080, ~), autoDraw=null, autoLog=true, units=height, pos=[0,0], size=undefined, ori=null, opacity=1, depth=-1, clipMask=null, boundingBox={"x":-0.1450073432624805,"y":-0.033541341653666144~, text=default text, alignHoriz=center, alignVert=center, flipHoriz=null, flipVert=null, font=Arial, height=0.06, wrapWidth=1, bold=null, italic=null, color=#FFFFFF, contrast=1 )
8.216879999999946	EXP	Created comienzo = TextStim( name=comienzo, win=Window( name=Window, fullscr=true, color=#808080, ~), autoDraw=null, autoLog=true, units=height, pos=[0,0], size=undefined, ori=null, opacity=1, depth=null, clipMask=null, boundingBox={"x":-0.48939797435647425,"y":-0.13416536661466458~, text=Ahora sí vamos a empezar con la tarea. Recuerda qu~, alignHoriz=center, alignVert=center, flipHoriz=null, flipVert=null, font=Arial, height=0.06, wrapWidth=1, bold=null, italic=null, color=#FFFFFF, contrast=1 )
8.217729999996664	EXP	Created preguntaT = TextStim( name=preguntaT, win=Window( name=Window, fullscr=true, color=#808080, ~), autoDraw=null, autoLog=true, units=height, pos=[0,0.3], size=undefined, ori=null, opacity=1, depth=-1, clipMask=null, boundingBox={"x":-0.2257101026228549,"y":0.26645865834633387,"~, text=¿qué preferirías?, alignHoriz=center, alignVert=center, flipHoriz=null, flipVert=null, font=Arial, height=0.06, wrapWidth=1, bold=null, italic=null, color=#FFFFFF, contrast=1 )
8.218349999995553	EXP	Created ssAm_T = TextStim( name=ssAm_T, win=Window( name=Window, fullscr=true, color=#808080, ~), autoDraw=null, autoLog=true, units=height, pos=[0,0], size=undefined, ori=null, opacity=1, depth=-2, clipMask=null, boundingBox={"x":-0.19461511858911856,"y":-0.0452418096723869,~, text=default text, alignHoriz=center, alignVert=center, flipHoriz=null, flipVert=null, font=Arial, height=0.08, wrapWidth=1, bold=null, italic=null, color=#FFFFFF, contrast=1 )
8.220804999997199	EXP	Created ssDel_T = TextStim( name=ssDel_T, win=Window( name=Window, fullscr=true, color=#808080, ~), autoDraw=null, autoLog=true, units=height, pos=[0,0], size=undefined, ori=null, opacity=1, depth=-3, clipMask=null, boundingBox={"x":-0.06414004607059283,"y":-0.0452418096723869,~, text=hoy, alignHoriz=center, alignVert=center, flipHoriz=null, flipVert=null, font=Arial, height=0.08, wrapWidth=1, bold=null, italic=null, color=#FFFFFF, contrast=1 )
8.222365000001446	EXP	Created llAm_T = TextStim( name=llAm_T, win=Window( name=Window, fullscr=true, color=#808080, ~), autoDraw=null, autoLog=true, units=height, pos=[0,0], size=undefined, ori=null, opacity=1, depth=-4, clipMask=null, boundingBox={"x":-0.19461511858911856,"y":-0.0452418096723869,~, text=default text, alignHoriz=center, alignVert=center, flipHoriz=null, flipVert=null, font=Arial, height=0.08, wrapWidth=1, bold=null, italic=null, color=#FFFFFF, contrast=1 )
8.222990000002028	EXP	Created llDel_T = TextStim( name=llDel_T, win=Window( name=Window, fullscr=true, color=#808080, ~), autoDraw=null, autoLog=true, units=height, pos=[0,0], size=undefined, ori=null, opacity=1, depth=-5, clipMask=null, boundingBox={"x":-0.19461511858911856,"y":-0.0452418096723869,~, text=default text, alignHoriz=center, alignVert=center, flipHoriz=null, flipVert=null, font=Arial, height=0.08, wrapWidth=1, bold=null, italic=null, color=#FFFFFF, contrast=1 )
8.22378000000026	EXP	Created textfbT = TextStim( name=textfbT, win=Window( name=Window, fullscr=true, color=#808080, ~), autoDraw=null, autoLog=true, units=height, pos=[0,0], size=undefined, ori=null, opacity=1, depth=-1, clipMask=null, boundingBox={"x":-0.1450073432624805,"y":-0.033541341653666144~, text=default text, alignHoriz=center, alignVert=center, flipHoriz=null, flipVert=null, font=Arial, height=0.06, wrapWidth=1, bold=null, italic=null, color=#FFFFFF, contrast=1 )
8.264844999997877	EXP	Created Gracias = TextStim( name=Gracias, win=Window( name=Window, fullscr=true, color=#808080, ~), autoDraw=null, autoLog=true, units=height, pos=[0,0], size=undefined, ori=null, opacity=1, depth=null, clipMask=null, boundingBox={"x":-0.39702978744149764,"y":-0.10062402496099844~, text=Terminaste!

Muchas gracias por participar!, alignHoriz=center, alignVert=center, flipHoriz=null, flipVert=null, font=Arial, height=0.06, wrapWidth=1, bold=null, italic=null, color=#FFFFFF, contrast=1 )
8.516105000002426	EXP	intro1: units = height
8.516105000002426	EXP	intro1: pos = [0,0]
8.516105000002426	EXP	intro1: size = undefined
8.516105000002426	EXP	intro1: ori = null
8.516105000002426	EXP	intro1: opacity = 1
8.516105000002426	EXP	intro1: depth = null
8.516105000002426	EXP	intro1: clipMask = null
8.516105000002426	EXP	intro1: boundingBox = {"x":0,"y":0,"width":0,"height":0,"type":1}
8.516105000002426	EXP	intro1: text = A continuación vas a completar una tarea computarizada en la que tomarás una serie de decisiones.

Presiona la barra de espacio para continuar.
8.516105000002426	EXP	intro1: alignHoriz = center
8.516105000002426	EXP	intro1: alignVert = center
8.516105000002426	EXP	intro1: flipHoriz = null
8.516105000002426	EXP	intro1: flipVert = null
8.516105000002426	EXP	intro1: font = Arial
8.516105000002426	EXP	intro1: height = 0.06
8.516105000002426	EXP	intro1: wrapWidth = 1
8.516105000002426	EXP	intro1: bold = null
8.516105000002426	EXP	intro1: italic = null
8.516105000002426	EXP	intro1: color = #FFFFFF
8.516105000002426	EXP	intro1: contrast = 1
8.516105000002426	EXP	intro2: units = height
8.516105000002426	EXP	intro2: pos = [0,0]
8.516105000002426	EXP	intro2: size = undefined
8.516105000002426	EXP	intro2: ori = null
8.516105000002426	EXP	intro2: opacity = 1
8.516105000002426	EXP	intro2: depth = null
8.516105000002426	EXP	intro2: clipMask = null
8.516105000002426	EXP	intro2: boundingBox = {"x":0,"y":0,"width":0,"height":0,"type":1}
8.516105000002426	EXP	intro2: text = Todas las decisiones que tendrás que tomar serán elecciones entre dos opciones de recompensas monetarias que podrías recibir: una opción de dinero que obtendrías hoy contra una opción de dinero que obtendrías en el futuro. 

En cada pregunta, las cantidades de dinero ofrecido y el número de días que habría que esperar en el futuro cambiarán. 

En cada pregunta, la opción inmediata y la  opción futura cambiarán de lado en la pantalla, así que debes poner atención para responder con el teclado cuál es tu preferencia.
8.516105000002426	EXP	intro2: alignHoriz = center
8.516105000002426	EXP	intro2: alignVert = center
8.516105000002426	EXP	intro2: flipHoriz = null
8.516105000002426	EXP	intro2: flipVert = null
8.516105000002426	EXP	intro2: font = Arial
8.516105000002426	EXP	intro2: height = 0.03
8.516105000002426	EXP	intro2: wrapWidth = 1
8.516105000002426	EXP	intro2: bold = null
8.516105000002426	EXP	intro2: italic = null
8.516105000002426	EXP	intro2: color = #FFFFFF
8.516105000002426	EXP	intro2: contrast = 1
8.516105000002426	EXP	intro2_2: units = height
8.516105000002426	EXP	intro2_2: pos = [0,0]
8.516105000002426	EXP	intro2_2: size = undefined
8.516105000002426	EXP	intro2_2: ori = null
8.516105000002426	EXP	intro2_2: opacity = 1
8.516105000002426	EXP	intro2_2: depth = null
8.516105000002426	EXP	intro2_2: clipMask = null
8.516105000002426	EXP	intro2_2: boundingBox = {"x":0,"y":0,"width":0,"height":0,"type":1}
8.516105000002426	EXP	intro2_2: text = Aunque estas decisiones son hipotéticas, te pedimos que hagas cada elección con honestidad, es decir, que respondas cuál es tu verdadera preferencia tal y como si fuéramos a darte el dinero que escogiste en la fecha en la que escogiste.

Es muy importante que sepas que en esta tarea NO HAY respuestas correctas o incorrectas, cada pregunta es sobre TU preferencia, así que tus respuestas pueden ser muy distintas de las de otra persona. Por este motivo, te recomendamos que contestes con sinceridad para que tus respuestas reflejen tus preferencias únicas.
8.516105000002426	EXP	intro2_2: alignHoriz = center
8.516105000002426	EXP	intro2_2: alignVert = center
8.516105000002426	EXP	intro2_2: flipHoriz = null
8.516105000002426	EXP	intro2_2: flipVert = null
8.516105000002426	EXP	intro2_2: font = Arial
8.516105000002426	EXP	intro2_2: height = 0.03
8.516105000002426	EXP	intro2_2: wrapWidth = 1
8.516105000002426	EXP	intro2_2: bold = null
8.516105000002426	EXP	intro2_2: italic = null
8.516105000002426	EXP	intro2_2: color = #FFFFFF
8.516105000002426	EXP	intro2_2: contrast = 1
8.516105000002426	EXP	Intro2_3: units = height
8.516105000002426	EXP	Intro2_3: pos = [0,0]
8.516105000002426	EXP	Intro2_3: size = undefined
8.516105000002426	EXP	Intro2_3: ori = null
8.516105000002426	EXP	Intro2_3: opacity = 1
8.516105000002426	EXP	Intro2_3: depth = null
8.516105000002426	EXP	Intro2_3: clipMask = null
8.516105000002426	EXP	Intro2_3: boundingBox = {"x":0,"y":0,"width":0,"height":0,"type":1}
8.516105000002426	EXP	Intro2_3: text = Si escoges la opción de la izquierda oprime la flecha hacia la izquierda, si escoges la opción de la derecha oprime la flecha hacia la derecha
8.516105000002426	EXP	Intro2_3: alignHoriz = center
8.516105000002426	EXP	Intro2_3: alignVert = center
8.516105000002426	EXP	Intro2_3: flipHoriz = null
8.516105000002426	EXP	Intro2_3: flipVert = null
8.516105000002426	EXP	Intro2_3: font = Arial
8.516105000002426	EXP	Intro2_3: height = 0.06
8.516105000002426	EXP	Intro2_3: wrapWidth = 1
8.516105000002426	EXP	Intro2_3: bold = null
8.516105000002426	EXP	Intro2_3: italic = null
8.516105000002426	EXP	Intro2_3: color = #FFFFFF
8.516105000002426	EXP	Intro2_3: contrast = 1
8.516105000002426	EXP	intro3: units = height
8.516105000002426	EXP	intro3: pos = [0,0.3]
8.516105000002426	EXP	intro3: size = undefined
8.516105000002426	EXP	intro3: ori = null
8.516105000002426	EXP	intro3: opacity = 1
8.516105000002426	EXP	intro3: depth = -1
8.516105000002426	EXP	intro3: clipMask = null
8.516105000002426	EXP	intro3: boundingBox = {"x":0,"y":0,"width":0,"height":0,"type":1}
8.516105000002426	EXP	intro3: text = Por ejemplo, ¿qué preferirías?
8.516105000002426	EXP	intro3: alignHoriz = center
8.516105000002426	EXP	intro3: alignVert = center
8.516105000002426	EXP	intro3: flipHoriz = null
8.516105000002426	EXP	intro3: flipVert = null
8.516105000002426	EXP	intro3: font = Arial
8.516105000002426	EXP	intro3: height = 0.06
8.516105000002426	EXP	intro3: wrapWidth = 1
8.516105000002426	EXP	intro3: bold = null
8.516105000002426	EXP	intro3: italic = null
8.516105000002426	EXP	intro3: color = #FFFFFF
8.516105000002426	EXP	intro3: contrast = 1
8.516105000002426	EXP	ss_am: units = height
8.516105000002426	EXP	ss_am: pos = [-0.5,0.1]
8.516105000002426	EXP	ss_am: size = undefined
8.516105000002426	EXP	ss_am: ori = null
8.516105000002426	EXP	ss_am: opacity = 1
8.516105000002426	EXP	ss_am: depth = -2
8.516105000002426	EXP	ss_am: clipMask = null
8.516105000002426	EXP	ss_am: boundingBox = {"x":0,"y":0,"width":0,"height":0,"type":1}
8.516105000002426	EXP	ss_am: text = $5.000
8.516105000002426	EXP	ss_am: alignHoriz = center
8.516105000002426	EXP	ss_am: alignVert = center
8.516105000002426	EXP	ss_am: flipHoriz = null
8.516105000002426	EXP	ss_am: flipVert = null
8.516105000002426	EXP	ss_am: font = Arial
8.516105000002426	EXP	ss_am: height = 0.08
8.516105000002426	EXP	ss_am: wrapWidth = 1
8.516105000002426	EXP	ss_am: bold = null
8.516105000002426	EXP	ss_am: italic = null
8.516105000002426	EXP	ss_am: color = #FFFFFF
8.516105000002426	EXP	ss_am: contrast = 1
8.516105000002426	EXP	ss_del: units = height
8.516105000002426	EXP	ss_del: pos = [-0.5,-0.1]
8.516105000002426	EXP	ss_del: size = undefined
8.516105000002426	EXP	ss_del: ori = null
8.516105000002426	EXP	ss_del: opacity = 1
8.516105000002426	EXP	ss_del: depth = -3
8.516105000002426	EXP	ss_del: clipMask = null
8.516105000002426	EXP	ss_del: boundingBox = {"x":0,"y":0,"width":0,"height":0,"type":1}
8.516105000002426	EXP	ss_del: text = hoy
8.516105000002426	EXP	ss_del: alignHoriz = center
8.516105000002426	EXP	ss_del: alignVert = center
8.516105000002426	EXP	ss_del: flipHoriz = null
8.516105000002426	EXP	ss_del: flipVert = null
8.516105000002426	EXP	ss_del: font = Arial
8.516105000002426	EXP	ss_del: height = 0.08
8.516105000002426	EXP	ss_del: wrapWidth = 1
8.516105000002426	EXP	ss_del: bold = null
8.516105000002426	EXP	ss_del: italic = null
8.516105000002426	EXP	ss_del: color = #FFFFFF
8.516105000002426	EXP	ss_del: contrast = 1
8.516105000002426	EXP	ll_am: units = height
8.516105000002426	EXP	ll_am: pos = [0.5,0.1]
8.516105000002426	EXP	ll_am: size = undefined
8.516105000002426	EXP	ll_am: ori = null
8.516105000002426	EXP	ll_am: opacity = 1
8.516105000002426	EXP	ll_am: depth = -4
8.516105000002426	EXP	ll_am: clipMask = null
8.516105000002426	EXP	ll_am: boundingBox = {"x":0,"y":0,"width":0,"height":0,"type":1}
8.516105000002426	EXP	ll_am: text = $10.000
8.516105000002426	EXP	ll_am: alignHoriz = center
8.516105000002426	EXP	ll_am: alignVert = center
8.516105000002426	EXP	ll_am: flipHoriz = null
8.516105000002426	EXP	ll_am: flipVert = null
8.516105000002426	EXP	ll_am: font = Arial
8.516105000002426	EXP	ll_am: height = 0.08
8.516105000002426	EXP	ll_am: wrapWidth = 1
8.516105000002426	EXP	ll_am: bold = null
8.516105000002426	EXP	ll_am: italic = null
8.516105000002426	EXP	ll_am: color = #FFFFFF
8.516105000002426	EXP	ll_am: contrast = 1
8.516105000002426	EXP	ll_del: units = height
8.516105000002426	EXP	ll_del: pos = [0.5,-0.1]
8.516105000002426	EXP	ll_del: size = undefined
8.516105000002426	EXP	ll_del: ori = null
8.516105000002426	EXP	ll_del: opacity = 1
8.516105000002426	EXP	ll_del: depth = -5
8.516105000002426	EXP	ll_del: clipMask = null
8.516105000002426	EXP	ll_del: boundingBox = {"x":0,"y":0,"width":0,"height":0,"type":1}
8.516105000002426	EXP	ll_del: text = en 7 días
8.516105000002426	EXP	ll_del: alignHoriz = center
8.516105000002426	EXP	ll_del: alignVert = center
8.516105000002426	EXP	ll_del: flipHoriz = null
8.516105000002426	EXP	ll_del: flipVert = null
8.516105000002426	EXP	ll_del: font = Arial
8.516105000002426	EXP	ll_del: height = 0.08
8.516105000002426	EXP	ll_del: wrapWidth = 1
8.516105000002426	EXP	ll_del: bold = null
8.516105000002426	EXP	ll_del: italic = null
8.516105000002426	EXP	ll_del: color = #FFFFFF
8.516105000002426	EXP	ll_del: contrast = 1
8.516105000002426	EXP	Intro4: units = height
8.516105000002426	EXP	Intro4: pos = [0,0]
8.516105000002426	EXP	Intro4: size = undefined
8.516105000002426	EXP	Intro4: ori = null
8.516105000002426	EXP	Intro4: opacity = 1
8.516105000002426	EXP	Intro4: depth = null
8.516105000002426	EXP	Intro4: clipMask = null
8.516105000002426	EXP	Intro4: boundingBox = {"x":0,"y":0,"width":0,"height":0,"type":1}
8.516105000002426	EXP	Intro4: text = Hagamos unos ensayos de práctica
8.516105000002426	EXP	Intro4: alignHoriz = center
8.516105000002426	EXP	Intro4: alignVert = center
8.516105000002426	EXP	Intro4: flipHoriz = null
8.516105000002426	EXP	Intro4: flipVert = null
8.516105000002426	EXP	Intro4: font = Arial
8.516105000002426	EXP	Intro4: height = 0.06
8.516105000002426	EXP	Intro4: wrapWidth = 1
8.516105000002426	EXP	Intro4: bold = null
8.516105000002426	EXP	Intro4: italic = null
8.516105000002426	EXP	Intro4: color = #FFFFFF
8.516105000002426	EXP	Intro4: contrast = 1
8.516105000002426	EXP	pregunta: units = height
8.516105000002426	EXP	pregunta: pos = [0,0.3]
8.516105000002426	EXP	pregunta: size = undefined
8.516105000002426	EXP	pregunta: ori = null
8.516105000002426	EXP	pregunta: opacity = 1
8.516105000002426	EXP	pregunta: depth = -1
8.516105000002426	EXP	pregunta: clipMask = null
8.516105000002426	EXP	pregunta: boundingBox = {"x":0,"y":0,"width":0,"height":0,"type":1}
8.516105000002426	EXP	pregunta: text = ¿qué preferirías?
8.516105000002426	EXP	pregunta: alignHoriz = center
8.516105000002426	EXP	pregunta: alignVert = center
8.516105000002426	EXP	pregunta: flipHoriz = null
8.516105000002426	EXP	pregunta: flipVert = null
8.516105000002426	EXP	pregunta: font = Arial
8.516105000002426	EXP	pregunta: height = 0.06
8.516105000002426	EXP	pregunta: wrapWidth = 1
8.516105000002426	EXP	pregunta: bold = null
8.516105000002426	EXP	pregunta: italic = null
8.516105000002426	EXP	pregunta: color = #FFFFFF
8.516105000002426	EXP	pregunta: contrast = 1
8.516105000002426	EXP	ssAm_P: units = height
8.516105000002426	EXP	ssAm_P: pos = [0,0]
8.516105000002426	EXP	ssAm_P: size = undefined
8.516105000002426	EXP	ssAm_P: ori = null
8.516105000002426	EXP	ssAm_P: opacity = 1
8.516105000002426	EXP	ssAm_P: depth = -2
8.516105000002426	EXP	ssAm_P: clipMask = null
8.516105000002426	EXP	ssAm_P: boundingBox = {"x":0,"y":0,"width":0,"height":0,"type":1}
8.516105000002426	EXP	ssAm_P: text = default text
8.516105000002426	EXP	ssAm_P: alignHoriz = center
8.516105000002426	EXP	ssAm_P: alignVert = center
8.516105000002426	EXP	ssAm_P: flipHoriz = null
8.516105000002426	EXP	ssAm_P: flipVert = null
8.516105000002426	EXP	ssAm_P: font = Arial
8.516105000002426	EXP	ssAm_P: height = 0.08
8.516105000002426	EXP	ssAm_P: wrapWidth = 1
8.516105000002426	EXP	ssAm_P: bold = null
8.516105000002426	EXP	ssAm_P: italic = null
8.516105000002426	EXP	ssAm_P: color = #FFFFFF
8.516105000002426	EXP	ssAm_P: contrast = 1
8.516105000002426	EXP	ssDel_P: units = height
8.516105000002426	EXP	ssDel_P: pos = [0,0]
8.516105000002426	EXP	ssDel_P: size = undefined
8.516105000002426	EXP	ssDel_P: ori = null
8.516105000002426	EXP	ssDel_P: opacity = 1
8.516105000002426	EXP	ssDel_P: depth = -3
8.516105000002426	EXP	ssDel_P: clipMask = null
8.516105000002426	EXP	ssDel_P: boundingBox = {"x":0,"y":0,"width":0,"height":0,"type":1}
8.516105000002426	EXP	ssDel_P: text = hoy
8.516105000002426	EXP	ssDel_P: alignHoriz = center
8.516105000002426	EXP	ssDel_P: alignVert = center
8.516105000002426	EXP	ssDel_P: flipHoriz = null
8.516105000002426	EXP	ssDel_P: flipVert = null
8.516105000002426	EXP	ssDel_P: font = Arial
8.516105000002426	EXP	ssDel_P: height = 0.08
8.516105000002426	EXP	ssDel_P: wrapWidth = 1
8.516105000002426	EXP	ssDel_P: bold = null
8.516105000002426	EXP	ssDel_P: italic = null
8.516105000002426	EXP	ssDel_P: color = #FFFFFF
8.516105000002426	EXP	ssDel_P: contrast = 1
8.516105000002426	EXP	llAm_P: units = height
8.516105000002426	EXP	llAm_P: pos = [0,0]
8.516105000002426	EXP	llAm_P: size = undefined
8.516105000002426	EXP	llAm_P: ori = null
8.516105000002426	EXP	llAm_P: opacity = 1
8.516105000002426	EXP	llAm_P: depth = -4
8.516105000002426	EXP	llAm_P: clipMask = null
8.516105000002426	EXP	llAm_P: boundingBox = {"x":0,"y":0,"width":0,"height":0,"type":1}
8.516105000002426	EXP	llAm_P: text = default text
8.516105000002426	EXP	llAm_P: alignHoriz = center
8.516105000002426	EXP	llAm_P: alignVert = center
8.516105000002426	EXP	llAm_P: flipHoriz = null
8.516105000002426	EXP	llAm_P: flipVert = null
8.516105000002426	EXP	llAm_P: font = Arial
8.516105000002426	EXP	llAm_P: height = 0.08
8.516105000002426	EXP	llAm_P: wrapWidth = 1
8.516105000002426	EXP	llAm_P: bold = null
8.516105000002426	EXP	llAm_P: italic = null
8.516105000002426	EXP	llAm_P: color = #FFFFFF
8.516105000002426	EXP	llAm_P: contrast = 1
8.516105000002426	EXP	llDel_P: units = height
8.516105000002426	EXP	llDel_P: pos = [0,0]
8.516105000002426	EXP	llDel_P: size = undefined
8.516105000002426	EXP	llDel_P: ori = null
8.516105000002426	EXP	llDel_P: opacity = 1
8.516105000002426	EXP	llDel_P: depth = -5
8.516105000002426	EXP	llDel_P: clipMask = null
8.516105000002426	EXP	llDel_P: boundingBox = {"x":0,"y":0,"width":0,"height":0,"type":1}
8.516105000002426	EXP	llDel_P: text = default text
8.516105000002426	EXP	llDel_P: alignHoriz = center
8.516105000002426	EXP	llDel_P: alignVert = center
8.516105000002426	EXP	llDel_P: flipHoriz = null
8.516105000002426	EXP	llDel_P: flipVert = null
8.516105000002426	EXP	llDel_P: font = Arial
8.516105000002426	EXP	llDel_P: height = 0.08
8.516105000002426	EXP	llDel_P: wrapWidth = 1
8.516105000002426	EXP	llDel_P: bold = null
8.516105000002426	EXP	llDel_P: italic = null
8.516105000002426	EXP	llDel_P: color = #FFFFFF
8.516105000002426	EXP	llDel_P: contrast = 1
8.516105000002426	EXP	feedbackP: units = height
8.516105000002426	EXP	feedbackP: pos = [0,0]
8.516105000002426	EXP	feedbackP: size = undefined
8.516105000002426	EXP	feedbackP: ori = null
8.516105000002426	EXP	feedbackP: opacity = 1
8.516105000002426	EXP	feedbackP: depth = -1
8.516105000002426	EXP	feedbackP: clipMask = null
8.516105000002426	EXP	feedbackP: boundingBox = {"x":0,"y":0,"width":0,"height":0,"type":1}
8.516105000002426	EXP	feedbackP: text = default text
8.516105000002426	EXP	feedbackP: alignHoriz = center
8.516105000002426	EXP	feedbackP: alignVert = center
8.516105000002426	EXP	feedbackP: flipHoriz = null
8.516105000002426	EXP	feedbackP: flipVert = null
8.516105000002426	EXP	feedbackP: font = Arial
8.516105000002426	EXP	feedbackP: height = 0.06
8.516105000002426	EXP	feedbackP: wrapWidth = 1
8.516105000002426	EXP	feedbackP: bold = null
8.516105000002426	EXP	feedbackP: italic = null
8.516105000002426	EXP	feedbackP: color = #FFFFFF
8.516105000002426	EXP	feedbackP: contrast = 1
8.516105000002426	EXP	comienzo: units = height
8.516105000002426	EXP	comienzo: pos = [0,0]
8.516105000002426	EXP	comienzo: size = undefined
8.516105000002426	EXP	comienzo: ori = null
8.516105000002426	EXP	comienzo: opacity = 1
8.516105000002426	EXP	comienzo: depth = null
8.516105000002426	EXP	comienzo: clipMask = null
8.516105000002426	EXP	comienzo: boundingBox = {"x":0,"y":0,"width":0,"height":0,"type":1}
8.516105000002426	EXP	comienzo: text = Ahora sí vamos a empezar con la tarea. Recuerda que debes contestar todas las preguntas. Tienes 20 segundos por cada pregunta. 
8.516105000002426	EXP	comienzo: alignHoriz = center
8.516105000002426	EXP	comienzo: alignVert = center
8.516105000002426	EXP	comienzo: flipHoriz = null
8.516105000002426	EXP	comienzo: flipVert = null
8.516105000002426	EXP	comienzo: font = Arial
8.516105000002426	EXP	comienzo: height = 0.06
8.516105000002426	EXP	comienzo: wrapWidth = 1
8.516105000002426	EXP	comienzo: bold = null
8.516105000002426	EXP	comienzo: italic = null
8.516105000002426	EXP	comienzo: color = #FFFFFF
8.516105000002426	EXP	comienzo: contrast = 1
8.516105000002426	EXP	preguntaT: units = height
8.516105000002426	EXP	preguntaT: pos = [0,0.3]
8.516105000002426	EXP	preguntaT: size = undefined
8.516105000002426	EXP	preguntaT: ori = null
8.516105000002426	EXP	preguntaT: opacity = 1
8.516105000002426	EXP	preguntaT: depth = -1
8.516105000002426	EXP	preguntaT: clipMask = null
8.516105000002426	EXP	preguntaT: boundingBox = {"x":0,"y":0,"width":0,"height":0,"type":1}
8.516105000002426	EXP	preguntaT: text = ¿qué preferirías?
8.516105000002426	EXP	preguntaT: alignHoriz = center
8.516105000002426	EXP	preguntaT: alignVert = center
8.516105000002426	EXP	preguntaT: flipHoriz = null
8.516105000002426	EXP	preguntaT: flipVert = null
8.516105000002426	EXP	preguntaT: font = Arial
8.516105000002426	EXP	preguntaT: height = 0.06
8.516105000002426	EXP	preguntaT: wrapWidth = 1
8.516105000002426	EXP	preguntaT: bold = null
8.516105000002426	EXP	preguntaT: italic = null
8.516105000002426	EXP	preguntaT: color = #FFFFFF
8.516105000002426	EXP	preguntaT: contrast = 1
8.516105000002426	EXP	ssAm_T: units = height
8.516105000002426	EXP	ssAm_T: pos = [0,0]
8.516105000002426	EXP	ssAm_T: size = undefined
8.516105000002426	EXP	ssAm_T: ori = null
8.516105000002426	EXP	ssAm_T: opacity = 1
8.516105000002426	EXP	ssAm_T: depth = -2
8.516105000002426	EXP	ssAm_T: clipMask = null
8.516105000002426	EXP	ssAm_T: boundingBox = {"x":0,"y":0,"width":0,"height":0,"type":1}
8.516105000002426	EXP	ssAm_T: text = default text
8.516105000002426	EXP	ssAm_T: alignHoriz = center
8.516105000002426	EXP	ssAm_T: alignVert = center
8.516105000002426	EXP	ssAm_T: flipHoriz = null
8.516105000002426	EXP	ssAm_T: flipVert = null
8.516105000002426	EXP	ssAm_T: font = Arial
8.516105000002426	EXP	ssAm_T: height = 0.08
8.516105000002426	EXP	ssAm_T: wrapWidth = 1
8.516105000002426	EXP	ssAm_T: bold = null
8.516105000002426	EXP	ssAm_T: italic = null
8.516105000002426	EXP	ssAm_T: color = #FFFFFF
8.516105000002426	EXP	ssAm_T: contrast = 1
8.516105000002426	EXP	ssDel_T: units = height
8.516105000002426	EXP	ssDel_T: pos = [0,0]
8.516105000002426	EXP	ssDel_T: size = undefined
8.516105000002426	EXP	ssDel_T: ori = null
8.516105000002426	EXP	ssDel_T: opacity = 1
8.516105000002426	EXP	ssDel_T: depth = -3
8.516105000002426	EXP	ssDel_T: clipMask = null
8.516105000002426	EXP	ssDel_T: boundingBox = {"x":0,"y":0,"width":0,"height":0,"type":1}
8.516105000002426	EXP	ssDel_T: text = hoy
8.516105000002426	EXP	ssDel_T: alignHoriz = center
8.516105000002426	EXP	ssDel_T: alignVert = center
8.516105000002426	EXP	ssDel_T: flipHoriz = null
8.516105000002426	EXP	ssDel_T: flipVert = null
8.516105000002426	EXP	ssDel_T: font = Arial
8.516105000002426	EXP	ssDel_T: height = 0.08
8.516105000002426	EXP	ssDel_T: wrapWidth = 1
8.516105000002426	EXP	ssDel_T: bold = null
8.516105000002426	EXP	ssDel_T: italic = null
8.516105000002426	EXP	ssDel_T: color = #FFFFFF
8.516105000002426	EXP	ssDel_T: contrast = 1
8.516105000002426	EXP	llAm_T: units = height
8.516105000002426	EXP	llAm_T: pos = [0,0]
8.516105000002426	EXP	llAm_T: size = undefined
8.516105000002426	EXP	llAm_T: ori = null
8.516105000002426	EXP	llAm_T: opacity = 1
8.516105000002426	EXP	llAm_T: depth = -4
8.516105000002426	EXP	llAm_T: clipMask = null
8.516105000002426	EXP	llAm_T: boundingBox = {"x":0,"y":0,"width":0,"height":0,"type":1}
8.516105000002426	EXP	llAm_T: text = default text
8.516105000002426	EXP	llAm_T: alignHoriz = center
8.516105000002426	EXP	llAm_T: alignVert = center
8.516105000002426	EXP	llAm_T: flipHoriz = null
8.516105000002426	EXP	llAm_T: flipVert = null
8.516105000002426	EXP	llAm_T: font = Arial
8.516105000002426	EXP	llAm_T: height = 0.08
8.516105000002426	EXP	llAm_T: wrapWidth = 1
8.516105000002426	EXP	llAm_T: bold = null
8.516105000002426	EXP	llAm_T: italic = null
8.516105000002426	EXP	llAm_T: color = #FFFFFF
8.516105000002426	EXP	llAm_T: contrast = 1
8.516105000002426	EXP	llDel_T: units = height
8.516105000002426	EXP	llDel_T: pos = [0,0]
8.516105000002426	EXP	llDel_T: size = undefined
8.516105000002426	EXP	llDel_T: ori = null
8.516105000002426	EXP	llDel_T: opacity = 1
8.516105000002426	EXP	llDel_T: depth = -5
8.516105000002426	EXP	llDel_T: clipMask = null
8.516105000002426	EXP	llDel_T: boundingBox = {"x":0,"y":0,"width":0,"height":0,"type":1}
8.516105000002426	EXP	llDel_T: text = default text
8.516105000002426	EXP	llDel_T: alignHoriz = center
8.516105000002426	EXP	llDel_T: alignVert = center
8.516105000002426	EXP	llDel_T: flipHoriz = null
8.516105000002426	EXP	llDel_T: flipVert = null
8.516105000002426	EXP	llDel_T: font = Arial
8.516105000002426	EXP	llDel_T: height = 0.08
8.516105000002426	EXP	llDel_T: wrapWidth = 1
8.516105000002426	EXP	llDel_T: bold = null
8.516105000002426	EXP	llDel_T: italic = null
8.516105000002426	EXP	llDel_T: color = #FFFFFF
8.516105000002426	EXP	llDel_T: contrast = 1
8.516105000002426	EXP	textfbT: units = height
8.516105000002426	EXP	textfbT: pos = [0,0]
8.516105000002426	EXP	textfbT: size = undefined
8.516105000002426	EXP	textfbT: ori = null
8.516105000002426	EXP	textfbT: opacity = 1
8.516105000002426	EXP	textfbT: depth = -1
8.516105000002426	EXP	textfbT: clipMask = null
8.516105000002426	EXP	textfbT: boundingBox = {"x":0,"y":0,"width":0,"height":0,"type":1}
8.516105000002426	EXP	textfbT: text = default text
8.516105000002426	EXP	textfbT: alignHoriz = center
8.516105000002426	EXP	textfbT: alignVert = center
8.516105000002426	EXP	textfbT: flipHoriz = null
8.516105000002426	EXP	textfbT: flipVert = null
8.516105000002426	EXP	textfbT: font = Arial
8.516105000002426	EXP	textfbT: height = 0.06
8.516105000002426	EXP	textfbT: wrapWidth = 1
8.516105000002426	EXP	textfbT: bold = null
8.516105000002426	EXP	textfbT: italic = null
8.516105000002426	EXP	textfbT: color = #FFFFFF
8.516105000002426	EXP	textfbT: contrast = 1
8.516105000002426	EXP	Gracias: units = height
8.516105000002426	EXP	Gracias: pos = [0,0]
8.516105000002426	EXP	Gracias: size = undefined
8.516105000002426	EXP	Gracias: ori = null
8.516105000002426	EXP	Gracias: opacity = 1
8.516105000002426	EXP	Gracias: depth = null
8.516105000002426	EXP	Gracias: clipMask = null
8.516105000002426	EXP	Gracias: boundingBox = {"x":0,"y":0,"width":0,"height":0,"type":1}
8.516105000002426	EXP	Gracias: text = Terminaste!

Muchas gracias por participar!
8.516105000002426	EXP	Gracias: alignHoriz = center
8.516105000002426	EXP	Gracias: alignVert = center
8.516105000002426	EXP	Gracias: flipHoriz = null
8.516105000002426	EXP	Gracias: flipVert = null
8.516105000002426	EXP	Gracias: font = Arial
8.516105000002426	EXP	Gracias: height = 0.06
8.516105000002426	EXP	Gracias: wrapWidth = 1
8.516105000002426	EXP	Gracias: bold = null
8.516105000002426	EXP	Gracias: italic = null
8.516105000002426	EXP	Gracias: color = #FFFFFF
8.516105000002426	EXP	Gracias: contrast = 1
8.516105000002426	EXP	intro1: autoDraw = true
21.07843000000139	DATA	Keydown:  
21.101464999999735	EXP	intro1: autoDraw = null
21.101464999999735	EXP	intro2: autoDraw = true
49.760584999996354	DATA	Keydown:  
49.77486499999941	EXP	intro2: autoDraw = null
49.77486499999941	EXP	intro2_2: autoDraw = true
86.62918999999965	DATA	Keydown:  
86.63955500000156	EXP	intro2_2: autoDraw = null
86.63955500000156	EXP	Intro2_3: autoDraw = true
94.8972500000018	DATA	Keydown:  
94.92276000000129	EXP	Intro2_3: autoDraw = null
94.92276000000129	EXP	intro3: autoDraw = true
94.92276000000129	EXP	ss_am: autoDraw = true
94.92276000000129	EXP	ss_del: autoDraw = true
94.92276000000129	EXP	ll_am: autoDraw = true
94.92276000000129	EXP	ll_del: autoDraw = true
106.93536499999755	DATA	Keydown:  
106.9519500000024	EXP	intro3: autoDraw = null
106.9519500000024	EXP	ss_am: autoDraw = null
106.9519500000024	EXP	ss_del: autoDraw = null
106.9519500000024	EXP	ll_am: autoDraw = null
106.9519500000024	EXP	ll_del: autoDraw = null
106.9519500000024	EXP	Intro4: autoDraw = true
112.0254849999983	DATA	Keydown:  
112.09267499999987	EXP	Intro4: autoDraw = null
112.09267499999987	EXP	ssAm_P: pos = [0.5,0.1]
112.09267499999987	EXP	ssAm_P: text = $10000
112.09267499999987	EXP	ssDel_P: pos = [0.5,-0.1]
112.09267499999987	EXP	llAm_P: pos = [-0.5,0.1]
112.09267499999987	EXP	llAm_P: text = $19000
112.09267499999987	EXP	llDel_P: pos = [-0.5,-0.1]
112.09267499999987	EXP	llDel_P: text = en 89 días
112.09267499999987	EXP	pregunta: autoDraw = true
112.09267499999987	EXP	ssAm_P: autoDraw = true
112.09267499999987	EXP	ssDel_P: autoDraw = true
112.09267499999987	EXP	llAm_P: autoDraw = true
112.09267499999987	EXP	llDel_P: autoDraw = true
118.36260500000208	DATA	Keydown: ArrowRight
118.37055999999575	EXP	pregunta: autoDraw = null
118.37055999999575	EXP	ssAm_P: autoDraw = null
118.37055999999575	EXP	ssDel_P: autoDraw = null
118.37055999999575	EXP	llAm_P: autoDraw = null
118.37055999999575	EXP	llDel_P: autoDraw = null
118.37055999999575	EXP	feedbackP: text = Elegiste no esperar
118.37055999999575	EXP	feedbackP: autoDraw = true
121.37245999999868	EXP	feedbackP: autoDraw = null
121.37245999999868	EXP	feedbackP: autoDraw = null
121.37245999999868	EXP	ssAm_P: pos = [0.5,0.1]
121.37245999999868	EXP	ssAm_P: text = $25000
121.37245999999868	EXP	ssDel_P: pos = [0.5,-0.1]
121.37245999999868	EXP	llAm_P: pos = [-0.5,0.1]
121.37245999999868	EXP	llAm_P: text = $35000
121.37245999999868	EXP	llDel_P: pos = [-0.5,-0.1]
121.37245999999868	EXP	llDel_P: text = en 150 días
121.37245999999868	EXP	pregunta: autoDraw = true
121.37245999999868	EXP	ssAm_P: autoDraw = true
121.37245999999868	EXP	ssDel_P: autoDraw = true
121.37245999999868	EXP	llAm_P: autoDraw = true
121.37245999999868	EXP	llDel_P: autoDraw = true
123.41389999999956	DATA	Keydown: ArrowLeft
123.44101999999839	EXP	pregunta: autoDraw = null
123.44101999999839	EXP	ssAm_P: autoDraw = null
123.44101999999839	EXP	ssDel_P: autoDraw = null
123.44101999999839	EXP	llAm_P: autoDraw = null
123.44101999999839	EXP	llDel_P: autoDraw = null
123.44101999999839	EXP	feedbackP: text = Elegiste esperar
123.44101999999839	EXP	feedbackP: autoDraw = true
126.43562499999825	EXP	feedbackP: autoDraw = null
126.43562499999825	EXP	feedbackP: autoDraw = null
126.43562499999825	EXP	ssAm_P: pos = [-0.5,0.1]
126.43562499999825	EXP	ssAm_P: text = $10000
126.43562499999825	EXP	ssDel_P: pos = [-0.5,-0.1]
126.43562499999825	EXP	llAm_P: pos = [0.5,0.1]
126.43562499999825	EXP	llAm_P: text = $109000
126.43562499999825	EXP	llDel_P: pos = [0.5,-0.1]
126.43562499999825	EXP	llDel_P: text = en 9 días
126.43562499999825	EXP	pregunta: autoDraw = true
126.43562499999825	EXP	ssAm_P: autoDraw = true
126.43562499999825	EXP	ssDel_P: autoDraw = true
126.43562499999825	EXP	llAm_P: autoDraw = true
126.43562499999825	EXP	llDel_P: autoDraw = true
129.8110749999978	DATA	Keydown: ArrowRight
129.81534999999712	EXP	pregunta: autoDraw = null
129.81534999999712	EXP	ssAm_P: autoDraw = null
129.81534999999712	EXP	ssDel_P: autoDraw = null
129.81534999999712	EXP	llAm_P: autoDraw = null
129.81534999999712	EXP	llDel_P: autoDraw = null
129.81534999999712	EXP	feedbackP: text = Elegiste esperar
129.81534999999712	EXP	feedbackP: autoDraw = true
132.8142499999958	EXP	feedbackP: autoDraw = null
132.8142499999958	EXP	feedbackP: autoDraw = null
132.8142499999958	EXP	comienzo: autoDraw = true
275.1307699999961	DATA	Keydown: g
275.2253849999979	EXP	comienzo: autoDraw = null
275.2253849999979	EXP	ssAm_T: pos = [0.5,0.1]
275.2253849999979	EXP	ssAm_T: text = $25000
275.2253849999979	EXP	ssDel_T: pos = [0.5,-0.1]
275.2253849999979	EXP	llAm_T: pos = [-0.5,0.1]
275.2253849999979	EXP	llAm_T: text = $125000
275.2253849999979	EXP	llDel_T: pos = [-0.5,-0.1]
275.2253849999979	EXP	llDel_T: text = en 149 días
275.2253849999979	EXP	preguntaT: autoDraw = true
275.2253849999979	EXP	ssAm_T: autoDraw = true
275.2253849999979	EXP	ssDel_T: autoDraw = true
275.2253849999979	EXP	llAm_T: autoDraw = true
275.2253849999979	EXP	llDel_T: autoDraw = true
295.17496499999834	EXP	preguntaT: autoDraw = null
295.17496499999834	EXP	ssAm_T: autoDraw = null
295.17496499999834	EXP	ssDel_T: autoDraw = null
295.17496499999834	EXP	llAm_T: autoDraw = null
295.17496499999834	EXP	llDel_T: autoDraw = null
295.17496499999834	EXP	textfbT: text = No respondiste a tiempo!
295.17496499999834	EXP	textfbT: autoDraw = true
298.88790499999595	EXP	textfbT: autoDraw = null
298.88790499999595	EXP	textfbT: autoDraw = null
298.88790499999595	EXP	ssAm_T: pos = [-0.5,0.1]
298.88790499999595	EXP	ssAm_T: text = $5000
298.88790499999595	EXP	ssDel_T: pos = [-0.5,-0.1]
298.88790499999595	EXP	llAm_T: pos = [0.5,0.1]
298.88790499999595	EXP	llAm_T: text = $104000
298.88790499999595	EXP	llDel_T: pos = [0.5,-0.1]
298.88790499999595	EXP	llDel_T: text = en 5 días
298.88790499999595	EXP	preguntaT: autoDraw = true
298.88790499999595	EXP	ssAm_T: autoDraw = true
298.88790499999595	EXP	ssDel_T: autoDraw = true
298.88790499999595	EXP	llAm_T: autoDraw = true
298.88790499999595	EXP	llDel_T: autoDraw = true
300.79765000000043	DATA	Keydown: Escape
303.96623499999987	DATA	Keydown: Meta
