0.17238499999803025	EXP	Created Window = Window( name=Window, fullscr=true, color=#808080, units=height, waitBlanking=true, autoLog=true, size=[1920,937] )
5.759309999994002	DATA	Keydown: 1
5.9443499999906635	DATA	Keydown: 2
6.241129999994882	DATA	Keydown: 9
6.5084499999939	DATA	Keydown: Enter
8.225954999987152	EXP	Created intro1 = TextStim( name=intro1, win=Window( name=Window, fullscr=true, color=#808080, ~), autoDraw=null, autoLog=true, units=height, pos=[0,0], size=undefined, ori=null, opacity=1, depth=null, clipMask=null, boundingBox={"x":-0.473423325773746,"y":-0.2017075773745998,"w~, text=A continuación vas a completar una tarea computari~, alignHoriz=center, alignVert=center, flipHoriz=null, flipVert=null, font=Arial, height=0.06, wrapWidth=1, bold=null, italic=null, color=#FFFFFF, contrast=1 )
8.240204999994603	EXP	Created intro2 = TextStim( name=intro2, win=Window( name=Window, fullscr=true, color=#808080, ~), autoDraw=null, autoLog=true, units=height, pos=[0,0], size=undefined, ori=null, opacity=1, depth=null, clipMask=null, boundingBox={"x":-0.4876131853655283,"y":-0.18783351120597652,~, text=Todas las decisiones que tendrás que tomar serán e~, alignHoriz=center, alignVert=center, flipHoriz=null, flipVert=null, font=Arial, height=0.03, wrapWidth=1, bold=null, italic=null, color=#FFFFFF, contrast=1 )
8.243449999994482	EXP	Created intro2_2 = TextStim( name=intro2_2, win=Window( name=Window, fullscr=true, color=#808080, ~), autoDraw=null, autoLog=true, units=height, pos=[0,0], size=undefined, ori=null, opacity=1, depth=null, clipMask=null, boundingBox={"x":-0.4842061599519744,"y":-0.17075773745997866,~, text=Aunque estas decisiones son hipotéticas, te pedimo~, alignHoriz=center, alignVert=center, flipHoriz=null, flipVert=null, font=Arial, height=0.03, wrapWidth=1, bold=null, italic=null, color=#FFFFFF, contrast=1 )
8.245174999989104	EXP	Created Intro2_3 = TextStim( name=Intro2_3, win=Window( name=Window, fullscr=true, color=#808080, ~), autoDraw=null, autoLog=true, units=height, pos=[0,0], size=undefined, ori=null, opacity=1, depth=null, clipMask=null, boundingBox={"x":-0.4899988327107791,"y":-0.1344717182497332,"~, text=Si escoges la opción de la izquierda oprime la fle~, alignHoriz=center, alignVert=center, flipHoriz=null, flipVert=null, font=Arial, height=0.06, wrapWidth=1, bold=null, italic=null, color=#FFFFFF, contrast=1 )
8.246664999998757	EXP	Created intro3 = TextStim( name=intro3, win=Window( name=Window, fullscr=true, color=#808080, ~), autoDraw=null, autoLog=true, units=height, pos=[0,0.3], size=undefined, ori=null, opacity=1, depth=-1, clipMask=null, boundingBox={"x":-0.4036048392475987,"y":0.2663820704375667,"w~, text=Por ejemplo, ¿qué preferirías?, alignHoriz=center, alignVert=center, flipHoriz=null, flipVert=null, font=Arial, height=0.06, wrapWidth=1, bold=null, italic=null, color=#FFFFFF, contrast=1 )
8.25184499999159	EXP	Created ss_am = TextStim( name=ss_am, win=Window( name=Window, fullscr=true, color=#808080, ~), autoDraw=null, autoLog=true, units=height, pos=[-0.5,0.1], size=undefined, ori=null, opacity=1, depth=-2, clipMask=null, boundingBox={"x":-0.6224090348185699,"y":0.05570971184631804,"~, text=$5.000, alignHoriz=center, alignVert=center, flipHoriz=null, flipVert=null, font=Arial, height=0.08, wrapWidth=1, bold=null, italic=null, color=#FFFFFF, contrast=1 )
8.257124999989173	EXP	Created ss_del = TextStim( name=ss_del, win=Window( name=Window, fullscr=true, color=#808080, ~), autoDraw=null, autoLog=true, units=height, pos=[-0.5,-0.1], size=undefined, ori=null, opacity=1, depth=-3, clipMask=null, boundingBox={"x":-0.5645266016875667,"y":-0.14429028815368197,~, text=hoy, alignHoriz=center, alignVert=center, flipHoriz=null, flipVert=null, font=Arial, height=0.08, wrapWidth=1, bold=null, italic=null, color=#FFFFFF, contrast=1 )
8.258089999988442	EXP	Created ll_am = TextStim( name=ll_am, win=Window( name=Window, fullscr=true, color=#808080, ~), autoDraw=null, autoLog=true, units=height, pos=[0.5,0.1], size=undefined, ori=null, opacity=1, depth=-4, clipMask=null, boundingBox={"x":0.3553330005169424,"y":0.05570971184631804,"w~, text=$10.000, alignHoriz=center, alignVert=center, flipHoriz=null, flipVert=null, font=Arial, height=0.08, wrapWidth=1, bold=null, italic=null, color=#FFFFFF, contrast=1 )
8.260779999996885	EXP	Created ll_del = TextStim( name=ll_del, win=Window( name=Window, fullscr=true, color=#808080, ~), autoDraw=null, autoLog=true, units=height, pos=[0.5,-0.1], size=undefined, ori=null, opacity=1, depth=-5, clipMask=null, boundingBox={"x":0.33534186983057634,"y":-0.14429028815368197,~, text=en 7 días, alignHoriz=center, alignVert=center, flipHoriz=null, flipVert=null, font=Arial, height=0.08, wrapWidth=1, bold=null, italic=null, color=#FFFFFF, contrast=1 )
8.262374999991152	EXP	Created Intro4 = TextStim( name=Intro4, win=Window( name=Window, fullscr=true, color=#808080, ~), autoDraw=null, autoLog=true, units=height, pos=[0,0], size=undefined, ori=null, opacity=1, depth=null, clipMask=null, boundingBox={"x":-0.47507212179829245,"y":-0.0336179295624333,~, text=Hagamos unos ensayos de práctica, alignHoriz=center, alignVert=center, flipHoriz=null, flipVert=null, font=Arial, height=0.06, wrapWidth=1, bold=null, italic=null, color=#FFFFFF, contrast=1 )
8.263399999996182	EXP	Created pregunta = TextStim( name=pregunta, win=Window( name=Window, fullscr=true, color=#808080, ~), autoDraw=null, autoLog=true, units=height, pos=[0,0.3], size=undefined, ori=null, opacity=1, depth=-1, clipMask=null, boundingBox={"x":-0.2275484425026681,"y":0.2663820704375667,"w~, text=¿qué preferirías?, alignHoriz=center, alignVert=center, flipHoriz=null, flipVert=null, font=Arial, height=0.06, wrapWidth=1, bold=null, italic=null, color=#FFFFFF, contrast=1 )
8.26459999999497	EXP	Created ssAm_P = TextStim( name=ssAm_P, win=Window( name=Window, fullscr=true, color=#808080, ~), autoDraw=null, autoLog=true, units=height, pos=[0,0], size=undefined, ori=null, opacity=1, depth=-2, clipMask=null, boundingBox={"x":-0.19578801402414622,"y":-0.04429028815368197~, text=default text, alignHoriz=center, alignVert=center, flipHoriz=null, flipVert=null, font=Arial, height=0.08, wrapWidth=1, bold=null, italic=null, color=#FFFFFF, contrast=1 )
8.265204999988782	EXP	Created ssDel_P = TextStim( name=ssDel_P, win=Window( name=Window, fullscr=true, color=#808080, ~), autoDraw=null, autoLog=true, units=height, pos=[0,0], size=undefined, ori=null, opacity=1, depth=-3, clipMask=null, boundingBox={"x":-0.0645266016875667,"y":-0.04429028815368197,~, text=hoy, alignHoriz=center, alignVert=center, flipHoriz=null, flipVert=null, font=Arial, height=0.08, wrapWidth=1, bold=null, italic=null, color=#FFFFFF, contrast=1 )
8.265809999997145	EXP	Created llAm_P = TextStim( name=llAm_P, win=Window( name=Window, fullscr=true, color=#808080, ~), autoDraw=null, autoLog=true, units=height, pos=[0,0], size=undefined, ori=null, opacity=1, depth=-4, clipMask=null, boundingBox={"x":-0.19578801402414622,"y":-0.04429028815368197~, text=default text, alignHoriz=center, alignVert=center, flipHoriz=null, flipVert=null, font=Arial, height=0.08, wrapWidth=1, bold=null, italic=null, color=#FFFFFF, contrast=1 )
8.266359999994165	EXP	Created llDel_P = TextStim( name=llDel_P, win=Window( name=Window, fullscr=true, color=#808080, ~), autoDraw=null, autoLog=true, units=height, pos=[0,0], size=undefined, ori=null, opacity=1, depth=-5, clipMask=null, boundingBox={"x":-0.19578801402414622,"y":-0.04429028815368197~, text=default text, alignHoriz=center, alignVert=center, flipHoriz=null, flipVert=null, font=Arial, height=0.08, wrapWidth=1, bold=null, italic=null, color=#FFFFFF, contrast=1 )
8.267034999997122	EXP	Created feedbackP = TextStim( name=feedbackP, win=Window( name=Window, fullscr=true, color=#808080, ~), autoDraw=null, autoLog=true, units=height, pos=[0,0], size=undefined, ori=null, opacity=1, depth=-1, clipMask=null, boundingBox={"x":-0.14618838380469584,"y":-0.0336179295624333,~, text=default text, alignHoriz=center, alignVert=center, flipHoriz=null, flipVert=null, font=Arial, height=0.06, wrapWidth=1, bold=null, italic=null, color=#FFFFFF, contrast=1 )
8.268474999989849	EXP	Created comienzo = TextStim( name=comienzo, win=Window( name=Window, fullscr=true, color=#808080, ~), autoDraw=null, autoLog=true, units=height, pos=[0,0], size=undefined, ori=null, opacity=1, depth=null, clipMask=null, boundingBox={"x":-0.49338397145144075,"y":-0.1344717182497332,~, text=Ahora sí vamos a empezar con la tarea. Recuerda qu~, alignHoriz=center, alignVert=center, flipHoriz=null, flipVert=null, font=Arial, height=0.06, wrapWidth=1, bold=null, italic=null, color=#FFFFFF, contrast=1 )
8.269119999997201	EXP	Created preguntaT = TextStim( name=preguntaT, win=Window( name=Window, fullscr=true, color=#808080, ~), autoDraw=null, autoLog=true, units=height, pos=[0,0.3], size=undefined, ori=null, opacity=1, depth=-1, clipMask=null, boundingBox={"x":-0.2275484425026681,"y":0.2663820704375667,"w~, text=¿qué preferirías?, alignHoriz=center, alignVert=center, flipHoriz=null, flipVert=null, font=Arial, height=0.06, wrapWidth=1, bold=null, italic=null, color=#FFFFFF, contrast=1 )
8.270424999995157	EXP	Created ssAm_T = TextStim( name=ssAm_T, win=Window( name=Window, fullscr=true, color=#808080, ~), autoDraw=null, autoLog=true, units=height, pos=[0,0], size=undefined, ori=null, opacity=1, depth=-2, clipMask=null, boundingBox={"x":-0.19578801402414622,"y":-0.04429028815368197~, text=default text, alignHoriz=center, alignVert=center, flipHoriz=null, flipVert=null, font=Arial, height=0.08, wrapWidth=1, bold=null, italic=null, color=#FFFFFF, contrast=1 )
8.271389999994426	EXP	Created ssDel_T = TextStim( name=ssDel_T, win=Window( name=Window, fullscr=true, color=#808080, ~), autoDraw=null, autoLog=true, units=height, pos=[0,0], size=undefined, ori=null, opacity=1, depth=-3, clipMask=null, boundingBox={"x":-0.0645266016875667,"y":-0.04429028815368197,~, text=hoy, alignHoriz=center, alignVert=center, flipHoriz=null, flipVert=null, font=Arial, height=0.08, wrapWidth=1, bold=null, italic=null, color=#FFFFFF, contrast=1 )
8.27216999999655	EXP	Created llAm_T = TextStim( name=llAm_T, win=Window( name=Window, fullscr=true, color=#808080, ~), autoDraw=null, autoLog=true, units=height, pos=[0,0], size=undefined, ori=null, opacity=1, depth=-4, clipMask=null, boundingBox={"x":-0.19578801402414622,"y":-0.04429028815368197~, text=default text, alignHoriz=center, alignVert=center, flipHoriz=null, flipVert=null, font=Arial, height=0.08, wrapWidth=1, bold=null, italic=null, color=#FFFFFF, contrast=1 )
8.272839999990538	EXP	Created llDel_T = TextStim( name=llDel_T, win=Window( name=Window, fullscr=true, color=#808080, ~), autoDraw=null, autoLog=true, units=height, pos=[0,0], size=undefined, ori=null, opacity=1, depth=-5, clipMask=null, boundingBox={"x":-0.19578801402414622,"y":-0.04429028815368197~, text=default text, alignHoriz=center, alignVert=center, flipHoriz=null, flipVert=null, font=Arial, height=0.08, wrapWidth=1, bold=null, italic=null, color=#FFFFFF, contrast=1 )
8.273624999987078	EXP	Created textfbT = TextStim( name=textfbT, win=Window( name=Window, fullscr=true, color=#808080, ~), autoDraw=null, autoLog=true, units=height, pos=[0,0], size=undefined, ori=null, opacity=1, depth=-1, clipMask=null, boundingBox={"x":-0.14618838380469584,"y":-0.0336179295624333,~, text=default text, alignHoriz=center, alignVert=center, flipHoriz=null, flipVert=null, font=Arial, height=0.06, wrapWidth=1, bold=null, italic=null, color=#FFFFFF, contrast=1 )
8.274709999997867	EXP	Created Gracias = TextStim( name=Gracias, win=Window( name=Window, fullscr=true, color=#808080, ~), autoDraw=null, autoLog=true, units=height, pos=[0,0], size=undefined, ori=null, opacity=1, depth=null, clipMask=null, boundingBox={"x":-0.40026347385272143,"y":-0.1008537886872999,~, text=Terminaste!

Muchas gracias por participar!, alignHoriz=center, alignVert=center, flipHoriz=null, flipVert=null, font=Arial, height=0.06, wrapWidth=1, bold=null, italic=null, color=#FFFFFF, contrast=1 )
8.312764999995125	EXP	intro1: units = height
8.312764999995125	EXP	intro1: pos = [0,0]
8.312764999995125	EXP	intro1: size = undefined
8.312764999995125	EXP	intro1: ori = null
8.312764999995125	EXP	intro1: opacity = 1
8.312764999995125	EXP	intro1: depth = null
8.312764999995125	EXP	intro1: clipMask = null
8.312764999995125	EXP	intro1: boundingBox = {"x":0,"y":0,"width":0,"height":0,"type":1}
8.312764999995125	EXP	intro1: text = A continuación vas a completar una tarea computarizada en la que tomarás una serie de decisiones.

Presiona la barra de espacio para continuar.
8.312764999995125	EXP	intro1: alignHoriz = center
8.312764999995125	EXP	intro1: alignVert = center
8.312764999995125	EXP	intro1: flipHoriz = null
8.312764999995125	EXP	intro1: flipVert = null
8.312764999995125	EXP	intro1: font = Arial
8.312764999995125	EXP	intro1: height = 0.06
8.312764999995125	EXP	intro1: wrapWidth = 1
8.312764999995125	EXP	intro1: bold = null
8.312764999995125	EXP	intro1: italic = null
8.312764999995125	EXP	intro1: color = #FFFFFF
8.312764999995125	EXP	intro1: contrast = 1
8.312764999995125	EXP	intro2: units = height
8.312764999995125	EXP	intro2: pos = [0,0]
8.312764999995125	EXP	intro2: size = undefined
8.312764999995125	EXP	intro2: ori = null
8.312764999995125	EXP	intro2: opacity = 1
8.312764999995125	EXP	intro2: depth = null
8.312764999995125	EXP	intro2: clipMask = null
8.312764999995125	EXP	intro2: boundingBox = {"x":0,"y":0,"width":0,"height":0,"type":1}
8.312764999995125	EXP	intro2: text = Todas las decisiones que tendrás que tomar serán elecciones entre dos opciones de recompensas monetarias que podrías recibir: una opción de dinero que obtendrías hoy contra una opción de dinero que obtendrías en el futuro. 

En cada pregunta, las cantidades de dinero ofrecido y el número de días que habría que esperar en el futuro cambiarán. 

En cada pregunta, la opción inmediata y la  opción futura cambiarán de lado en la pantalla, así que debes poner atención para responder con el teclado cuál es tu preferencia.
8.312764999995125	EXP	intro2: alignHoriz = center
8.312764999995125	EXP	intro2: alignVert = center
8.312764999995125	EXP	intro2: flipHoriz = null
8.312764999995125	EXP	intro2: flipVert = null
8.312764999995125	EXP	intro2: font = Arial
8.312764999995125	EXP	intro2: height = 0.03
8.312764999995125	EXP	intro2: wrapWidth = 1
8.312764999995125	EXP	intro2: bold = null
8.312764999995125	EXP	intro2: italic = null
8.312764999995125	EXP	intro2: color = #FFFFFF
8.312764999995125	EXP	intro2: contrast = 1
8.312764999995125	EXP	intro2_2: units = height
8.312764999995125	EXP	intro2_2: pos = [0,0]
8.312764999995125	EXP	intro2_2: size = undefined
8.312764999995125	EXP	intro2_2: ori = null
8.312764999995125	EXP	intro2_2: opacity = 1
8.312764999995125	EXP	intro2_2: depth = null
8.312764999995125	EXP	intro2_2: clipMask = null
8.312764999995125	EXP	intro2_2: boundingBox = {"x":0,"y":0,"width":0,"height":0,"type":1}
8.312764999995125	EXP	intro2_2: text = Aunque estas decisiones son hipotéticas, te pedimos que hagas cada elección con honestidad, es decir, que respondas cuál es tu verdadera preferencia tal y como si fuéramos a darte el dinero que escogiste en la fecha en la que escogiste.

Es muy importante que sepas que en esta tarea NO HAY respuestas correctas o incorrectas, cada pregunta es sobre TU preferencia, así que tus respuestas pueden ser muy distintas de las de otra persona. Por este motivo, te recomendamos que contestes con sinceridad para que tus respuestas reflejen tus preferencias únicas.
8.312764999995125	EXP	intro2_2: alignHoriz = center
8.312764999995125	EXP	intro2_2: alignVert = center
8.312764999995125	EXP	intro2_2: flipHoriz = null
8.312764999995125	EXP	intro2_2: flipVert = null
8.312764999995125	EXP	intro2_2: font = Arial
8.312764999995125	EXP	intro2_2: height = 0.03
8.312764999995125	EXP	intro2_2: wrapWidth = 1
8.312764999995125	EXP	intro2_2: bold = null
8.312764999995125	EXP	intro2_2: italic = null
8.312764999995125	EXP	intro2_2: color = #FFFFFF
8.312764999995125	EXP	intro2_2: contrast = 1
8.312764999995125	EXP	Intro2_3: units = height
8.312764999995125	EXP	Intro2_3: pos = [0,0]
8.312764999995125	EXP	Intro2_3: size = undefined
8.312764999995125	EXP	Intro2_3: ori = null
8.312764999995125	EXP	Intro2_3: opacity = 1
8.312764999995125	EXP	Intro2_3: depth = null
8.312764999995125	EXP	Intro2_3: clipMask = null
8.312764999995125	EXP	Intro2_3: boundingBox = {"x":0,"y":0,"width":0,"height":0,"type":1}
8.312764999995125	EXP	Intro2_3: text = Si escoges la opción de la izquierda oprime la flecha hacia la izquierda, si escoges la opción de la derecha oprime la flecha hacia la derecha
8.312764999995125	EXP	Intro2_3: alignHoriz = center
8.312764999995125	EXP	Intro2_3: alignVert = center
8.312764999995125	EXP	Intro2_3: flipHoriz = null
8.312764999995125	EXP	Intro2_3: flipVert = null
8.312764999995125	EXP	Intro2_3: font = Arial
8.312764999995125	EXP	Intro2_3: height = 0.06
8.312764999995125	EXP	Intro2_3: wrapWidth = 1
8.312764999995125	EXP	Intro2_3: bold = null
8.312764999995125	EXP	Intro2_3: italic = null
8.312764999995125	EXP	Intro2_3: color = #FFFFFF
8.312764999995125	EXP	Intro2_3: contrast = 1
8.312764999995125	EXP	intro3: units = height
8.312764999995125	EXP	intro3: pos = [0,0.3]
8.312764999995125	EXP	intro3: size = undefined
8.312764999995125	EXP	intro3: ori = null
8.312764999995125	EXP	intro3: opacity = 1
8.312764999995125	EXP	intro3: depth = -1
8.312764999995125	EXP	intro3: clipMask = null
8.312764999995125	EXP	intro3: boundingBox = {"x":0,"y":0,"width":0,"height":0,"type":1}
8.312764999995125	EXP	intro3: text = Por ejemplo, ¿qué preferirías?
8.312764999995125	EXP	intro3: alignHoriz = center
8.312764999995125	EXP	intro3: alignVert = center
8.312764999995125	EXP	intro3: flipHoriz = null
8.312764999995125	EXP	intro3: flipVert = null
8.312764999995125	EXP	intro3: font = Arial
8.312764999995125	EXP	intro3: height = 0.06
8.312764999995125	EXP	intro3: wrapWidth = 1
8.312764999995125	EXP	intro3: bold = null
8.312764999995125	EXP	intro3: italic = null
8.312764999995125	EXP	intro3: color = #FFFFFF
8.312764999995125	EXP	intro3: contrast = 1
8.312764999995125	EXP	ss_am: units = height
8.312764999995125	EXP	ss_am: pos = [-0.5,0.1]
8.312764999995125	EXP	ss_am: size = undefined
8.312764999995125	EXP	ss_am: ori = null
8.312764999995125	EXP	ss_am: opacity = 1
8.312764999995125	EXP	ss_am: depth = -2
8.312764999995125	EXP	ss_am: clipMask = null
8.312764999995125	EXP	ss_am: boundingBox = {"x":0,"y":0,"width":0,"height":0,"type":1}
8.312764999995125	EXP	ss_am: text = $5.000
8.312764999995125	EXP	ss_am: alignHoriz = center
8.312764999995125	EXP	ss_am: alignVert = center
8.312764999995125	EXP	ss_am: flipHoriz = null
8.312764999995125	EXP	ss_am: flipVert = null
8.312764999995125	EXP	ss_am: font = Arial
8.312764999995125	EXP	ss_am: height = 0.08
8.312764999995125	EXP	ss_am: wrapWidth = 1
8.312764999995125	EXP	ss_am: bold = null
8.312764999995125	EXP	ss_am: italic = null
8.312764999995125	EXP	ss_am: color = #FFFFFF
8.312764999995125	EXP	ss_am: contrast = 1
8.312764999995125	EXP	ss_del: units = height
8.312764999995125	EXP	ss_del: pos = [-0.5,-0.1]
8.312764999995125	EXP	ss_del: size = undefined
8.312764999995125	EXP	ss_del: ori = null
8.312764999995125	EXP	ss_del: opacity = 1
8.312764999995125	EXP	ss_del: depth = -3
8.312764999995125	EXP	ss_del: clipMask = null
8.312764999995125	EXP	ss_del: boundingBox = {"x":0,"y":0,"width":0,"height":0,"type":1}
8.312764999995125	EXP	ss_del: text = hoy
8.312764999995125	EXP	ss_del: alignHoriz = center
8.312764999995125	EXP	ss_del: alignVert = center
8.312764999995125	EXP	ss_del: flipHoriz = null
8.312764999995125	EXP	ss_del: flipVert = null
8.312764999995125	EXP	ss_del: font = Arial
8.312764999995125	EXP	ss_del: height = 0.08
8.312764999995125	EXP	ss_del: wrapWidth = 1
8.312764999995125	EXP	ss_del: bold = null
8.312764999995125	EXP	ss_del: italic = null
8.312764999995125	EXP	ss_del: color = #FFFFFF
8.312764999995125	EXP	ss_del: contrast = 1
8.312764999995125	EXP	ll_am: units = height
8.312764999995125	EXP	ll_am: pos = [0.5,0.1]
8.312764999995125	EXP	ll_am: size = undefined
8.312764999995125	EXP	ll_am: ori = null
8.312764999995125	EXP	ll_am: opacity = 1
8.312764999995125	EXP	ll_am: depth = -4
8.312764999995125	EXP	ll_am: clipMask = null
8.312764999995125	EXP	ll_am: boundingBox = {"x":0,"y":0,"width":0,"height":0,"type":1}
8.312764999995125	EXP	ll_am: text = $10.000
8.312764999995125	EXP	ll_am: alignHoriz = center
8.312764999995125	EXP	ll_am: alignVert = center
8.312764999995125	EXP	ll_am: flipHoriz = null
8.312764999995125	EXP	ll_am: flipVert = null
8.312764999995125	EXP	ll_am: font = Arial
8.312764999995125	EXP	ll_am: height = 0.08
8.312764999995125	EXP	ll_am: wrapWidth = 1
8.312764999995125	EXP	ll_am: bold = null
8.312764999995125	EXP	ll_am: italic = null
8.312764999995125	EXP	ll_am: color = #FFFFFF
8.312764999995125	EXP	ll_am: contrast = 1
8.312764999995125	EXP	ll_del: units = height
8.312764999995125	EXP	ll_del: pos = [0.5,-0.1]
8.312764999995125	EXP	ll_del: size = undefined
8.312764999995125	EXP	ll_del: ori = null
8.312764999995125	EXP	ll_del: opacity = 1
8.312764999995125	EXP	ll_del: depth = -5
8.312764999995125	EXP	ll_del: clipMask = null
8.312764999995125	EXP	ll_del: boundingBox = {"x":0,"y":0,"width":0,"height":0,"type":1}
8.312764999995125	EXP	ll_del: text = en 7 días
8.312764999995125	EXP	ll_del: alignHoriz = center
8.312764999995125	EXP	ll_del: alignVert = center
8.312764999995125	EXP	ll_del: flipHoriz = null
8.312764999995125	EXP	ll_del: flipVert = null
8.312764999995125	EXP	ll_del: font = Arial
8.312764999995125	EXP	ll_del: height = 0.08
8.312764999995125	EXP	ll_del: wrapWidth = 1
8.312764999995125	EXP	ll_del: bold = null
8.312764999995125	EXP	ll_del: italic = null
8.312764999995125	EXP	ll_del: color = #FFFFFF
8.312764999995125	EXP	ll_del: contrast = 1
8.312764999995125	EXP	Intro4: units = height
8.312764999995125	EXP	Intro4: pos = [0,0]
8.312764999995125	EXP	Intro4: size = undefined
8.312764999995125	EXP	Intro4: ori = null
8.312764999995125	EXP	Intro4: opacity = 1
8.312764999995125	EXP	Intro4: depth = null
8.312764999995125	EXP	Intro4: clipMask = null
8.312764999995125	EXP	Intro4: boundingBox = {"x":0,"y":0,"width":0,"height":0,"type":1}
8.312764999995125	EXP	Intro4: text = Hagamos unos ensayos de práctica
8.312764999995125	EXP	Intro4: alignHoriz = center
8.312764999995125	EXP	Intro4: alignVert = center
8.312764999995125	EXP	Intro4: flipHoriz = null
8.312764999995125	EXP	Intro4: flipVert = null
8.312764999995125	EXP	Intro4: font = Arial
8.312764999995125	EXP	Intro4: height = 0.06
8.312764999995125	EXP	Intro4: wrapWidth = 1
8.312764999995125	EXP	Intro4: bold = null
8.312764999995125	EXP	Intro4: italic = null
8.312764999995125	EXP	Intro4: color = #FFFFFF
8.312764999995125	EXP	Intro4: contrast = 1
8.312764999995125	EXP	pregunta: units = height
8.312764999995125	EXP	pregunta: pos = [0,0.3]
8.312764999995125	EXP	pregunta: size = undefined
8.312764999995125	EXP	pregunta: ori = null
8.312764999995125	EXP	pregunta: opacity = 1
8.312764999995125	EXP	pregunta: depth = -1
8.312764999995125	EXP	pregunta: clipMask = null
8.312764999995125	EXP	pregunta: boundingBox = {"x":0,"y":0,"width":0,"height":0,"type":1}
8.312764999995125	EXP	pregunta: text = ¿qué preferirías?
8.312764999995125	EXP	pregunta: alignHoriz = center
8.312764999995125	EXP	pregunta: alignVert = center
8.312764999995125	EXP	pregunta: flipHoriz = null
8.312764999995125	EXP	pregunta: flipVert = null
8.312764999995125	EXP	pregunta: font = Arial
8.312764999995125	EXP	pregunta: height = 0.06
8.312764999995125	EXP	pregunta: wrapWidth = 1
8.312764999995125	EXP	pregunta: bold = null
8.312764999995125	EXP	pregunta: italic = null
8.312764999995125	EXP	pregunta: color = #FFFFFF
8.312764999995125	EXP	pregunta: contrast = 1
8.312764999995125	EXP	ssAm_P: units = height
8.312764999995125	EXP	ssAm_P: pos = [0,0]
8.312764999995125	EXP	ssAm_P: size = undefined
8.312764999995125	EXP	ssAm_P: ori = null
8.312764999995125	EXP	ssAm_P: opacity = 1
8.312764999995125	EXP	ssAm_P: depth = -2
8.312764999995125	EXP	ssAm_P: clipMask = null
8.312764999995125	EXP	ssAm_P: boundingBox = {"x":0,"y":0,"width":0,"height":0,"type":1}
8.312764999995125	EXP	ssAm_P: text = default text
8.312764999995125	EXP	ssAm_P: alignHoriz = center
8.312764999995125	EXP	ssAm_P: alignVert = center
8.312764999995125	EXP	ssAm_P: flipHoriz = null
8.312764999995125	EXP	ssAm_P: flipVert = null
8.312764999995125	EXP	ssAm_P: font = Arial
8.312764999995125	EXP	ssAm_P: height = 0.08
8.312764999995125	EXP	ssAm_P: wrapWidth = 1
8.312764999995125	EXP	ssAm_P: bold = null
8.312764999995125	EXP	ssAm_P: italic = null
8.312764999995125	EXP	ssAm_P: color = #FFFFFF
8.312764999995125	EXP	ssAm_P: contrast = 1
8.312764999995125	EXP	ssDel_P: units = height
8.312764999995125	EXP	ssDel_P: pos = [0,0]
8.312764999995125	EXP	ssDel_P: size = undefined
8.312764999995125	EXP	ssDel_P: ori = null
8.312764999995125	EXP	ssDel_P: opacity = 1
8.312764999995125	EXP	ssDel_P: depth = -3
8.312764999995125	EXP	ssDel_P: clipMask = null
8.312764999995125	EXP	ssDel_P: boundingBox = {"x":0,"y":0,"width":0,"height":0,"type":1}
8.312764999995125	EXP	ssDel_P: text = hoy
8.312764999995125	EXP	ssDel_P: alignHoriz = center
8.312764999995125	EXP	ssDel_P: alignVert = center
8.312764999995125	EXP	ssDel_P: flipHoriz = null
8.312764999995125	EXP	ssDel_P: flipVert = null
8.312764999995125	EXP	ssDel_P: font = Arial
8.312764999995125	EXP	ssDel_P: height = 0.08
8.312764999995125	EXP	ssDel_P: wrapWidth = 1
8.312764999995125	EXP	ssDel_P: bold = null
8.312764999995125	EXP	ssDel_P: italic = null
8.312764999995125	EXP	ssDel_P: color = #FFFFFF
8.312764999995125	EXP	ssDel_P: contrast = 1
8.312764999995125	EXP	llAm_P: units = height
8.312764999995125	EXP	llAm_P: pos = [0,0]
8.312764999995125	EXP	llAm_P: size = undefined
8.312764999995125	EXP	llAm_P: ori = null
8.312764999995125	EXP	llAm_P: opacity = 1
8.312764999995125	EXP	llAm_P: depth = -4
8.312764999995125	EXP	llAm_P: clipMask = null
8.312764999995125	EXP	llAm_P: boundingBox = {"x":0,"y":0,"width":0,"height":0,"type":1}
8.312764999995125	EXP	llAm_P: text = default text
8.312764999995125	EXP	llAm_P: alignHoriz = center
8.312764999995125	EXP	llAm_P: alignVert = center
8.312764999995125	EXP	llAm_P: flipHoriz = null
8.312764999995125	EXP	llAm_P: flipVert = null
8.312764999995125	EXP	llAm_P: font = Arial
8.312764999995125	EXP	llAm_P: height = 0.08
8.312764999995125	EXP	llAm_P: wrapWidth = 1
8.312764999995125	EXP	llAm_P: bold = null
8.312764999995125	EXP	llAm_P: italic = null
8.312764999995125	EXP	llAm_P: color = #FFFFFF
8.312764999995125	EXP	llAm_P: contrast = 1
8.312764999995125	EXP	llDel_P: units = height
8.312764999995125	EXP	llDel_P: pos = [0,0]
8.312764999995125	EXP	llDel_P: size = undefined
8.312764999995125	EXP	llDel_P: ori = null
8.312764999995125	EXP	llDel_P: opacity = 1
8.312764999995125	EXP	llDel_P: depth = -5
8.312764999995125	EXP	llDel_P: clipMask = null
8.312764999995125	EXP	llDel_P: boundingBox = {"x":0,"y":0,"width":0,"height":0,"type":1}
8.312764999995125	EXP	llDel_P: text = default text
8.312764999995125	EXP	llDel_P: alignHoriz = center
8.312764999995125	EXP	llDel_P: alignVert = center
8.312764999995125	EXP	llDel_P: flipHoriz = null
8.312764999995125	EXP	llDel_P: flipVert = null
8.312764999995125	EXP	llDel_P: font = Arial
8.312764999995125	EXP	llDel_P: height = 0.08
8.312764999995125	EXP	llDel_P: wrapWidth = 1
8.312764999995125	EXP	llDel_P: bold = null
8.312764999995125	EXP	llDel_P: italic = null
8.312764999995125	EXP	llDel_P: color = #FFFFFF
8.312764999995125	EXP	llDel_P: contrast = 1
8.312764999995125	EXP	feedbackP: units = height
8.312764999995125	EXP	feedbackP: pos = [0,0]
8.312764999995125	EXP	feedbackP: size = undefined
8.312764999995125	EXP	feedbackP: ori = null
8.312764999995125	EXP	feedbackP: opacity = 1
8.312764999995125	EXP	feedbackP: depth = -1
8.312764999995125	EXP	feedbackP: clipMask = null
8.312764999995125	EXP	feedbackP: boundingBox = {"x":0,"y":0,"width":0,"height":0,"type":1}
8.312764999995125	EXP	feedbackP: text = default text
8.312764999995125	EXP	feedbackP: alignHoriz = center
8.312764999995125	EXP	feedbackP: alignVert = center
8.312764999995125	EXP	feedbackP: flipHoriz = null
8.312764999995125	EXP	feedbackP: flipVert = null
8.312764999995125	EXP	feedbackP: font = Arial
8.312764999995125	EXP	feedbackP: height = 0.06
8.312764999995125	EXP	feedbackP: wrapWidth = 1
8.312764999995125	EXP	feedbackP: bold = null
8.312764999995125	EXP	feedbackP: italic = null
8.312764999995125	EXP	feedbackP: color = #FFFFFF
8.312764999995125	EXP	feedbackP: contrast = 1
8.312764999995125	EXP	comienzo: units = height
8.312764999995125	EXP	comienzo: pos = [0,0]
8.312764999995125	EXP	comienzo: size = undefined
8.312764999995125	EXP	comienzo: ori = null
8.312764999995125	EXP	comienzo: opacity = 1
8.312764999995125	EXP	comienzo: depth = null
8.312764999995125	EXP	comienzo: clipMask = null
8.312764999995125	EXP	comienzo: boundingBox = {"x":0,"y":0,"width":0,"height":0,"type":1}
8.312764999995125	EXP	comienzo: text = Ahora sí vamos a empezar con la tarea. Recuerda que debes contestar todas las preguntas. Tienes 20 segundos por cada pregunta. 
8.312764999995125	EXP	comienzo: alignHoriz = center
8.312764999995125	EXP	comienzo: alignVert = center
8.312764999995125	EXP	comienzo: flipHoriz = null
8.312764999995125	EXP	comienzo: flipVert = null
8.312764999995125	EXP	comienzo: font = Arial
8.312764999995125	EXP	comienzo: height = 0.06
8.312764999995125	EXP	comienzo: wrapWidth = 1
8.312764999995125	EXP	comienzo: bold = null
8.312764999995125	EXP	comienzo: italic = null
8.312764999995125	EXP	comienzo: color = #FFFFFF
8.312764999995125	EXP	comienzo: contrast = 1
8.312764999995125	EXP	preguntaT: units = height
8.312764999995125	EXP	preguntaT: pos = [0,0.3]
8.312764999995125	EXP	preguntaT: size = undefined
8.312764999995125	EXP	preguntaT: ori = null
8.312764999995125	EXP	preguntaT: opacity = 1
8.312764999995125	EXP	preguntaT: depth = -1
8.312764999995125	EXP	preguntaT: clipMask = null
8.312764999995125	EXP	preguntaT: boundingBox = {"x":0,"y":0,"width":0,"height":0,"type":1}
8.312764999995125	EXP	preguntaT: text = ¿qué preferirías?
8.312764999995125	EXP	preguntaT: alignHoriz = center
8.312764999995125	EXP	preguntaT: alignVert = center
8.312764999995125	EXP	preguntaT: flipHoriz = null
8.312764999995125	EXP	preguntaT: flipVert = null
8.312764999995125	EXP	preguntaT: font = Arial
8.312764999995125	EXP	preguntaT: height = 0.06
8.312764999995125	EXP	preguntaT: wrapWidth = 1
8.312764999995125	EXP	preguntaT: bold = null
8.312764999995125	EXP	preguntaT: italic = null
8.312764999995125	EXP	preguntaT: color = #FFFFFF
8.312764999995125	EXP	preguntaT: contrast = 1
8.312764999995125	EXP	ssAm_T: units = height
8.312764999995125	EXP	ssAm_T: pos = [0,0]
8.312764999995125	EXP	ssAm_T: size = undefined
8.312764999995125	EXP	ssAm_T: ori = null
8.312764999995125	EXP	ssAm_T: opacity = 1
8.312764999995125	EXP	ssAm_T: depth = -2
8.312764999995125	EXP	ssAm_T: clipMask = null
8.312764999995125	EXP	ssAm_T: boundingBox = {"x":0,"y":0,"width":0,"height":0,"type":1}
8.312764999995125	EXP	ssAm_T: text = default text
8.312764999995125	EXP	ssAm_T: alignHoriz = center
8.312764999995125	EXP	ssAm_T: alignVert = center
8.312764999995125	EXP	ssAm_T: flipHoriz = null
8.312764999995125	EXP	ssAm_T: flipVert = null
8.312764999995125	EXP	ssAm_T: font = Arial
8.312764999995125	EXP	ssAm_T: height = 0.08
8.312764999995125	EXP	ssAm_T: wrapWidth = 1
8.312764999995125	EXP	ssAm_T: bold = null
8.312764999995125	EXP	ssAm_T: italic = null
8.312764999995125	EXP	ssAm_T: color = #FFFFFF
8.312764999995125	EXP	ssAm_T: contrast = 1
8.312764999995125	EXP	ssDel_T: units = height
8.312764999995125	EXP	ssDel_T: pos = [0,0]
8.312764999995125	EXP	ssDel_T: size = undefined
8.312764999995125	EXP	ssDel_T: ori = null
8.312764999995125	EXP	ssDel_T: opacity = 1
8.312764999995125	EXP	ssDel_T: depth = -3
8.312764999995125	EXP	ssDel_T: clipMask = null
8.312764999995125	EXP	ssDel_T: boundingBox = {"x":0,"y":0,"width":0,"height":0,"type":1}
8.312764999995125	EXP	ssDel_T: text = hoy
8.312764999995125	EXP	ssDel_T: alignHoriz = center
8.312764999995125	EXP	ssDel_T: alignVert = center
8.312764999995125	EXP	ssDel_T: flipHoriz = null
8.312764999995125	EXP	ssDel_T: flipVert = null
8.312764999995125	EXP	ssDel_T: font = Arial
8.312764999995125	EXP	ssDel_T: height = 0.08
8.312764999995125	EXP	ssDel_T: wrapWidth = 1
8.312764999995125	EXP	ssDel_T: bold = null
8.312764999995125	EXP	ssDel_T: italic = null
8.312764999995125	EXP	ssDel_T: color = #FFFFFF
8.312764999995125	EXP	ssDel_T: contrast = 1
8.312764999995125	EXP	llAm_T: units = height
8.312764999995125	EXP	llAm_T: pos = [0,0]
8.312764999995125	EXP	llAm_T: size = undefined
8.312764999995125	EXP	llAm_T: ori = null
8.312764999995125	EXP	llAm_T: opacity = 1
8.312764999995125	EXP	llAm_T: depth = -4
8.312764999995125	EXP	llAm_T: clipMask = null
8.312764999995125	EXP	llAm_T: boundingBox = {"x":0,"y":0,"width":0,"height":0,"type":1}
8.312764999995125	EXP	llAm_T: text = default text
8.312764999995125	EXP	llAm_T: alignHoriz = center
8.312764999995125	EXP	llAm_T: alignVert = center
8.312764999995125	EXP	llAm_T: flipHoriz = null
8.312764999995125	EXP	llAm_T: flipVert = null
8.312764999995125	EXP	llAm_T: font = Arial
8.312764999995125	EXP	llAm_T: height = 0.08
8.312764999995125	EXP	llAm_T: wrapWidth = 1
8.312764999995125	EXP	llAm_T: bold = null
8.312764999995125	EXP	llAm_T: italic = null
8.312764999995125	EXP	llAm_T: color = #FFFFFF
8.312764999995125	EXP	llAm_T: contrast = 1
8.312764999995125	EXP	llDel_T: units = height
8.312764999995125	EXP	llDel_T: pos = [0,0]
8.312764999995125	EXP	llDel_T: size = undefined
8.312764999995125	EXP	llDel_T: ori = null
8.312764999995125	EXP	llDel_T: opacity = 1
8.312764999995125	EXP	llDel_T: depth = -5
8.312764999995125	EXP	llDel_T: clipMask = null
8.312764999995125	EXP	llDel_T: boundingBox = {"x":0,"y":0,"width":0,"height":0,"type":1}
8.312764999995125	EXP	llDel_T: text = default text
8.312764999995125	EXP	llDel_T: alignHoriz = center
8.312764999995125	EXP	llDel_T: alignVert = center
8.312764999995125	EXP	llDel_T: flipHoriz = null
8.312764999995125	EXP	llDel_T: flipVert = null
8.312764999995125	EXP	llDel_T: font = Arial
8.312764999995125	EXP	llDel_T: height = 0.08
8.312764999995125	EXP	llDel_T: wrapWidth = 1
8.312764999995125	EXP	llDel_T: bold = null
8.312764999995125	EXP	llDel_T: italic = null
8.312764999995125	EXP	llDel_T: color = #FFFFFF
8.312764999995125	EXP	llDel_T: contrast = 1
8.312764999995125	EXP	textfbT: units = height
8.312764999995125	EXP	textfbT: pos = [0,0]
8.312764999995125	EXP	textfbT: size = undefined
8.312764999995125	EXP	textfbT: ori = null
8.312764999995125	EXP	textfbT: opacity = 1
8.312764999995125	EXP	textfbT: depth = -1
8.312764999995125	EXP	textfbT: clipMask = null
8.312764999995125	EXP	textfbT: boundingBox = {"x":0,"y":0,"width":0,"height":0,"type":1}
8.312764999995125	EXP	textfbT: text = default text
8.312764999995125	EXP	textfbT: alignHoriz = center
8.312764999995125	EXP	textfbT: alignVert = center
8.312764999995125	EXP	textfbT: flipHoriz = null
8.312764999995125	EXP	textfbT: flipVert = null
8.312764999995125	EXP	textfbT: font = Arial
8.312764999995125	EXP	textfbT: height = 0.06
8.312764999995125	EXP	textfbT: wrapWidth = 1
8.312764999995125	EXP	textfbT: bold = null
8.312764999995125	EXP	textfbT: italic = null
8.312764999995125	EXP	textfbT: color = #FFFFFF
8.312764999995125	EXP	textfbT: contrast = 1
8.312764999995125	EXP	Gracias: units = height
8.312764999995125	EXP	Gracias: pos = [0,0]
8.312764999995125	EXP	Gracias: size = undefined
8.312764999995125	EXP	Gracias: ori = null
8.312764999995125	EXP	Gracias: opacity = 1
8.312764999995125	EXP	Gracias: depth = null
8.312764999995125	EXP	Gracias: clipMask = null
8.312764999995125	EXP	Gracias: boundingBox = {"x":0,"y":0,"width":0,"height":0,"type":1}
8.312764999995125	EXP	Gracias: text = Terminaste!

Muchas gracias por participar!
8.312764999995125	EXP	Gracias: alignHoriz = center
8.312764999995125	EXP	Gracias: alignVert = center
8.312764999995125	EXP	Gracias: flipHoriz = null
8.312764999995125	EXP	Gracias: flipVert = null
8.312764999995125	EXP	Gracias: font = Arial
8.312764999995125	EXP	Gracias: height = 0.06
8.312764999995125	EXP	Gracias: wrapWidth = 1
8.312764999995125	EXP	Gracias: bold = null
8.312764999995125	EXP	Gracias: italic = null
8.312764999995125	EXP	Gracias: color = #FFFFFF
8.312764999995125	EXP	Gracias: contrast = 1
8.312764999995125	EXP	intro1: autoDraw = true
12.075659999987693	DATA	Keydown:  
12.10378999999375	EXP	intro1: autoDraw = null
12.10378999999375	EXP	intro2: autoDraw = true
32.18454999999085	DATA	Keydown:  
32.202934999993886	EXP	intro2: autoDraw = null
32.202934999993886	EXP	intro2_2: autoDraw = true
33.45621499999834	DATA	Keydown:  
33.46718999999575	EXP	intro2_2: autoDraw = null
33.46718999999575	EXP	Intro2_3: autoDraw = true
36.34776499999862	DATA	Keydown: ArrowLeft
42.213649999990594	DATA	Keydown:  
42.26290999999037	EXP	Intro2_3: autoDraw = null
42.26290999999037	EXP	intro3: autoDraw = true
42.26290999999037	EXP	ss_am: autoDraw = true
42.26290999999037	EXP	ss_del: autoDraw = true
42.26290999999037	EXP	ll_am: autoDraw = true
42.26290999999037	EXP	ll_del: autoDraw = true
50.482889999999315	DATA	Keydown: ArrowRight
50.50165500000003	EXP	intro3: autoDraw = null
50.50165500000003	EXP	ss_am: autoDraw = null
50.50165500000003	EXP	ss_del: autoDraw = null
50.50165500000003	EXP	ll_am: autoDraw = null
50.50165500000003	EXP	ll_del: autoDraw = null
50.50165500000003	EXP	Intro4: autoDraw = true
52.049984999990556	DATA	Keydown: ArrowRight
52.95324499999697	DATA	Keydown: ArrowDown
54.93479999998817	DATA	Keydown: ArrowRight
55.24077999999281	DATA	Keydown: g
55.73507499998959	DATA	Keydown:  
55.806299999996554	EXP	Intro4: autoDraw = null
55.806299999996554	EXP	ssAm_P: pos = [0.5,0.1]
55.806299999996554	EXP	ssAm_P: text = $25000
55.806299999996554	EXP	ssDel_P: pos = [0.5,-0.1]
55.806299999996554	EXP	llAm_P: pos = [-0.5,0.1]
55.806299999996554	EXP	llAm_P: text = $35000
55.806299999996554	EXP	llDel_P: pos = [-0.5,-0.1]
55.806299999996554	EXP	llDel_P: text = en 150 días
55.806299999996554	EXP	pregunta: autoDraw = true
55.806299999996554	EXP	ssAm_P: autoDraw = true
55.806299999996554	EXP	ssDel_P: autoDraw = true
55.806299999996554	EXP	llAm_P: autoDraw = true
55.806299999996554	EXP	llDel_P: autoDraw = true
56.634874999988824	DATA	Keydown: ArrowRight
56.65333999998984	EXP	pregunta: autoDraw = null
56.65333999998984	EXP	ssAm_P: autoDraw = null
56.65333999998984	EXP	ssDel_P: autoDraw = null
56.65333999998984	EXP	llAm_P: autoDraw = null
56.65333999998984	EXP	llDel_P: autoDraw = null
56.65333999998984	EXP	feedbackP: text = Elegiste no esperar
56.65333999998984	EXP	feedbackP: autoDraw = true
59.667734999995446	EXP	feedbackP: autoDraw = null
59.667734999995446	EXP	feedbackP: autoDraw = null
59.667734999995446	EXP	ssAm_P: pos = [0.5,0.1]
59.667734999995446	EXP	ssAm_P: text = $10000
59.667734999995446	EXP	ssDel_P: pos = [0.5,-0.1]
59.667734999995446	EXP	llAm_P: pos = [-0.5,0.1]
59.667734999995446	EXP	llAm_P: text = $19000
59.667734999995446	EXP	llDel_P: pos = [-0.5,-0.1]
59.667734999995446	EXP	llDel_P: text = en 89 días
59.667734999995446	EXP	pregunta: autoDraw = true
59.667734999995446	EXP	ssAm_P: autoDraw = true
59.667734999995446	EXP	ssDel_P: autoDraw = true
59.667734999995446	EXP	llAm_P: autoDraw = true
59.667734999995446	EXP	llDel_P: autoDraw = true
59.85729499999434	DATA	Keydown:  
63.729509999990114	DATA	Keydown: ArrowLeft
63.736189999995986	EXP	pregunta: autoDraw = null
63.736189999995986	EXP	ssAm_P: autoDraw = null
63.736189999995986	EXP	ssDel_P: autoDraw = null
63.736189999995986	EXP	llAm_P: autoDraw = null
63.736189999995986	EXP	llDel_P: autoDraw = null
63.736189999995986	EXP	feedbackP: text = Elegiste esperar
63.736189999995986	EXP	feedbackP: autoDraw = true
66.45168499999272	DATA	Keydown: ArrowLeft
66.74087999999756	EXP	feedbackP: autoDraw = null
66.74087999999756	EXP	feedbackP: autoDraw = null
66.74087999999756	EXP	ssAm_P: pos = [-0.5,0.1]
66.74087999999756	EXP	ssAm_P: text = $10000
66.74087999999756	EXP	ssDel_P: pos = [-0.5,-0.1]
66.74087999999756	EXP	llAm_P: pos = [0.5,0.1]
66.74087999999756	EXP	llAm_P: text = $109000
66.74087999999756	EXP	llDel_P: pos = [0.5,-0.1]
66.74087999999756	EXP	llDel_P: text = en 9 días
66.74087999999756	EXP	pregunta: autoDraw = true
66.74087999999756	EXP	ssAm_P: autoDraw = true
66.74087999999756	EXP	ssDel_P: autoDraw = true
66.74087999999756	EXP	llAm_P: autoDraw = true
66.74087999999756	EXP	llDel_P: autoDraw = true
72.27273499999137	DATA	Keydown: ArrowRight
72.28605499998957	EXP	pregunta: autoDraw = null
72.28605499998957	EXP	ssAm_P: autoDraw = null
72.28605499998957	EXP	ssDel_P: autoDraw = null
72.28605499998957	EXP	llAm_P: autoDraw = null
72.28605499998957	EXP	llDel_P: autoDraw = null
72.28605499998957	EXP	feedbackP: text = Elegiste esperar
72.28605499998957	EXP	feedbackP: autoDraw = true
75.29379999999946	EXP	feedbackP: autoDraw = null
75.29379999999946	EXP	feedbackP: autoDraw = null
75.29379999999946	EXP	comienzo: autoDraw = true
79.68154999999388	DATA	Keydown:  
80.28073999998742	DATA	Keydown: ArrowRight
81.60901999998896	DATA	Keydown:  
82.1864549999882	DATA	Keydown: ArrowLeft
82.76071999999112	DATA	Keydown: g
82.81518499999947	EXP	comienzo: autoDraw = null
82.81518499999947	EXP	ssAm_T: pos = [-0.5,0.1]
82.81518499999947	EXP	ssAm_T: text = $5000
82.81518499999947	EXP	ssDel_T: pos = [-0.5,-0.1]
82.81518499999947	EXP	llAm_T: pos = [0.5,0.1]
82.81518499999947	EXP	llAm_T: text = $150000
82.81518499999947	EXP	llDel_T: pos = [0.5,-0.1]
82.81518499999947	EXP	llDel_T: text = en 90 días
82.81518499999947	EXP	preguntaT: autoDraw = true
82.81518499999947	EXP	ssAm_T: autoDraw = true
82.81518499999947	EXP	ssDel_T: autoDraw = true
82.81518499999947	EXP	llAm_T: autoDraw = true
82.81518499999947	EXP	llDel_T: autoDraw = true
85.29346999998961	DATA	Keydown: ArrowRight
85.31249499999103	EXP	preguntaT: autoDraw = null
85.31249499999103	EXP	ssAm_T: autoDraw = null
85.31249499999103	EXP	ssDel_T: autoDraw = null
85.31249499999103	EXP	llAm_T: autoDraw = null
85.31249499999103	EXP	llDel_T: autoDraw = null
85.31249499999103	EXP	textfbT: text = Elegiste esperar
85.31249499999103	EXP	textfbT: autoDraw = true
87.12448999998742	DATA	Keydown: ArrowRight
87.80899499999941	DATA	Keydown:  
88.31184999999823	EXP	textfbT: autoDraw = null
88.31184999999823	EXP	textfbT: autoDraw = null
88.31184999999823	EXP	ssAm_T: pos = [0.5,0.1]
88.31184999999823	EXP	ssAm_T: text = $5000
88.31184999999823	EXP	ssDel_T: pos = [0.5,-0.1]
88.31184999999823	EXP	llAm_T: pos = [-0.5,0.1]
88.31184999999823	EXP	llAm_T: text = $151000
88.31184999999823	EXP	llDel_T: pos = [-0.5,-0.1]
88.31184999999823	EXP	llDel_T: text = en 150 días
88.31184999999823	EXP	preguntaT: autoDraw = true
88.31184999999823	EXP	ssAm_T: autoDraw = true
88.31184999999823	EXP	ssDel_T: autoDraw = true
88.31184999999823	EXP	llAm_T: autoDraw = true
88.31184999999823	EXP	llDel_T: autoDraw = true
91.74241500000062	DATA	Keydown: ArrowLeft
91.75857999999425	EXP	preguntaT: autoDraw = null
91.75857999999425	EXP	ssAm_T: autoDraw = null
91.75857999999425	EXP	ssDel_T: autoDraw = null
91.75857999999425	EXP	llAm_T: autoDraw = null
91.75857999999425	EXP	llDel_T: autoDraw = null
91.75857999999425	EXP	textfbT: text = Elegiste esperar
91.75857999999425	EXP	textfbT: autoDraw = true
94.77395999999135	EXP	textfbT: autoDraw = null
94.77395999999135	EXP	textfbT: autoDraw = null
94.77395999999135	EXP	ssAm_T: pos = [0.5,0.1]
94.77395999999135	EXP	ssAm_T: text = $5000
94.77395999999135	EXP	ssDel_T: pos = [0.5,-0.1]
94.77395999999135	EXP	llAm_T: pos = [-0.5,0.1]
94.77395999999135	EXP	llAm_T: text = $106000
94.77395999999135	EXP	llDel_T: pos = [-0.5,-0.1]
94.77395999999135	EXP	llDel_T: text = en 152 días
94.77395999999135	EXP	preguntaT: autoDraw = true
94.77395999999135	EXP	ssAm_T: autoDraw = true
94.77395999999135	EXP	ssDel_T: autoDraw = true
94.77395999999135	EXP	llAm_T: autoDraw = true
94.77395999999135	EXP	llDel_T: autoDraw = true
97.065419999999	DATA	Keydown: ArrowLeft
97.07456499998807	EXP	preguntaT: autoDraw = null
97.07456499998807	EXP	ssAm_T: autoDraw = null
97.07456499998807	EXP	ssDel_T: autoDraw = null
97.07456499998807	EXP	llAm_T: autoDraw = null
97.07456499998807	EXP	llDel_T: autoDraw = null
97.07456499998807	EXP	textfbT: text = Elegiste esperar
97.07456499998807	EXP	textfbT: autoDraw = true
100.09208499999659	EXP	textfbT: autoDraw = null
100.09208499999659	EXP	textfbT: autoDraw = null
100.09208499999659	EXP	ssAm_T: pos = [-0.5,0.1]
100.09208499999659	EXP	ssAm_T: text = $10000
100.09208499999659	EXP	ssDel_T: pos = [-0.5,-0.1]
100.09208499999659	EXP	llAm_T: pos = [0.5,0.1]
100.09208499999659	EXP	llAm_T: text = $110000
100.09208499999659	EXP	llDel_T: pos = [0.5,-0.1]
100.09208499999659	EXP	llDel_T: text = en 90 días
100.09208499999659	EXP	preguntaT: autoDraw = true
100.09208499999659	EXP	ssAm_T: autoDraw = true
100.09208499999659	EXP	ssDel_T: autoDraw = true
100.09208499999659	EXP	llAm_T: autoDraw = true
100.09208499999659	EXP	llDel_T: autoDraw = true
106.85099999999511	DATA	Keydown: ArrowRight
106.86153999999806	EXP	preguntaT: autoDraw = null
106.86153999999806	EXP	ssAm_T: autoDraw = null
106.86153999999806	EXP	ssDel_T: autoDraw = null
106.86153999999806	EXP	llAm_T: autoDraw = null
106.86153999999806	EXP	llDel_T: autoDraw = null
106.86153999999806	EXP	textfbT: text = Elegiste esperar
106.86153999999806	EXP	textfbT: autoDraw = true
109.8777349999873	EXP	textfbT: autoDraw = null
109.8777349999873	EXP	textfbT: autoDraw = null
109.8777349999873	EXP	ssAm_T: pos = [-0.5,0.1]
109.8777349999873	EXP	ssAm_T: text = $5000
109.8777349999873	EXP	ssDel_T: pos = [-0.5,-0.1]
109.8777349999873	EXP	llAm_T: pos = [0.5,0.1]
109.8777349999873	EXP	llAm_T: text = $36000
109.8777349999873	EXP	llDel_T: pos = [0.5,-0.1]
109.8777349999873	EXP	llDel_T: text = en 61 días
109.8777349999873	EXP	preguntaT: autoDraw = true
109.8777349999873	EXP	ssAm_T: autoDraw = true
109.8777349999873	EXP	ssDel_T: autoDraw = true
109.8777349999873	EXP	llAm_T: autoDraw = true
109.8777349999873	EXP	llDel_T: autoDraw = true
114.63360000000102	DATA	Keydown: ArrowLeft
114.6513500000001	EXP	preguntaT: autoDraw = null
114.6513500000001	EXP	ssAm_T: autoDraw = null
114.6513500000001	EXP	ssDel_T: autoDraw = null
114.6513500000001	EXP	llAm_T: autoDraw = null
114.6513500000001	EXP	llDel_T: autoDraw = null
114.6513500000001	EXP	textfbT: text = Elegiste no esperar
114.6513500000001	EXP	textfbT: autoDraw = true
117.65894499998831	EXP	textfbT: autoDraw = null
117.65894499998831	EXP	textfbT: autoDraw = null
117.65894499998831	EXP	ssAm_T: pos = [0.5,0.1]
117.65894499998831	EXP	ssAm_T: text = $5000
117.65894499998831	EXP	ssDel_T: pos = [0.5,-0.1]
117.65894499998831	EXP	llAm_T: pos = [-0.5,0.1]
117.65894499998831	EXP	llAm_T: text = $35000
117.65894499998831	EXP	llDel_T: pos = [-0.5,-0.1]
117.65894499998831	EXP	llDel_T: text = en 89 días
117.65894499998831	EXP	preguntaT: autoDraw = true
117.65894499998831	EXP	ssAm_T: autoDraw = true
117.65894499998831	EXP	ssDel_T: autoDraw = true
117.65894499998831	EXP	llAm_T: autoDraw = true
117.65894499998831	EXP	llDel_T: autoDraw = true
120.65090499998769	DATA	Keydown: ArrowRight
120.66429999998945	EXP	preguntaT: autoDraw = null
120.66429999998945	EXP	ssAm_T: autoDraw = null
120.66429999998945	EXP	ssDel_T: autoDraw = null
120.66429999998945	EXP	llAm_T: autoDraw = null
120.66429999998945	EXP	llDel_T: autoDraw = null
120.66429999998945	EXP	textfbT: text = Elegiste no esperar
120.66429999998945	EXP	textfbT: autoDraw = true
123.66626999998698	EXP	textfbT: autoDraw = null
123.66626999998698	EXP	textfbT: autoDraw = null
123.66626999998698	EXP	ssAm_T: pos = [0.5,0.1]
123.66626999998698	EXP	ssAm_T: text = $5000
123.66626999998698	EXP	ssDel_T: pos = [0.5,-0.1]
123.66626999998698	EXP	llAm_T: pos = [-0.5,0.1]
123.66626999998698	EXP	llAm_T: text = $35000
123.66626999998698	EXP	llDel_T: pos = [-0.5,-0.1]
123.66626999998698	EXP	llDel_T: text = en 6 días
123.66626999998698	EXP	preguntaT: autoDraw = true
123.66626999998698	EXP	ssAm_T: autoDraw = true
123.66626999998698	EXP	ssDel_T: autoDraw = true
123.66626999998698	EXP	llAm_T: autoDraw = true
123.66626999998698	EXP	llDel_T: autoDraw = true
126.38573499998893	DATA	Keydown: ArrowLeft
126.40165999998862	EXP	preguntaT: autoDraw = null
126.40165999998862	EXP	ssAm_T: autoDraw = null
126.40165999998862	EXP	ssDel_T: autoDraw = null
126.40165999998862	EXP	llAm_T: autoDraw = null
126.40165999998862	EXP	llDel_T: autoDraw = null
126.40165999998862	EXP	textfbT: text = Elegiste esperar
126.40165999998862	EXP	textfbT: autoDraw = true
129.41027999999642	EXP	textfbT: autoDraw = null
129.41027999999642	EXP	textfbT: autoDraw = null
129.41027999999642	EXP	ssAm_T: pos = [-0.5,0.1]
129.41027999999642	EXP	ssAm_T: text = $25000
129.41027999999642	EXP	ssDel_T: pos = [-0.5,-0.1]
129.41027999999642	EXP	llAm_T: pos = [0.5,0.1]
129.41027999999642	EXP	llAm_T: text = $35000
129.41027999999642	EXP	llDel_T: pos = [0.5,-0.1]
129.41027999999642	EXP	llDel_T: text = en 5 días
129.41027999999642	EXP	preguntaT: autoDraw = true
129.41027999999642	EXP	ssAm_T: autoDraw = true
129.41027999999642	EXP	ssDel_T: autoDraw = true
129.41027999999642	EXP	llAm_T: autoDraw = true
129.41027999999642	EXP	llDel_T: autoDraw = true
132.13153999998758	DATA	Keydown: ArrowLeft
132.14866500000062	EXP	preguntaT: autoDraw = null
132.14866500000062	EXP	ssAm_T: autoDraw = null
132.14866500000062	EXP	ssDel_T: autoDraw = null
132.14866500000062	EXP	llAm_T: autoDraw = null
132.14866500000062	EXP	llDel_T: autoDraw = null
132.14866500000062	EXP	textfbT: text = Elegiste no esperar
132.14866500000062	EXP	textfbT: autoDraw = true
135.1540449999884	EXP	textfbT: autoDraw = null
135.1540449999884	EXP	textfbT: autoDraw = null
135.1540449999884	EXP	ssAm_T: pos = [-0.5,0.1]
135.1540449999884	EXP	ssAm_T: text = $25000
135.1540449999884	EXP	ssDel_T: pos = [-0.5,-0.1]
135.1540449999884	EXP	llAm_T: pos = [0.5,0.1]
135.1540449999884	EXP	llAm_T: text = $75000
135.1540449999884	EXP	llDel_T: pos = [0.5,-0.1]
135.1540449999884	EXP	llDel_T: text = en 90 días
135.1540449999884	EXP	preguntaT: autoDraw = true
135.1540449999884	EXP	ssAm_T: autoDraw = true
135.1540449999884	EXP	ssDel_T: autoDraw = true
135.1540449999884	EXP	llAm_T: autoDraw = true
135.1540449999884	EXP	llDel_T: autoDraw = true
140.8090200000006	DATA	Keydown: ArrowLeft
140.81501500000013	EXP	preguntaT: autoDraw = null
140.81501500000013	EXP	ssAm_T: autoDraw = null
140.81501500000013	EXP	ssDel_T: autoDraw = null
140.81501500000013	EXP	llAm_T: autoDraw = null
140.81501500000013	EXP	llDel_T: autoDraw = null
140.81501500000013	EXP	textfbT: text = Elegiste no esperar
140.81501500000013	EXP	textfbT: autoDraw = true
143.82709999999497	EXP	textfbT: autoDraw = null
143.82709999999497	EXP	textfbT: autoDraw = null
143.82709999999497	EXP	ssAm_T: pos = [-0.5,0.1]
143.82709999999497	EXP	ssAm_T: text = $25000
143.82709999999497	EXP	ssDel_T: pos = [-0.5,-0.1]
143.82709999999497	EXP	llAm_T: pos = [0.5,0.1]
143.82709999999497	EXP	llAm_T: text = $150000
143.82709999999497	EXP	llDel_T: pos = [0.5,-0.1]
143.82709999999497	EXP	llDel_T: text = en 9 días
143.82709999999497	EXP	preguntaT: autoDraw = true
143.82709999999497	EXP	ssAm_T: autoDraw = true
143.82709999999497	EXP	ssDel_T: autoDraw = true
143.82709999999497	EXP	llAm_T: autoDraw = true
143.82709999999497	EXP	llDel_T: autoDraw = true
149.5770499999926	DATA	Keydown: ArrowLeft
149.58236000000034	EXP	preguntaT: autoDraw = null
149.58236000000034	EXP	ssAm_T: autoDraw = null
149.58236000000034	EXP	ssDel_T: autoDraw = null
149.58236000000034	EXP	llAm_T: autoDraw = null
149.58236000000034	EXP	llDel_T: autoDraw = null
149.58236000000034	EXP	textfbT: text = Elegiste no esperar
149.58236000000034	EXP	textfbT: autoDraw = true
152.59311999999045	EXP	textfbT: autoDraw = null
152.59311999999045	EXP	textfbT: autoDraw = null
152.59311999999045	EXP	ssAm_T: pos = [0.5,0.1]
152.59311999999045	EXP	ssAm_T: text = $5000
152.59311999999045	EXP	ssDel_T: pos = [0.5,-0.1]
152.59311999999045	EXP	llAm_T: pos = [-0.5,0.1]
152.59311999999045	EXP	llAm_T: text = $104000
152.59311999999045	EXP	llDel_T: pos = [-0.5,-0.1]
152.59311999999045	EXP	llDel_T: text = en 90 días
152.59311999999045	EXP	preguntaT: autoDraw = true
152.59311999999045	EXP	ssAm_T: autoDraw = true
152.59311999999045	EXP	ssDel_T: autoDraw = true
152.59311999999045	EXP	llAm_T: autoDraw = true
152.59311999999045	EXP	llDel_T: autoDraw = true
154.90235499999835	DATA	Keydown: ArrowLeft
154.91978499999095	EXP	preguntaT: autoDraw = null
154.91978499999095	EXP	ssAm_T: autoDraw = null
154.91978499999095	EXP	ssDel_T: autoDraw = null
154.91978499999095	EXP	llAm_T: autoDraw = null
154.91978499999095	EXP	llDel_T: autoDraw = null
154.91978499999095	EXP	textfbT: text = Elegiste esperar
154.91978499999095	EXP	textfbT: autoDraw = true
157.92210999999952	EXP	textfbT: autoDraw = null
157.92210999999952	EXP	textfbT: autoDraw = null
157.92210999999952	EXP	ssAm_T: pos = [0.5,0.1]
157.92210999999952	EXP	ssAm_T: text = $5000
157.92210999999952	EXP	ssDel_T: pos = [0.5,-0.1]
157.92210999999952	EXP	llAm_T: pos = [-0.5,0.1]
157.92210999999952	EXP	llAm_T: text = $16000
157.92210999999952	EXP	llDel_T: pos = [-0.5,-0.1]
157.92210999999952	EXP	llDel_T: text = en 4 días
157.92210999999952	EXP	preguntaT: autoDraw = true
157.92210999999952	EXP	ssAm_T: autoDraw = true
157.92210999999952	EXP	ssDel_T: autoDraw = true
157.92210999999952	EXP	llAm_T: autoDraw = true
157.92210999999952	EXP	llDel_T: autoDraw = true
160.16946499999904	DATA	Keydown: ArrowLeft
160.1843649999937	EXP	preguntaT: autoDraw = null
160.1843649999937	EXP	ssAm_T: autoDraw = null
160.1843649999937	EXP	ssDel_T: autoDraw = null
160.1843649999937	EXP	llAm_T: autoDraw = null
160.1843649999937	EXP	llDel_T: autoDraw = null
160.1843649999937	EXP	textfbT: text = Elegiste esperar
160.1843649999937	EXP	textfbT: autoDraw = true
163.19027500000084	EXP	textfbT: autoDraw = null
163.19027500000084	EXP	textfbT: autoDraw = null
163.19027500000084	EXP	ssAm_T: pos = [-0.5,0.1]
163.19027500000084	EXP	ssAm_T: text = $10000
163.19027500000084	EXP	ssDel_T: pos = [-0.5,-0.1]
163.19027500000084	EXP	llAm_T: pos = [0.5,0.1]
163.19027500000084	EXP	llAm_T: text = $59000
163.19027500000084	EXP	llDel_T: pos = [0.5,-0.1]
163.19027500000084	EXP	llDel_T: text = en 9 días
163.19027500000084	EXP	preguntaT: autoDraw = true
163.19027500000084	EXP	ssAm_T: autoDraw = true
163.19027500000084	EXP	ssDel_T: autoDraw = true
163.19027500000084	EXP	llAm_T: autoDraw = true
163.19027500000084	EXP	llDel_T: autoDraw = true
166.6537849999877	DATA	Keydown: ArrowRight
166.6696399999928	EXP	preguntaT: autoDraw = null
166.6696399999928	EXP	ssAm_T: autoDraw = null
166.6696399999928	EXP	ssDel_T: autoDraw = null
166.6696399999928	EXP	llAm_T: autoDraw = null
166.6696399999928	EXP	llDel_T: autoDraw = null
166.6696399999928	EXP	textfbT: text = Elegiste esperar
166.6696399999928	EXP	textfbT: autoDraw = true
169.67438499999116	EXP	textfbT: autoDraw = null
169.67438499999116	EXP	textfbT: autoDraw = null
169.67438499999116	EXP	ssAm_T: pos = [-0.5,0.1]
169.67438499999116	EXP	ssAm_T: text = $5000
169.67438499999116	EXP	ssDel_T: pos = [-0.5,-0.1]
169.67438499999116	EXP	llAm_T: pos = [0.5,0.1]
169.67438499999116	EXP	llAm_T: text = $105000
169.67438499999116	EXP	llDel_T: pos = [0.5,-0.1]
169.67438499999116	EXP	llDel_T: text = en 60 días
169.67438499999116	EXP	preguntaT: autoDraw = true
169.67438499999116	EXP	ssAm_T: autoDraw = true
169.67438499999116	EXP	ssDel_T: autoDraw = true
169.67438499999116	EXP	llAm_T: autoDraw = true
169.67438499999116	EXP	llDel_T: autoDraw = true
171.80988499999512	DATA	Keydown: ArrowRight
171.82043500000145	EXP	preguntaT: autoDraw = null
171.82043500000145	EXP	ssAm_T: autoDraw = null
171.82043500000145	EXP	ssDel_T: autoDraw = null
171.82043500000145	EXP	llAm_T: autoDraw = null
171.82043500000145	EXP	llDel_T: autoDraw = null
171.82043500000145	EXP	textfbT: text = Elegiste esperar
171.82043500000145	EXP	textfbT: autoDraw = true
174.8278849999915	EXP	textfbT: autoDraw = null
174.8278849999915	EXP	textfbT: autoDraw = null
174.8278849999915	EXP	ssAm_T: pos = [0.5,0.1]
174.8278849999915	EXP	ssAm_T: text = $10000
174.8278849999915	EXP	ssDel_T: pos = [0.5,-0.1]
174.8278849999915	EXP	llAm_T: pos = [-0.5,0.1]
174.8278849999915	EXP	llAm_T: text = $149000
174.8278849999915	EXP	llDel_T: pos = [-0.5,-0.1]
174.8278849999915	EXP	llDel_T: text = en 89 días
174.8278849999915	EXP	preguntaT: autoDraw = true
174.8278849999915	EXP	ssAm_T: autoDraw = true
174.8278849999915	EXP	ssDel_T: autoDraw = true
174.8278849999915	EXP	llAm_T: autoDraw = true
174.8278849999915	EXP	llDel_T: autoDraw = true
178.0967149999924	DATA	Keydown: ArrowRight
178.1061550000013	EXP	preguntaT: autoDraw = null
178.1061550000013	EXP	ssAm_T: autoDraw = null
178.1061550000013	EXP	ssDel_T: autoDraw = null
178.1061550000013	EXP	llAm_T: autoDraw = null
178.1061550000013	EXP	llDel_T: autoDraw = null
178.1061550000013	EXP	textfbT: text = Elegiste no esperar
178.1061550000013	EXP	textfbT: autoDraw = true
181.1105099999986	EXP	textfbT: autoDraw = null
181.1105099999986	EXP	textfbT: autoDraw = null
181.1105099999986	EXP	ssAm_T: pos = [-0.5,0.1]
181.1105099999986	EXP	ssAm_T: text = $25000
181.1105099999986	EXP	ssDel_T: pos = [-0.5,-0.1]
181.1105099999986	EXP	llAm_T: pos = [0.5,0.1]
181.1105099999986	EXP	llAm_T: text = $125000
181.1105099999986	EXP	llDel_T: pos = [0.5,-0.1]
181.1105099999986	EXP	llDel_T: text = en 59 días
181.1105099999986	EXP	preguntaT: autoDraw = true
181.1105099999986	EXP	ssAm_T: autoDraw = true
181.1105099999986	EXP	ssDel_T: autoDraw = true
181.1105099999986	EXP	llAm_T: autoDraw = true
181.1105099999986	EXP	llDel_T: autoDraw = true
185.1232849999942	DATA	Keydown: ArrowLeft
185.1394650000002	EXP	preguntaT: autoDraw = null
185.1394650000002	EXP	ssAm_T: autoDraw = null
185.1394650000002	EXP	ssDel_T: autoDraw = null
185.1394650000002	EXP	llAm_T: autoDraw = null
185.1394650000002	EXP	llDel_T: autoDraw = null
185.1394650000002	EXP	textfbT: text = Elegiste no esperar
185.1394650000002	EXP	textfbT: autoDraw = true
188.14344999998866	EXP	textfbT: autoDraw = null
188.14344999998866	EXP	textfbT: autoDraw = null
188.14344999998866	EXP	ssAm_T: pos = [-0.5,0.1]
188.14344999998866	EXP	ssAm_T: text = $10000
188.14344999998866	EXP	ssDel_T: pos = [-0.5,-0.1]
188.14344999998866	EXP	llAm_T: pos = [0.5,0.1]
188.14344999998866	EXP	llAm_T: text = $60000
188.14344999998866	EXP	llDel_T: pos = [0.5,-0.1]
188.14344999998866	EXP	llDel_T: text = en 60 días
188.14344999998866	EXP	preguntaT: autoDraw = true
188.14344999998866	EXP	ssAm_T: autoDraw = true
188.14344999998866	EXP	ssDel_T: autoDraw = true
188.14344999998866	EXP	llAm_T: autoDraw = true
188.14344999998866	EXP	llDel_T: autoDraw = true
191.5928899999999	DATA	Keydown: ArrowLeft
191.60758999999962	EXP	preguntaT: autoDraw = null
191.60758999999962	EXP	ssAm_T: autoDraw = null
191.60758999999962	EXP	ssDel_T: autoDraw = null
191.60758999999962	EXP	llAm_T: autoDraw = null
191.60758999999962	EXP	llDel_T: autoDraw = null
191.60758999999962	EXP	textfbT: text = Elegiste no esperar
191.60758999999962	EXP	textfbT: autoDraw = true
194.61563499999465	EXP	textfbT: autoDraw = null
194.61563499999465	EXP	textfbT: autoDraw = null
194.61563499999465	EXP	ssAm_T: pos = [-0.5,0.1]
194.61563499999465	EXP	ssAm_T: text = $25000
194.61563499999465	EXP	ssDel_T: pos = [-0.5,-0.1]
194.61563499999465	EXP	llAm_T: pos = [0.5,0.1]
194.61563499999465	EXP	llAm_T: text = $125000
194.61563499999465	EXP	llDel_T: pos = [0.5,-0.1]
194.61563499999465	EXP	llDel_T: text = en 149 días
194.61563499999465	EXP	preguntaT: autoDraw = true
194.61563499999465	EXP	ssAm_T: autoDraw = true
194.61563499999465	EXP	ssDel_T: autoDraw = true
194.61563499999465	EXP	llAm_T: autoDraw = true
194.61563499999465	EXP	llDel_T: autoDraw = true
201.80980999999156	DATA	Keydown: ArrowRight
201.82718499998737	EXP	preguntaT: autoDraw = null
201.82718499998737	EXP	ssAm_T: autoDraw = null
201.82718499998737	EXP	ssDel_T: autoDraw = null
201.82718499998737	EXP	llAm_T: autoDraw = null
201.82718499998737	EXP	llDel_T: autoDraw = null
201.82718499998737	EXP	textfbT: text = Elegiste esperar
201.82718499998737	EXP	textfbT: autoDraw = true
204.62620999998762	DATA	Keydown: ArrowRight
204.83091999999306	EXP	textfbT: autoDraw = null
204.83091999999306	EXP	textfbT: autoDraw = null
204.83091999999306	EXP	ssAm_T: pos = [-0.5,0.1]
204.83091999999306	EXP	ssAm_T: text = $25000
204.83091999999306	EXP	ssDel_T: pos = [-0.5,-0.1]
204.83091999999306	EXP	llAm_T: pos = [0.5,0.1]
204.83091999999306	EXP	llAm_T: text = $150000
204.83091999999306	EXP	llDel_T: pos = [0.5,-0.1]
204.83091999999306	EXP	llDel_T: text = en 150 días
204.83091999999306	EXP	preguntaT: autoDraw = true
204.83091999999306	EXP	ssAm_T: autoDraw = true
204.83091999999306	EXP	ssDel_T: autoDraw = true
204.83091999999306	EXP	llAm_T: autoDraw = true
204.83091999999306	EXP	llDel_T: autoDraw = true
206.68079999998736	DATA	Keydown: ArrowLeft
206.69440999999642	EXP	preguntaT: autoDraw = null
206.69440999999642	EXP	ssAm_T: autoDraw = null
206.69440999999642	EXP	ssDel_T: autoDraw = null
206.69440999999642	EXP	llAm_T: autoDraw = null
206.69440999999642	EXP	llDel_T: autoDraw = null
206.69440999999642	EXP	textfbT: text = Elegiste no esperar
206.69440999999642	EXP	textfbT: autoDraw = true
209.69554000000062	EXP	textfbT: autoDraw = null
209.69554000000062	EXP	textfbT: autoDraw = null
209.69554000000062	EXP	ssAm_T: pos = [-0.5,0.1]
209.69554000000062	EXP	ssAm_T: text = $25000
209.69554000000062	EXP	ssDel_T: pos = [-0.5,-0.1]
209.69554000000062	EXP	llAm_T: pos = [0.5,0.1]
209.69554000000062	EXP	llAm_T: text = $35000
209.69554000000062	EXP	llDel_T: pos = [0.5,-0.1]
209.69554000000062	EXP	llDel_T: text = en 150 días
209.69554000000062	EXP	preguntaT: autoDraw = true
209.69554000000062	EXP	ssAm_T: autoDraw = true
209.69554000000062	EXP	ssDel_T: autoDraw = true
209.69554000000062	EXP	llAm_T: autoDraw = true
209.69554000000062	EXP	llDel_T: autoDraw = true
212.97972499999742	DATA	Keydown: ArrowLeft
212.9945449999941	EXP	preguntaT: autoDraw = null
212.9945449999941	EXP	ssAm_T: autoDraw = null
212.9945449999941	EXP	ssDel_T: autoDraw = null
212.9945449999941	EXP	llAm_T: autoDraw = null
212.9945449999941	EXP	llDel_T: autoDraw = null
212.9945449999941	EXP	textfbT: text = Elegiste no esperar
212.9945449999941	EXP	textfbT: autoDraw = true
215.99778999999398	EXP	textfbT: autoDraw = null
215.99778999999398	EXP	textfbT: autoDraw = null
215.99778999999398	EXP	ssAm_T: pos = [0.5,0.1]
215.99778999999398	EXP	ssAm_T: text = $10000
215.99778999999398	EXP	ssDel_T: pos = [0.5,-0.1]
215.99778999999398	EXP	llAm_T: pos = [-0.5,0.1]
215.99778999999398	EXP	llAm_T: text = $10000
215.99778999999398	EXP	llDel_T: pos = [-0.5,-0.1]
215.99778999999398	EXP	llDel_T: text = en 150 días
215.99778999999398	EXP	preguntaT: autoDraw = true
215.99778999999398	EXP	ssAm_T: autoDraw = true
215.99778999999398	EXP	ssDel_T: autoDraw = true
215.99778999999398	EXP	llAm_T: autoDraw = true
215.99778999999398	EXP	llDel_T: autoDraw = true
221.57798999999068	DATA	Keydown: ArrowRight
221.59590499999467	EXP	preguntaT: autoDraw = null
221.59590499999467	EXP	ssAm_T: autoDraw = null
221.59590499999467	EXP	ssDel_T: autoDraw = null
221.59590499999467	EXP	llAm_T: autoDraw = null
221.59590499999467	EXP	llDel_T: autoDraw = null
221.59590499999467	EXP	textfbT: text = Elegiste no esperar
221.59590499999467	EXP	textfbT: autoDraw = true
224.6032750000013	EXP	textfbT: autoDraw = null
224.6032750000013	EXP	textfbT: autoDraw = null
224.6032750000013	EXP	ssAm_T: pos = [-0.5,0.1]
224.6032750000013	EXP	ssAm_T: text = $10000
224.6032750000013	EXP	ssDel_T: pos = [-0.5,-0.1]
224.6032750000013	EXP	llAm_T: pos = [0.5,0.1]
224.6032750000013	EXP	llAm_T: text = $150000
224.6032750000013	EXP	llDel_T: pos = [0.5,-0.1]
224.6032750000013	EXP	llDel_T: text = en 30 días
224.6032750000013	EXP	preguntaT: autoDraw = true
224.6032750000013	EXP	ssAm_T: autoDraw = true
224.6032750000013	EXP	ssDel_T: autoDraw = true
224.6032750000013	EXP	llAm_T: autoDraw = true
224.6032750000013	EXP	llDel_T: autoDraw = true
226.94716999999946	DATA	Keydown: ArrowLeft
226.9630749999924	EXP	preguntaT: autoDraw = null
226.9630749999924	EXP	ssAm_T: autoDraw = null
226.9630749999924	EXP	ssDel_T: autoDraw = null
226.9630749999924	EXP	llAm_T: autoDraw = null
226.9630749999924	EXP	llDel_T: autoDraw = null
226.9630749999924	EXP	textfbT: text = Elegiste no esperar
226.9630749999924	EXP	textfbT: autoDraw = true
229.967564999999	EXP	textfbT: autoDraw = null
229.967564999999	EXP	textfbT: autoDraw = null
229.967564999999	EXP	ssAm_T: pos = [-0.5,0.1]
229.967564999999	EXP	ssAm_T: text = $5000
229.967564999999	EXP	ssDel_T: pos = [-0.5,-0.1]
229.967564999999	EXP	llAm_T: pos = [0.5,0.1]
229.967564999999	EXP	llAm_T: text = $36000
229.967564999999	EXP	llDel_T: pos = [0.5,-0.1]
229.967564999999	EXP	llDel_T: text = en 9 días
229.967564999999	EXP	preguntaT: autoDraw = true
229.967564999999	EXP	ssAm_T: autoDraw = true
229.967564999999	EXP	ssDel_T: autoDraw = true
229.967564999999	EXP	llAm_T: autoDraw = true
229.967564999999	EXP	llDel_T: autoDraw = true
236.23379499999282	DATA	Keydown: ArrowRight
236.25044999999227	EXP	preguntaT: autoDraw = null
236.25044999999227	EXP	ssAm_T: autoDraw = null
236.25044999999227	EXP	ssDel_T: autoDraw = null
236.25044999999227	EXP	llAm_T: autoDraw = null
236.25044999999227	EXP	llDel_T: autoDraw = null
236.25044999999227	EXP	textfbT: text = Elegiste esperar
236.25044999999227	EXP	textfbT: autoDraw = true
239.25302999999258	EXP	textfbT: autoDraw = null
239.25302999999258	EXP	textfbT: autoDraw = null
239.25302999999258	EXP	ssAm_T: pos = [-0.5,0.1]
239.25302999999258	EXP	ssAm_T: text = $25000
239.25302999999258	EXP	ssDel_T: pos = [-0.5,-0.1]
239.25302999999258	EXP	llAm_T: pos = [0.5,0.1]
239.25302999999258	EXP	llAm_T: text = $55000
239.25302999999258	EXP	llDel_T: pos = [0.5,-0.1]
239.25302999999258	EXP	llDel_T: text = en 60 días
239.25302999999258	EXP	preguntaT: autoDraw = true
239.25302999999258	EXP	ssAm_T: autoDraw = true
239.25302999999258	EXP	ssDel_T: autoDraw = true
239.25302999999258	EXP	llAm_T: autoDraw = true
239.25302999999258	EXP	llDel_T: autoDraw = true
242.49983000000066	DATA	Keydown: ArrowRight
242.5157649999892	EXP	preguntaT: autoDraw = null
242.5157649999892	EXP	ssAm_T: autoDraw = null
242.5157649999892	EXP	ssDel_T: autoDraw = null
242.5157649999892	EXP	llAm_T: autoDraw = null
242.5157649999892	EXP	llDel_T: autoDraw = null
242.5157649999892	EXP	textfbT: text = Elegiste esperar
242.5157649999892	EXP	textfbT: autoDraw = true
245.5243300000002	EXP	textfbT: autoDraw = null
245.5243300000002	EXP	textfbT: autoDraw = null
245.5243300000002	EXP	ssAm_T: pos = [-0.5,0.1]
245.5243300000002	EXP	ssAm_T: text = $5000
245.5243300000002	EXP	ssDel_T: pos = [-0.5,-0.1]
245.5243300000002	EXP	llAm_T: pos = [0.5,0.1]
245.5243300000002	EXP	llAm_T: text = $54000
245.5243300000002	EXP	llDel_T: pos = [0.5,-0.1]
245.5243300000002	EXP	llDel_T: text = en 5 días
245.5243300000002	EXP	preguntaT: autoDraw = true
245.5243300000002	EXP	ssAm_T: autoDraw = true
245.5243300000002	EXP	ssDel_T: autoDraw = true
245.5243300000002	EXP	llAm_T: autoDraw = true
245.5243300000002	EXP	llDel_T: autoDraw = true
249.93607499999052	DATA	Keydown: ArrowRight
249.95130000000063	EXP	preguntaT: autoDraw = null
249.95130000000063	EXP	ssAm_T: autoDraw = null
249.95130000000063	EXP	ssDel_T: autoDraw = null
249.95130000000063	EXP	llAm_T: autoDraw = null
249.95130000000063	EXP	llDel_T: autoDraw = null
249.95130000000063	EXP	textfbT: text = Elegiste esperar
249.95130000000063	EXP	textfbT: autoDraw = true
252.9601549999934	EXP	textfbT: autoDraw = null
252.9601549999934	EXP	textfbT: autoDraw = null
252.9601549999934	EXP	ssAm_T: pos = [-0.5,0.1]
252.9601549999934	EXP	ssAm_T: text = $10000
252.9601549999934	EXP	ssDel_T: pos = [-0.5,-0.1]
252.9601549999934	EXP	llAm_T: pos = [0.5,0.1]
252.9601549999934	EXP	llAm_T: text = $149000
252.9601549999934	EXP	llDel_T: pos = [0.5,-0.1]
252.9601549999934	EXP	llDel_T: text = en 61 días
252.9601549999934	EXP	preguntaT: autoDraw = true
252.9601549999934	EXP	ssAm_T: autoDraw = true
252.9601549999934	EXP	ssDel_T: autoDraw = true
252.9601549999934	EXP	llAm_T: autoDraw = true
252.9601549999934	EXP	llDel_T: autoDraw = true
262.05371999999625	DATA	Keydown: ArrowLeft
262.06999999999243	EXP	preguntaT: autoDraw = null
262.06999999999243	EXP	ssAm_T: autoDraw = null
262.06999999999243	EXP	ssDel_T: autoDraw = null
262.06999999999243	EXP	llAm_T: autoDraw = null
262.06999999999243	EXP	llDel_T: autoDraw = null
262.06999999999243	EXP	textfbT: text = Elegiste no esperar
262.06999999999243	EXP	textfbT: autoDraw = true
265.08636499999557	EXP	textfbT: autoDraw = null
265.08636499999557	EXP	textfbT: autoDraw = null
265.08636499999557	EXP	ssAm_T: pos = [-0.5,0.1]
265.08636499999557	EXP	ssAm_T: text = $10000
265.08636499999557	EXP	ssDel_T: pos = [-0.5,-0.1]
265.08636499999557	EXP	llAm_T: pos = [0.5,0.1]
265.08636499999557	EXP	llAm_T: text = $151000
265.08636499999557	EXP	llDel_T: pos = [0.5,-0.1]
265.08636499999557	EXP	llDel_T: text = en 11 días
265.08636499999557	EXP	preguntaT: autoDraw = true
265.08636499999557	EXP	ssAm_T: autoDraw = true
265.08636499999557	EXP	ssDel_T: autoDraw = true
265.08636499999557	EXP	llAm_T: autoDraw = true
265.08636499999557	EXP	llDel_T: autoDraw = true
271.9297499999957	DATA	Keydown: ArrowRight
271.94467499999155	EXP	preguntaT: autoDraw = null
271.94467499999155	EXP	ssAm_T: autoDraw = null
271.94467499999155	EXP	ssDel_T: autoDraw = null
271.94467499999155	EXP	llAm_T: autoDraw = null
271.94467499999155	EXP	llDel_T: autoDraw = null
271.94467499999155	EXP	textfbT: text = Elegiste esperar
271.94467499999155	EXP	textfbT: autoDraw = true
274.95478999998886	EXP	textfbT: autoDraw = null
274.95478999998886	EXP	textfbT: autoDraw = null
274.95478999998886	EXP	ssAm_T: pos = [-0.5,0.1]
274.95478999998886	EXP	ssAm_T: text = $5000
274.95478999998886	EXP	ssDel_T: pos = [-0.5,-0.1]
274.95478999998886	EXP	llAm_T: pos = [0.5,0.1]
274.95478999998886	EXP	llAm_T: text = $149000
274.95478999998886	EXP	llDel_T: pos = [0.5,-0.1]
274.95478999998886	EXP	llDel_T: text = en 59 días
274.95478999998886	EXP	preguntaT: autoDraw = true
274.95478999998886	EXP	ssAm_T: autoDraw = true
274.95478999998886	EXP	ssDel_T: autoDraw = true
274.95478999998886	EXP	llAm_T: autoDraw = true
274.95478999998886	EXP	llDel_T: autoDraw = true
288.37558499998704	DATA	Keydown: ArrowRight
288.3909049999929	EXP	preguntaT: autoDraw = null
288.3909049999929	EXP	ssAm_T: autoDraw = null
288.3909049999929	EXP	ssDel_T: autoDraw = null
288.3909049999929	EXP	llAm_T: autoDraw = null
288.3909049999929	EXP	llDel_T: autoDraw = null
288.3909049999929	EXP	textfbT: text = Elegiste esperar
288.3909049999929	EXP	textfbT: autoDraw = true
291.408694999991	EXP	textfbT: autoDraw = null
291.408694999991	EXP	textfbT: autoDraw = null
291.408694999991	EXP	ssAm_T: pos = [-0.5,0.1]
291.408694999991	EXP	ssAm_T: text = $25000
291.408694999991	EXP	ssDel_T: pos = [-0.5,-0.1]
291.408694999991	EXP	llAm_T: pos = [0.5,0.1]
291.408694999991	EXP	llAm_T: text = $75000
291.408694999991	EXP	llDel_T: pos = [0.5,-0.1]
291.408694999991	EXP	llDel_T: text = en 10 días
291.408694999991	EXP	preguntaT: autoDraw = true
291.408694999991	EXP	ssAm_T: autoDraw = true
291.408694999991	EXP	ssDel_T: autoDraw = true
291.408694999991	EXP	llAm_T: autoDraw = true
291.408694999991	EXP	llDel_T: autoDraw = true
292.5804050000006	DATA	Keydown: ArrowRight
292.5938499999902	EXP	preguntaT: autoDraw = null
292.5938499999902	EXP	ssAm_T: autoDraw = null
292.5938499999902	EXP	ssDel_T: autoDraw = null
292.5938499999902	EXP	llAm_T: autoDraw = null
292.5938499999902	EXP	llDel_T: autoDraw = null
292.5938499999902	EXP	textfbT: text = Elegiste esperar
292.5938499999902	EXP	textfbT: autoDraw = true
295.60954499999934	EXP	textfbT: autoDraw = null
295.60954499999934	EXP	textfbT: autoDraw = null
295.60954499999934	EXP	ssAm_T: pos = [-0.5,0.1]
295.60954499999934	EXP	ssAm_T: text = $5000
295.60954499999934	EXP	ssDel_T: pos = [-0.5,-0.1]
295.60954499999934	EXP	llAm_T: pos = [0.5,0.1]
295.60954499999934	EXP	llAm_T: text = $14000
295.60954499999934	EXP	llDel_T: pos = [0.5,-0.1]
295.60954499999934	EXP	llDel_T: text = en 31 días
295.60954499999934	EXP	preguntaT: autoDraw = true
295.60954499999934	EXP	ssAm_T: autoDraw = true
295.60954499999934	EXP	ssDel_T: autoDraw = true
295.60954499999934	EXP	llAm_T: autoDraw = true
295.60954499999934	EXP	llDel_T: autoDraw = true
299.5471099999995	DATA	Keydown: ArrowLeft
299.5666649999912	EXP	preguntaT: autoDraw = null
299.5666649999912	EXP	ssAm_T: autoDraw = null
299.5666649999912	EXP	ssDel_T: autoDraw = null
299.5666649999912	EXP	llAm_T: autoDraw = null
299.5666649999912	EXP	llDel_T: autoDraw = null
299.5666649999912	EXP	textfbT: text = Elegiste no esperar
299.5666649999912	EXP	textfbT: autoDraw = true
302.5764399999898	EXP	textfbT: autoDraw = null
302.5764399999898	EXP	textfbT: autoDraw = null
302.5764399999898	EXP	ssAm_T: pos = [0.5,0.1]
302.5764399999898	EXP	ssAm_T: text = $25000
302.5764399999898	EXP	ssDel_T: pos = [0.5,-0.1]
302.5764399999898	EXP	llAm_T: pos = [-0.5,0.1]
302.5764399999898	EXP	llAm_T: text = $125000
302.5764399999898	EXP	llDel_T: pos = [-0.5,-0.1]
302.5764399999898	EXP	llDel_T: text = en 89 días
302.5764399999898	EXP	preguntaT: autoDraw = true
302.5764399999898	EXP	ssAm_T: autoDraw = true
302.5764399999898	EXP	ssDel_T: autoDraw = true
302.5764399999898	EXP	llAm_T: autoDraw = true
302.5764399999898	EXP	llDel_T: autoDraw = true
315.012745	DATA	Keydown: ArrowRight
315.0284199999878	EXP	preguntaT: autoDraw = null
315.0284199999878	EXP	ssAm_T: autoDraw = null
315.0284199999878	EXP	ssDel_T: autoDraw = null
315.0284199999878	EXP	llAm_T: autoDraw = null
315.0284199999878	EXP	llDel_T: autoDraw = null
315.0284199999878	EXP	textfbT: text = Elegiste no esperar
315.0284199999878	EXP	textfbT: autoDraw = true
318.0341599999956	EXP	textfbT: autoDraw = null
318.0341599999956	EXP	textfbT: autoDraw = null
318.0341599999956	EXP	ssAm_T: pos = [0.5,0.1]
318.0341599999956	EXP	ssAm_T: text = $5000
318.0341599999956	EXP	ssDel_T: pos = [0.5,-0.1]
318.0341599999956	EXP	llAm_T: pos = [-0.5,0.1]
318.0341599999956	EXP	llAm_T: text = $15000
318.0341599999956	EXP	llDel_T: pos = [-0.5,-0.1]
318.0341599999956	EXP	llDel_T: text = en 11 días
318.0341599999956	EXP	preguntaT: autoDraw = true
318.0341599999956	EXP	ssAm_T: autoDraw = true
318.0341599999956	EXP	ssDel_T: autoDraw = true
318.0341599999956	EXP	llAm_T: autoDraw = true
318.0341599999956	EXP	llDel_T: autoDraw = true
323.21407999999064	DATA	Keydown: ArrowLeft
323.24232499999925	EXP	preguntaT: autoDraw = null
323.24232499999925	EXP	ssAm_T: autoDraw = null
323.24232499999925	EXP	ssDel_T: autoDraw = null
323.24232499999925	EXP	llAm_T: autoDraw = null
323.24232499999925	EXP	llDel_T: autoDraw = null
323.24232499999925	EXP	textfbT: text = Elegiste esperar
323.24232499999925	EXP	textfbT: autoDraw = true
326.2349699999904	EXP	textfbT: autoDraw = null
326.2349699999904	EXP	textfbT: autoDraw = null
326.2349699999904	EXP	ssAm_T: pos = [0.5,0.1]
326.2349699999904	EXP	ssAm_T: text = $10000
326.2349699999904	EXP	ssDel_T: pos = [0.5,-0.1]
326.2349699999904	EXP	llAm_T: pos = [-0.5,0.1]
326.2349699999904	EXP	llAm_T: text = $151000
326.2349699999904	EXP	llDel_T: pos = [-0.5,-0.1]
326.2349699999904	EXP	llDel_T: text = en 151 días
326.2349699999904	EXP	preguntaT: autoDraw = true
326.2349699999904	EXP	ssAm_T: autoDraw = true
326.2349699999904	EXP	ssDel_T: autoDraw = true
326.2349699999904	EXP	llAm_T: autoDraw = true
326.2349699999904	EXP	llDel_T: autoDraw = true
328.03323999998975	DATA	Keydown: ArrowRight
328.0502199999901	EXP	preguntaT: autoDraw = null
328.0502199999901	EXP	ssAm_T: autoDraw = null
328.0502199999901	EXP	ssDel_T: autoDraw = null
328.0502199999901	EXP	llAm_T: autoDraw = null
328.0502199999901	EXP	llDel_T: autoDraw = null
328.0502199999901	EXP	textfbT: text = Elegiste no esperar
328.0502199999901	EXP	textfbT: autoDraw = true
331.0560049999913	EXP	textfbT: autoDraw = null
331.0560049999913	EXP	textfbT: autoDraw = null
331.0560049999913	EXP	ssAm_T: pos = [-0.5,0.1]
331.0560049999913	EXP	ssAm_T: text = $25000
331.0560049999913	EXP	ssDel_T: pos = [-0.5,-0.1]
331.0560049999913	EXP	llAm_T: pos = [0.5,0.1]
331.0560049999913	EXP	llAm_T: text = $125000
331.0560049999913	EXP	llDel_T: pos = [0.5,-0.1]
331.0560049999913	EXP	llDel_T: text = en 31 días
331.0560049999913	EXP	preguntaT: autoDraw = true
331.0560049999913	EXP	ssAm_T: autoDraw = true
331.0560049999913	EXP	ssDel_T: autoDraw = true
331.0560049999913	EXP	llAm_T: autoDraw = true
331.0560049999913	EXP	llDel_T: autoDraw = true
332.53729499998735	DATA	Keydown: ArrowRight
332.5507199999993	EXP	preguntaT: autoDraw = null
332.5507199999993	EXP	ssAm_T: autoDraw = null
332.5507199999993	EXP	ssDel_T: autoDraw = null
332.5507199999993	EXP	llAm_T: autoDraw = null
332.5507199999993	EXP	llDel_T: autoDraw = null
332.5507199999993	EXP	textfbT: text = Elegiste esperar
332.5507199999993	EXP	textfbT: autoDraw = true
335.5518099999899	EXP	textfbT: autoDraw = null
335.5518099999899	EXP	textfbT: autoDraw = null
335.5518099999899	EXP	ssAm_T: pos = [0.5,0.1]
335.5518099999899	EXP	ssAm_T: text = $25000
335.5518099999899	EXP	ssDel_T: pos = [0.5,-0.1]
335.5518099999899	EXP	llAm_T: pos = [-0.5,0.1]
335.5518099999899	EXP	llAm_T: text = $125000
335.5518099999899	EXP	llDel_T: pos = [-0.5,-0.1]
335.5518099999899	EXP	llDel_T: text = en 9 días
335.5518099999899	EXP	preguntaT: autoDraw = true
335.5518099999899	EXP	ssAm_T: autoDraw = true
335.5518099999899	EXP	ssDel_T: autoDraw = true
335.5518099999899	EXP	llAm_T: autoDraw = true
335.5518099999899	EXP	llDel_T: autoDraw = true
338.33414999999513	DATA	Keydown: ArrowRight
338.3506300000008	EXP	preguntaT: autoDraw = null
338.3506300000008	EXP	ssAm_T: autoDraw = null
338.3506300000008	EXP	ssDel_T: autoDraw = null
338.3506300000008	EXP	llAm_T: autoDraw = null
338.3506300000008	EXP	llDel_T: autoDraw = null
338.3506300000008	EXP	textfbT: text = Elegiste no esperar
338.3506300000008	EXP	textfbT: autoDraw = true
341.3555300000007	EXP	textfbT: autoDraw = null
341.3555300000007	EXP	textfbT: autoDraw = null
341.3555300000007	EXP	ssAm_T: pos = [-0.5,0.1]
341.3555300000007	EXP	ssAm_T: text = $5000
341.3555300000007	EXP	ssDel_T: pos = [-0.5,-0.1]
341.3555300000007	EXP	llAm_T: pos = [0.5,0.1]
341.3555300000007	EXP	llAm_T: text = $35000
341.3555300000007	EXP	llDel_T: pos = [0.5,-0.1]
341.3555300000007	EXP	llDel_T: text = en 150 días
341.3555300000007	EXP	preguntaT: autoDraw = true
341.3555300000007	EXP	ssAm_T: autoDraw = true
341.3555300000007	EXP	ssDel_T: autoDraw = true
341.3555300000007	EXP	llAm_T: autoDraw = true
341.3555300000007	EXP	llDel_T: autoDraw = true
345.45682999999553	DATA	Keydown: ArrowLeft
345.4670299999998	EXP	preguntaT: autoDraw = null
345.4670299999998	EXP	ssAm_T: autoDraw = null
345.4670299999998	EXP	ssDel_T: autoDraw = null
345.4670299999998	EXP	llAm_T: autoDraw = null
345.4670299999998	EXP	llDel_T: autoDraw = null
345.4670299999998	EXP	textfbT: text = Elegiste no esperar
345.4670299999998	EXP	textfbT: autoDraw = true
348.4734999999928	EXP	textfbT: autoDraw = null
348.4734999999928	EXP	textfbT: autoDraw = null
348.4734999999928	EXP	ssAm_T: pos = [-0.5,0.1]
348.4734999999928	EXP	ssAm_T: text = $10000
348.4734999999928	EXP	ssDel_T: pos = [-0.5,-0.1]
348.4734999999928	EXP	llAm_T: pos = [0.5,0.1]
348.4734999999928	EXP	llAm_T: text = $20000
348.4734999999928	EXP	llDel_T: pos = [0.5,-0.1]
348.4734999999928	EXP	llDel_T: text = en 90 días
348.4734999999928	EXP	preguntaT: autoDraw = true
348.4734999999928	EXP	ssAm_T: autoDraw = true
348.4734999999928	EXP	ssDel_T: autoDraw = true
348.4734999999928	EXP	llAm_T: autoDraw = true
348.4734999999928	EXP	llDel_T: autoDraw = true
352.5775900000008	DATA	Keydown: ArrowLeft
352.585064999992	EXP	preguntaT: autoDraw = null
352.585064999992	EXP	ssAm_T: autoDraw = null
352.585064999992	EXP	ssDel_T: autoDraw = null
352.585064999992	EXP	llAm_T: autoDraw = null
352.585064999992	EXP	llDel_T: autoDraw = null
352.585064999992	EXP	textfbT: text = Elegiste no esperar
352.585064999992	EXP	textfbT: autoDraw = true
355.6018049999984	EXP	textfbT: autoDraw = null
355.6018049999984	EXP	textfbT: autoDraw = null
355.6018049999984	EXP	ssAm_T: pos = [0.5,0.1]
355.6018049999984	EXP	ssAm_T: text = $10000
355.6018049999984	EXP	ssDel_T: pos = [0.5,-0.1]
355.6018049999984	EXP	llAm_T: pos = [-0.5,0.1]
355.6018049999984	EXP	llAm_T: text = $109000
355.6018049999984	EXP	llDel_T: pos = [-0.5,-0.1]
355.6018049999984	EXP	llDel_T: text = en 5 días
355.6018049999984	EXP	preguntaT: autoDraw = true
355.6018049999984	EXP	ssAm_T: autoDraw = true
355.6018049999984	EXP	ssDel_T: autoDraw = true
355.6018049999984	EXP	llAm_T: autoDraw = true
355.6018049999984	EXP	llDel_T: autoDraw = true
357.90876500000013	DATA	Keydown: ArrowLeft
357.92440499999793	EXP	preguntaT: autoDraw = null
357.92440499999793	EXP	ssAm_T: autoDraw = null
357.92440499999793	EXP	ssDel_T: autoDraw = null
357.92440499999793	EXP	llAm_T: autoDraw = null
357.92440499999793	EXP	llDel_T: autoDraw = null
357.92440499999793	EXP	textfbT: text = Elegiste esperar
357.92440499999793	EXP	textfbT: autoDraw = true
360.93539499999315	EXP	textfbT: autoDraw = null
360.93539499999315	EXP	textfbT: autoDraw = null
360.93539499999315	EXP	ssAm_T: pos = [-0.5,0.1]
360.93539499999315	EXP	ssAm_T: text = $10000
360.93539499999315	EXP	ssDel_T: pos = [-0.5,-0.1]
360.93539499999315	EXP	llAm_T: pos = [0.5,0.1]
360.93539499999315	EXP	llAm_T: text = $40000
360.93539499999315	EXP	llDel_T: pos = [0.5,-0.1]
360.93539499999315	EXP	llDel_T: text = en 10 días
360.93539499999315	EXP	preguntaT: autoDraw = true
360.93539499999315	EXP	ssAm_T: autoDraw = true
360.93539499999315	EXP	ssDel_T: autoDraw = true
360.93539499999315	EXP	llAm_T: autoDraw = true
360.93539499999315	EXP	llDel_T: autoDraw = true
362.2732149999938	DATA	Keydown: ArrowRight
362.28788999999233	EXP	preguntaT: autoDraw = null
362.28788999999233	EXP	ssAm_T: autoDraw = null
362.28788999999233	EXP	ssDel_T: autoDraw = null
362.28788999999233	EXP	llAm_T: autoDraw = null
362.28788999999233	EXP	llDel_T: autoDraw = null
362.28788999999233	EXP	textfbT: text = Elegiste esperar
362.28788999999233	EXP	textfbT: autoDraw = true
365.3003699999972	EXP	textfbT: autoDraw = null
365.3003699999972	EXP	textfbT: autoDraw = null
365.3003699999972	EXP	ssAm_T: pos = [-0.5,0.1]
365.3003699999972	EXP	ssAm_T: text = $10000
365.3003699999972	EXP	ssDel_T: pos = [-0.5,-0.1]
365.3003699999972	EXP	llAm_T: pos = [0.5,0.1]
365.3003699999972	EXP	llAm_T: text = $39000
365.3003699999972	EXP	llDel_T: pos = [0.5,-0.1]
365.3003699999972	EXP	llDel_T: text = en 150 días
365.3003699999972	EXP	preguntaT: autoDraw = true
365.3003699999972	EXP	ssAm_T: autoDraw = true
365.3003699999972	EXP	ssDel_T: autoDraw = true
365.3003699999972	EXP	llAm_T: autoDraw = true
365.3003699999972	EXP	llDel_T: autoDraw = true
366.6102600000013	DATA	Keydown: ArrowRight
366.62408499998855	EXP	preguntaT: autoDraw = null
366.62408499998855	EXP	ssAm_T: autoDraw = null
366.62408499998855	EXP	ssDel_T: autoDraw = null
366.62408499998855	EXP	llAm_T: autoDraw = null
366.62408499998855	EXP	llDel_T: autoDraw = null
366.62408499998855	EXP	textfbT: text = Elegiste esperar
366.62408499998855	EXP	textfbT: autoDraw = true
369.6347899999964	EXP	textfbT: autoDraw = null
369.6347899999964	EXP	textfbT: autoDraw = null
369.6347899999964	EXP	ssAm_T: pos = [0.5,0.1]
369.6347899999964	EXP	ssAm_T: text = $25000
369.6347899999964	EXP	ssDel_T: pos = [0.5,-0.1]
369.6347899999964	EXP	llAm_T: pos = [-0.5,0.1]
369.6347899999964	EXP	llAm_T: text = $55000
369.6347899999964	EXP	llDel_T: pos = [-0.5,-0.1]
369.6347899999964	EXP	llDel_T: text = en 151 días
369.6347899999964	EXP	preguntaT: autoDraw = true
369.6347899999964	EXP	ssAm_T: autoDraw = true
369.6347899999964	EXP	ssDel_T: autoDraw = true
369.6347899999964	EXP	llAm_T: autoDraw = true
369.6347899999964	EXP	llDel_T: autoDraw = true
370.9939699999959	DATA	Keydown: ArrowLeft
371.0084399999905	EXP	preguntaT: autoDraw = null
371.0084399999905	EXP	ssAm_T: autoDraw = null
371.0084399999905	EXP	ssDel_T: autoDraw = null
371.0084399999905	EXP	llAm_T: autoDraw = null
371.0084399999905	EXP	llDel_T: autoDraw = null
371.0084399999905	EXP	textfbT: text = Elegiste esperar
371.0084399999905	EXP	textfbT: autoDraw = true
374.02768499999365	EXP	textfbT: autoDraw = null
374.02768499999365	EXP	textfbT: autoDraw = null
374.02768499999365	EXP	ssAm_T: pos = [-0.5,0.1]
374.02768499999365	EXP	ssAm_T: text = $5000
374.02768499999365	EXP	ssDel_T: pos = [-0.5,-0.1]
374.02768499999365	EXP	llAm_T: pos = [0.5,0.1]
374.02768499999365	EXP	llAm_T: text = $151000
374.02768499999365	EXP	llDel_T: pos = [0.5,-0.1]
374.02768499999365	EXP	llDel_T: text = en 4 días
374.02768499999365	EXP	preguntaT: autoDraw = true
374.02768499999365	EXP	ssAm_T: autoDraw = true
374.02768499999365	EXP	ssDel_T: autoDraw = true
374.02768499999365	EXP	llAm_T: autoDraw = true
374.02768499999365	EXP	llDel_T: autoDraw = true
390.943220000001	DATA	Keydown: ArrowRight
390.95733499999915	EXP	preguntaT: autoDraw = null
390.95733499999915	EXP	ssAm_T: autoDraw = null
390.95733499999915	EXP	ssDel_T: autoDraw = null
390.95733499999915	EXP	llAm_T: autoDraw = null
390.95733499999915	EXP	llDel_T: autoDraw = null
390.95733499999915	EXP	textfbT: text = Elegiste esperar
390.95733499999915	EXP	textfbT: autoDraw = true
393.9574949999951	EXP	textfbT: autoDraw = null
393.9574949999951	EXP	textfbT: autoDraw = null
393.9574949999951	EXP	ssAm_T: pos = [-0.5,0.1]
393.9574949999951	EXP	ssAm_T: text = $5000
393.9574949999951	EXP	ssDel_T: pos = [-0.5,-0.1]
393.9574949999951	EXP	llAm_T: pos = [0.5,0.1]
393.9574949999951	EXP	llAm_T: text = $35000
393.9574949999951	EXP	llDel_T: pos = [0.5,-0.1]
393.9574949999951	EXP	llDel_T: text = en 31 días
393.9574949999951	EXP	preguntaT: autoDraw = true
393.9574949999951	EXP	ssAm_T: autoDraw = true
393.9574949999951	EXP	ssDel_T: autoDraw = true
393.9574949999951	EXP	llAm_T: autoDraw = true
393.9574949999951	EXP	llDel_T: autoDraw = true
413.94406999999774	EXP	preguntaT: autoDraw = null
413.94406999999774	EXP	ssAm_T: autoDraw = null
413.94406999999774	EXP	ssDel_T: autoDraw = null
413.94406999999774	EXP	llAm_T: autoDraw = null
413.94406999999774	EXP	llDel_T: autoDraw = null
413.94406999999774	EXP	preguntaT: autoDraw = null
413.94406999999774	EXP	ssAm_T: autoDraw = null
413.94406999999774	EXP	ssDel_T: autoDraw = null
413.94406999999774	EXP	llAm_T: autoDraw = null
413.94406999999774	EXP	llDel_T: autoDraw = null
413.94406999999774	EXP	textfbT: text = No respondiste a tiempo!
413.94406999999774	EXP	textfbT: autoDraw = true
415.4950949999911	DATA	Keydown: ArrowRight
416.4428499999922	DATA	Keydown: ArrowLeft
416.94491999999445	EXP	textfbT: autoDraw = null
416.94491999999445	EXP	textfbT: autoDraw = null
416.94491999999445	EXP	ssAm_T: pos = [0.5,0.1]
416.94491999999445	EXP	ssAm_T: text = $5000
416.94491999999445	EXP	ssDel_T: pos = [0.5,-0.1]
416.94491999999445	EXP	llAm_T: pos = [-0.5,0.1]
416.94491999999445	EXP	llAm_T: text = $56000
416.94491999999445	EXP	llDel_T: pos = [-0.5,-0.1]
416.94491999999445	EXP	llDel_T: text = en 89 días
416.94491999999445	EXP	preguntaT: autoDraw = true
416.94491999999445	EXP	ssAm_T: autoDraw = true
416.94491999999445	EXP	ssDel_T: autoDraw = true
416.94491999999445	EXP	llAm_T: autoDraw = true
416.94491999999445	EXP	llDel_T: autoDraw = true
417.0457499999902	DATA	Keydown: ArrowLeft
417.06263499999477	DATA	Keydown: ArrowDown
417.7797900000005	DATA	Keydown: ArrowRight
417.7952049999876	EXP	preguntaT: autoDraw = null
417.7952049999876	EXP	ssAm_T: autoDraw = null
417.7952049999876	EXP	ssDel_T: autoDraw = null
417.7952049999876	EXP	llAm_T: autoDraw = null
417.7952049999876	EXP	llDel_T: autoDraw = null
417.7952049999876	EXP	textfbT: text = Elegiste no esperar
417.7952049999876	EXP	textfbT: autoDraw = true
420.18009999999776	DATA	Keydown: ArrowRight
420.79591499999515	EXP	textfbT: autoDraw = null
420.79591499999515	EXP	textfbT: autoDraw = null
420.79591499999515	EXP	ssAm_T: pos = [-0.5,0.1]
420.79591499999515	EXP	ssAm_T: text = $10000
420.79591499999515	EXP	ssDel_T: pos = [-0.5,-0.1]
420.79591499999515	EXP	llAm_T: pos = [0.5,0.1]
420.79591499999515	EXP	llAm_T: text = $40000
420.79591499999515	EXP	llDel_T: pos = [0.5,-0.1]
420.79591499999515	EXP	llDel_T: text = en 91 días
420.79591499999515	EXP	preguntaT: autoDraw = true
420.79591499999515	EXP	ssAm_T: autoDraw = true
420.79591499999515	EXP	ssDel_T: autoDraw = true
420.79591499999515	EXP	llAm_T: autoDraw = true
420.79591499999515	EXP	llDel_T: autoDraw = true
425.15322999999626	DATA	Keydown: ArrowLeft
425.18044499999087	EXP	preguntaT: autoDraw = null
425.18044499999087	EXP	ssAm_T: autoDraw = null
425.18044499999087	EXP	ssDel_T: autoDraw = null
425.18044499999087	EXP	llAm_T: autoDraw = null
425.18044499999087	EXP	llDel_T: autoDraw = null
425.18044499999087	EXP	textfbT: text = Elegiste no esperar
425.18044499999087	EXP	textfbT: autoDraw = true
428.18012999999337	EXP	textfbT: autoDraw = null
428.18012999999337	EXP	textfbT: autoDraw = null
428.18012999999337	EXP	ssAm_T: pos = [0.5,0.1]
428.18012999999337	EXP	ssAm_T: text = $10000
428.18012999999337	EXP	ssDel_T: pos = [0.5,-0.1]
428.18012999999337	EXP	llAm_T: pos = [-0.5,0.1]
428.18012999999337	EXP	llAm_T: text = $111000
428.18012999999337	EXP	llDel_T: pos = [-0.5,-0.1]
428.18012999999337	EXP	llDel_T: text = en 30 días
428.18012999999337	EXP	preguntaT: autoDraw = true
428.18012999999337	EXP	ssAm_T: autoDraw = true
428.18012999999337	EXP	ssDel_T: autoDraw = true
428.18012999999337	EXP	llAm_T: autoDraw = true
428.18012999999337	EXP	llDel_T: autoDraw = true
433.1533499999932	DATA	Keydown: ArrowLeft
433.18135999998776	EXP	preguntaT: autoDraw = null
433.18135999998776	EXP	ssAm_T: autoDraw = null
433.18135999998776	EXP	ssDel_T: autoDraw = null
433.18135999998776	EXP	llAm_T: autoDraw = null
433.18135999998776	EXP	llDel_T: autoDraw = null
433.18135999998776	EXP	textfbT: text = Elegiste esperar
433.18135999998776	EXP	textfbT: autoDraw = true
436.1814849999937	EXP	textfbT: autoDraw = null
436.1814849999937	EXP	textfbT: autoDraw = null
436.1814849999937	EXP	ssAm_T: pos = [0.5,0.1]
436.1814849999937	EXP	ssAm_T: text = $25000
436.1814849999937	EXP	ssDel_T: pos = [0.5,-0.1]
436.1814849999937	EXP	llAm_T: pos = [-0.5,0.1]
436.1814849999937	EXP	llAm_T: text = $150000
436.1814849999937	EXP	llDel_T: pos = [-0.5,-0.1]
436.1814849999937	EXP	llDel_T: text = en 29 días
436.1814849999937	EXP	preguntaT: autoDraw = true
436.1814849999937	EXP	ssAm_T: autoDraw = true
436.1814849999937	EXP	ssDel_T: autoDraw = true
436.1814849999937	EXP	llAm_T: autoDraw = true
436.1814849999937	EXP	llDel_T: autoDraw = true
439.9002749999927	DATA	Keydown: ArrowRight
439.91692999999213	EXP	preguntaT: autoDraw = null
439.91692999999213	EXP	ssAm_T: autoDraw = null
439.91692999999213	EXP	ssDel_T: autoDraw = null
439.91692999999213	EXP	llAm_T: autoDraw = null
439.91692999999213	EXP	llDel_T: autoDraw = null
439.91692999999213	EXP	textfbT: text = Elegiste no esperar
439.91692999999213	EXP	textfbT: autoDraw = true
442.91692999999213	EXP	textfbT: autoDraw = null
442.91692999999213	EXP	textfbT: autoDraw = null
442.91692999999213	EXP	ssAm_T: pos = [0.5,0.1]
442.91692999999213	EXP	ssAm_T: text = $10000
442.91692999999213	EXP	ssDel_T: pos = [0.5,-0.1]
442.91692999999213	EXP	llAm_T: pos = [-0.5,0.1]
442.91692999999213	EXP	llAm_T: text = $39000
442.91692999999213	EXP	llDel_T: pos = [-0.5,-0.1]
442.91692999999213	EXP	llDel_T: text = en 6 días
442.91692999999213	EXP	preguntaT: autoDraw = true
442.91692999999213	EXP	ssAm_T: autoDraw = true
442.91692999999213	EXP	ssDel_T: autoDraw = true
442.91692999999213	EXP	llAm_T: autoDraw = true
442.91692999999213	EXP	llDel_T: autoDraw = true
461.2984199999919	DATA	Keydown: ArrowRight
461.3200499999948	EXP	preguntaT: autoDraw = null
461.3200499999948	EXP	ssAm_T: autoDraw = null
461.3200499999948	EXP	ssDel_T: autoDraw = null
461.3200499999948	EXP	llAm_T: autoDraw = null
461.3200499999948	EXP	llDel_T: autoDraw = null
461.3200499999948	EXP	textfbT: text = Elegiste no esperar
461.3200499999948	EXP	textfbT: autoDraw = true
464.32061499998963	EXP	textfbT: autoDraw = null
464.32061499998963	EXP	textfbT: autoDraw = null
464.32061499998963	EXP	ssAm_T: pos = [0.5,0.1]
464.32061499998963	EXP	ssAm_T: text = $5000
464.32061499998963	EXP	ssDel_T: pos = [0.5,-0.1]
464.32061499998963	EXP	llAm_T: pos = [-0.5,0.1]
464.32061499998963	EXP	llAm_T: text = $150000
464.32061499998963	EXP	llDel_T: pos = [-0.5,-0.1]
464.32061499998963	EXP	llDel_T: text = en 30 días
464.32061499998963	EXP	preguntaT: autoDraw = true
464.32061499998963	EXP	ssAm_T: autoDraw = true
464.32061499998963	EXP	ssDel_T: autoDraw = true
464.32061499998963	EXP	llAm_T: autoDraw = true
464.32061499998963	EXP	llDel_T: autoDraw = true
472.1887349999888	DATA	Keydown: ArrowLeft
472.20426499999303	EXP	preguntaT: autoDraw = null
472.20426499999303	EXP	ssAm_T: autoDraw = null
472.20426499999303	EXP	ssDel_T: autoDraw = null
472.20426499999303	EXP	llAm_T: autoDraw = null
472.20426499999303	EXP	llDel_T: autoDraw = null
472.20426499999303	EXP	textfbT: text = Elegiste esperar
472.20426499999303	EXP	textfbT: autoDraw = true
475.20506499998737	EXP	textfbT: autoDraw = null
475.20506499998737	EXP	textfbT: autoDraw = null
475.20506499998737	EXP	ssAm_T: pos = [0.5,0.1]
475.20506499998737	EXP	ssAm_T: text = $10000
475.20506499998737	EXP	ssDel_T: pos = [0.5,-0.1]
475.20506499998737	EXP	llAm_T: pos = [-0.5,0.1]
475.20506499998737	EXP	llAm_T: text = $111000
475.20506499998737	EXP	llDel_T: pos = [-0.5,-0.1]
475.20506499998737	EXP	llDel_T: text = en 10 días
475.20506499998737	EXP	preguntaT: autoDraw = true
475.20506499998737	EXP	ssAm_T: autoDraw = true
475.20506499998737	EXP	ssDel_T: autoDraw = true
475.20506499998737	EXP	llAm_T: autoDraw = true
475.20506499998737	EXP	llDel_T: autoDraw = true
495.2083999999886	EXP	preguntaT: autoDraw = null
495.2083999999886	EXP	ssAm_T: autoDraw = null
495.2083999999886	EXP	ssDel_T: autoDraw = null
495.2083999999886	EXP	llAm_T: autoDraw = null
495.2083999999886	EXP	llDel_T: autoDraw = null
495.2083999999886	EXP	preguntaT: autoDraw = null
495.2083999999886	EXP	ssAm_T: autoDraw = null
495.2083999999886	EXP	ssDel_T: autoDraw = null
495.2083999999886	EXP	llAm_T: autoDraw = null
495.2083999999886	EXP	llDel_T: autoDraw = null
495.2083999999886	EXP	textfbT: text = No respondiste a tiempo!
495.2083999999886	EXP	textfbT: autoDraw = true
498.2104149999941	EXP	textfbT: autoDraw = null
498.2104149999941	EXP	textfbT: autoDraw = null
498.2104149999941	EXP	ssAm_T: pos = [0.5,0.1]
498.2104149999941	EXP	ssAm_T: text = $10000
498.2104149999941	EXP	ssDel_T: pos = [0.5,-0.1]
498.2104149999941	EXP	llAm_T: pos = [-0.5,0.1]
498.2104149999941	EXP	llAm_T: text = $150000
498.2104149999941	EXP	llDel_T: pos = [-0.5,-0.1]
498.2104149999941	EXP	llDel_T: text = en 5 días
498.2104149999941	EXP	preguntaT: autoDraw = true
498.2104149999941	EXP	ssAm_T: autoDraw = true
498.2104149999941	EXP	ssDel_T: autoDraw = true
498.2104149999941	EXP	llAm_T: autoDraw = true
498.2104149999941	EXP	llDel_T: autoDraw = true
516.753979999994	DATA	Keydown: ArrowLeft
516.7796099999978	EXP	preguntaT: autoDraw = null
516.7796099999978	EXP	ssAm_T: autoDraw = null
516.7796099999978	EXP	ssDel_T: autoDraw = null
516.7796099999978	EXP	llAm_T: autoDraw = null
516.7796099999978	EXP	llDel_T: autoDraw = null
516.7796099999978	EXP	textfbT: text = Elegiste esperar
516.7796099999978	EXP	textfbT: autoDraw = true
519.779749999987	EXP	textfbT: autoDraw = null
519.779749999987	EXP	textfbT: autoDraw = null
519.779749999987	EXP	ssAm_T: pos = [-0.5,0.1]
519.779749999987	EXP	ssAm_T: text = $10000
519.779749999987	EXP	ssDel_T: pos = [-0.5,-0.1]
519.779749999987	EXP	llAm_T: pos = [0.5,0.1]
519.779749999987	EXP	llAm_T: text = $39000
519.779749999987	EXP	llDel_T: pos = [0.5,-0.1]
519.779749999987	EXP	llDel_T: text = en 29 días
519.779749999987	EXP	preguntaT: autoDraw = true
519.779749999987	EXP	ssAm_T: autoDraw = true
519.779749999987	EXP	ssDel_T: autoDraw = true
519.779749999987	EXP	llAm_T: autoDraw = true
519.779749999987	EXP	llDel_T: autoDraw = true
526.1531849999883	DATA	Keydown: ArrowRight
526.1810949999926	EXP	preguntaT: autoDraw = null
526.1810949999926	EXP	ssAm_T: autoDraw = null
526.1810949999926	EXP	ssDel_T: autoDraw = null
526.1810949999926	EXP	llAm_T: autoDraw = null
526.1810949999926	EXP	llDel_T: autoDraw = null
526.1810949999926	EXP	textfbT: text = Elegiste esperar
526.1810949999926	EXP	textfbT: autoDraw = true
529.1813199999888	EXP	textfbT: autoDraw = null
529.1813199999888	EXP	textfbT: autoDraw = null
529.1813199999888	EXP	ssAm_T: pos = [0.5,0.1]
529.1813199999888	EXP	ssAm_T: text = $10000
529.1813199999888	EXP	ssDel_T: pos = [0.5,-0.1]
529.1813199999888	EXP	llAm_T: pos = [-0.5,0.1]
529.1813199999888	EXP	llAm_T: text = $61000
529.1813199999888	EXP	llDel_T: pos = [-0.5,-0.1]
529.1813199999888	EXP	llDel_T: text = en 89 días
529.1813199999888	EXP	preguntaT: autoDraw = true
529.1813199999888	EXP	ssAm_T: autoDraw = true
529.1813199999888	EXP	ssDel_T: autoDraw = true
529.1813199999888	EXP	llAm_T: autoDraw = true
529.1813199999888	EXP	llDel_T: autoDraw = true
532.2576649999974	DATA	Keydown: ArrowLeft
532.2829300000012	EXP	preguntaT: autoDraw = null
532.2829300000012	EXP	ssAm_T: autoDraw = null
532.2829300000012	EXP	ssDel_T: autoDraw = null
532.2829300000012	EXP	llAm_T: autoDraw = null
532.2829300000012	EXP	llDel_T: autoDraw = null
532.2829300000012	EXP	textfbT: text = Elegiste esperar
532.2829300000012	EXP	textfbT: autoDraw = true
534.0228700000007	DATA	Keydown: Escape
