0.14874000000418164	EXP	Created Window = Window( name=Window, fullscr=true, color=#808080, units=height, waitBlanking=true, autoLog=true, size=[608,621] )
6.461680000007618	DATA	Keydown: 2
7.070529999997234	DATA	Keydown: 5
7.60182499999064	DATA	Keydown: 0
23.39788000000408	EXP	Created intro1 = TextStim( name=intro1, win=Window( name=Window, fullscr=true, color=#808080, ~), autoDraw=null, autoLog=true, units=height, pos=[0,0], size=undefined, ori=null, opacity=1, depth=null, clipMask=null, boundingBox={"x":-0.4690294767680921,"y":-0.20230263157894737,~, text=A continuación vas a completar una tarea computari~, alignHoriz=center, alignVert=center, flipHoriz=null, flipVert=null, font=Arial, height=0.06, wrapWidth=1, bold=null, italic=null, color=#FFFFFF, contrast=1 )
23.409049999987474	EXP	Created intro2 = TextStim( name=intro2, win=Window( name=Window, fullscr=true, color=#808080, ~), autoDraw=null, autoLog=true, units=height, pos=[0,0], size=undefined, ori=null, opacity=1, depth=null, clipMask=null, boundingBox={"x":-0.49950208162006576,"y":-0.18996710526315788~, text=Todas las decisiones que tendrás que tomar serán e~, alignHoriz=center, alignVert=center, flipHoriz=null, flipVert=null, font=Arial, height=0.03, wrapWidth=1, bold=null, italic=null, color=#FFFFFF, contrast=1 )
23.412699999986216	EXP	Created intro2_2 = TextStim( name=intro2_2, win=Window( name=Window, fullscr=true, color=#808080, ~), autoDraw=null, autoLog=true, units=height, pos=[0,0], size=undefined, ori=null, opacity=1, depth=null, clipMask=null, boundingBox={"x":-0.49614113255550985,"y":-0.17269736842105263~, text=Aunque estas decisiones son hipotéticas, te pedimo~, alignHoriz=center, alignVert=center, flipHoriz=null, flipVert=null, font=Arial, height=0.03, wrapWidth=1, bold=null, italic=null, color=#FFFFFF, contrast=1 )
23.41495499998564	EXP	Created Intro2_3 = TextStim( name=Intro2_3, win=Window( name=Window, fullscr=true, color=#808080, ~), autoDraw=null, autoLog=true, units=height, pos=[0,0], size=undefined, ori=null, opacity=1, depth=null, clipMask=null, boundingBox={"x":-0.48545114617598684,"y":-0.13486842105263158~, text=Si escoges la opción de la izquierda oprime la fle~, alignHoriz=center, alignVert=center, flipHoriz=null, flipVert=null, font=Arial, height=0.06, wrapWidth=1, bold=null, italic=null, color=#FFFFFF, contrast=1 )
23.416514999989886	EXP	Created intro3 = TextStim( name=intro3, win=Window( name=Window, fullscr=true, color=#808080, ~), autoDraw=null, autoLog=true, units=height, pos=[0,0.3], size=undefined, ori=null, opacity=1, depth=-1, clipMask=null, boundingBox={"x":-0.3998589766652961,"y":0.2662828947368421,"w~, text=Por ejemplo, ¿qué preferirías?, alignHoriz=center, alignVert=center, flipHoriz=null, flipVert=null, font=Arial, height=0.06, wrapWidth=1, bold=null, italic=null, color=#FFFFFF, contrast=1 )
23.422735000000102	EXP	Created ss_am = TextStim( name=ss_am, win=Window( name=Window, fullscr=true, color=#808080, ~), autoDraw=null, autoLog=true, units=height, pos=[-0.5,0.1], size=undefined, ori=null, opacity=1, depth=-2, clipMask=null, boundingBox={"x":-0.6232492547286184,"y":0.05394736842105264,"~, text=$5.000, alignHoriz=center, alignVert=center, flipHoriz=null, flipVert=null, font=Arial, height=0.08, wrapWidth=1, bold=null, italic=null, color=#FFFFFF, contrast=1 )
23.424265000008745	EXP	Created ss_del = TextStim( name=ss_del, win=Window( name=Window, fullscr=true, color=#808080, ~), autoDraw=null, autoLog=true, units=height, pos=[-0.5,-0.1], size=undefined, ori=null, opacity=1, depth=-3, clipMask=null, boundingBox={"x":-0.5649695145456415,"y":-0.14605263157894738,~, text=hoy, alignHoriz=center, alignVert=center, flipHoriz=null, flipVert=null, font=Arial, height=0.08, wrapWidth=1, bold=null, italic=null, color=#FFFFFF, contrast=1 )
23.425565000012284	EXP	Created ll_am = TextStim( name=ll_am, win=Window( name=Window, fullscr=true, color=#808080, ~), autoDraw=null, autoLog=true, units=height, pos=[0.5,0.1], size=undefined, ori=null, opacity=1, depth=-4, clipMask=null, boundingBox={"x":0.3543400011564556,"y":0.05394736842105264,"w~, text=$10.000, alignHoriz=center, alignVert=center, flipHoriz=null, flipVert=null, font=Arial, height=0.08, wrapWidth=1, bold=null, italic=null, color=#FFFFFF, contrast=1 )
23.428940000012517	EXP	Created ll_del = TextStim( name=ll_del, win=Window( name=Window, fullscr=true, color=#808080, ~), autoDraw=null, autoLog=true, units=height, pos=[0.5,-0.1], size=undefined, ori=null, opacity=1, depth=-5, clipMask=null, boundingBox={"x":0.33421165064761515,"y":-0.14605263157894738,~, text=en 7 días, alignHoriz=center, alignVert=center, flipHoriz=null, flipVert=null, font=Arial, height=0.08, wrapWidth=1, bold=null, italic=null, color=#FFFFFF, contrast=1 )
23.430105000006733	EXP	Created Intro4 = TextStim( name=Intro4, win=Window( name=Window, fullscr=true, color=#808080, ~), autoDraw=null, autoLog=true, units=height, pos=[0,0], size=undefined, ori=null, opacity=1, depth=null, clipMask=null, boundingBox={"x":-0.47066297029194076,"y":-0.03371710526315789~, text=Hagamos unos ensayos de práctica, alignHoriz=center, alignVert=center, flipHoriz=null, flipVert=null, font=Arial, height=0.06, wrapWidth=1, bold=null, italic=null, color=#FFFFFF, contrast=1 )
23.43129000000772	EXP	Created pregunta = TextStim( name=pregunta, win=Window( name=Window, fullscr=true, color=#808080, ~), autoDraw=null, autoLog=true, units=height, pos=[0,0.3], size=undefined, ori=null, opacity=1, depth=-1, clipMask=null, boundingBox={"x":-0.22543656198601975,"y":0.2662828947368421,"~, text=¿qué preferirías?, alignHoriz=center, alignVert=center, flipHoriz=null, flipVert=null, font=Arial, height=0.06, wrapWidth=1, bold=null, italic=null, color=#FFFFFF, contrast=1 )
23.43211500000325	EXP	Created ssAm_P = TextStim( name=ssAm_P, win=Window( name=Window, fullscr=true, color=#808080, ~), autoDraw=null, autoLog=true, units=height, pos=[0,0], size=undefined, ori=null, opacity=1, depth=-2, clipMask=null, boundingBox={"x":-0.19713190982216283,"y":-0.04605263157894736~, text=default text, alignHoriz=center, alignVert=center, flipHoriz=null, flipVert=null, font=Arial, height=0.08, wrapWidth=1, bold=null, italic=null, color=#FFFFFF, contrast=1 )
23.432735000009416	EXP	Created ssDel_P = TextStim( name=ssDel_P, win=Window( name=Window, fullscr=true, color=#808080, ~), autoDraw=null, autoLog=true, units=height, pos=[0,0], size=undefined, ori=null, opacity=1, depth=-3, clipMask=null, boundingBox={"x":-0.06496951454564144,"y":-0.04605263157894736~, text=hoy, alignHoriz=center, alignVert=center, flipHoriz=null, flipVert=null, font=Arial, height=0.08, wrapWidth=1, bold=null, italic=null, color=#FFFFFF, contrast=1 )
23.433755000005476	EXP	Created llAm_P = TextStim( name=llAm_P, win=Window( name=Window, fullscr=true, color=#808080, ~), autoDraw=null, autoLog=true, units=height, pos=[0,0], size=undefined, ori=null, opacity=1, depth=-4, clipMask=null, boundingBox={"x":-0.19713190982216283,"y":-0.04605263157894736~, text=default text, alignHoriz=center, alignVert=center, flipHoriz=null, flipVert=null, font=Arial, height=0.08, wrapWidth=1, bold=null, italic=null, color=#FFFFFF, contrast=1 )
23.43533499998739	EXP	Created llDel_P = TextStim( name=llDel_P, win=Window( name=Window, fullscr=true, color=#808080, ~), autoDraw=null, autoLog=true, units=height, pos=[0,0], size=undefined, ori=null, opacity=1, depth=-5, clipMask=null, boundingBox={"x":-0.19713190982216283,"y":-0.04605263157894736~, text=default text, alignHoriz=center, alignVert=center, flipHoriz=null, flipVert=null, font=Arial, height=0.08, wrapWidth=1, bold=null, italic=null, color=#FFFFFF, contrast=1 )
23.436885000002803	EXP	Created feedbackP = TextStim( name=feedbackP, win=Window( name=Window, fullscr=true, color=#808080, ~), autoDraw=null, autoLog=true, units=height, pos=[0,0], size=undefined, ori=null, opacity=1, depth=-1, clipMask=null, boundingBox={"x":-0.14483160721628288,"y":-0.03371710526315789~, text=default text, alignHoriz=center, alignVert=center, flipHoriz=null, flipVert=null, font=Arial, height=0.06, wrapWidth=1, bold=null, italic=null, color=#FFFFFF, contrast=1 )
23.438215000001946	EXP	Created comienzo = TextStim( name=comienzo, win=Window( name=Window, fullscr=true, color=#808080, ~), autoDraw=null, autoLog=true, units=height, pos=[0,0], size=undefined, ori=null, opacity=1, depth=null, clipMask=null, boundingBox={"x":-0.4888048673930921,"y":-0.13486842105263158,~, text=Ahora sí vamos a empezar con la tarea. Recuerda qu~, alignHoriz=center, alignVert=center, flipHoriz=null, flipVert=null, font=Arial, height=0.06, wrapWidth=1, bold=null, italic=null, color=#FFFFFF, contrast=1 )
23.439379999996163	EXP	Created preguntaT = TextStim( name=preguntaT, win=Window( name=Window, fullscr=true, color=#808080, ~), autoDraw=null, autoLog=true, units=height, pos=[0,0.3], size=undefined, ori=null, opacity=1, depth=-1, clipMask=null, boundingBox={"x":-0.22543656198601975,"y":0.2662828947368421,"~, text=¿qué preferirías?, alignHoriz=center, alignVert=center, flipHoriz=null, flipVert=null, font=Arial, height=0.06, wrapWidth=1, bold=null, italic=null, color=#FFFFFF, contrast=1 )
23.439985000004526	EXP	Created ssAm_T = TextStim( name=ssAm_T, win=Window( name=Window, fullscr=true, color=#808080, ~), autoDraw=null, autoLog=true, units=height, pos=[0,0], size=undefined, ori=null, opacity=1, depth=-2, clipMask=null, boundingBox={"x":-0.19713190982216283,"y":-0.04605263157894736~, text=default text, alignHoriz=center, alignVert=center, flipHoriz=null, flipVert=null, font=Arial, height=0.08, wrapWidth=1, bold=null, italic=null, color=#FFFFFF, contrast=1 )
23.440650000004098	EXP	Created ssDel_T = TextStim( name=ssDel_T, win=Window( name=Window, fullscr=true, color=#808080, ~), autoDraw=null, autoLog=true, units=height, pos=[0,0], size=undefined, ori=null, opacity=1, depth=-3, clipMask=null, boundingBox={"x":-0.06496951454564144,"y":-0.04605263157894736~, text=hoy, alignHoriz=center, alignVert=center, flipHoriz=null, flipVert=null, font=Arial, height=0.08, wrapWidth=1, bold=null, italic=null, color=#FFFFFF, contrast=1 )
23.445310000010068	EXP	Created llAm_T = TextStim( name=llAm_T, win=Window( name=Window, fullscr=true, color=#808080, ~), autoDraw=null, autoLog=true, units=height, pos=[0,0], size=undefined, ori=null, opacity=1, depth=-4, clipMask=null, boundingBox={"x":-0.19713190982216283,"y":-0.04605263157894736~, text=default text, alignHoriz=center, alignVert=center, flipHoriz=null, flipVert=null, font=Arial, height=0.08, wrapWidth=1, bold=null, italic=null, color=#FFFFFF, contrast=1 )
23.446469999995315	EXP	Created llDel_T = TextStim( name=llDel_T, win=Window( name=Window, fullscr=true, color=#808080, ~), autoDraw=null, autoLog=true, units=height, pos=[0,0], size=undefined, ori=null, opacity=1, depth=-5, clipMask=null, boundingBox={"x":-0.19713190982216283,"y":-0.04605263157894736~, text=default text, alignHoriz=center, alignVert=center, flipHoriz=null, flipVert=null, font=Arial, height=0.08, wrapWidth=1, bold=null, italic=null, color=#FFFFFF, contrast=1 )
23.44754500000272	EXP	Created textfbT = TextStim( name=textfbT, win=Window( name=Window, fullscr=true, color=#808080, ~), autoDraw=null, autoLog=true, units=height, pos=[0,0], size=undefined, ori=null, opacity=1, depth=-1, clipMask=null, boundingBox={"x":-0.14483160721628288,"y":-0.03371710526315789~, text=default text, alignHoriz=center, alignVert=center, flipHoriz=null, flipVert=null, font=Arial, height=0.06, wrapWidth=1, bold=null, italic=null, color=#FFFFFF, contrast=1 )
23.448629999998957	EXP	Created Gracias = TextStim( name=Gracias, win=Window( name=Window, fullscr=true, color=#808080, ~), autoDraw=null, autoLog=true, units=height, pos=[0,0], size=undefined, ori=null, opacity=1, depth=null, clipMask=null, boundingBox={"x":-0.39654862253289475,"y":-0.10115131578947369~, text=Terminaste!

Muchas gracias por participar!, alignHoriz=center, alignVert=center, flipHoriz=null, flipVert=null, font=Arial, height=0.06, wrapWidth=1, bold=null, italic=null, color=#FFFFFF, contrast=1 )
23.498664999991888	EXP	intro1: units = height
23.498664999991888	EXP	intro1: pos = [0,0]
23.498664999991888	EXP	intro1: size = undefined
23.498664999991888	EXP	intro1: ori = null
23.498664999991888	EXP	intro1: opacity = 1
23.498664999991888	EXP	intro1: depth = null
23.498664999991888	EXP	intro1: clipMask = null
23.498664999991888	EXP	intro1: boundingBox = {"x":0,"y":0,"width":0,"height":0,"type":1}
23.498664999991888	EXP	intro1: text = A continuación vas a completar una tarea computarizada en la que tomarás una serie de decisiones.

Presiona la barra de espacio para continuar.
23.498664999991888	EXP	intro1: alignHoriz = center
23.498664999991888	EXP	intro1: alignVert = center
23.498664999991888	EXP	intro1: flipHoriz = null
23.498664999991888	EXP	intro1: flipVert = null
23.498664999991888	EXP	intro1: font = Arial
23.498664999991888	EXP	intro1: height = 0.06
23.498664999991888	EXP	intro1: wrapWidth = 1
23.498664999991888	EXP	intro1: bold = null
23.498664999991888	EXP	intro1: italic = null
23.498664999991888	EXP	intro1: color = #FFFFFF
23.498664999991888	EXP	intro1: contrast = 1
23.498664999991888	EXP	intro2: units = height
23.498664999991888	EXP	intro2: pos = [0,0]
23.498664999991888	EXP	intro2: size = undefined
23.498664999991888	EXP	intro2: ori = null
23.498664999991888	EXP	intro2: opacity = 1
23.498664999991888	EXP	intro2: depth = null
23.498664999991888	EXP	intro2: clipMask = null
23.498664999991888	EXP	intro2: boundingBox = {"x":0,"y":0,"width":0,"height":0,"type":1}
23.498664999991888	EXP	intro2: text = Todas las decisiones que tendrás que tomar serán elecciones entre dos opciones de recompensas monetarias que podrías recibir: una opción de dinero que obtendrías hoy contra una opción de dinero que obtendrías en el futuro. 

En cada pregunta, las cantidades de dinero ofrecido y el número de días que habría que esperar en el futuro cambiarán. 

En cada pregunta, la opción inmediata y la  opción futura cambiarán de lado en la pantalla, así que debes poner atención para responder con el teclado cuál es tu preferencia.
23.498664999991888	EXP	intro2: alignHoriz = center
23.498664999991888	EXP	intro2: alignVert = center
23.498664999991888	EXP	intro2: flipHoriz = null
23.498664999991888	EXP	intro2: flipVert = null
23.498664999991888	EXP	intro2: font = Arial
23.498664999991888	EXP	intro2: height = 0.03
23.498664999991888	EXP	intro2: wrapWidth = 1
23.498664999991888	EXP	intro2: bold = null
23.498664999991888	EXP	intro2: italic = null
23.498664999991888	EXP	intro2: color = #FFFFFF
23.498664999991888	EXP	intro2: contrast = 1
23.498664999991888	EXP	intro2_2: units = height
23.498664999991888	EXP	intro2_2: pos = [0,0]
23.498664999991888	EXP	intro2_2: size = undefined
23.498664999991888	EXP	intro2_2: ori = null
23.498664999991888	EXP	intro2_2: opacity = 1
23.498664999991888	EXP	intro2_2: depth = null
23.498664999991888	EXP	intro2_2: clipMask = null
23.498664999991888	EXP	intro2_2: boundingBox = {"x":0,"y":0,"width":0,"height":0,"type":1}
23.498664999991888	EXP	intro2_2: text = Aunque estas decisiones son hipotéticas, te pedimos que hagas cada elección con honestidad, es decir, que respondas cuál es tu verdadera preferencia tal y como si fuéramos a darte el dinero que escogiste en la fecha en la que escogiste.

Es muy importante que sepas que en esta tarea NO HAY respuestas correctas o incorrectas, cada pregunta es sobre TU preferencia, así que tus respuestas pueden ser muy distintas de las de otra persona. Por este motivo, te recomendamos que contestes con sinceridad para que tus respuestas reflejen tus preferencias únicas.
23.498664999991888	EXP	intro2_2: alignHoriz = center
23.498664999991888	EXP	intro2_2: alignVert = center
23.498664999991888	EXP	intro2_2: flipHoriz = null
23.498664999991888	EXP	intro2_2: flipVert = null
23.498664999991888	EXP	intro2_2: font = Arial
23.498664999991888	EXP	intro2_2: height = 0.03
23.498664999991888	EXP	intro2_2: wrapWidth = 1
23.498664999991888	EXP	intro2_2: bold = null
23.498664999991888	EXP	intro2_2: italic = null
23.498664999991888	EXP	intro2_2: color = #FFFFFF
23.498664999991888	EXP	intro2_2: contrast = 1
23.498664999991888	EXP	Intro2_3: units = height
23.498664999991888	EXP	Intro2_3: pos = [0,0]
23.498664999991888	EXP	Intro2_3: size = undefined
23.498664999991888	EXP	Intro2_3: ori = null
23.498664999991888	EXP	Intro2_3: opacity = 1
23.498664999991888	EXP	Intro2_3: depth = null
23.498664999991888	EXP	Intro2_3: clipMask = null
23.498664999991888	EXP	Intro2_3: boundingBox = {"x":0,"y":0,"width":0,"height":0,"type":1}
23.498664999991888	EXP	Intro2_3: text = Si escoges la opción de la izquierda oprime la flecha hacia la izquierda, si escoges la opción de la derecha oprime la flecha hacia la derecha
23.498664999991888	EXP	Intro2_3: alignHoriz = center
23.498664999991888	EXP	Intro2_3: alignVert = center
23.498664999991888	EXP	Intro2_3: flipHoriz = null
23.498664999991888	EXP	Intro2_3: flipVert = null
23.498664999991888	EXP	Intro2_3: font = Arial
23.498664999991888	EXP	Intro2_3: height = 0.06
23.498664999991888	EXP	Intro2_3: wrapWidth = 1
23.498664999991888	EXP	Intro2_3: bold = null
23.498664999991888	EXP	Intro2_3: italic = null
23.498664999991888	EXP	Intro2_3: color = #FFFFFF
23.498664999991888	EXP	Intro2_3: contrast = 1
23.498664999991888	EXP	intro3: units = height
23.498664999991888	EXP	intro3: pos = [0,0.3]
23.498664999991888	EXP	intro3: size = undefined
23.498664999991888	EXP	intro3: ori = null
23.498664999991888	EXP	intro3: opacity = 1
23.498664999991888	EXP	intro3: depth = -1
23.498664999991888	EXP	intro3: clipMask = null
23.498664999991888	EXP	intro3: boundingBox = {"x":0,"y":0,"width":0,"height":0,"type":1}
23.498664999991888	EXP	intro3: text = Por ejemplo, ¿qué preferirías?
23.498664999991888	EXP	intro3: alignHoriz = center
23.498664999991888	EXP	intro3: alignVert = center
23.498664999991888	EXP	intro3: flipHoriz = null
23.498664999991888	EXP	intro3: flipVert = null
23.498664999991888	EXP	intro3: font = Arial
23.498664999991888	EXP	intro3: height = 0.06
23.498664999991888	EXP	intro3: wrapWidth = 1
23.498664999991888	EXP	intro3: bold = null
23.498664999991888	EXP	intro3: italic = null
23.498664999991888	EXP	intro3: color = #FFFFFF
23.498664999991888	EXP	intro3: contrast = 1
23.498664999991888	EXP	ss_am: units = height
23.498664999991888	EXP	ss_am: pos = [-0.5,0.1]
23.498664999991888	EXP	ss_am: size = undefined
23.498664999991888	EXP	ss_am: ori = null
23.498664999991888	EXP	ss_am: opacity = 1
23.498664999991888	EXP	ss_am: depth = -2
23.498664999991888	EXP	ss_am: clipMask = null
23.498664999991888	EXP	ss_am: boundingBox = {"x":0,"y":0,"width":0,"height":0,"type":1}
23.498664999991888	EXP	ss_am: text = $5.000
23.498664999991888	EXP	ss_am: alignHoriz = center
23.498664999991888	EXP	ss_am: alignVert = center
23.498664999991888	EXP	ss_am: flipHoriz = null
23.498664999991888	EXP	ss_am: flipVert = null
23.498664999991888	EXP	ss_am: font = Arial
23.498664999991888	EXP	ss_am: height = 0.08
23.498664999991888	EXP	ss_am: wrapWidth = 1
23.498664999991888	EXP	ss_am: bold = null
23.498664999991888	EXP	ss_am: italic = null
23.498664999991888	EXP	ss_am: color = #FFFFFF
23.498664999991888	EXP	ss_am: contrast = 1
23.498664999991888	EXP	ss_del: units = height
23.498664999991888	EXP	ss_del: pos = [-0.5,-0.1]
23.498664999991888	EXP	ss_del: size = undefined
23.498664999991888	EXP	ss_del: ori = null
23.498664999991888	EXP	ss_del: opacity = 1
23.498664999991888	EXP	ss_del: depth = -3
23.498664999991888	EXP	ss_del: clipMask = null
23.498664999991888	EXP	ss_del: boundingBox = {"x":0,"y":0,"width":0,"height":0,"type":1}
23.498664999991888	EXP	ss_del: text = hoy
23.498664999991888	EXP	ss_del: alignHoriz = center
23.498664999991888	EXP	ss_del: alignVert = center
23.498664999991888	EXP	ss_del: flipHoriz = null
23.498664999991888	EXP	ss_del: flipVert = null
23.498664999991888	EXP	ss_del: font = Arial
23.498664999991888	EXP	ss_del: height = 0.08
23.498664999991888	EXP	ss_del: wrapWidth = 1
23.498664999991888	EXP	ss_del: bold = null
23.498664999991888	EXP	ss_del: italic = null
23.498664999991888	EXP	ss_del: color = #FFFFFF
23.498664999991888	EXP	ss_del: contrast = 1
23.498664999991888	EXP	ll_am: units = height
23.498664999991888	EXP	ll_am: pos = [0.5,0.1]
23.498664999991888	EXP	ll_am: size = undefined
23.498664999991888	EXP	ll_am: ori = null
23.498664999991888	EXP	ll_am: opacity = 1
23.498664999991888	EXP	ll_am: depth = -4
23.498664999991888	EXP	ll_am: clipMask = null
23.498664999991888	EXP	ll_am: boundingBox = {"x":0,"y":0,"width":0,"height":0,"type":1}
23.498664999991888	EXP	ll_am: text = $10.000
23.498664999991888	EXP	ll_am: alignHoriz = center
23.498664999991888	EXP	ll_am: alignVert = center
23.498664999991888	EXP	ll_am: flipHoriz = null
23.498664999991888	EXP	ll_am: flipVert = null
23.498664999991888	EXP	ll_am: font = Arial
23.498664999991888	EXP	ll_am: height = 0.08
23.498664999991888	EXP	ll_am: wrapWidth = 1
23.498664999991888	EXP	ll_am: bold = null
23.498664999991888	EXP	ll_am: italic = null
23.498664999991888	EXP	ll_am: color = #FFFFFF
23.498664999991888	EXP	ll_am: contrast = 1
23.498664999991888	EXP	ll_del: units = height
23.498664999991888	EXP	ll_del: pos = [0.5,-0.1]
23.498664999991888	EXP	ll_del: size = undefined
23.498664999991888	EXP	ll_del: ori = null
23.498664999991888	EXP	ll_del: opacity = 1
23.498664999991888	EXP	ll_del: depth = -5
23.498664999991888	EXP	ll_del: clipMask = null
23.498664999991888	EXP	ll_del: boundingBox = {"x":0,"y":0,"width":0,"height":0,"type":1}
23.498664999991888	EXP	ll_del: text = en 7 días
23.498664999991888	EXP	ll_del: alignHoriz = center
23.498664999991888	EXP	ll_del: alignVert = center
23.498664999991888	EXP	ll_del: flipHoriz = null
23.498664999991888	EXP	ll_del: flipVert = null
23.498664999991888	EXP	ll_del: font = Arial
23.498664999991888	EXP	ll_del: height = 0.08
23.498664999991888	EXP	ll_del: wrapWidth = 1
23.498664999991888	EXP	ll_del: bold = null
23.498664999991888	EXP	ll_del: italic = null
23.498664999991888	EXP	ll_del: color = #FFFFFF
23.498664999991888	EXP	ll_del: contrast = 1
23.498664999991888	EXP	Intro4: units = height
23.498664999991888	EXP	Intro4: pos = [0,0]
23.498664999991888	EXP	Intro4: size = undefined
23.498664999991888	EXP	Intro4: ori = null
23.498664999991888	EXP	Intro4: opacity = 1
23.498664999991888	EXP	Intro4: depth = null
23.498664999991888	EXP	Intro4: clipMask = null
23.498664999991888	EXP	Intro4: boundingBox = {"x":0,"y":0,"width":0,"height":0,"type":1}
23.498664999991888	EXP	Intro4: text = Hagamos unos ensayos de práctica
23.498664999991888	EXP	Intro4: alignHoriz = center
23.498664999991888	EXP	Intro4: alignVert = center
23.498664999991888	EXP	Intro4: flipHoriz = null
23.498664999991888	EXP	Intro4: flipVert = null
23.498664999991888	EXP	Intro4: font = Arial
23.498664999991888	EXP	Intro4: height = 0.06
23.498664999991888	EXP	Intro4: wrapWidth = 1
23.498664999991888	EXP	Intro4: bold = null
23.498664999991888	EXP	Intro4: italic = null
23.498664999991888	EXP	Intro4: color = #FFFFFF
23.498664999991888	EXP	Intro4: contrast = 1
23.498664999991888	EXP	pregunta: units = height
23.498664999991888	EXP	pregunta: pos = [0,0.3]
23.498664999991888	EXP	pregunta: size = undefined
23.498664999991888	EXP	pregunta: ori = null
23.498664999991888	EXP	pregunta: opacity = 1
23.498664999991888	EXP	pregunta: depth = -1
23.498664999991888	EXP	pregunta: clipMask = null
23.498664999991888	EXP	pregunta: boundingBox = {"x":0,"y":0,"width":0,"height":0,"type":1}
23.498664999991888	EXP	pregunta: text = ¿qué preferirías?
23.498664999991888	EXP	pregunta: alignHoriz = center
23.498664999991888	EXP	pregunta: alignVert = center
23.498664999991888	EXP	pregunta: flipHoriz = null
23.498664999991888	EXP	pregunta: flipVert = null
23.498664999991888	EXP	pregunta: font = Arial
23.498664999991888	EXP	pregunta: height = 0.06
23.498664999991888	EXP	pregunta: wrapWidth = 1
23.498664999991888	EXP	pregunta: bold = null
23.498664999991888	EXP	pregunta: italic = null
23.498664999991888	EXP	pregunta: color = #FFFFFF
23.498664999991888	EXP	pregunta: contrast = 1
23.498664999991888	EXP	ssAm_P: units = height
23.498664999991888	EXP	ssAm_P: pos = [0,0]
23.498664999991888	EXP	ssAm_P: size = undefined
23.498664999991888	EXP	ssAm_P: ori = null
23.498664999991888	EXP	ssAm_P: opacity = 1
23.498664999991888	EXP	ssAm_P: depth = -2
23.498664999991888	EXP	ssAm_P: clipMask = null
23.498664999991888	EXP	ssAm_P: boundingBox = {"x":0,"y":0,"width":0,"height":0,"type":1}
23.498664999991888	EXP	ssAm_P: text = default text
23.498664999991888	EXP	ssAm_P: alignHoriz = center
23.498664999991888	EXP	ssAm_P: alignVert = center
23.498664999991888	EXP	ssAm_P: flipHoriz = null
23.498664999991888	EXP	ssAm_P: flipVert = null
23.498664999991888	EXP	ssAm_P: font = Arial
23.498664999991888	EXP	ssAm_P: height = 0.08
23.498664999991888	EXP	ssAm_P: wrapWidth = 1
23.498664999991888	EXP	ssAm_P: bold = null
23.498664999991888	EXP	ssAm_P: italic = null
23.498664999991888	EXP	ssAm_P: color = #FFFFFF
23.498664999991888	EXP	ssAm_P: contrast = 1
23.498664999991888	EXP	ssDel_P: units = height
23.498664999991888	EXP	ssDel_P: pos = [0,0]
23.498664999991888	EXP	ssDel_P: size = undefined
23.498664999991888	EXP	ssDel_P: ori = null
23.498664999991888	EXP	ssDel_P: opacity = 1
23.498664999991888	EXP	ssDel_P: depth = -3
23.498664999991888	EXP	ssDel_P: clipMask = null
23.498664999991888	EXP	ssDel_P: boundingBox = {"x":0,"y":0,"width":0,"height":0,"type":1}
23.498664999991888	EXP	ssDel_P: text = hoy
23.498664999991888	EXP	ssDel_P: alignHoriz = center
23.498664999991888	EXP	ssDel_P: alignVert = center
23.498664999991888	EXP	ssDel_P: flipHoriz = null
23.498664999991888	EXP	ssDel_P: flipVert = null
23.498664999991888	EXP	ssDel_P: font = Arial
23.498664999991888	EXP	ssDel_P: height = 0.08
23.498664999991888	EXP	ssDel_P: wrapWidth = 1
23.498664999991888	EXP	ssDel_P: bold = null
23.498664999991888	EXP	ssDel_P: italic = null
23.498664999991888	EXP	ssDel_P: color = #FFFFFF
23.498664999991888	EXP	ssDel_P: contrast = 1
23.498664999991888	EXP	llAm_P: units = height
23.498664999991888	EXP	llAm_P: pos = [0,0]
23.498664999991888	EXP	llAm_P: size = undefined
23.498664999991888	EXP	llAm_P: ori = null
23.498664999991888	EXP	llAm_P: opacity = 1
23.498664999991888	EXP	llAm_P: depth = -4
23.498664999991888	EXP	llAm_P: clipMask = null
23.498664999991888	EXP	llAm_P: boundingBox = {"x":0,"y":0,"width":0,"height":0,"type":1}
23.498664999991888	EXP	llAm_P: text = default text
23.498664999991888	EXP	llAm_P: alignHoriz = center
23.498664999991888	EXP	llAm_P: alignVert = center
23.498664999991888	EXP	llAm_P: flipHoriz = null
23.498664999991888	EXP	llAm_P: flipVert = null
23.498664999991888	EXP	llAm_P: font = Arial
23.498664999991888	EXP	llAm_P: height = 0.08
23.498664999991888	EXP	llAm_P: wrapWidth = 1
23.498664999991888	EXP	llAm_P: bold = null
23.498664999991888	EXP	llAm_P: italic = null
23.498664999991888	EXP	llAm_P: color = #FFFFFF
23.498664999991888	EXP	llAm_P: contrast = 1
23.498664999991888	EXP	llDel_P: units = height
23.498664999991888	EXP	llDel_P: pos = [0,0]
23.498664999991888	EXP	llDel_P: size = undefined
23.498664999991888	EXP	llDel_P: ori = null
23.498664999991888	EXP	llDel_P: opacity = 1
23.498664999991888	EXP	llDel_P: depth = -5
23.498664999991888	EXP	llDel_P: clipMask = null
23.498664999991888	EXP	llDel_P: boundingBox = {"x":0,"y":0,"width":0,"height":0,"type":1}
23.498664999991888	EXP	llDel_P: text = default text
23.498664999991888	EXP	llDel_P: alignHoriz = center
23.498664999991888	EXP	llDel_P: alignVert = center
23.498664999991888	EXP	llDel_P: flipHoriz = null
23.498664999991888	EXP	llDel_P: flipVert = null
23.498664999991888	EXP	llDel_P: font = Arial
23.498664999991888	EXP	llDel_P: height = 0.08
23.498664999991888	EXP	llDel_P: wrapWidth = 1
23.498664999991888	EXP	llDel_P: bold = null
23.498664999991888	EXP	llDel_P: italic = null
23.498664999991888	EXP	llDel_P: color = #FFFFFF
23.498664999991888	EXP	llDel_P: contrast = 1
23.498664999991888	EXP	feedbackP: units = height
23.498664999991888	EXP	feedbackP: pos = [0,0]
23.498664999991888	EXP	feedbackP: size = undefined
23.498664999991888	EXP	feedbackP: ori = null
23.498664999991888	EXP	feedbackP: opacity = 1
23.498664999991888	EXP	feedbackP: depth = -1
23.498664999991888	EXP	feedbackP: clipMask = null
23.498664999991888	EXP	feedbackP: boundingBox = {"x":0,"y":0,"width":0,"height":0,"type":1}
23.498664999991888	EXP	feedbackP: text = default text
23.498664999991888	EXP	feedbackP: alignHoriz = center
23.498664999991888	EXP	feedbackP: alignVert = center
23.498664999991888	EXP	feedbackP: flipHoriz = null
23.498664999991888	EXP	feedbackP: flipVert = null
23.498664999991888	EXP	feedbackP: font = Arial
23.498664999991888	EXP	feedbackP: height = 0.06
23.498664999991888	EXP	feedbackP: wrapWidth = 1
23.498664999991888	EXP	feedbackP: bold = null
23.498664999991888	EXP	feedbackP: italic = null
23.498664999991888	EXP	feedbackP: color = #FFFFFF
23.498664999991888	EXP	feedbackP: contrast = 1
23.498664999991888	EXP	comienzo: units = height
23.498664999991888	EXP	comienzo: pos = [0,0]
23.498664999991888	EXP	comienzo: size = undefined
23.498664999991888	EXP	comienzo: ori = null
23.498664999991888	EXP	comienzo: opacity = 1
23.498664999991888	EXP	comienzo: depth = null
23.498664999991888	EXP	comienzo: clipMask = null
23.498664999991888	EXP	comienzo: boundingBox = {"x":0,"y":0,"width":0,"height":0,"type":1}
23.498664999991888	EXP	comienzo: text = Ahora sí vamos a empezar con la tarea. Recuerda que debes contestar todas las preguntas. Tienes 20 segundos por cada pregunta. 
23.498664999991888	EXP	comienzo: alignHoriz = center
23.498664999991888	EXP	comienzo: alignVert = center
23.498664999991888	EXP	comienzo: flipHoriz = null
23.498664999991888	EXP	comienzo: flipVert = null
23.498664999991888	EXP	comienzo: font = Arial
23.498664999991888	EXP	comienzo: height = 0.06
23.498664999991888	EXP	comienzo: wrapWidth = 1
23.498664999991888	EXP	comienzo: bold = null
23.498664999991888	EXP	comienzo: italic = null
23.498664999991888	EXP	comienzo: color = #FFFFFF
23.498664999991888	EXP	comienzo: contrast = 1
23.498664999991888	EXP	preguntaT: units = height
23.498664999991888	EXP	preguntaT: pos = [0,0.3]
23.498664999991888	EXP	preguntaT: size = undefined
23.498664999991888	EXP	preguntaT: ori = null
23.498664999991888	EXP	preguntaT: opacity = 1
23.498664999991888	EXP	preguntaT: depth = -1
23.498664999991888	EXP	preguntaT: clipMask = null
23.498664999991888	EXP	preguntaT: boundingBox = {"x":0,"y":0,"width":0,"height":0,"type":1}
23.498664999991888	EXP	preguntaT: text = ¿qué preferirías?
23.498664999991888	EXP	preguntaT: alignHoriz = center
23.498664999991888	EXP	preguntaT: alignVert = center
23.498664999991888	EXP	preguntaT: flipHoriz = null
23.498664999991888	EXP	preguntaT: flipVert = null
23.498664999991888	EXP	preguntaT: font = Arial
23.498664999991888	EXP	preguntaT: height = 0.06
23.498664999991888	EXP	preguntaT: wrapWidth = 1
23.498664999991888	EXP	preguntaT: bold = null
23.498664999991888	EXP	preguntaT: italic = null
23.498664999991888	EXP	preguntaT: color = #FFFFFF
23.498664999991888	EXP	preguntaT: contrast = 1
23.498664999991888	EXP	ssAm_T: units = height
23.498664999991888	EXP	ssAm_T: pos = [0,0]
23.498664999991888	EXP	ssAm_T: size = undefined
23.498664999991888	EXP	ssAm_T: ori = null
23.498664999991888	EXP	ssAm_T: opacity = 1
23.498664999991888	EXP	ssAm_T: depth = -2
23.498664999991888	EXP	ssAm_T: clipMask = null
23.498664999991888	EXP	ssAm_T: boundingBox = {"x":0,"y":0,"width":0,"height":0,"type":1}
23.498664999991888	EXP	ssAm_T: text = default text
23.498664999991888	EXP	ssAm_T: alignHoriz = center
23.498664999991888	EXP	ssAm_T: alignVert = center
23.498664999991888	EXP	ssAm_T: flipHoriz = null
23.498664999991888	EXP	ssAm_T: flipVert = null
23.498664999991888	EXP	ssAm_T: font = Arial
23.498664999991888	EXP	ssAm_T: height = 0.08
23.498664999991888	EXP	ssAm_T: wrapWidth = 1
23.498664999991888	EXP	ssAm_T: bold = null
23.498664999991888	EXP	ssAm_T: italic = null
23.498664999991888	EXP	ssAm_T: color = #FFFFFF
23.498664999991888	EXP	ssAm_T: contrast = 1
23.498664999991888	EXP	ssDel_T: units = height
23.498664999991888	EXP	ssDel_T: pos = [0,0]
23.498664999991888	EXP	ssDel_T: size = undefined
23.498664999991888	EXP	ssDel_T: ori = null
23.498664999991888	EXP	ssDel_T: opacity = 1
23.498664999991888	EXP	ssDel_T: depth = -3
23.498664999991888	EXP	ssDel_T: clipMask = null
23.498664999991888	EXP	ssDel_T: boundingBox = {"x":0,"y":0,"width":0,"height":0,"type":1}
23.498664999991888	EXP	ssDel_T: text = hoy
23.498664999991888	EXP	ssDel_T: alignHoriz = center
23.498664999991888	EXP	ssDel_T: alignVert = center
23.498664999991888	EXP	ssDel_T: flipHoriz = null
23.498664999991888	EXP	ssDel_T: flipVert = null
23.498664999991888	EXP	ssDel_T: font = Arial
23.498664999991888	EXP	ssDel_T: height = 0.08
23.498664999991888	EXP	ssDel_T: wrapWidth = 1
23.498664999991888	EXP	ssDel_T: bold = null
23.498664999991888	EXP	ssDel_T: italic = null
23.498664999991888	EXP	ssDel_T: color = #FFFFFF
23.498664999991888	EXP	ssDel_T: contrast = 1
23.498664999991888	EXP	llAm_T: units = height
23.498664999991888	EXP	llAm_T: pos = [0,0]
23.498664999991888	EXP	llAm_T: size = undefined
23.498664999991888	EXP	llAm_T: ori = null
23.498664999991888	EXP	llAm_T: opacity = 1
23.498664999991888	EXP	llAm_T: depth = -4
23.498664999991888	EXP	llAm_T: clipMask = null
23.498664999991888	EXP	llAm_T: boundingBox = {"x":0,"y":0,"width":0,"height":0,"type":1}
23.498664999991888	EXP	llAm_T: text = default text
23.498664999991888	EXP	llAm_T: alignHoriz = center
23.498664999991888	EXP	llAm_T: alignVert = center
23.498664999991888	EXP	llAm_T: flipHoriz = null
23.498664999991888	EXP	llAm_T: flipVert = null
23.498664999991888	EXP	llAm_T: font = Arial
23.498664999991888	EXP	llAm_T: height = 0.08
23.498664999991888	EXP	llAm_T: wrapWidth = 1
23.498664999991888	EXP	llAm_T: bold = null
23.498664999991888	EXP	llAm_T: italic = null
23.498664999991888	EXP	llAm_T: color = #FFFFFF
23.498664999991888	EXP	llAm_T: contrast = 1
23.498664999991888	EXP	llDel_T: units = height
23.498664999991888	EXP	llDel_T: pos = [0,0]
23.498664999991888	EXP	llDel_T: size = undefined
23.498664999991888	EXP	llDel_T: ori = null
23.498664999991888	EXP	llDel_T: opacity = 1
23.498664999991888	EXP	llDel_T: depth = -5
23.498664999991888	EXP	llDel_T: clipMask = null
23.498664999991888	EXP	llDel_T: boundingBox = {"x":0,"y":0,"width":0,"height":0,"type":1}
23.498664999991888	EXP	llDel_T: text = default text
23.498664999991888	EXP	llDel_T: alignHoriz = center
23.498664999991888	EXP	llDel_T: alignVert = center
23.498664999991888	EXP	llDel_T: flipHoriz = null
23.498664999991888	EXP	llDel_T: flipVert = null
23.498664999991888	EXP	llDel_T: font = Arial
23.498664999991888	EXP	llDel_T: height = 0.08
23.498664999991888	EXP	llDel_T: wrapWidth = 1
23.498664999991888	EXP	llDel_T: bold = null
23.498664999991888	EXP	llDel_T: italic = null
23.498664999991888	EXP	llDel_T: color = #FFFFFF
23.498664999991888	EXP	llDel_T: contrast = 1
23.498664999991888	EXP	textfbT: units = height
23.498664999991888	EXP	textfbT: pos = [0,0]
23.498664999991888	EXP	textfbT: size = undefined
23.498664999991888	EXP	textfbT: ori = null
23.498664999991888	EXP	textfbT: opacity = 1
23.498664999991888	EXP	textfbT: depth = -1
23.498664999991888	EXP	textfbT: clipMask = null
23.498664999991888	EXP	textfbT: boundingBox = {"x":0,"y":0,"width":0,"height":0,"type":1}
23.498664999991888	EXP	textfbT: text = default text
23.498664999991888	EXP	textfbT: alignHoriz = center
23.498664999991888	EXP	textfbT: alignVert = center
23.498664999991888	EXP	textfbT: flipHoriz = null
23.498664999991888	EXP	textfbT: flipVert = null
23.498664999991888	EXP	textfbT: font = Arial
23.498664999991888	EXP	textfbT: height = 0.06
23.498664999991888	EXP	textfbT: wrapWidth = 1
23.498664999991888	EXP	textfbT: bold = null
23.498664999991888	EXP	textfbT: italic = null
23.498664999991888	EXP	textfbT: color = #FFFFFF
23.498664999991888	EXP	textfbT: contrast = 1
23.498664999991888	EXP	Gracias: units = height
23.498664999991888	EXP	Gracias: pos = [0,0]
23.498664999991888	EXP	Gracias: size = undefined
23.498664999991888	EXP	Gracias: ori = null
23.498664999991888	EXP	Gracias: opacity = 1
23.498664999991888	EXP	Gracias: depth = null
23.498664999991888	EXP	Gracias: clipMask = null
23.498664999991888	EXP	Gracias: boundingBox = {"x":0,"y":0,"width":0,"height":0,"type":1}
23.498664999991888	EXP	Gracias: text = Terminaste!

Muchas gracias por participar!
23.498664999991888	EXP	Gracias: alignHoriz = center
23.498664999991888	EXP	Gracias: alignVert = center
23.498664999991888	EXP	Gracias: flipHoriz = null
23.498664999991888	EXP	Gracias: flipVert = null
23.498664999991888	EXP	Gracias: font = Arial
23.498664999991888	EXP	Gracias: height = 0.06
23.498664999991888	EXP	Gracias: wrapWidth = 1
23.498664999991888	EXP	Gracias: bold = null
23.498664999991888	EXP	Gracias: italic = null
23.498664999991888	EXP	Gracias: color = #FFFFFF
23.498664999991888	EXP	Gracias: contrast = 1
23.498664999991888	EXP	intro1: autoDraw = true
58.10728999998537	DATA	Mouse: 0 button down, pos=(155.5859375,170.671875)
58.108204999996815	DATA	Mouse: 0 button down, pos=(155.5859375,170.671875)
58.108780000009574	DATA	Mouse: 0 button down, pos=(155.5859375,170.671875)
58.10925499998848	DATA	Mouse: 0 button down, pos=(155.5859375,170.671875)
61.12227500000154	DATA	Mouse: 0 button down, pos=(395.6328125,190.73046875)
61.13466499999049	DATA	Mouse: 0 button down, pos=(395.6328125,190.73046875)
61.25272499999846	DATA	Mouse: 0 button down, pos=(395.6328125,190.73046875)
61.256254999985686	DATA	Mouse: 0 button down, pos=(395.6328125,190.73046875)
64.38695499999449	DATA	Mouse: 0 button down, pos=(701.96484375,338.1640625)
64.3874150000047	DATA	Mouse: 0 button down, pos=(701.96484375,338.1640625)
65.56880499998806	DATA	Keydown:  
65.60106499999529	EXP	intro1: autoDraw = null
65.60106499999529	EXP	intro2: autoDraw = true
89.28727000000072	DATA	Keydown:  
89.30454499999178	EXP	intro2: autoDraw = null
89.30454499999178	EXP	intro2_2: autoDraw = true
104.44141500000842	DATA	Keydown:  
104.45438499999	EXP	intro2_2: autoDraw = null
104.45438499999	EXP	Intro2_3: autoDraw = true
111.0358899999992	DATA	Keydown:  
111.07482999999775	EXP	Intro2_3: autoDraw = null
111.07482999999775	EXP	intro3: autoDraw = true
111.07482999999775	EXP	ss_am: autoDraw = true
111.07482999999775	EXP	ss_del: autoDraw = true
111.07482999999775	EXP	ll_am: autoDraw = true
111.07482999999775	EXP	ll_del: autoDraw = true
114.77082000000519	DATA	Mouse: 0 button down, pos=(342.5234375,305.25)
114.77186000000802	DATA	Mouse: 0 button down, pos=(342.5234375,305.25)
116.57287500001257	DATA	Mouse: 0 button down, pos=(1099.4921875,335.6015625)
116.58770999999251	DATA	Mouse: 0 button down, pos=(1099.4921875,335.6015625)
116.8220399999991	DATA	Mouse: 0 button down, pos=(1099.4921875,335.6015625)
116.83585999999195	DATA	Mouse: 0 button down, pos=(1099.4921875,335.6015625)
121.73807500000112	DATA	Mouse: 0 button down, pos=(1011.6171875,326.78125)
121.73853000000236	DATA	Mouse: 0 button down, pos=(1011.6171875,326.78125)
126.25709999998799	DATA	Keydown: ArrowRight
126.2721550000133	EXP	intro3: autoDraw = null
126.2721550000133	EXP	ss_am: autoDraw = null
126.2721550000133	EXP	ss_del: autoDraw = null
126.2721550000133	EXP	ll_am: autoDraw = null
126.2721550000133	EXP	ll_del: autoDraw = null
126.2721550000133	EXP	Intro4: autoDraw = true
127.97318500000983	DATA	Keydown:  
128.04532999999356	EXP	Intro4: autoDraw = null
128.04532999999356	EXP	ssAm_P: pos = [-0.5,0.1]
128.04532999999356	EXP	ssAm_P: text = $10000
128.04532999999356	EXP	ssDel_P: pos = [-0.5,-0.1]
128.04532999999356	EXP	llAm_P: pos = [0.5,0.1]
128.04532999999356	EXP	llAm_P: text = $19000
128.04532999999356	EXP	llDel_P: pos = [0.5,-0.1]
128.04532999999356	EXP	llDel_P: text = en 89 días
128.04532999999356	EXP	pregunta: autoDraw = true
128.04532999999356	EXP	ssAm_P: autoDraw = true
128.04532999999356	EXP	ssDel_P: autoDraw = true
128.04532999999356	EXP	llAm_P: autoDraw = true
128.04532999999356	EXP	llDel_P: autoDraw = true
132.89281499999925	DATA	Keydown: ArrowLeft
132.90306000001146	EXP	pregunta: autoDraw = null
132.90306000001146	EXP	ssAm_P: autoDraw = null
132.90306000001146	EXP	ssDel_P: autoDraw = null
132.90306000001146	EXP	llAm_P: autoDraw = null
132.90306000001146	EXP	llDel_P: autoDraw = null
132.90306000001146	EXP	feedbackP: text = Elegiste no esperar
132.90306000001146	EXP	feedbackP: autoDraw = true
135.9089399999939	EXP	feedbackP: autoDraw = null
135.9089399999939	EXP	feedbackP: autoDraw = null
135.9089399999939	EXP	ssAm_P: pos = [0.5,0.1]
135.9089399999939	EXP	ssAm_P: text = $10000
135.9089399999939	EXP	ssDel_P: pos = [0.5,-0.1]
135.9089399999939	EXP	llAm_P: pos = [-0.5,0.1]
135.9089399999939	EXP	llAm_P: text = $109000
135.9089399999939	EXP	llDel_P: pos = [-0.5,-0.1]
135.9089399999939	EXP	llDel_P: text = en 9 días
135.9089399999939	EXP	pregunta: autoDraw = true
135.9089399999939	EXP	ssAm_P: autoDraw = true
135.9089399999939	EXP	ssDel_P: autoDraw = true
135.9089399999939	EXP	llAm_P: autoDraw = true
135.9089399999939	EXP	llDel_P: autoDraw = true
140.27123499999288	DATA	Keydown: ArrowRight
140.28483499999857	EXP	pregunta: autoDraw = null
140.28483499999857	EXP	ssAm_P: autoDraw = null
140.28483499999857	EXP	ssDel_P: autoDraw = null
140.28483499999857	EXP	llAm_P: autoDraw = null
140.28483499999857	EXP	llDel_P: autoDraw = null
140.28483499999857	EXP	feedbackP: text = Elegiste no esperar
140.28483499999857	EXP	feedbackP: autoDraw = true
143.29242499999236	EXP	feedbackP: autoDraw = null
143.29242499999236	EXP	feedbackP: autoDraw = null
143.29242499999236	EXP	ssAm_P: pos = [-0.5,0.1]
143.29242499999236	EXP	ssAm_P: text = $25000
143.29242499999236	EXP	ssDel_P: pos = [-0.5,-0.1]
143.29242499999236	EXP	llAm_P: pos = [0.5,0.1]
143.29242499999236	EXP	llAm_P: text = $35000
143.29242499999236	EXP	llDel_P: pos = [0.5,-0.1]
143.29242499999236	EXP	llDel_P: text = en 150 días
143.29242499999236	EXP	pregunta: autoDraw = true
143.29242499999236	EXP	ssAm_P: autoDraw = true
143.29242499999236	EXP	ssDel_P: autoDraw = true
143.29242499999236	EXP	llAm_P: autoDraw = true
143.29242499999236	EXP	llDel_P: autoDraw = true
147.93718999999692	DATA	Keydown: ArrowLeft
147.9590700000117	EXP	pregunta: autoDraw = null
147.9590700000117	EXP	ssAm_P: autoDraw = null
147.9590700000117	EXP	ssDel_P: autoDraw = null
147.9590700000117	EXP	llAm_P: autoDraw = null
147.9590700000117	EXP	llDel_P: autoDraw = null
147.9590700000117	EXP	feedbackP: text = Elegiste no esperar
147.9590700000117	EXP	feedbackP: autoDraw = true
150.9556150000135	EXP	feedbackP: autoDraw = null
150.9556150000135	EXP	feedbackP: autoDraw = null
150.9556150000135	EXP	comienzo: autoDraw = true
242.58793999999762	DATA	Mouse: 0 button down, pos=(861.7890625,392.64453125)
242.59297500000685	DATA	Mouse: 0 button down, pos=(861.7890625,392.64453125)
244.45246999998926	DATA	Keydown: Escape
