0.22937999991700053	EXP	Created Window = Window( name=Window, fullscr=true, color=#808080, units=height, waitBlanking=true, autoLog=true, size=[681,725] )
273.1450949999271	DATA	Keydown: 2
273.6569550000131	DATA	Keydown: 7
273.80657999997493	DATA	Keydown: 1
279.7839049999602	DATA	Keydown: Enter
282.69690999994054	EXP	Created intro1 = TextStim( name=intro1, win=Window( name=Window, fullscr=true, color=#808080, ~), autoDraw=null, autoLog=true, units=height, pos=[0,0], size=undefined, ori=null, opacity=1, depth=null, clipMask=null, boundingBox={"x":-0.47691168203928047,"y":-0.20704845814977973~, text=A continuación vas a completar una tarea computari~, alignHoriz=center, alignVert=center, flipHoriz=null, flipVert=null, font=Arial, height=0.06, wrapWidth=1, bold=null, italic=null, color=#FFFFFF, contrast=1 )
282.7555099999299	EXP	Created intro2 = TextStim( name=intro2, win=Window( name=Window, fullscr=true, color=#808080, ~), autoDraw=null, autoLog=true, units=height, pos=[0,0], size=undefined, ori=null, opacity=1, depth=null, clipMask=null, boundingBox={"x":-0.495508672907489,"y":-0.19383259911894274,"~, text=Todas las decisiones que tendrás que tomar serán e~, alignHoriz=center, alignVert=center, flipHoriz=null, flipVert=null, font=Arial, height=0.03, wrapWidth=1, bold=null, italic=null, color=#FFFFFF, contrast=1 )
282.76290999993216	EXP	Created intro2_2 = TextStim( name=intro2_2, win=Window( name=Window, fullscr=true, color=#808080, ~), autoDraw=null, autoLog=true, units=height, pos=[0,0], size=undefined, ori=null, opacity=1, depth=null, clipMask=null, boundingBox={"x":-0.4921745938876652,"y":-0.1762114537444934,"~, text=Aunque estas decisiones son hipotéticas, te pedimo~, alignHoriz=center, alignVert=center, flipHoriz=null, flipVert=null, font=Arial, height=0.03, wrapWidth=1, bold=null, italic=null, color=#FFFFFF, contrast=1 )
282.76753499999177	EXP	Created Intro2_3 = TextStim( name=Intro2_3, win=Window( name=Window, fullscr=true, color=#808080, ~), autoDraw=null, autoLog=true, units=height, pos=[0,0], size=undefined, ori=null, opacity=1, depth=null, clipMask=null, boundingBox={"x":-0.49360932337555063,"y":-0.13803230543318648~, text=Si escoges la opción de la izquierda oprime la fle~, alignHoriz=center, alignVert=center, flipHoriz=null, flipVert=null, font=Arial, height=0.06, wrapWidth=1, bold=null, italic=null, color=#FFFFFF, contrast=1 )
282.77203999995254	EXP	Created intro3 = TextStim( name=intro3, win=Window( name=Window, fullscr=true, color=#808080, ~), autoDraw=null, autoLog=true, units=height, pos=[0,0.3], size=undefined, ori=null, opacity=1, depth=-1, clipMask=null, boundingBox={"x":-0.406578747361417,"y":0.2654919236417034,"wi~, text=Por ejemplo, ¿qué preferirías?, alignHoriz=center, alignVert=center, flipHoriz=null, flipVert=null, font=Arial, height=0.06, wrapWidth=1, bold=null, italic=null, color=#FFFFFF, contrast=1 )
282.8004349999828	EXP	Created ss_am = TextStim( name=ss_am, win=Window( name=Window, fullscr=true, color=#808080, ~), autoDraw=null, autoLog=true, units=height, pos=[-0.5,0.1], size=undefined, ori=null, opacity=1, depth=-2, clipMask=null, boundingBox={"x":-0.6212658314977973,"y":0.054478707782672546,~, text=$5.000, alignHoriz=center, alignVert=center, flipHoriz=null, flipVert=null, font=Arial, height=0.08, wrapWidth=1, bold=null, italic=null, color=#FFFFFF, contrast=1 )
282.80464500002563	EXP	Created ss_del = TextStim( name=ss_del, win=Window( name=Window, fullscr=true, color=#808080, ~), autoDraw=null, autoLog=true, units=height, pos=[-0.5,-0.1], size=undefined, ori=null, opacity=1, depth=-3, clipMask=null, boundingBox={"x":-0.5639239743942731,"y":-0.14552129221732746,~, text=hoy, alignHoriz=center, alignVert=center, flipHoriz=null, flipVert=null, font=Arial, height=0.08, wrapWidth=1, bold=null, italic=null, color=#FFFFFF, contrast=1 )
282.8069649999961	EXP	Created ll_am = TextStim( name=ll_am, win=Window( name=Window, fullscr=true, color=#808080, ~), autoDraw=null, autoLog=true, units=height, pos=[0.5,0.1], size=undefined, ori=null, opacity=1, depth=-4, clipMask=null, boundingBox={"x":0.3566840755781938,"y":0.054478707782672546,"~, text=$10.000, alignHoriz=center, alignVert=center, flipHoriz=null, flipVert=null, font=Arial, height=0.08, wrapWidth=1, bold=null, italic=null, color=#FFFFFF, contrast=1 )
282.8111049999716	EXP	Created ll_del = TextStim( name=ll_del, win=Window( name=Window, fullscr=true, color=#808080, ~), autoDraw=null, autoLog=true, units=height, pos=[0.5,-0.1], size=undefined, ori=null, opacity=1, depth=-5, clipMask=null, boundingBox={"x":0.33687964620044053,"y":-0.14552129221732746,~, text=en 7 días, alignHoriz=center, alignVert=center, flipHoriz=null, flipVert=null, font=Arial, height=0.08, wrapWidth=1, bold=null, italic=null, color=#FFFFFF, contrast=1 )
282.81463999999687	EXP	Created Intro4 = TextStim( name=Intro4, win=Window( name=Window, fullscr=true, color=#808080, ~), autoDraw=null, autoLog=true, units=height, pos=[0,0], size=undefined, ori=null, opacity=1, depth=null, clipMask=null, boundingBox={"x":-0.4785726269961454,"y":-0.03450807635829662,~, text=Hagamos unos ensayos de práctica, alignHoriz=center, alignVert=center, flipHoriz=null, flipVert=null, font=Arial, height=0.06, wrapWidth=1, bold=null, italic=null, color=#FFFFFF, contrast=1 )
282.81865499995183	EXP	Created pregunta = TextStim( name=pregunta, win=Window( name=Window, fullscr=true, color=#808080, ~), autoDraw=null, autoLog=true, units=height, pos=[0,0.3], size=undefined, ori=null, opacity=1, depth=-1, clipMask=null, boundingBox={"x":-0.2292251026752937,"y":0.2654919236417034,"w~, text=¿qué preferirías?, alignHoriz=center, alignVert=center, flipHoriz=null, flipVert=null, font=Arial, height=0.06, wrapWidth=1, bold=null, italic=null, color=#FFFFFF, contrast=1 )
282.8198100000154	EXP	Created ssAm_P = TextStim( name=ssAm_P, win=Window( name=Window, fullscr=true, color=#808080, ~), autoDraw=null, autoLog=true, units=height, pos=[0,0], size=undefined, ori=null, opacity=1, depth=-2, clipMask=null, boundingBox={"x":-0.19395950922356828,"y":-0.04552129221732746~, text=default text, alignHoriz=center, alignVert=center, flipHoriz=null, flipVert=null, font=Arial, height=0.08, wrapWidth=1, bold=null, italic=null, color=#FFFFFF, contrast=1 )
282.82065000000875	EXP	Created ssDel_P = TextStim( name=ssDel_P, win=Window( name=Window, fullscr=true, color=#808080, ~), autoDraw=null, autoLog=true, units=height, pos=[0,0], size=undefined, ori=null, opacity=1, depth=-3, clipMask=null, boundingBox={"x":-0.06392397439427312,"y":-0.04552129221732746~, text=hoy, alignHoriz=center, alignVert=center, flipHoriz=null, flipVert=null, font=Arial, height=0.08, wrapWidth=1, bold=null, italic=null, color=#FFFFFF, contrast=1 )
282.821559999953	EXP	Created llAm_P = TextStim( name=llAm_P, win=Window( name=Window, fullscr=true, color=#808080, ~), autoDraw=null, autoLog=true, units=height, pos=[0,0], size=undefined, ori=null, opacity=1, depth=-4, clipMask=null, boundingBox={"x":-0.19395950922356828,"y":-0.04552129221732746~, text=default text, alignHoriz=center, alignVert=center, flipHoriz=null, flipVert=null, font=Arial, height=0.08, wrapWidth=1, bold=null, italic=null, color=#FFFFFF, contrast=1 )
282.82249499997124	EXP	Created llDel_P = TextStim( name=llDel_P, win=Window( name=Window, fullscr=true, color=#808080, ~), autoDraw=null, autoLog=true, units=height, pos=[0,0], size=undefined, ori=null, opacity=1, depth=-5, clipMask=null, boundingBox={"x":-0.19395950922356828,"y":-0.04552129221732746~, text=default text, alignHoriz=center, alignVert=center, flipHoriz=null, flipVert=null, font=Arial, height=0.08, wrapWidth=1, bold=null, italic=null, color=#FFFFFF, contrast=1 )
282.8243800000055	EXP	Created feedbackP = TextStim( name=feedbackP, win=Window( name=Window, fullscr=true, color=#808080, ~), autoDraw=null, autoLog=true, units=height, pos=[0,0], size=undefined, ori=null, opacity=1, depth=-1, clipMask=null, boundingBox={"x":-0.1472655532993759,"y":-0.03450807635829662,~, text=default text, alignHoriz=center, alignVert=center, flipHoriz=null, flipVert=null, font=Arial, height=0.06, wrapWidth=1, bold=null, italic=null, color=#FFFFFF, contrast=1 )
282.83465999993496	EXP	Created comienzo = TextStim( name=comienzo, win=Window( name=Window, fullscr=true, color=#808080, ~), autoDraw=null, autoLog=true, units=height, pos=[0,0], size=undefined, ori=null, opacity=1, depth=null, clipMask=null, boundingBox={"x":-0.4970194050569016,"y":-0.13803230543318648,~, text=Ahora sí vamos a empezar con la tarea. Recuerda qu~, alignHoriz=center, alignVert=center, flipHoriz=null, flipVert=null, font=Arial, height=0.06, wrapWidth=1, bold=null, italic=null, color=#FFFFFF, contrast=1 )
282.83681499992963	EXP	Created preguntaT = TextStim( name=preguntaT, win=Window( name=Window, fullscr=true, color=#808080, ~), autoDraw=null, autoLog=true, units=height, pos=[0,0.3], size=undefined, ori=null, opacity=1, depth=-1, clipMask=null, boundingBox={"x":-0.2292251026752937,"y":0.2654919236417034,"w~, text=¿qué preferirías?, alignHoriz=center, alignVert=center, flipHoriz=null, flipVert=null, font=Arial, height=0.06, wrapWidth=1, bold=null, italic=null, color=#FFFFFF, contrast=1 )
282.83784499997273	EXP	Created ssAm_T = TextStim( name=ssAm_T, win=Window( name=Window, fullscr=true, color=#808080, ~), autoDraw=null, autoLog=true, units=height, pos=[0,0], size=undefined, ori=null, opacity=1, depth=-2, clipMask=null, boundingBox={"x":-0.19395950922356828,"y":-0.04552129221732746~, text=default text, alignHoriz=center, alignVert=center, flipHoriz=null, flipVert=null, font=Arial, height=0.08, wrapWidth=1, bold=null, italic=null, color=#FFFFFF, contrast=1 )
282.83899499999825	EXP	Created ssDel_T = TextStim( name=ssDel_T, win=Window( name=Window, fullscr=true, color=#808080, ~), autoDraw=null, autoLog=true, units=height, pos=[0,0], size=undefined, ori=null, opacity=1, depth=-3, clipMask=null, boundingBox={"x":-0.06392397439427312,"y":-0.04552129221732746~, text=hoy, alignHoriz=center, alignVert=center, flipHoriz=null, flipVert=null, font=Arial, height=0.08, wrapWidth=1, bold=null, italic=null, color=#FFFFFF, contrast=1 )
282.84016000002157	EXP	Created llAm_T = TextStim( name=llAm_T, win=Window( name=Window, fullscr=true, color=#808080, ~), autoDraw=null, autoLog=true, units=height, pos=[0,0], size=undefined, ori=null, opacity=1, depth=-4, clipMask=null, boundingBox={"x":-0.19395950922356828,"y":-0.04552129221732746~, text=default text, alignHoriz=center, alignVert=center, flipHoriz=null, flipVert=null, font=Arial, height=0.08, wrapWidth=1, bold=null, italic=null, color=#FFFFFF, contrast=1 )
282.8517549999524	EXP	Created llDel_T = TextStim( name=llDel_T, win=Window( name=Window, fullscr=true, color=#808080, ~), autoDraw=null, autoLog=true, units=height, pos=[0,0], size=undefined, ori=null, opacity=1, depth=-5, clipMask=null, boundingBox={"x":-0.19395950922356828,"y":-0.04552129221732746~, text=default text, alignHoriz=center, alignVert=center, flipHoriz=null, flipVert=null, font=Arial, height=0.08, wrapWidth=1, bold=null, italic=null, color=#FFFFFF, contrast=1 )
282.85368499998003	EXP	Created textfbT = TextStim( name=textfbT, win=Window( name=Window, fullscr=true, color=#808080, ~), autoDraw=null, autoLog=true, units=height, pos=[0,0], size=undefined, ori=null, opacity=1, depth=-1, clipMask=null, boundingBox={"x":-0.1472655532993759,"y":-0.03450807635829662,~, text=default text, alignHoriz=center, alignVert=center, flipHoriz=null, flipVert=null, font=Arial, height=0.06, wrapWidth=1, bold=null, italic=null, color=#FFFFFF, contrast=1 )
282.8560849999776	EXP	Created Gracias = TextStim( name=Gracias, win=Window( name=Window, fullscr=true, color=#808080, ~), autoDraw=null, autoLog=true, units=height, pos=[0,0], size=undefined, ori=null, opacity=1, depth=null, clipMask=null, boundingBox={"x":-0.40321276156387664,"y":-0.10352422907488987~, text=Terminaste!

Muchas gracias por participar!, alignHoriz=center, alignVert=center, flipHoriz=null, flipVert=null, font=Arial, height=0.06, wrapWidth=1, bold=null, italic=null, color=#FFFFFF, contrast=1 )
283.0240399999311	EXP	intro1: units = height
283.0240399999311	EXP	intro1: pos = [0,0]
283.0240399999311	EXP	intro1: size = undefined
283.0240399999311	EXP	intro1: ori = null
283.0240399999311	EXP	intro1: opacity = 1
283.0240399999311	EXP	intro1: depth = null
283.0240399999311	EXP	intro1: clipMask = null
283.0240399999311	EXP	intro1: boundingBox = {"x":0,"y":0,"width":0,"height":0,"type":1}
283.0240399999311	EXP	intro1: text = A continuación vas a completar una tarea computarizada en la que tomarás una serie de decisiones.

Presiona la barra de espacio para continuar.
283.0240399999311	EXP	intro1: alignHoriz = center
283.0240399999311	EXP	intro1: alignVert = center
283.0240399999311	EXP	intro1: flipHoriz = null
283.0240399999311	EXP	intro1: flipVert = null
283.0240399999311	EXP	intro1: font = Arial
283.0240399999311	EXP	intro1: height = 0.06
283.0240399999311	EXP	intro1: wrapWidth = 1
283.0240399999311	EXP	intro1: bold = null
283.0240399999311	EXP	intro1: italic = null
283.0240399999311	EXP	intro1: color = #FFFFFF
283.0240399999311	EXP	intro1: contrast = 1
283.0240399999311	EXP	intro2: units = height
283.0240399999311	EXP	intro2: pos = [0,0]
283.0240399999311	EXP	intro2: size = undefined
283.0240399999311	EXP	intro2: ori = null
283.0240399999311	EXP	intro2: opacity = 1
283.0240399999311	EXP	intro2: depth = null
283.0240399999311	EXP	intro2: clipMask = null
283.0240399999311	EXP	intro2: boundingBox = {"x":0,"y":0,"width":0,"height":0,"type":1}
283.0240399999311	EXP	intro2: text = Todas las decisiones que tendrás que tomar serán elecciones entre dos opciones de recompensas monetarias que podrías recibir: una opción de dinero que obtendrías hoy contra una opción de dinero que obtendrías en el futuro. 

En cada pregunta, las cantidades de dinero ofrecido y el número de días que habría que esperar en el futuro cambiarán. 

En cada pregunta, la opción inmediata y la  opción futura cambiarán de lado en la pantalla, así que debes poner atención para responder con el teclado cuál es tu preferencia.
283.0240399999311	EXP	intro2: alignHoriz = center
283.0240399999311	EXP	intro2: alignVert = center
283.0240399999311	EXP	intro2: flipHoriz = null
283.0240399999311	EXP	intro2: flipVert = null
283.0240399999311	EXP	intro2: font = Arial
283.0240399999311	EXP	intro2: height = 0.03
283.0240399999311	EXP	intro2: wrapWidth = 1
283.0240399999311	EXP	intro2: bold = null
283.0240399999311	EXP	intro2: italic = null
283.0240399999311	EXP	intro2: color = #FFFFFF
283.0240399999311	EXP	intro2: contrast = 1
283.0240399999311	EXP	intro2_2: units = height
283.0240399999311	EXP	intro2_2: pos = [0,0]
283.0240399999311	EXP	intro2_2: size = undefined
283.0240399999311	EXP	intro2_2: ori = null
283.0240399999311	EXP	intro2_2: opacity = 1
283.0240399999311	EXP	intro2_2: depth = null
283.0240399999311	EXP	intro2_2: clipMask = null
283.0240399999311	EXP	intro2_2: boundingBox = {"x":0,"y":0,"width":0,"height":0,"type":1}
283.0240399999311	EXP	intro2_2: text = Aunque estas decisiones son hipotéticas, te pedimos que hagas cada elección con honestidad, es decir, que respondas cuál es tu verdadera preferencia tal y como si fuéramos a darte el dinero que escogiste en la fecha en la que escogiste.

Es muy importante que sepas que en esta tarea NO HAY respuestas correctas o incorrectas, cada pregunta es sobre TU preferencia, así que tus respuestas pueden ser muy distintas de las de otra persona. Por este motivo, te recomendamos que contestes con sinceridad para que tus respuestas reflejen tus preferencias únicas.
283.0240399999311	EXP	intro2_2: alignHoriz = center
283.0240399999311	EXP	intro2_2: alignVert = center
283.0240399999311	EXP	intro2_2: flipHoriz = null
283.0240399999311	EXP	intro2_2: flipVert = null
283.0240399999311	EXP	intro2_2: font = Arial
283.0240399999311	EXP	intro2_2: height = 0.03
283.0240399999311	EXP	intro2_2: wrapWidth = 1
283.0240399999311	EXP	intro2_2: bold = null
283.0240399999311	EXP	intro2_2: italic = null
283.0240399999311	EXP	intro2_2: color = #FFFFFF
283.0240399999311	EXP	intro2_2: contrast = 1
283.0240399999311	EXP	Intro2_3: units = height
283.0240399999311	EXP	Intro2_3: pos = [0,0]
283.0240399999311	EXP	Intro2_3: size = undefined
283.0240399999311	EXP	Intro2_3: ori = null
283.0240399999311	EXP	Intro2_3: opacity = 1
283.0240399999311	EXP	Intro2_3: depth = null
283.0240399999311	EXP	Intro2_3: clipMask = null
283.0240399999311	EXP	Intro2_3: boundingBox = {"x":0,"y":0,"width":0,"height":0,"type":1}
283.0240399999311	EXP	Intro2_3: text = Si escoges la opción de la izquierda oprime la flecha hacia la izquierda, si escoges la opción de la derecha oprime la flecha hacia la derecha
283.0240399999311	EXP	Intro2_3: alignHoriz = center
283.0240399999311	EXP	Intro2_3: alignVert = center
283.0240399999311	EXP	Intro2_3: flipHoriz = null
283.0240399999311	EXP	Intro2_3: flipVert = null
283.0240399999311	EXP	Intro2_3: font = Arial
283.0240399999311	EXP	Intro2_3: height = 0.06
283.0240399999311	EXP	Intro2_3: wrapWidth = 1
283.0240399999311	EXP	Intro2_3: bold = null
283.0240399999311	EXP	Intro2_3: italic = null
283.0240399999311	EXP	Intro2_3: color = #FFFFFF
283.0240399999311	EXP	Intro2_3: contrast = 1
283.0240399999311	EXP	intro3: units = height
283.0240399999311	EXP	intro3: pos = [0,0.3]
283.0240399999311	EXP	intro3: size = undefined
283.0240399999311	EXP	intro3: ori = null
283.0240399999311	EXP	intro3: opacity = 1
283.0240399999311	EXP	intro3: depth = -1
283.0240399999311	EXP	intro3: clipMask = null
283.0240399999311	EXP	intro3: boundingBox = {"x":0,"y":0,"width":0,"height":0,"type":1}
283.0240399999311	EXP	intro3: text = Por ejemplo, ¿qué preferirías?
283.0240399999311	EXP	intro3: alignHoriz = center
283.0240399999311	EXP	intro3: alignVert = center
283.0240399999311	EXP	intro3: flipHoriz = null
283.0240399999311	EXP	intro3: flipVert = null
283.0240399999311	EXP	intro3: font = Arial
283.0240399999311	EXP	intro3: height = 0.06
283.0240399999311	EXP	intro3: wrapWidth = 1
283.0240399999311	EXP	intro3: bold = null
283.0240399999311	EXP	intro3: italic = null
283.0240399999311	EXP	intro3: color = #FFFFFF
283.0240399999311	EXP	intro3: contrast = 1
283.0240399999311	EXP	ss_am: units = height
283.0240399999311	EXP	ss_am: pos = [-0.5,0.1]
283.0240399999311	EXP	ss_am: size = undefined
283.0240399999311	EXP	ss_am: ori = null
283.0240399999311	EXP	ss_am: opacity = 1
283.0240399999311	EXP	ss_am: depth = -2
283.0240399999311	EXP	ss_am: clipMask = null
283.0240399999311	EXP	ss_am: boundingBox = {"x":0,"y":0,"width":0,"height":0,"type":1}
283.0240399999311	EXP	ss_am: text = $5.000
283.0240399999311	EXP	ss_am: alignHoriz = center
283.0240399999311	EXP	ss_am: alignVert = center
283.0240399999311	EXP	ss_am: flipHoriz = null
283.0240399999311	EXP	ss_am: flipVert = null
283.0240399999311	EXP	ss_am: font = Arial
283.0240399999311	EXP	ss_am: height = 0.08
283.0240399999311	EXP	ss_am: wrapWidth = 1
283.0240399999311	EXP	ss_am: bold = null
283.0240399999311	EXP	ss_am: italic = null
283.0240399999311	EXP	ss_am: color = #FFFFFF
283.0240399999311	EXP	ss_am: contrast = 1
283.0240399999311	EXP	ss_del: units = height
283.0240399999311	EXP	ss_del: pos = [-0.5,-0.1]
283.0240399999311	EXP	ss_del: size = undefined
283.0240399999311	EXP	ss_del: ori = null
283.0240399999311	EXP	ss_del: opacity = 1
283.0240399999311	EXP	ss_del: depth = -3
283.0240399999311	EXP	ss_del: clipMask = null
283.0240399999311	EXP	ss_del: boundingBox = {"x":0,"y":0,"width":0,"height":0,"type":1}
283.0240399999311	EXP	ss_del: text = hoy
283.0240399999311	EXP	ss_del: alignHoriz = center
283.0240399999311	EXP	ss_del: alignVert = center
283.0240399999311	EXP	ss_del: flipHoriz = null
283.0240399999311	EXP	ss_del: flipVert = null
283.0240399999311	EXP	ss_del: font = Arial
283.0240399999311	EXP	ss_del: height = 0.08
283.0240399999311	EXP	ss_del: wrapWidth = 1
283.0240399999311	EXP	ss_del: bold = null
283.0240399999311	EXP	ss_del: italic = null
283.0240399999311	EXP	ss_del: color = #FFFFFF
283.0240399999311	EXP	ss_del: contrast = 1
283.0240399999311	EXP	ll_am: units = height
283.0240399999311	EXP	ll_am: pos = [0.5,0.1]
283.0240399999311	EXP	ll_am: size = undefined
283.0240399999311	EXP	ll_am: ori = null
283.0240399999311	EXP	ll_am: opacity = 1
283.0240399999311	EXP	ll_am: depth = -4
283.0240399999311	EXP	ll_am: clipMask = null
283.0240399999311	EXP	ll_am: boundingBox = {"x":0,"y":0,"width":0,"height":0,"type":1}
283.0240399999311	EXP	ll_am: text = $10.000
283.0240399999311	EXP	ll_am: alignHoriz = center
283.0240399999311	EXP	ll_am: alignVert = center
283.0240399999311	EXP	ll_am: flipHoriz = null
283.0240399999311	EXP	ll_am: flipVert = null
283.0240399999311	EXP	ll_am: font = Arial
283.0240399999311	EXP	ll_am: height = 0.08
283.0240399999311	EXP	ll_am: wrapWidth = 1
283.0240399999311	EXP	ll_am: bold = null
283.0240399999311	EXP	ll_am: italic = null
283.0240399999311	EXP	ll_am: color = #FFFFFF
283.0240399999311	EXP	ll_am: contrast = 1
283.0240399999311	EXP	ll_del: units = height
283.0240399999311	EXP	ll_del: pos = [0.5,-0.1]
283.0240399999311	EXP	ll_del: size = undefined
283.0240399999311	EXP	ll_del: ori = null
283.0240399999311	EXP	ll_del: opacity = 1
283.0240399999311	EXP	ll_del: depth = -5
283.0240399999311	EXP	ll_del: clipMask = null
283.0240399999311	EXP	ll_del: boundingBox = {"x":0,"y":0,"width":0,"height":0,"type":1}
283.0240399999311	EXP	ll_del: text = en 7 días
283.0240399999311	EXP	ll_del: alignHoriz = center
283.0240399999311	EXP	ll_del: alignVert = center
283.0240399999311	EXP	ll_del: flipHoriz = null
283.0240399999311	EXP	ll_del: flipVert = null
283.0240399999311	EXP	ll_del: font = Arial
283.0240399999311	EXP	ll_del: height = 0.08
283.0240399999311	EXP	ll_del: wrapWidth = 1
283.0240399999311	EXP	ll_del: bold = null
283.0240399999311	EXP	ll_del: italic = null
283.0240399999311	EXP	ll_del: color = #FFFFFF
283.0240399999311	EXP	ll_del: contrast = 1
283.0240399999311	EXP	Intro4: units = height
283.0240399999311	EXP	Intro4: pos = [0,0]
283.0240399999311	EXP	Intro4: size = undefined
283.0240399999311	EXP	Intro4: ori = null
283.0240399999311	EXP	Intro4: opacity = 1
283.0240399999311	EXP	Intro4: depth = null
283.0240399999311	EXP	Intro4: clipMask = null
283.0240399999311	EXP	Intro4: boundingBox = {"x":0,"y":0,"width":0,"height":0,"type":1}
283.0240399999311	EXP	Intro4: text = Hagamos unos ensayos de práctica
283.0240399999311	EXP	Intro4: alignHoriz = center
283.0240399999311	EXP	Intro4: alignVert = center
283.0240399999311	EXP	Intro4: flipHoriz = null
283.0240399999311	EXP	Intro4: flipVert = null
283.0240399999311	EXP	Intro4: font = Arial
283.0240399999311	EXP	Intro4: height = 0.06
283.0240399999311	EXP	Intro4: wrapWidth = 1
283.0240399999311	EXP	Intro4: bold = null
283.0240399999311	EXP	Intro4: italic = null
283.0240399999311	EXP	Intro4: color = #FFFFFF
283.0240399999311	EXP	Intro4: contrast = 1
283.0240399999311	EXP	pregunta: units = height
283.0240399999311	EXP	pregunta: pos = [0,0.3]
283.0240399999311	EXP	pregunta: size = undefined
283.0240399999311	EXP	pregunta: ori = null
283.0240399999311	EXP	pregunta: opacity = 1
283.0240399999311	EXP	pregunta: depth = -1
283.0240399999311	EXP	pregunta: clipMask = null
283.0240399999311	EXP	pregunta: boundingBox = {"x":0,"y":0,"width":0,"height":0,"type":1}
283.0240399999311	EXP	pregunta: text = ¿qué preferirías?
283.0240399999311	EXP	pregunta: alignHoriz = center
283.0240399999311	EXP	pregunta: alignVert = center
283.0240399999311	EXP	pregunta: flipHoriz = null
283.0240399999311	EXP	pregunta: flipVert = null
283.0240399999311	EXP	pregunta: font = Arial
283.0240399999311	EXP	pregunta: height = 0.06
283.0240399999311	EXP	pregunta: wrapWidth = 1
283.0240399999311	EXP	pregunta: bold = null
283.0240399999311	EXP	pregunta: italic = null
283.0240399999311	EXP	pregunta: color = #FFFFFF
283.0240399999311	EXP	pregunta: contrast = 1
283.0240399999311	EXP	ssAm_P: units = height
283.0240399999311	EXP	ssAm_P: pos = [0,0]
283.0240399999311	EXP	ssAm_P: size = undefined
283.0240399999311	EXP	ssAm_P: ori = null
283.0240399999311	EXP	ssAm_P: opacity = 1
283.0240399999311	EXP	ssAm_P: depth = -2
283.0240399999311	EXP	ssAm_P: clipMask = null
283.0240399999311	EXP	ssAm_P: boundingBox = {"x":0,"y":0,"width":0,"height":0,"type":1}
283.0240399999311	EXP	ssAm_P: text = default text
283.0240399999311	EXP	ssAm_P: alignHoriz = center
283.0240399999311	EXP	ssAm_P: alignVert = center
283.0240399999311	EXP	ssAm_P: flipHoriz = null
283.0240399999311	EXP	ssAm_P: flipVert = null
283.0240399999311	EXP	ssAm_P: font = Arial
283.0240399999311	EXP	ssAm_P: height = 0.08
283.0240399999311	EXP	ssAm_P: wrapWidth = 1
283.0240399999311	EXP	ssAm_P: bold = null
283.0240399999311	EXP	ssAm_P: italic = null
283.0240399999311	EXP	ssAm_P: color = #FFFFFF
283.0240399999311	EXP	ssAm_P: contrast = 1
283.0240399999311	EXP	ssDel_P: units = height
283.0240399999311	EXP	ssDel_P: pos = [0,0]
283.0240399999311	EXP	ssDel_P: size = undefined
283.0240399999311	EXP	ssDel_P: ori = null
283.0240399999311	EXP	ssDel_P: opacity = 1
283.0240399999311	EXP	ssDel_P: depth = -3
283.0240399999311	EXP	ssDel_P: clipMask = null
283.0240399999311	EXP	ssDel_P: boundingBox = {"x":0,"y":0,"width":0,"height":0,"type":1}
283.0240399999311	EXP	ssDel_P: text = hoy
283.0240399999311	EXP	ssDel_P: alignHoriz = center
283.0240399999311	EXP	ssDel_P: alignVert = center
283.0240399999311	EXP	ssDel_P: flipHoriz = null
283.0240399999311	EXP	ssDel_P: flipVert = null
283.0240399999311	EXP	ssDel_P: font = Arial
283.0240399999311	EXP	ssDel_P: height = 0.08
283.0240399999311	EXP	ssDel_P: wrapWidth = 1
283.0240399999311	EXP	ssDel_P: bold = null
283.0240399999311	EXP	ssDel_P: italic = null
283.0240399999311	EXP	ssDel_P: color = #FFFFFF
283.0240399999311	EXP	ssDel_P: contrast = 1
283.0240399999311	EXP	llAm_P: units = height
283.0240399999311	EXP	llAm_P: pos = [0,0]
283.0240399999311	EXP	llAm_P: size = undefined
283.0240399999311	EXP	llAm_P: ori = null
283.0240399999311	EXP	llAm_P: opacity = 1
283.0240399999311	EXP	llAm_P: depth = -4
283.0240399999311	EXP	llAm_P: clipMask = null
283.0240399999311	EXP	llAm_P: boundingBox = {"x":0,"y":0,"width":0,"height":0,"type":1}
283.0240399999311	EXP	llAm_P: text = default text
283.0240399999311	EXP	llAm_P: alignHoriz = center
283.0240399999311	EXP	llAm_P: alignVert = center
283.0240399999311	EXP	llAm_P: flipHoriz = null
283.0240399999311	EXP	llAm_P: flipVert = null
283.0240399999311	EXP	llAm_P: font = Arial
283.0240399999311	EXP	llAm_P: height = 0.08
283.0240399999311	EXP	llAm_P: wrapWidth = 1
283.0240399999311	EXP	llAm_P: bold = null
283.0240399999311	EXP	llAm_P: italic = null
283.0240399999311	EXP	llAm_P: color = #FFFFFF
283.0240399999311	EXP	llAm_P: contrast = 1
283.0240399999311	EXP	llDel_P: units = height
283.0240399999311	EXP	llDel_P: pos = [0,0]
283.0240399999311	EXP	llDel_P: size = undefined
283.0240399999311	EXP	llDel_P: ori = null
283.0240399999311	EXP	llDel_P: opacity = 1
283.0240399999311	EXP	llDel_P: depth = -5
283.0240399999311	EXP	llDel_P: clipMask = null
283.0240399999311	EXP	llDel_P: boundingBox = {"x":0,"y":0,"width":0,"height":0,"type":1}
283.0240399999311	EXP	llDel_P: text = default text
283.0240399999311	EXP	llDel_P: alignHoriz = center
283.0240399999311	EXP	llDel_P: alignVert = center
283.0240399999311	EXP	llDel_P: flipHoriz = null
283.0240399999311	EXP	llDel_P: flipVert = null
283.0240399999311	EXP	llDel_P: font = Arial
283.0240399999311	EXP	llDel_P: height = 0.08
283.0240399999311	EXP	llDel_P: wrapWidth = 1
283.0240399999311	EXP	llDel_P: bold = null
283.0240399999311	EXP	llDel_P: italic = null
283.0240399999311	EXP	llDel_P: color = #FFFFFF
283.0240399999311	EXP	llDel_P: contrast = 1
283.0240399999311	EXP	feedbackP: units = height
283.0240399999311	EXP	feedbackP: pos = [0,0]
283.0240399999311	EXP	feedbackP: size = undefined
283.0240399999311	EXP	feedbackP: ori = null
283.0240399999311	EXP	feedbackP: opacity = 1
283.0240399999311	EXP	feedbackP: depth = -1
283.0240399999311	EXP	feedbackP: clipMask = null
283.0240399999311	EXP	feedbackP: boundingBox = {"x":0,"y":0,"width":0,"height":0,"type":1}
283.0240399999311	EXP	feedbackP: text = default text
283.0240399999311	EXP	feedbackP: alignHoriz = center
283.0240399999311	EXP	feedbackP: alignVert = center
283.0240399999311	EXP	feedbackP: flipHoriz = null
283.0240399999311	EXP	feedbackP: flipVert = null
283.0240399999311	EXP	feedbackP: font = Arial
283.0240399999311	EXP	feedbackP: height = 0.06
283.0240399999311	EXP	feedbackP: wrapWidth = 1
283.0240399999311	EXP	feedbackP: bold = null
283.0240399999311	EXP	feedbackP: italic = null
283.0240399999311	EXP	feedbackP: color = #FFFFFF
283.0240399999311	EXP	feedbackP: contrast = 1
283.0240399999311	EXP	comienzo: units = height
283.0240399999311	EXP	comienzo: pos = [0,0]
283.0240399999311	EXP	comienzo: size = undefined
283.0240399999311	EXP	comienzo: ori = null
283.0240399999311	EXP	comienzo: opacity = 1
283.0240399999311	EXP	comienzo: depth = null
283.0240399999311	EXP	comienzo: clipMask = null
283.0240399999311	EXP	comienzo: boundingBox = {"x":0,"y":0,"width":0,"height":0,"type":1}
283.0240399999311	EXP	comienzo: text = Ahora sí vamos a empezar con la tarea. Recuerda que debes contestar todas las preguntas. Tienes 20 segundos por cada pregunta. 
283.0240399999311	EXP	comienzo: alignHoriz = center
283.0240399999311	EXP	comienzo: alignVert = center
283.0240399999311	EXP	comienzo: flipHoriz = null
283.0240399999311	EXP	comienzo: flipVert = null
283.0240399999311	EXP	comienzo: font = Arial
283.0240399999311	EXP	comienzo: height = 0.06
283.0240399999311	EXP	comienzo: wrapWidth = 1
283.0240399999311	EXP	comienzo: bold = null
283.0240399999311	EXP	comienzo: italic = null
283.0240399999311	EXP	comienzo: color = #FFFFFF
283.0240399999311	EXP	comienzo: contrast = 1
283.0240399999311	EXP	preguntaT: units = height
283.0240399999311	EXP	preguntaT: pos = [0,0.3]
283.0240399999311	EXP	preguntaT: size = undefined
283.0240399999311	EXP	preguntaT: ori = null
283.0240399999311	EXP	preguntaT: opacity = 1
283.0240399999311	EXP	preguntaT: depth = -1
283.0240399999311	EXP	preguntaT: clipMask = null
283.0240399999311	EXP	preguntaT: boundingBox = {"x":0,"y":0,"width":0,"height":0,"type":1}
283.0240399999311	EXP	preguntaT: text = ¿qué preferirías?
283.0240399999311	EXP	preguntaT: alignHoriz = center
283.0240399999311	EXP	preguntaT: alignVert = center
283.0240399999311	EXP	preguntaT: flipHoriz = null
283.0240399999311	EXP	preguntaT: flipVert = null
283.0240399999311	EXP	preguntaT: font = Arial
283.0240399999311	EXP	preguntaT: height = 0.06
283.0240399999311	EXP	preguntaT: wrapWidth = 1
283.0240399999311	EXP	preguntaT: bold = null
283.0240399999311	EXP	preguntaT: italic = null
283.0240399999311	EXP	preguntaT: color = #FFFFFF
283.0240399999311	EXP	preguntaT: contrast = 1
283.0240399999311	EXP	ssAm_T: units = height
283.0240399999311	EXP	ssAm_T: pos = [0,0]
283.0240399999311	EXP	ssAm_T: size = undefined
283.0240399999311	EXP	ssAm_T: ori = null
283.0240399999311	EXP	ssAm_T: opacity = 1
283.0240399999311	EXP	ssAm_T: depth = -2
283.0240399999311	EXP	ssAm_T: clipMask = null
283.0240399999311	EXP	ssAm_T: boundingBox = {"x":0,"y":0,"width":0,"height":0,"type":1}
283.0240399999311	EXP	ssAm_T: text = default text
283.0240399999311	EXP	ssAm_T: alignHoriz = center
283.0240399999311	EXP	ssAm_T: alignVert = center
283.0240399999311	EXP	ssAm_T: flipHoriz = null
283.0240399999311	EXP	ssAm_T: flipVert = null
283.0240399999311	EXP	ssAm_T: font = Arial
283.0240399999311	EXP	ssAm_T: height = 0.08
283.0240399999311	EXP	ssAm_T: wrapWidth = 1
283.0240399999311	EXP	ssAm_T: bold = null
283.0240399999311	EXP	ssAm_T: italic = null
283.0240399999311	EXP	ssAm_T: color = #FFFFFF
283.0240399999311	EXP	ssAm_T: contrast = 1
283.0240399999311	EXP	ssDel_T: units = height
283.0240399999311	EXP	ssDel_T: pos = [0,0]
283.0240399999311	EXP	ssDel_T: size = undefined
283.0240399999311	EXP	ssDel_T: ori = null
283.0240399999311	EXP	ssDel_T: opacity = 1
283.0240399999311	EXP	ssDel_T: depth = -3
283.0240399999311	EXP	ssDel_T: clipMask = null
283.0240399999311	EXP	ssDel_T: boundingBox = {"x":0,"y":0,"width":0,"height":0,"type":1}
283.0240399999311	EXP	ssDel_T: text = hoy
283.0240399999311	EXP	ssDel_T: alignHoriz = center
283.0240399999311	EXP	ssDel_T: alignVert = center
283.0240399999311	EXP	ssDel_T: flipHoriz = null
283.0240399999311	EXP	ssDel_T: flipVert = null
283.0240399999311	EXP	ssDel_T: font = Arial
283.0240399999311	EXP	ssDel_T: height = 0.08
283.0240399999311	EXP	ssDel_T: wrapWidth = 1
283.0240399999311	EXP	ssDel_T: bold = null
283.0240399999311	EXP	ssDel_T: italic = null
283.0240399999311	EXP	ssDel_T: color = #FFFFFF
283.0240399999311	EXP	ssDel_T: contrast = 1
283.0240399999311	EXP	llAm_T: units = height
283.0240399999311	EXP	llAm_T: pos = [0,0]
283.0240399999311	EXP	llAm_T: size = undefined
283.0240399999311	EXP	llAm_T: ori = null
283.0240399999311	EXP	llAm_T: opacity = 1
283.0240399999311	EXP	llAm_T: depth = -4
283.0240399999311	EXP	llAm_T: clipMask = null
283.0240399999311	EXP	llAm_T: boundingBox = {"x":0,"y":0,"width":0,"height":0,"type":1}
283.0240399999311	EXP	llAm_T: text = default text
283.0240399999311	EXP	llAm_T: alignHoriz = center
283.0240399999311	EXP	llAm_T: alignVert = center
283.0240399999311	EXP	llAm_T: flipHoriz = null
283.0240399999311	EXP	llAm_T: flipVert = null
283.0240399999311	EXP	llAm_T: font = Arial
283.0240399999311	EXP	llAm_T: height = 0.08
283.0240399999311	EXP	llAm_T: wrapWidth = 1
283.0240399999311	EXP	llAm_T: bold = null
283.0240399999311	EXP	llAm_T: italic = null
283.0240399999311	EXP	llAm_T: color = #FFFFFF
283.0240399999311	EXP	llAm_T: contrast = 1
283.0240399999311	EXP	llDel_T: units = height
283.0240399999311	EXP	llDel_T: pos = [0,0]
283.0240399999311	EXP	llDel_T: size = undefined
283.0240399999311	EXP	llDel_T: ori = null
283.0240399999311	EXP	llDel_T: opacity = 1
283.0240399999311	EXP	llDel_T: depth = -5
283.0240399999311	EXP	llDel_T: clipMask = null
283.0240399999311	EXP	llDel_T: boundingBox = {"x":0,"y":0,"width":0,"height":0,"type":1}
283.0240399999311	EXP	llDel_T: text = default text
283.0240399999311	EXP	llDel_T: alignHoriz = center
283.0240399999311	EXP	llDel_T: alignVert = center
283.0240399999311	EXP	llDel_T: flipHoriz = null
283.0240399999311	EXP	llDel_T: flipVert = null
283.0240399999311	EXP	llDel_T: font = Arial
283.0240399999311	EXP	llDel_T: height = 0.08
283.0240399999311	EXP	llDel_T: wrapWidth = 1
283.0240399999311	EXP	llDel_T: bold = null
283.0240399999311	EXP	llDel_T: italic = null
283.0240399999311	EXP	llDel_T: color = #FFFFFF
283.0240399999311	EXP	llDel_T: contrast = 1
283.0240399999311	EXP	textfbT: units = height
283.0240399999311	EXP	textfbT: pos = [0,0]
283.0240399999311	EXP	textfbT: size = undefined
283.0240399999311	EXP	textfbT: ori = null
283.0240399999311	EXP	textfbT: opacity = 1
283.0240399999311	EXP	textfbT: depth = -1
283.0240399999311	EXP	textfbT: clipMask = null
283.0240399999311	EXP	textfbT: boundingBox = {"x":0,"y":0,"width":0,"height":0,"type":1}
283.0240399999311	EXP	textfbT: text = default text
283.0240399999311	EXP	textfbT: alignHoriz = center
283.0240399999311	EXP	textfbT: alignVert = center
283.0240399999311	EXP	textfbT: flipHoriz = null
283.0240399999311	EXP	textfbT: flipVert = null
283.0240399999311	EXP	textfbT: font = Arial
283.0240399999311	EXP	textfbT: height = 0.06
283.0240399999311	EXP	textfbT: wrapWidth = 1
283.0240399999311	EXP	textfbT: bold = null
283.0240399999311	EXP	textfbT: italic = null
283.0240399999311	EXP	textfbT: color = #FFFFFF
283.0240399999311	EXP	textfbT: contrast = 1
283.0240399999311	EXP	Gracias: units = height
283.0240399999311	EXP	Gracias: pos = [0,0]
283.0240399999311	EXP	Gracias: size = undefined
283.0240399999311	EXP	Gracias: ori = null
283.0240399999311	EXP	Gracias: opacity = 1
283.0240399999311	EXP	Gracias: depth = null
283.0240399999311	EXP	Gracias: clipMask = null
283.0240399999311	EXP	Gracias: boundingBox = {"x":0,"y":0,"width":0,"height":0,"type":1}
283.0240399999311	EXP	Gracias: text = Terminaste!

Muchas gracias por participar!
283.0240399999311	EXP	Gracias: alignHoriz = center
283.0240399999311	EXP	Gracias: alignVert = center
283.0240399999311	EXP	Gracias: flipHoriz = null
283.0240399999311	EXP	Gracias: flipVert = null
283.0240399999311	EXP	Gracias: font = Arial
283.0240399999311	EXP	Gracias: height = 0.06
283.0240399999311	EXP	Gracias: wrapWidth = 1
283.0240399999311	EXP	Gracias: bold = null
283.0240399999311	EXP	Gracias: italic = null
283.0240399999311	EXP	Gracias: color = #FFFFFF
283.0240399999311	EXP	Gracias: contrast = 1
283.0240399999311	EXP	intro1: autoDraw = true
287.4092200000305	DATA	Mouse: wheel shift=(0,2), pos=(161.91796875,189.26953125)
287.425820000004	DATA	Mouse: wheel shift=(0,8), pos=(161.91796875,189.26953125)
287.44173500000034	DATA	Mouse: wheel shift=(-2,14), pos=(161.91796875,189.26953125)
287.45970999996644	DATA	Mouse: wheel shift=(-2,16), pos=(161.91796875,189.26953125)
287.4758150000125	DATA	Mouse: wheel shift=(-4,18), pos=(161.91796875,189.26953125)
287.4919949999312	DATA	Mouse: wheel shift=(-4,19), pos=(161.91796875,189.26953125)
287.50679999997374	DATA	Mouse: wheel shift=(-6,20), pos=(161.91796875,189.26953125)
287.5246150000021	DATA	Mouse: wheel shift=(-6,16), pos=(161.91796875,189.26953125)
287.5432349999901	DATA	Mouse: wheel shift=(-6,14), pos=(161.91796875,189.26953125)
287.5569050000049	DATA	Mouse: wheel shift=(-4,9), pos=(161.91796875,189.26953125)
287.5745449999813	DATA	Mouse: wheel shift=(-4,9), pos=(161.91796875,189.26953125)
287.5926449999679	DATA	Mouse: wheel shift=(-3,5), pos=(161.91796875,189.26953125)
287.6067150000017	DATA	Mouse: wheel shift=(-2,4), pos=(161.91796875,189.26953125)
287.62422499991953	DATA	Mouse: wheel shift=(-2,2), pos=(161.91796875,189.26953125)
287.6413000000175	DATA	Mouse: wheel shift=(-1,2), pos=(161.91796875,189.26953125)
287.65691999997944	DATA	Mouse: wheel shift=(-1,1), pos=(161.91796875,189.26953125)
287.6746999999741	DATA	Mouse: wheel shift=(-1,1), pos=(161.91796875,189.26953125)
288.12265999999363	DATA	Keydown:  
288.1383950000163	EXP	intro1: autoDraw = null
288.1383950000163	EXP	intro2: autoDraw = true
294.9532800000161	DATA	Keydown:  
294.9698249999201	EXP	intro2: autoDraw = null
294.9698249999201	EXP	intro2_2: autoDraw = true
301.50269499991555	DATA	Keydown:  
301.51926999993157	EXP	intro2_2: autoDraw = null
301.51926999993157	EXP	Intro2_3: autoDraw = true
305.4376049999846	DATA	Keydown:  
305.4585449999431	EXP	Intro2_3: autoDraw = null
305.4585449999431	EXP	intro3: autoDraw = true
305.4585449999431	EXP	ss_am: autoDraw = true
305.4585449999431	EXP	ss_del: autoDraw = true
305.4585449999431	EXP	ll_am: autoDraw = true
305.4585449999431	EXP	ll_del: autoDraw = true
313.71445500000846	DATA	Mouse: 0 button down, pos=(1051.20703125,541.80859375)
313.83968500001356	DATA	Mouse: 0 button down, pos=(1051.20703125,541.80859375)
316.12011000001803	DATA	Keydown: ArrowRight
316.1422649999149	EXP	intro3: autoDraw = null
316.1422649999149	EXP	ss_am: autoDraw = null
316.1422649999149	EXP	ss_del: autoDraw = null
316.1422649999149	EXP	ll_am: autoDraw = null
316.1422649999149	EXP	ll_del: autoDraw = null
316.1422649999149	EXP	Intro4: autoDraw = true
318.95754500001203	DATA	Keydown:  
319.0197299999418	EXP	Intro4: autoDraw = null
319.0197299999418	EXP	ssAm_P: pos = [-0.5,0.1]
319.0197299999418	EXP	ssAm_P: text = $10000
319.0197299999418	EXP	ssDel_P: pos = [-0.5,-0.1]
319.0197299999418	EXP	llAm_P: pos = [0.5,0.1]
319.0197299999418	EXP	llAm_P: text = $19000
319.0197299999418	EXP	llDel_P: pos = [0.5,-0.1]
319.0197299999418	EXP	llDel_P: text = en 89 días
319.0197299999418	EXP	pregunta: autoDraw = true
319.0197299999418	EXP	ssAm_P: autoDraw = true
319.0197299999418	EXP	ssDel_P: autoDraw = true
319.0197299999418	EXP	llAm_P: autoDraw = true
319.0197299999418	EXP	llDel_P: autoDraw = true
325.1064100000076	DATA	Keydown: ArrowLeft
325.1211749999784	EXP	pregunta: autoDraw = null
325.1211749999784	EXP	ssAm_P: autoDraw = null
325.1211749999784	EXP	ssDel_P: autoDraw = null
325.1211749999784	EXP	llAm_P: autoDraw = null
325.1211749999784	EXP	llDel_P: autoDraw = null
325.1211749999784	EXP	feedbackP: text = Elegiste no esperar
325.1211749999784	EXP	feedbackP: autoDraw = true
328.12456000002567	EXP	feedbackP: autoDraw = null
328.12456000002567	EXP	feedbackP: autoDraw = null
328.12456000002567	EXP	ssAm_P: pos = [0.5,0.1]
328.12456000002567	EXP	ssAm_P: text = $25000
328.12456000002567	EXP	ssDel_P: pos = [0.5,-0.1]
328.12456000002567	EXP	llAm_P: pos = [-0.5,0.1]
328.12456000002567	EXP	llAm_P: text = $35000
328.12456000002567	EXP	llDel_P: pos = [-0.5,-0.1]
328.12456000002567	EXP	llDel_P: text = en 150 días
328.12456000002567	EXP	pregunta: autoDraw = true
328.12456000002567	EXP	ssAm_P: autoDraw = true
328.12456000002567	EXP	ssDel_P: autoDraw = true
328.12456000002567	EXP	llAm_P: autoDraw = true
328.12456000002567	EXP	llDel_P: autoDraw = true
328.1726550000021	DATA	Keydown:  
332.23201499995776	DATA	Keydown: ArrowRight
332.25344999996014	EXP	pregunta: autoDraw = null
332.25344999996014	EXP	ssAm_P: autoDraw = null
332.25344999996014	EXP	ssDel_P: autoDraw = null
332.25344999996014	EXP	llAm_P: autoDraw = null
332.25344999996014	EXP	llDel_P: autoDraw = null
332.25344999996014	EXP	feedbackP: text = Elegiste no esperar
332.25344999996014	EXP	feedbackP: autoDraw = true
333.4243749999441	DATA	Keydown:  
335.2766899999697	EXP	feedbackP: autoDraw = null
335.2766899999697	EXP	feedbackP: autoDraw = null
335.2766899999697	EXP	ssAm_P: pos = [0.5,0.1]
335.2766899999697	EXP	ssAm_P: text = $10000
335.2766899999697	EXP	ssDel_P: pos = [0.5,-0.1]
335.2766899999697	EXP	llAm_P: pos = [-0.5,0.1]
335.2766899999697	EXP	llAm_P: text = $109000
335.2766899999697	EXP	llDel_P: pos = [-0.5,-0.1]
335.2766899999697	EXP	llDel_P: text = en 9 días
335.2766899999697	EXP	pregunta: autoDraw = true
335.2766899999697	EXP	ssAm_P: autoDraw = true
335.2766899999697	EXP	ssDel_P: autoDraw = true
335.2766899999697	EXP	llAm_P: autoDraw = true
335.2766899999697	EXP	llDel_P: autoDraw = true
339.1914749999996	DATA	Keydown: ArrowLeft
339.1995399999432	EXP	pregunta: autoDraw = null
339.1995399999432	EXP	ssAm_P: autoDraw = null
339.1995399999432	EXP	ssDel_P: autoDraw = null
339.1995399999432	EXP	llAm_P: autoDraw = null
339.1995399999432	EXP	llDel_P: autoDraw = null
339.1995399999432	EXP	feedbackP: text = Elegiste esperar
339.1995399999432	EXP	feedbackP: autoDraw = true
340.9412349999184	DATA	Keydown:  
342.2102399999276	EXP	feedbackP: autoDraw = null
342.2102399999276	EXP	feedbackP: autoDraw = null
342.2102399999276	EXP	comienzo: autoDraw = true
346.12738999992143	DATA	Keydown:  
349.63310500001535	DATA	Keydown:  
350.65355499996804	DATA	Keydown: ArrowRight
354.8255099999951	DATA	Keydown: ArrowRight
355.6548499999335	DATA	Keydown: ArrowLeft
356.00936499994714	DATA	Keydown:  
357.08736499992665	DATA	Keydown: Escape
