0.4309999999999996	EXP	Created Window = Window( name=Window, fullscr=true, color=#808080, units=height, waitBlanking=true, autoLog=true, size=[1366,694] )
4.738999999999999	DATA	Keydown: 9
5.526	DATA	Keydown: 7
8.674999999999999	EXP	Created intro1 = TextStim( name=intro1, win=Window( name=Window, fullscr=true, color=#808080, ~), autoDraw=null, autoLog=true, units=height, pos=[0,0], size=undefined, ori=null, opacity=1, depth=null, clipMask=null, boundingBox={"x":-0.47947886354298,"y":-0.207492795389049,"wid~, text=A continuación vas a completar una tarea computari~, alignHoriz=center, alignVert=center, flipHoriz=null, flipVert=null, font=Arial, height=0.06, wrapWidth=1, bold=null, italic=null, color=#FFFFFF, contrast=1 )
8.681	EXP	Created intro2 = TextStim( name=intro2, win=Window( name=Window, fullscr=true, color=#808080, ~), autoDraw=null, autoLog=true, units=height, pos=[0,0], size=undefined, ori=null, opacity=1, depth=null, clipMask=null, boundingBox={"x":-0.49390009019835196,"y":-0.19812680115273776~, text=Todas las decisiones que tendrás que tomar serán e~, alignHoriz=center, alignVert=center, flipHoriz=null, flipVert=null, font=Arial, height=0.03, wrapWidth=1, bold=null, italic=null, color=#FFFFFF, contrast=1 )
8.686	EXP	Created intro2_2 = TextStim( name=intro2_2, win=Window( name=Window, fullscr=true, color=#808080, ~), autoDraw=null, autoLog=true, units=height, pos=[0,0], size=undefined, ori=null, opacity=1, depth=null, clipMask=null, boundingBox={"x":-0.4904178762298496,"y":-0.18011527377521613,~, text=Aunque estas decisiones son hipotéticas, te pedimo~, alignHoriz=center, alignVert=center, flipHoriz=null, flipVert=null, font=Arial, height=0.03, wrapWidth=1, bold=null, italic=null, color=#FFFFFF, contrast=1 )
8.689	EXP	Created Intro2_3 = TextStim( name=Intro2_3, win=Window( name=Window, fullscr=true, color=#808080, ~), autoDraw=null, autoLog=true, units=height, pos=[0,0], size=undefined, ori=null, opacity=1, depth=null, clipMask=null, boundingBox={"x":-0.4962655982641391,"y":-0.138328530259366,"w~, text=Si escoges la opción de la izquierda oprime la fle~, alignHoriz=center, alignVert=center, flipHoriz=null, flipVert=null, font=Arial, height=0.06, wrapWidth=1, bold=null, italic=null, color=#FFFFFF, contrast=1 )
8.690999999999999	EXP	Created intro3 = TextStim( name=intro3, win=Window( name=Window, fullscr=true, color=#808080, ~), autoDraw=null, autoLog=true, units=height, pos=[0,0.3], size=undefined, ori=null, opacity=1, depth=-1, clipMask=null, boundingBox={"x":-0.4087535847160933,"y":0.2654178674351585,"w~, text=Por ejemplo, ¿qué preferirías?, alignHoriz=center, alignVert=center, flipHoriz=null, flipVert=null, font=Arial, height=0.06, wrapWidth=1, bold=null, italic=null, color=#FFFFFF, contrast=1 )
8.697	EXP	Created ss_am = TextStim( name=ss_am, win=Window( name=Window, fullscr=true, color=#808080, ~), autoDraw=null, autoLog=true, units=height, pos=[-0.5,0.1], size=undefined, ori=null, opacity=1, depth=-2, clipMask=null, boundingBox={"x":-0.6234269925428055,"y":0.05461095100864554,"~, text=$5.000, alignHoriz=center, alignVert=center, flipHoriz=null, flipVert=null, font=Arial, height=0.08, wrapWidth=1, bold=null, italic=null, color=#FFFFFF, contrast=1 )
8.709999999999999	EXP	Created ss_del = TextStim( name=ss_del, win=Window( name=Window, fullscr=true, color=#808080, ~), autoDraw=null, autoLog=true, units=height, pos=[-0.5,-0.1], size=undefined, ori=null, opacity=1, depth=-3, clipMask=null, boundingBox={"x":-0.5650576390862808,"y":-0.14538904899135446,~, text=hoy, alignHoriz=center, alignVert=center, flipHoriz=null, flipVert=null, font=Arial, height=0.08, wrapWidth=1, bold=null, italic=null, color=#FFFFFF, contrast=1 )
8.713	EXP	Created ll_am = TextStim( name=ll_am, win=Window( name=Window, fullscr=true, color=#808080, ~), autoDraw=null, autoLog=true, units=height, pos=[0.5,0.1], size=undefined, ori=null, opacity=1, depth=-4, clipMask=null, boundingBox={"x":0.3541306487421481,"y":0.05461095100864554,"w~, text=$10.000, alignHoriz=center, alignVert=center, flipHoriz=null, flipVert=null, font=Arial, height=0.08, wrapWidth=1, bold=null, italic=null, color=#FFFFFF, contrast=1 )
8.715	EXP	Created ll_del = TextStim( name=ll_del, win=Window( name=Window, fullscr=true, color=#808080, ~), autoDraw=null, autoLog=true, units=height, pos=[0.5,-0.1], size=undefined, ori=null, opacity=1, depth=-5, clipMask=null, boundingBox={"x":0.33396974283267855,"y":-0.14538904899135446,~, text=en 7 días, alignHoriz=center, alignVert=center, flipHoriz=null, flipVert=null, font=Arial, height=0.08, wrapWidth=1, bold=null, italic=null, color=#FFFFFF, contrast=1 )
8.716999999999999	EXP	Created Intro4 = TextStim( name=Intro4, win=Window( name=Window, fullscr=true, color=#808080, ~), autoDraw=null, autoLog=true, units=height, pos=[0,0], size=undefined, ori=null, opacity=1, depth=null, clipMask=null, boundingBox={"x":-0.48114792002037554,"y":-0.0345821325648415,~, text=Hagamos unos ensayos de práctica, alignHoriz=center, alignVert=center, flipHoriz=null, flipVert=null, font=Arial, height=0.06, wrapWidth=1, bold=null, italic=null, color=#FFFFFF, contrast=1 )
8.728	EXP	Created pregunta = TextStim( name=pregunta, win=Window( name=Window, fullscr=true, color=#808080, ~), autoDraw=null, autoLog=true, units=height, pos=[0,0.3], size=undefined, ori=null, opacity=1, depth=-1, clipMask=null, boundingBox={"x":-0.2304514904187117,"y":0.2654178674351585,"w~, text=¿qué preferirías?, alignHoriz=center, alignVert=center, flipHoriz=null, flipVert=null, font=Arial, height=0.06, wrapWidth=1, bold=null, italic=null, color=#FFFFFF, contrast=1 )
8.731	EXP	Created ssAm_P = TextStim( name=ssAm_P, win=Window( name=Window, fullscr=true, color=#808080, ~), autoDraw=null, autoLog=true, units=height, pos=[0,0], size=undefined, ori=null, opacity=1, depth=-2, clipMask=null, boundingBox={"x":-0.19741834481099155,"y":-0.04538904899135446~, text=default text, alignHoriz=center, alignVert=center, flipHoriz=null, flipVert=null, font=Arial, height=0.08, wrapWidth=1, bold=null, italic=null, color=#FFFFFF, contrast=1 )
8.732999999999999	EXP	Created ssDel_P = TextStim( name=ssDel_P, win=Window( name=Window, fullscr=true, color=#808080, ~), autoDraw=null, autoLog=true, units=height, pos=[0,0], size=undefined, ori=null, opacity=1, depth=-3, clipMask=null, boundingBox={"x":-0.06505763908628084,"y":-0.04538904899135446~, text=hoy, alignHoriz=center, alignVert=center, flipHoriz=null, flipVert=null, font=Arial, height=0.08, wrapWidth=1, bold=null, italic=null, color=#FFFFFF, contrast=1 )
8.735	EXP	Created llAm_P = TextStim( name=llAm_P, win=Window( name=Window, fullscr=true, color=#808080, ~), autoDraw=null, autoLog=true, units=height, pos=[0,0], size=undefined, ori=null, opacity=1, depth=-4, clipMask=null, boundingBox={"x":-0.19741834481099155,"y":-0.04538904899135446~, text=default text, alignHoriz=center, alignVert=center, flipHoriz=null, flipVert=null, font=Arial, height=0.08, wrapWidth=1, bold=null, italic=null, color=#FFFFFF, contrast=1 )
8.741999999999999	EXP	Created llDel_P = TextStim( name=llDel_P, win=Window( name=Window, fullscr=true, color=#808080, ~), autoDraw=null, autoLog=true, units=height, pos=[0,0], size=undefined, ori=null, opacity=1, depth=-5, clipMask=null, boundingBox={"x":-0.19741834481099155,"y":-0.04538904899135446~, text=default text, alignHoriz=center, alignVert=center, flipHoriz=null, flipVert=null, font=Arial, height=0.08, wrapWidth=1, bold=null, italic=null, color=#FFFFFF, contrast=1 )
8.745	EXP	Created feedbackP = TextStim( name=feedbackP, win=Window( name=Window, fullscr=true, color=#808080, ~), autoDraw=null, autoLog=true, units=height, pos=[0,0], size=undefined, ori=null, opacity=1, depth=-1, clipMask=null, boundingBox={"x":-0.14805475504322765,"y":-0.0345821325648415,~, text=default text, alignHoriz=center, alignVert=center, flipHoriz=null, flipVert=null, font=Arial, height=0.06, wrapWidth=1, bold=null, italic=null, color=#FFFFFF, contrast=1 )
8.747	EXP	Created comienzo = TextStim( name=comienzo, win=Window( name=Window, fullscr=true, color=#808080, ~), autoDraw=null, autoLog=true, units=height, pos=[0,0], size=undefined, ori=null, opacity=1, depth=null, clipMask=null, boundingBox={"x":-0.4996997932192228,"y":-0.138328530259366,"w~, text=Ahora sí vamos a empezar con la tarea. Recuerda qu~, alignHoriz=center, alignVert=center, flipHoriz=null, flipVert=null, font=Arial, height=0.06, wrapWidth=1, bold=null, italic=null, color=#FFFFFF, contrast=1 )
8.748999999999999	EXP	Created preguntaT = TextStim( name=preguntaT, win=Window( name=Window, fullscr=true, color=#808080, ~), autoDraw=null, autoLog=true, units=height, pos=[0,0.3], size=undefined, ori=null, opacity=1, depth=-1, clipMask=null, boundingBox={"x":-0.2304514904187117,"y":0.2654178674351585,"w~, text=¿qué preferirías?, alignHoriz=center, alignVert=center, flipHoriz=null, flipVert=null, font=Arial, height=0.06, wrapWidth=1, bold=null, italic=null, color=#FFFFFF, contrast=1 )
8.754999999999999	EXP	Created ssAm_T = TextStim( name=ssAm_T, win=Window( name=Window, fullscr=true, color=#808080, ~), autoDraw=null, autoLog=true, units=height, pos=[0,0], size=undefined, ori=null, opacity=1, depth=-2, clipMask=null, boundingBox={"x":-0.19741834481099155,"y":-0.04538904899135446~, text=default text, alignHoriz=center, alignVert=center, flipHoriz=null, flipVert=null, font=Arial, height=0.08, wrapWidth=1, bold=null, italic=null, color=#FFFFFF, contrast=1 )
8.757	EXP	Created ssDel_T = TextStim( name=ssDel_T, win=Window( name=Window, fullscr=true, color=#808080, ~), autoDraw=null, autoLog=true, units=height, pos=[0,0], size=undefined, ori=null, opacity=1, depth=-3, clipMask=null, boundingBox={"x":-0.06505763908628084,"y":-0.04538904899135446~, text=hoy, alignHoriz=center, alignVert=center, flipHoriz=null, flipVert=null, font=Arial, height=0.08, wrapWidth=1, bold=null, italic=null, color=#FFFFFF, contrast=1 )
8.761	EXP	Created llAm_T = TextStim( name=llAm_T, win=Window( name=Window, fullscr=true, color=#808080, ~), autoDraw=null, autoLog=true, units=height, pos=[0,0], size=undefined, ori=null, opacity=1, depth=-4, clipMask=null, boundingBox={"x":-0.19741834481099155,"y":-0.04538904899135446~, text=default text, alignHoriz=center, alignVert=center, flipHoriz=null, flipVert=null, font=Arial, height=0.08, wrapWidth=1, bold=null, italic=null, color=#FFFFFF, contrast=1 )
8.764	EXP	Created llDel_T = TextStim( name=llDel_T, win=Window( name=Window, fullscr=true, color=#808080, ~), autoDraw=null, autoLog=true, units=height, pos=[0,0], size=undefined, ori=null, opacity=1, depth=-5, clipMask=null, boundingBox={"x":-0.19741834481099155,"y":-0.04538904899135446~, text=default text, alignHoriz=center, alignVert=center, flipHoriz=null, flipVert=null, font=Arial, height=0.08, wrapWidth=1, bold=null, italic=null, color=#FFFFFF, contrast=1 )
8.764999999999999	EXP	Created textfbT = TextStim( name=textfbT, win=Window( name=Window, fullscr=true, color=#808080, ~), autoDraw=null, autoLog=true, units=height, pos=[0,0], size=undefined, ori=null, opacity=1, depth=-1, clipMask=null, boundingBox={"x":-0.14805475504322765,"y":-0.0345821325648415,~, text=default text, alignHoriz=center, alignVert=center, flipHoriz=null, flipVert=null, font=Arial, height=0.06, wrapWidth=1, bold=null, italic=null, color=#FFFFFF, contrast=1 )
8.766	EXP	Created Gracias = TextStim( name=Gracias, win=Window( name=Window, fullscr=true, color=#808080, ~), autoDraw=null, autoLog=true, units=height, pos=[0,0], size=undefined, ori=null, opacity=1, depth=null, clipMask=null, boundingBox={"x":-0.40536745274788366,"y":-0.1037463976945245,~, text=Terminaste!

Muchas gracias por participar!, alignHoriz=center, alignVert=center, flipHoriz=null, flipVert=null, font=Arial, height=0.06, wrapWidth=1, bold=null, italic=null, color=#FFFFFF, contrast=1 )
8.927999999999999	EXP	intro1: units = height
8.927999999999999	EXP	intro1: pos = [0,0]
8.927999999999999	EXP	intro1: size = undefined
8.927999999999999	EXP	intro1: ori = null
8.927999999999999	EXP	intro1: opacity = 1
8.927999999999999	EXP	intro1: depth = null
8.927999999999999	EXP	intro1: clipMask = null
8.927999999999999	EXP	intro1: boundingBox = {"x":0,"y":0,"width":0,"height":0,"type":1}
8.927999999999999	EXP	intro1: text = A continuación vas a completar una tarea computarizada en la que tomarás una serie de decisiones.

Presiona la barra de espacio para continuar.
8.927999999999999	EXP	intro1: alignHoriz = center
8.927999999999999	EXP	intro1: alignVert = center
8.927999999999999	EXP	intro1: flipHoriz = null
8.927999999999999	EXP	intro1: flipVert = null
8.927999999999999	EXP	intro1: font = Arial
8.927999999999999	EXP	intro1: height = 0.06
8.927999999999999	EXP	intro1: wrapWidth = 1
8.927999999999999	EXP	intro1: bold = null
8.927999999999999	EXP	intro1: italic = null
8.927999999999999	EXP	intro1: color = #FFFFFF
8.927999999999999	EXP	intro1: contrast = 1
8.927999999999999	EXP	intro2: units = height
8.927999999999999	EXP	intro2: pos = [0,0]
8.927999999999999	EXP	intro2: size = undefined
8.927999999999999	EXP	intro2: ori = null
8.927999999999999	EXP	intro2: opacity = 1
8.927999999999999	EXP	intro2: depth = null
8.927999999999999	EXP	intro2: clipMask = null
8.927999999999999	EXP	intro2: boundingBox = {"x":0,"y":0,"width":0,"height":0,"type":1}
8.927999999999999	EXP	intro2: text = Todas las decisiones que tendrás que tomar serán elecciones entre dos opciones de recompensas monetarias que podrías recibir: una opción de dinero que obtendrías hoy contra una opción de dinero que obtendrías en el futuro. 

En cada pregunta, las cantidades de dinero ofrecido y el número de días que habría que esperar en el futuro cambiarán. 

En cada pregunta, la opción inmediata y la  opción futura cambiarán de lado en la pantalla, así que debes poner atención para responder con el teclado cuál es tu preferencia.
8.927999999999999	EXP	intro2: alignHoriz = center
8.927999999999999	EXP	intro2: alignVert = center
8.927999999999999	EXP	intro2: flipHoriz = null
8.927999999999999	EXP	intro2: flipVert = null
8.927999999999999	EXP	intro2: font = Arial
8.927999999999999	EXP	intro2: height = 0.03
8.927999999999999	EXP	intro2: wrapWidth = 1
8.927999999999999	EXP	intro2: bold = null
8.927999999999999	EXP	intro2: italic = null
8.927999999999999	EXP	intro2: color = #FFFFFF
8.927999999999999	EXP	intro2: contrast = 1
8.927999999999999	EXP	intro2_2: units = height
8.927999999999999	EXP	intro2_2: pos = [0,0]
8.927999999999999	EXP	intro2_2: size = undefined
8.927999999999999	EXP	intro2_2: ori = null
8.927999999999999	EXP	intro2_2: opacity = 1
8.927999999999999	EXP	intro2_2: depth = null
8.927999999999999	EXP	intro2_2: clipMask = null
8.927999999999999	EXP	intro2_2: boundingBox = {"x":0,"y":0,"width":0,"height":0,"type":1}
8.927999999999999	EXP	intro2_2: text = Aunque estas decisiones son hipotéticas, te pedimos que hagas cada elección con honestidad, es decir, que respondas cuál es tu verdadera preferencia tal y como si fuéramos a darte el dinero que escogiste en la fecha en la que escogiste.

Es muy importante que sepas que en esta tarea NO HAY respuestas correctas o incorrectas, cada pregunta es sobre TU preferencia, así que tus respuestas pueden ser muy distintas de las de otra persona. Por este motivo, te recomendamos que contestes con sinceridad para que tus respuestas reflejen tus preferencias únicas.
8.927999999999999	EXP	intro2_2: alignHoriz = center
8.927999999999999	EXP	intro2_2: alignVert = center
8.927999999999999	EXP	intro2_2: flipHoriz = null
8.927999999999999	EXP	intro2_2: flipVert = null
8.927999999999999	EXP	intro2_2: font = Arial
8.927999999999999	EXP	intro2_2: height = 0.03
8.927999999999999	EXP	intro2_2: wrapWidth = 1
8.927999999999999	EXP	intro2_2: bold = null
8.927999999999999	EXP	intro2_2: italic = null
8.927999999999999	EXP	intro2_2: color = #FFFFFF
8.927999999999999	EXP	intro2_2: contrast = 1
8.927999999999999	EXP	Intro2_3: units = height
8.927999999999999	EXP	Intro2_3: pos = [0,0]
8.927999999999999	EXP	Intro2_3: size = undefined
8.927999999999999	EXP	Intro2_3: ori = null
8.927999999999999	EXP	Intro2_3: opacity = 1
8.927999999999999	EXP	Intro2_3: depth = null
8.927999999999999	EXP	Intro2_3: clipMask = null
8.927999999999999	EXP	Intro2_3: boundingBox = {"x":0,"y":0,"width":0,"height":0,"type":1}
8.927999999999999	EXP	Intro2_3: text = Si escoges la opción de la izquierda oprime la flecha hacia la izquierda, si escoges la opción de la derecha oprime la flecha hacia la derecha
8.927999999999999	EXP	Intro2_3: alignHoriz = center
8.927999999999999	EXP	Intro2_3: alignVert = center
8.927999999999999	EXP	Intro2_3: flipHoriz = null
8.927999999999999	EXP	Intro2_3: flipVert = null
8.927999999999999	EXP	Intro2_3: font = Arial
8.927999999999999	EXP	Intro2_3: height = 0.06
8.927999999999999	EXP	Intro2_3: wrapWidth = 1
8.927999999999999	EXP	Intro2_3: bold = null
8.927999999999999	EXP	Intro2_3: italic = null
8.927999999999999	EXP	Intro2_3: color = #FFFFFF
8.927999999999999	EXP	Intro2_3: contrast = 1
8.927999999999999	EXP	intro3: units = height
8.927999999999999	EXP	intro3: pos = [0,0.3]
8.927999999999999	EXP	intro3: size = undefined
8.927999999999999	EXP	intro3: ori = null
8.927999999999999	EXP	intro3: opacity = 1
8.927999999999999	EXP	intro3: depth = -1
8.927999999999999	EXP	intro3: clipMask = null
8.927999999999999	EXP	intro3: boundingBox = {"x":0,"y":0,"width":0,"height":0,"type":1}
8.927999999999999	EXP	intro3: text = Por ejemplo, ¿qué preferirías?
8.927999999999999	EXP	intro3: alignHoriz = center
8.927999999999999	EXP	intro3: alignVert = center
8.927999999999999	EXP	intro3: flipHoriz = null
8.927999999999999	EXP	intro3: flipVert = null
8.927999999999999	EXP	intro3: font = Arial
8.927999999999999	EXP	intro3: height = 0.06
8.927999999999999	EXP	intro3: wrapWidth = 1
8.927999999999999	EXP	intro3: bold = null
8.927999999999999	EXP	intro3: italic = null
8.927999999999999	EXP	intro3: color = #FFFFFF
8.927999999999999	EXP	intro3: contrast = 1
8.927999999999999	EXP	ss_am: units = height
8.927999999999999	EXP	ss_am: pos = [-0.5,0.1]
8.927999999999999	EXP	ss_am: size = undefined
8.927999999999999	EXP	ss_am: ori = null
8.927999999999999	EXP	ss_am: opacity = 1
8.927999999999999	EXP	ss_am: depth = -2
8.927999999999999	EXP	ss_am: clipMask = null
8.927999999999999	EXP	ss_am: boundingBox = {"x":0,"y":0,"width":0,"height":0,"type":1}
8.927999999999999	EXP	ss_am: text = $5.000
8.927999999999999	EXP	ss_am: alignHoriz = center
8.927999999999999	EXP	ss_am: alignVert = center
8.927999999999999	EXP	ss_am: flipHoriz = null
8.927999999999999	EXP	ss_am: flipVert = null
8.927999999999999	EXP	ss_am: font = Arial
8.927999999999999	EXP	ss_am: height = 0.08
8.927999999999999	EXP	ss_am: wrapWidth = 1
8.927999999999999	EXP	ss_am: bold = null
8.927999999999999	EXP	ss_am: italic = null
8.927999999999999	EXP	ss_am: color = #FFFFFF
8.927999999999999	EXP	ss_am: contrast = 1
8.927999999999999	EXP	ss_del: units = height
8.927999999999999	EXP	ss_del: pos = [-0.5,-0.1]
8.927999999999999	EXP	ss_del: size = undefined
8.927999999999999	EXP	ss_del: ori = null
8.927999999999999	EXP	ss_del: opacity = 1
8.927999999999999	EXP	ss_del: depth = -3
8.927999999999999	EXP	ss_del: clipMask = null
8.927999999999999	EXP	ss_del: boundingBox = {"x":0,"y":0,"width":0,"height":0,"type":1}
8.927999999999999	EXP	ss_del: text = hoy
8.927999999999999	EXP	ss_del: alignHoriz = center
8.927999999999999	EXP	ss_del: alignVert = center
8.927999999999999	EXP	ss_del: flipHoriz = null
8.927999999999999	EXP	ss_del: flipVert = null
8.927999999999999	EXP	ss_del: font = Arial
8.927999999999999	EXP	ss_del: height = 0.08
8.927999999999999	EXP	ss_del: wrapWidth = 1
8.927999999999999	EXP	ss_del: bold = null
8.927999999999999	EXP	ss_del: italic = null
8.927999999999999	EXP	ss_del: color = #FFFFFF
8.927999999999999	EXP	ss_del: contrast = 1
8.927999999999999	EXP	ll_am: units = height
8.927999999999999	EXP	ll_am: pos = [0.5,0.1]
8.927999999999999	EXP	ll_am: size = undefined
8.927999999999999	EXP	ll_am: ori = null
8.927999999999999	EXP	ll_am: opacity = 1
8.927999999999999	EXP	ll_am: depth = -4
8.927999999999999	EXP	ll_am: clipMask = null
8.927999999999999	EXP	ll_am: boundingBox = {"x":0,"y":0,"width":0,"height":0,"type":1}
8.927999999999999	EXP	ll_am: text = $10.000
8.927999999999999	EXP	ll_am: alignHoriz = center
8.927999999999999	EXP	ll_am: alignVert = center
8.927999999999999	EXP	ll_am: flipHoriz = null
8.927999999999999	EXP	ll_am: flipVert = null
8.927999999999999	EXP	ll_am: font = Arial
8.927999999999999	EXP	ll_am: height = 0.08
8.927999999999999	EXP	ll_am: wrapWidth = 1
8.927999999999999	EXP	ll_am: bold = null
8.927999999999999	EXP	ll_am: italic = null
8.927999999999999	EXP	ll_am: color = #FFFFFF
8.927999999999999	EXP	ll_am: contrast = 1
8.927999999999999	EXP	ll_del: units = height
8.927999999999999	EXP	ll_del: pos = [0.5,-0.1]
8.927999999999999	EXP	ll_del: size = undefined
8.927999999999999	EXP	ll_del: ori = null
8.927999999999999	EXP	ll_del: opacity = 1
8.927999999999999	EXP	ll_del: depth = -5
8.927999999999999	EXP	ll_del: clipMask = null
8.927999999999999	EXP	ll_del: boundingBox = {"x":0,"y":0,"width":0,"height":0,"type":1}
8.927999999999999	EXP	ll_del: text = en 7 días
8.927999999999999	EXP	ll_del: alignHoriz = center
8.927999999999999	EXP	ll_del: alignVert = center
8.927999999999999	EXP	ll_del: flipHoriz = null
8.927999999999999	EXP	ll_del: flipVert = null
8.927999999999999	EXP	ll_del: font = Arial
8.927999999999999	EXP	ll_del: height = 0.08
8.927999999999999	EXP	ll_del: wrapWidth = 1
8.927999999999999	EXP	ll_del: bold = null
8.927999999999999	EXP	ll_del: italic = null
8.927999999999999	EXP	ll_del: color = #FFFFFF
8.927999999999999	EXP	ll_del: contrast = 1
8.927999999999999	EXP	Intro4: units = height
8.927999999999999	EXP	Intro4: pos = [0,0]
8.927999999999999	EXP	Intro4: size = undefined
8.927999999999999	EXP	Intro4: ori = null
8.927999999999999	EXP	Intro4: opacity = 1
8.927999999999999	EXP	Intro4: depth = null
8.927999999999999	EXP	Intro4: clipMask = null
8.927999999999999	EXP	Intro4: boundingBox = {"x":0,"y":0,"width":0,"height":0,"type":1}
8.927999999999999	EXP	Intro4: text = Hagamos unos ensayos de práctica
8.927999999999999	EXP	Intro4: alignHoriz = center
8.927999999999999	EXP	Intro4: alignVert = center
8.927999999999999	EXP	Intro4: flipHoriz = null
8.927999999999999	EXP	Intro4: flipVert = null
8.927999999999999	EXP	Intro4: font = Arial
8.927999999999999	EXP	Intro4: height = 0.06
8.927999999999999	EXP	Intro4: wrapWidth = 1
8.927999999999999	EXP	Intro4: bold = null
8.927999999999999	EXP	Intro4: italic = null
8.927999999999999	EXP	Intro4: color = #FFFFFF
8.927999999999999	EXP	Intro4: contrast = 1
8.927999999999999	EXP	pregunta: units = height
8.927999999999999	EXP	pregunta: pos = [0,0.3]
8.927999999999999	EXP	pregunta: size = undefined
8.927999999999999	EXP	pregunta: ori = null
8.927999999999999	EXP	pregunta: opacity = 1
8.927999999999999	EXP	pregunta: depth = -1
8.927999999999999	EXP	pregunta: clipMask = null
8.927999999999999	EXP	pregunta: boundingBox = {"x":0,"y":0,"width":0,"height":0,"type":1}
8.927999999999999	EXP	pregunta: text = ¿qué preferirías?
8.927999999999999	EXP	pregunta: alignHoriz = center
8.927999999999999	EXP	pregunta: alignVert = center
8.927999999999999	EXP	pregunta: flipHoriz = null
8.927999999999999	EXP	pregunta: flipVert = null
8.927999999999999	EXP	pregunta: font = Arial
8.927999999999999	EXP	pregunta: height = 0.06
8.927999999999999	EXP	pregunta: wrapWidth = 1
8.927999999999999	EXP	pregunta: bold = null
8.927999999999999	EXP	pregunta: italic = null
8.927999999999999	EXP	pregunta: color = #FFFFFF
8.927999999999999	EXP	pregunta: contrast = 1
8.927999999999999	EXP	ssAm_P: units = height
8.927999999999999	EXP	ssAm_P: pos = [0,0]
8.927999999999999	EXP	ssAm_P: size = undefined
8.927999999999999	EXP	ssAm_P: ori = null
8.927999999999999	EXP	ssAm_P: opacity = 1
8.927999999999999	EXP	ssAm_P: depth = -2
8.927999999999999	EXP	ssAm_P: clipMask = null
8.927999999999999	EXP	ssAm_P: boundingBox = {"x":0,"y":0,"width":0,"height":0,"type":1}
8.927999999999999	EXP	ssAm_P: text = default text
8.927999999999999	EXP	ssAm_P: alignHoriz = center
8.927999999999999	EXP	ssAm_P: alignVert = center
8.927999999999999	EXP	ssAm_P: flipHoriz = null
8.927999999999999	EXP	ssAm_P: flipVert = null
8.927999999999999	EXP	ssAm_P: font = Arial
8.927999999999999	EXP	ssAm_P: height = 0.08
8.927999999999999	EXP	ssAm_P: wrapWidth = 1
8.927999999999999	EXP	ssAm_P: bold = null
8.927999999999999	EXP	ssAm_P: italic = null
8.927999999999999	EXP	ssAm_P: color = #FFFFFF
8.927999999999999	EXP	ssAm_P: contrast = 1
8.927999999999999	EXP	ssDel_P: units = height
8.927999999999999	EXP	ssDel_P: pos = [0,0]
8.927999999999999	EXP	ssDel_P: size = undefined
8.927999999999999	EXP	ssDel_P: ori = null
8.927999999999999	EXP	ssDel_P: opacity = 1
8.927999999999999	EXP	ssDel_P: depth = -3
8.927999999999999	EXP	ssDel_P: clipMask = null
8.927999999999999	EXP	ssDel_P: boundingBox = {"x":0,"y":0,"width":0,"height":0,"type":1}
8.927999999999999	EXP	ssDel_P: text = hoy
8.927999999999999	EXP	ssDel_P: alignHoriz = center
8.927999999999999	EXP	ssDel_P: alignVert = center
8.927999999999999	EXP	ssDel_P: flipHoriz = null
8.927999999999999	EXP	ssDel_P: flipVert = null
8.927999999999999	EXP	ssDel_P: font = Arial
8.927999999999999	EXP	ssDel_P: height = 0.08
8.927999999999999	EXP	ssDel_P: wrapWidth = 1
8.927999999999999	EXP	ssDel_P: bold = null
8.927999999999999	EXP	ssDel_P: italic = null
8.927999999999999	EXP	ssDel_P: color = #FFFFFF
8.927999999999999	EXP	ssDel_P: contrast = 1
8.927999999999999	EXP	llAm_P: units = height
8.927999999999999	EXP	llAm_P: pos = [0,0]
8.927999999999999	EXP	llAm_P: size = undefined
8.927999999999999	EXP	llAm_P: ori = null
8.927999999999999	EXP	llAm_P: opacity = 1
8.927999999999999	EXP	llAm_P: depth = -4
8.927999999999999	EXP	llAm_P: clipMask = null
8.927999999999999	EXP	llAm_P: boundingBox = {"x":0,"y":0,"width":0,"height":0,"type":1}
8.927999999999999	EXP	llAm_P: text = default text
8.927999999999999	EXP	llAm_P: alignHoriz = center
8.927999999999999	EXP	llAm_P: alignVert = center
8.927999999999999	EXP	llAm_P: flipHoriz = null
8.927999999999999	EXP	llAm_P: flipVert = null
8.927999999999999	EXP	llAm_P: font = Arial
8.927999999999999	EXP	llAm_P: height = 0.08
8.927999999999999	EXP	llAm_P: wrapWidth = 1
8.927999999999999	EXP	llAm_P: bold = null
8.927999999999999	EXP	llAm_P: italic = null
8.927999999999999	EXP	llAm_P: color = #FFFFFF
8.927999999999999	EXP	llAm_P: contrast = 1
8.927999999999999	EXP	llDel_P: units = height
8.927999999999999	EXP	llDel_P: pos = [0,0]
8.927999999999999	EXP	llDel_P: size = undefined
8.927999999999999	EXP	llDel_P: ori = null
8.927999999999999	EXP	llDel_P: opacity = 1
8.927999999999999	EXP	llDel_P: depth = -5
8.927999999999999	EXP	llDel_P: clipMask = null
8.927999999999999	EXP	llDel_P: boundingBox = {"x":0,"y":0,"width":0,"height":0,"type":1}
8.927999999999999	EXP	llDel_P: text = default text
8.927999999999999	EXP	llDel_P: alignHoriz = center
8.927999999999999	EXP	llDel_P: alignVert = center
8.927999999999999	EXP	llDel_P: flipHoriz = null
8.927999999999999	EXP	llDel_P: flipVert = null
8.927999999999999	EXP	llDel_P: font = Arial
8.927999999999999	EXP	llDel_P: height = 0.08
8.927999999999999	EXP	llDel_P: wrapWidth = 1
8.927999999999999	EXP	llDel_P: bold = null
8.927999999999999	EXP	llDel_P: italic = null
8.927999999999999	EXP	llDel_P: color = #FFFFFF
8.927999999999999	EXP	llDel_P: contrast = 1
8.927999999999999	EXP	feedbackP: units = height
8.927999999999999	EXP	feedbackP: pos = [0,0]
8.927999999999999	EXP	feedbackP: size = undefined
8.927999999999999	EXP	feedbackP: ori = null
8.927999999999999	EXP	feedbackP: opacity = 1
8.927999999999999	EXP	feedbackP: depth = -1
8.927999999999999	EXP	feedbackP: clipMask = null
8.927999999999999	EXP	feedbackP: boundingBox = {"x":0,"y":0,"width":0,"height":0,"type":1}
8.927999999999999	EXP	feedbackP: text = default text
8.927999999999999	EXP	feedbackP: alignHoriz = center
8.927999999999999	EXP	feedbackP: alignVert = center
8.927999999999999	EXP	feedbackP: flipHoriz = null
8.927999999999999	EXP	feedbackP: flipVert = null
8.927999999999999	EXP	feedbackP: font = Arial
8.927999999999999	EXP	feedbackP: height = 0.06
8.927999999999999	EXP	feedbackP: wrapWidth = 1
8.927999999999999	EXP	feedbackP: bold = null
8.927999999999999	EXP	feedbackP: italic = null
8.927999999999999	EXP	feedbackP: color = #FFFFFF
8.927999999999999	EXP	feedbackP: contrast = 1
8.927999999999999	EXP	comienzo: units = height
8.927999999999999	EXP	comienzo: pos = [0,0]
8.927999999999999	EXP	comienzo: size = undefined
8.927999999999999	EXP	comienzo: ori = null
8.927999999999999	EXP	comienzo: opacity = 1
8.927999999999999	EXP	comienzo: depth = null
8.927999999999999	EXP	comienzo: clipMask = null
8.927999999999999	EXP	comienzo: boundingBox = {"x":0,"y":0,"width":0,"height":0,"type":1}
8.927999999999999	EXP	comienzo: text = Ahora sí vamos a empezar con la tarea. Recuerda que debes contestar todas las preguntas. Tienes 20 segundos por cada pregunta. 
8.927999999999999	EXP	comienzo: alignHoriz = center
8.927999999999999	EXP	comienzo: alignVert = center
8.927999999999999	EXP	comienzo: flipHoriz = null
8.927999999999999	EXP	comienzo: flipVert = null
8.927999999999999	EXP	comienzo: font = Arial
8.927999999999999	EXP	comienzo: height = 0.06
8.927999999999999	EXP	comienzo: wrapWidth = 1
8.927999999999999	EXP	comienzo: bold = null
8.927999999999999	EXP	comienzo: italic = null
8.927999999999999	EXP	comienzo: color = #FFFFFF
8.927999999999999	EXP	comienzo: contrast = 1
8.927999999999999	EXP	preguntaT: units = height
8.927999999999999	EXP	preguntaT: pos = [0,0.3]
8.927999999999999	EXP	preguntaT: size = undefined
8.927999999999999	EXP	preguntaT: ori = null
8.927999999999999	EXP	preguntaT: opacity = 1
8.927999999999999	EXP	preguntaT: depth = -1
8.927999999999999	EXP	preguntaT: clipMask = null
8.927999999999999	EXP	preguntaT: boundingBox = {"x":0,"y":0,"width":0,"height":0,"type":1}
8.927999999999999	EXP	preguntaT: text = ¿qué preferirías?
8.927999999999999	EXP	preguntaT: alignHoriz = center
8.927999999999999	EXP	preguntaT: alignVert = center
8.927999999999999	EXP	preguntaT: flipHoriz = null
8.927999999999999	EXP	preguntaT: flipVert = null
8.927999999999999	EXP	preguntaT: font = Arial
8.927999999999999	EXP	preguntaT: height = 0.06
8.927999999999999	EXP	preguntaT: wrapWidth = 1
8.927999999999999	EXP	preguntaT: bold = null
8.927999999999999	EXP	preguntaT: italic = null
8.927999999999999	EXP	preguntaT: color = #FFFFFF
8.927999999999999	EXP	preguntaT: contrast = 1
8.927999999999999	EXP	ssAm_T: units = height
8.927999999999999	EXP	ssAm_T: pos = [0,0]
8.927999999999999	EXP	ssAm_T: size = undefined
8.927999999999999	EXP	ssAm_T: ori = null
8.927999999999999	EXP	ssAm_T: opacity = 1
8.927999999999999	EXP	ssAm_T: depth = -2
8.927999999999999	EXP	ssAm_T: clipMask = null
8.927999999999999	EXP	ssAm_T: boundingBox = {"x":0,"y":0,"width":0,"height":0,"type":1}
8.927999999999999	EXP	ssAm_T: text = default text
8.927999999999999	EXP	ssAm_T: alignHoriz = center
8.927999999999999	EXP	ssAm_T: alignVert = center
8.927999999999999	EXP	ssAm_T: flipHoriz = null
8.927999999999999	EXP	ssAm_T: flipVert = null
8.927999999999999	EXP	ssAm_T: font = Arial
8.927999999999999	EXP	ssAm_T: height = 0.08
8.927999999999999	EXP	ssAm_T: wrapWidth = 1
8.927999999999999	EXP	ssAm_T: bold = null
8.927999999999999	EXP	ssAm_T: italic = null
8.927999999999999	EXP	ssAm_T: color = #FFFFFF
8.927999999999999	EXP	ssAm_T: contrast = 1
8.927999999999999	EXP	ssDel_T: units = height
8.927999999999999	EXP	ssDel_T: pos = [0,0]
8.927999999999999	EXP	ssDel_T: size = undefined
8.927999999999999	EXP	ssDel_T: ori = null
8.927999999999999	EXP	ssDel_T: opacity = 1
8.927999999999999	EXP	ssDel_T: depth = -3
8.927999999999999	EXP	ssDel_T: clipMask = null
8.927999999999999	EXP	ssDel_T: boundingBox = {"x":0,"y":0,"width":0,"height":0,"type":1}
8.927999999999999	EXP	ssDel_T: text = hoy
8.927999999999999	EXP	ssDel_T: alignHoriz = center
8.927999999999999	EXP	ssDel_T: alignVert = center
8.927999999999999	EXP	ssDel_T: flipHoriz = null
8.927999999999999	EXP	ssDel_T: flipVert = null
8.927999999999999	EXP	ssDel_T: font = Arial
8.927999999999999	EXP	ssDel_T: height = 0.08
8.927999999999999	EXP	ssDel_T: wrapWidth = 1
8.927999999999999	EXP	ssDel_T: bold = null
8.927999999999999	EXP	ssDel_T: italic = null
8.927999999999999	EXP	ssDel_T: color = #FFFFFF
8.927999999999999	EXP	ssDel_T: contrast = 1
8.927999999999999	EXP	llAm_T: units = height
8.927999999999999	EXP	llAm_T: pos = [0,0]
8.927999999999999	EXP	llAm_T: size = undefined
8.927999999999999	EXP	llAm_T: ori = null
8.927999999999999	EXP	llAm_T: opacity = 1
8.927999999999999	EXP	llAm_T: depth = -4
8.927999999999999	EXP	llAm_T: clipMask = null
8.927999999999999	EXP	llAm_T: boundingBox = {"x":0,"y":0,"width":0,"height":0,"type":1}
8.927999999999999	EXP	llAm_T: text = default text
8.927999999999999	EXP	llAm_T: alignHoriz = center
8.927999999999999	EXP	llAm_T: alignVert = center
8.927999999999999	EXP	llAm_T: flipHoriz = null
8.927999999999999	EXP	llAm_T: flipVert = null
8.927999999999999	EXP	llAm_T: font = Arial
8.927999999999999	EXP	llAm_T: height = 0.08
8.927999999999999	EXP	llAm_T: wrapWidth = 1
8.927999999999999	EXP	llAm_T: bold = null
8.927999999999999	EXP	llAm_T: italic = null
8.927999999999999	EXP	llAm_T: color = #FFFFFF
8.927999999999999	EXP	llAm_T: contrast = 1
8.927999999999999	EXP	llDel_T: units = height
8.927999999999999	EXP	llDel_T: pos = [0,0]
8.927999999999999	EXP	llDel_T: size = undefined
8.927999999999999	EXP	llDel_T: ori = null
8.927999999999999	EXP	llDel_T: opacity = 1
8.927999999999999	EXP	llDel_T: depth = -5
8.927999999999999	EXP	llDel_T: clipMask = null
8.927999999999999	EXP	llDel_T: boundingBox = {"x":0,"y":0,"width":0,"height":0,"type":1}
8.927999999999999	EXP	llDel_T: text = default text
8.927999999999999	EXP	llDel_T: alignHoriz = center
8.927999999999999	EXP	llDel_T: alignVert = center
8.927999999999999	EXP	llDel_T: flipHoriz = null
8.927999999999999	EXP	llDel_T: flipVert = null
8.927999999999999	EXP	llDel_T: font = Arial
8.927999999999999	EXP	llDel_T: height = 0.08
8.927999999999999	EXP	llDel_T: wrapWidth = 1
8.927999999999999	EXP	llDel_T: bold = null
8.927999999999999	EXP	llDel_T: italic = null
8.927999999999999	EXP	llDel_T: color = #FFFFFF
8.927999999999999	EXP	llDel_T: contrast = 1
8.927999999999999	EXP	textfbT: units = height
8.927999999999999	EXP	textfbT: pos = [0,0]
8.927999999999999	EXP	textfbT: size = undefined
8.927999999999999	EXP	textfbT: ori = null
8.927999999999999	EXP	textfbT: opacity = 1
8.927999999999999	EXP	textfbT: depth = -1
8.927999999999999	EXP	textfbT: clipMask = null
8.927999999999999	EXP	textfbT: boundingBox = {"x":0,"y":0,"width":0,"height":0,"type":1}
8.927999999999999	EXP	textfbT: text = default text
8.927999999999999	EXP	textfbT: alignHoriz = center
8.927999999999999	EXP	textfbT: alignVert = center
8.927999999999999	EXP	textfbT: flipHoriz = null
8.927999999999999	EXP	textfbT: flipVert = null
8.927999999999999	EXP	textfbT: font = Arial
8.927999999999999	EXP	textfbT: height = 0.06
8.927999999999999	EXP	textfbT: wrapWidth = 1
8.927999999999999	EXP	textfbT: bold = null
8.927999999999999	EXP	textfbT: italic = null
8.927999999999999	EXP	textfbT: color = #FFFFFF
8.927999999999999	EXP	textfbT: contrast = 1
8.927999999999999	EXP	Gracias: units = height
8.927999999999999	EXP	Gracias: pos = [0,0]
8.927999999999999	EXP	Gracias: size = undefined
8.927999999999999	EXP	Gracias: ori = null
8.927999999999999	EXP	Gracias: opacity = 1
8.927999999999999	EXP	Gracias: depth = null
8.927999999999999	EXP	Gracias: clipMask = null
8.927999999999999	EXP	Gracias: boundingBox = {"x":0,"y":0,"width":0,"height":0,"type":1}
8.927999999999999	EXP	Gracias: text = Terminaste!

Muchas gracias por participar!
8.927999999999999	EXP	Gracias: alignHoriz = center
8.927999999999999	EXP	Gracias: alignVert = center
8.927999999999999	EXP	Gracias: flipHoriz = null
8.927999999999999	EXP	Gracias: flipVert = null
8.927999999999999	EXP	Gracias: font = Arial
8.927999999999999	EXP	Gracias: height = 0.06
8.927999999999999	EXP	Gracias: wrapWidth = 1
8.927999999999999	EXP	Gracias: bold = null
8.927999999999999	EXP	Gracias: italic = null
8.927999999999999	EXP	Gracias: color = #FFFFFF
8.927999999999999	EXP	Gracias: contrast = 1
8.927999999999999	EXP	intro1: autoDraw = true
13.222999999999999	DATA	Keydown:  
13.261	EXP	intro1: autoDraw = null
13.261	EXP	intro2: autoDraw = true
14.570999999999998	DATA	Keydown: ArrowLeft
15.408999999999999	DATA	Keydown: Escape
17.146	DATA	Keydown: Escape
