0.331609999993816	EXP	Created Window = Window( name=Window, fullscr=true, color=#808080, units=height, waitBlanking=true, autoLog=true, size=[1280,671] )
27.310079999966547	DATA	Keydown: CapsLock
27.414945000084117	DATA	Keydown: P
27.70776000013575	DATA	Keydown: a
28.035730000119656	DATA	Keydown: b
28.123575000092387	DATA	Keydown: l
28.304110000142828	DATA	Keydown: o
28.44010500004515	DATA	Keydown:  
28.692735000047833	DATA	Keydown: CapsLock
29.268730000127107	DATA	Keydown: A
29.478015000000596	DATA	Keydown: n
29.712620000122115	DATA	Keydown: r
29.9064650000073	DATA	Keydown: e
30.107305000070482	DATA	Keydown: s
30.19491000007838	DATA	Keydown:  
30.445814999984577	DATA	Keydown: p
30.447425000136718	DATA	Keydown: CapsLock
30.60300000011921	DATA	Keydown: a
30.831419999944046	DATA	Keydown: t
30.970819999929518	DATA	Keydown: e
31.263100000098348	DATA	Keydown: Backspace
31.437165000010282	DATA	Keydown: Backspace
31.578500000061467	DATA	Keydown: Backspace
31.7462349999696	DATA	Keydown: Backspace
31.88586000003852	DATA	Keydown: Backspace
32.02752500004135	DATA	Keydown: Backspace
32.17510000010952	DATA	Keydown: Backspace
32.617324999999255	DATA	Keydown: Backspace
32.78426000010222	DATA	Keydown: d
32.938079999992624	DATA	Keydown: r
33.13891500001773	DATA	Keydown: e
33.32571000000462	DATA	Keydown: s
33.424975000089034	DATA	Keydown:  
33.67041500005871	DATA	Keydown: p
33.67115000006743	DATA	Keydown: CapsLock
33.82609000010416	DATA	Keydown: a
34.466305000009015	DATA	Keydown: Backspace
34.594819999998435	DATA	Keydown: Backspace
34.80157000012696	DATA	Keydown: p
35.14168000011705	DATA	Keydown: CapsLock
35.48156500002369	DATA	Keydown: Backspace
35.69886999996379	DATA	Keydown: P
36.20488000009209	DATA	Keydown: a
36.48228000011295	DATA	Keydown: t
36.523280000081286	DATA	Keydown: e
36.744080000091344	DATA	Keydown: r
36.8266050000675	DATA	Keydown: n
36.924000000115484	DATA	Keydown: i
36.99606000003405	DATA	Keydown: n
37.11932000005618	DATA	Keydown: a
38.23543000011705	EXP	Created intro1 = TextStim( name=intro1, win=Window( name=Window, fullscr=true, color=#808080, ~), autoDraw=null, autoLog=true, units=height, pos=[0,0], size=undefined, ori=null, opacity=1, depth=null, clipMask=null, boundingBox={"x":-0.47221381333830104,"y":-0.20566318926974664~, text=A continuación vas a completar una tarea computari~, alignHoriz=center, alignVert=center, flipHoriz=null, flipVert=null, font=Arial, height=0.06, wrapWidth=1, bold=null, italic=null, color=#FFFFFF, contrast=1 )
38.243405000073835	EXP	Created intro2 = TextStim( name=intro2, win=Window( name=Window, fullscr=true, color=#808080, ~), autoDraw=null, autoLog=true, units=height, pos=[0,0], size=undefined, ori=null, opacity=1, depth=null, clipMask=null, boundingBox={"x":-0.4863674203614009,"y":-0.19672131147540983,~, text=Todas las decisiones que tendrás que tomar serán e~, alignHoriz=center, alignVert=center, flipHoriz=null, flipVert=null, font=Arial, height=0.03, wrapWidth=1, bold=null, italic=null, color=#FFFFFF, contrast=1 )
38.247914999956265	EXP	Created intro2_2 = TextStim( name=intro2_2, win=Window( name=Window, fullscr=true, color=#808080, ~), autoDraw=null, autoLog=true, units=height, pos=[0,0], size=undefined, ori=null, opacity=1, depth=null, clipMask=null, boundingBox={"x":-0.4995095356743666,"y":-0.17883755588673622,~, text=Aunque estas decisiones son hipotéticas, te pedimo~, alignHoriz=center, alignVert=center, flipHoriz=null, flipVert=null, font=Arial, height=0.03, wrapWidth=1, bold=null, italic=null, color=#FFFFFF, contrast=1 )
38.249354999978095	EXP	Created Intro2_3 = TextStim( name=Intro2_3, win=Window( name=Window, fullscr=true, color=#808080, ~), autoDraw=null, autoLog=true, units=height, pos=[0,0], size=undefined, ori=null, opacity=1, depth=null, clipMask=null, boundingBox={"x":-0.48874697280178836,"y":-0.13710879284649777~, text=Si escoges la opción de la izquierda oprime la fle~, alignHoriz=center, alignVert=center, flipHoriz=null, flipVert=null, font=Arial, height=0.06, wrapWidth=1, bold=null, italic=null, color=#FFFFFF, contrast=1 )
38.25054499995895	EXP	Created intro3 = TextStim( name=intro3, win=Window( name=Window, fullscr=true, color=#808080, ~), autoDraw=null, autoLog=true, units=height, pos=[0,0.3], size=undefined, ori=null, opacity=1, depth=-1, clipMask=null, boundingBox={"x":-0.402573700633383,"y":0.26572280178837554,"w~, text=Por ejemplo, ¿qué preferirías?, alignHoriz=center, alignVert=center, flipHoriz=null, flipVert=null, font=Arial, height=0.06, wrapWidth=1, bold=null, italic=null, color=#FFFFFF, contrast=1 )
38.25686000008136	EXP	Created ss_am = TextStim( name=ss_am, win=Window( name=Window, fullscr=true, color=#808080, ~), autoDraw=null, autoLog=true, units=height, pos=[-0.5,0.1], size=undefined, ori=null, opacity=1, depth=-2, clipMask=null, boundingBox={"x":-0.6230730719076006,"y":0.05380029806259315,"~, text=$5.000, alignHoriz=center, alignVert=center, flipHoriz=null, flipVert=null, font=Arial, height=0.08, wrapWidth=1, bold=null, italic=null, color=#FFFFFF, contrast=1 )
38.257845000131056	EXP	Created ss_del = TextStim( name=ss_del, win=Window( name=Window, fullscr=true, color=#808080, ~), autoDraw=null, autoLog=true, units=height, pos=[-0.5,-0.1], size=undefined, ori=null, opacity=1, depth=-3, clipMask=null, boundingBox={"x":-0.5648766416728763,"y":-0.14619970193740686,~, text=hoy, alignHoriz=center, alignVert=center, flipHoriz=null, flipVert=null, font=Arial, height=0.08, wrapWidth=1, bold=null, italic=null, color=#FFFFFF, contrast=1 )
38.25882999994792	EXP	Created ll_am = TextStim( name=ll_am, win=Window( name=Window, fullscr=true, color=#808080, ~), autoDraw=null, autoLog=true, units=height, pos=[0.5,0.1], size=undefined, ori=null, opacity=1, depth=-4, clipMask=null, boundingBox={"x":0.35454821977459017,"y":0.05380029806259315,"~, text=$10.000, alignHoriz=center, alignVert=center, flipHoriz=null, flipVert=null, font=Arial, height=0.08, wrapWidth=1, bold=null, italic=null, color=#FFFFFF, contrast=1 )
38.26084000011906	EXP	Created ll_del = TextStim( name=ll_del, win=Window( name=Window, fullscr=true, color=#808080, ~), autoDraw=null, autoLog=true, units=height, pos=[0.5,-0.1], size=undefined, ori=null, opacity=1, depth=-5, clipMask=null, boundingBox={"x":0.3344486424180328,"y":-0.14619970193740686,"~, text=en 7 días, alignHoriz=center, alignVert=center, flipHoriz=null, flipVert=null, font=Arial, height=0.08, wrapWidth=1, bold=null, italic=null, color=#FFFFFF, contrast=1 )
38.26202000002377	EXP	Created Intro4 = TextStim( name=Intro4, win=Window( name=Window, fullscr=true, color=#808080, ~), autoDraw=null, autoLog=true, units=height, pos=[0,0], size=undefined, ori=null, opacity=1, depth=null, clipMask=null, boundingBox={"x":-0.47385839698211624,"y":-0.03427719821162444~, text=Hagamos unos ensayos de práctica, alignHoriz=center, alignVert=center, flipHoriz=null, flipVert=null, font=Arial, height=0.06, wrapWidth=1, bold=null, italic=null, color=#FFFFFF, contrast=1 )
38.262965000001714	EXP	Created pregunta = TextStim( name=pregunta, win=Window( name=Window, fullscr=true, color=#808080, ~), autoDraw=null, autoLog=true, units=height, pos=[0,0.3], size=undefined, ori=null, opacity=1, depth=-1, clipMask=null, boundingBox={"x":-0.22696709668405365,"y":0.26572280178837554,~, text=¿qué preferirías?, alignHoriz=center, alignVert=center, flipHoriz=null, flipVert=null, font=Arial, height=0.06, wrapWidth=1, bold=null, italic=null, color=#FFFFFF, contrast=1 )
38.26373500004411	EXP	Created ssAm_P = TextStim( name=ssAm_P, win=Window( name=Window, fullscr=true, color=#808080, ~), autoDraw=null, autoLog=true, units=height, pos=[0,0], size=undefined, ori=null, opacity=1, depth=-2, clipMask=null, boundingBox={"x":-0.19685011293777943,"y":-0.04619970193740685~, text=default text, alignHoriz=center, alignVert=center, flipHoriz=null, flipVert=null, font=Arial, height=0.08, wrapWidth=1, bold=null, italic=null, color=#FFFFFF, contrast=1 )
38.26433499995619	EXP	Created ssDel_P = TextStim( name=ssDel_P, win=Window( name=Window, fullscr=true, color=#808080, ~), autoDraw=null, autoLog=true, units=height, pos=[0,0], size=undefined, ori=null, opacity=1, depth=-3, clipMask=null, boundingBox={"x":-0.06487664167287631,"y":-0.04619970193740685~, text=hoy, alignHoriz=center, alignVert=center, flipHoriz=null, flipVert=null, font=Arial, height=0.08, wrapWidth=1, bold=null, italic=null, color=#FFFFFF, contrast=1 )
38.26505000004545	EXP	Created llAm_P = TextStim( name=llAm_P, win=Window( name=Window, fullscr=true, color=#808080, ~), autoDraw=null, autoLog=true, units=height, pos=[0,0], size=undefined, ori=null, opacity=1, depth=-4, clipMask=null, boundingBox={"x":-0.19685011293777943,"y":-0.04619970193740685~, text=default text, alignHoriz=center, alignVert=center, flipHoriz=null, flipVert=null, font=Arial, height=0.08, wrapWidth=1, bold=null, italic=null, color=#FFFFFF, contrast=1 )
38.26560500008054	EXP	Created llDel_P = TextStim( name=llDel_P, win=Window( name=Window, fullscr=true, color=#808080, ~), autoDraw=null, autoLog=true, units=height, pos=[0,0], size=undefined, ori=null, opacity=1, depth=-5, clipMask=null, boundingBox={"x":-0.19685011293777943,"y":-0.04619970193740685~, text=default text, alignHoriz=center, alignVert=center, flipHoriz=null, flipVert=null, font=Arial, height=0.08, wrapWidth=1, bold=null, italic=null, color=#FFFFFF, contrast=1 )
38.26772000011988	EXP	Created feedbackP = TextStim( name=feedbackP, win=Window( name=Window, fullscr=true, color=#808080, ~), autoDraw=null, autoLog=true, units=height, pos=[0,0], size=undefined, ori=null, opacity=1, depth=-1, clipMask=null, boundingBox={"x":-0.1458148984724292,"y":-0.03427719821162444,~, text=default text, alignHoriz=center, alignVert=center, flipHoriz=null, flipVert=null, font=Arial, height=0.06, wrapWidth=1, bold=null, italic=null, color=#FFFFFF, contrast=1 )
38.2691750000231	EXP	Created comienzo = TextStim( name=comienzo, win=Window( name=Window, fullscr=true, color=#808080, ~), autoDraw=null, autoLog=true, units=height, pos=[0,0], size=undefined, ori=null, opacity=1, depth=null, clipMask=null, boundingBox={"x":-0.4921234631147541,"y":-0.13710879284649777,~, text=Ahora sí vamos a empezar con la tarea. Recuerda qu~, alignHoriz=center, alignVert=center, flipHoriz=null, flipVert=null, font=Arial, height=0.06, wrapWidth=1, bold=null, italic=null, color=#FFFFFF, contrast=1 )
38.26995000010356	EXP	Created preguntaT = TextStim( name=preguntaT, win=Window( name=Window, fullscr=true, color=#808080, ~), autoDraw=null, autoLog=true, units=height, pos=[0,0.3], size=undefined, ori=null, opacity=1, depth=-1, clipMask=null, boundingBox={"x":-0.22696709668405365,"y":0.26572280178837554,~, text=¿qué preferirías?, alignHoriz=center, alignVert=center, flipHoriz=null, flipVert=null, font=Arial, height=0.06, wrapWidth=1, bold=null, italic=null, color=#FFFFFF, contrast=1 )
38.270650000078604	EXP	Created ssAm_T = TextStim( name=ssAm_T, win=Window( name=Window, fullscr=true, color=#808080, ~), autoDraw=null, autoLog=true, units=height, pos=[0,0], size=undefined, ori=null, opacity=1, depth=-2, clipMask=null, boundingBox={"x":-0.19685011293777943,"y":-0.04619970193740685~, text=default text, alignHoriz=center, alignVert=center, flipHoriz=null, flipVert=null, font=Arial, height=0.08, wrapWidth=1, bold=null, italic=null, color=#FFFFFF, contrast=1 )
38.2713399999775	EXP	Created ssDel_T = TextStim( name=ssDel_T, win=Window( name=Window, fullscr=true, color=#808080, ~), autoDraw=null, autoLog=true, units=height, pos=[0,0], size=undefined, ori=null, opacity=1, depth=-3, clipMask=null, boundingBox={"x":-0.06487664167287631,"y":-0.04619970193740685~, text=hoy, alignHoriz=center, alignVert=center, flipHoriz=null, flipVert=null, font=Arial, height=0.08, wrapWidth=1, bold=null, italic=null, color=#FFFFFF, contrast=1 )
38.272115000057966	EXP	Created llAm_T = TextStim( name=llAm_T, win=Window( name=Window, fullscr=true, color=#808080, ~), autoDraw=null, autoLog=true, units=height, pos=[0,0], size=undefined, ori=null, opacity=1, depth=-4, clipMask=null, boundingBox={"x":-0.19685011293777943,"y":-0.04619970193740685~, text=default text, alignHoriz=center, alignVert=center, flipHoriz=null, flipVert=null, font=Arial, height=0.08, wrapWidth=1, bold=null, italic=null, color=#FFFFFF, contrast=1 )
38.27286499994807	EXP	Created llDel_T = TextStim( name=llDel_T, win=Window( name=Window, fullscr=true, color=#808080, ~), autoDraw=null, autoLog=true, units=height, pos=[0,0], size=undefined, ori=null, opacity=1, depth=-5, clipMask=null, boundingBox={"x":-0.19685011293777943,"y":-0.04619970193740685~, text=default text, alignHoriz=center, alignVert=center, flipHoriz=null, flipVert=null, font=Arial, height=0.08, wrapWidth=1, bold=null, italic=null, color=#FFFFFF, contrast=1 )
38.27363499999046	EXP	Created textfbT = TextStim( name=textfbT, win=Window( name=Window, fullscr=true, color=#808080, ~), autoDraw=null, autoLog=true, units=height, pos=[0,0], size=undefined, ori=null, opacity=1, depth=-1, clipMask=null, boundingBox={"x":-0.1458148984724292,"y":-0.03427719821162444,~, text=default text, alignHoriz=center, alignVert=center, flipHoriz=null, flipVert=null, font=Arial, height=0.06, wrapWidth=1, bold=null, italic=null, color=#FFFFFF, contrast=1 )
38.274570000125095	EXP	Created Gracias = TextStim( name=Gracias, win=Window( name=Window, fullscr=true, color=#808080, ~), autoDraw=null, autoLog=true, units=height, pos=[0,0], size=undefined, ori=null, opacity=1, depth=null, clipMask=null, boundingBox={"x":-0.39924087183308493,"y":-0.10283159463487332~, text=Terminaste!

Muchas gracias por participar!, alignHoriz=center, alignVert=center, flipHoriz=null, flipVert=null, font=Arial, height=0.06, wrapWidth=1, bold=null, italic=null, color=#FFFFFF, contrast=1 )
38.35939499991946	EXP	intro1: units = height
38.35939499991946	EXP	intro1: pos = [0,0]
38.35939499991946	EXP	intro1: size = undefined
38.35939499991946	EXP	intro1: ori = null
38.35939499991946	EXP	intro1: opacity = 1
38.35939499991946	EXP	intro1: depth = null
38.35939499991946	EXP	intro1: clipMask = null
38.35939499991946	EXP	intro1: boundingBox = {"x":0,"y":0,"width":0,"height":0,"type":1}
38.35939499991946	EXP	intro1: text = A continuación vas a completar una tarea computarizada en la que tomarás una serie de decisiones.

Presiona la barra de espacio para continuar.
38.35939499991946	EXP	intro1: alignHoriz = center
38.35939499991946	EXP	intro1: alignVert = center
38.35939499991946	EXP	intro1: flipHoriz = null
38.35939499991946	EXP	intro1: flipVert = null
38.35939499991946	EXP	intro1: font = Arial
38.35939499991946	EXP	intro1: height = 0.06
38.35939499991946	EXP	intro1: wrapWidth = 1
38.35939499991946	EXP	intro1: bold = null
38.35939499991946	EXP	intro1: italic = null
38.35939499991946	EXP	intro1: color = #FFFFFF
38.35939499991946	EXP	intro1: contrast = 1
38.35939499991946	EXP	intro2: units = height
38.35939499991946	EXP	intro2: pos = [0,0]
38.35939499991946	EXP	intro2: size = undefined
38.35939499991946	EXP	intro2: ori = null
38.35939499991946	EXP	intro2: opacity = 1
38.35939499991946	EXP	intro2: depth = null
38.35939499991946	EXP	intro2: clipMask = null
38.35939499991946	EXP	intro2: boundingBox = {"x":0,"y":0,"width":0,"height":0,"type":1}
38.35939499991946	EXP	intro2: text = Todas las decisiones que tendrás que tomar serán elecciones entre dos opciones de recompensas monetarias que podrías recibir: una opción de dinero que obtendrías hoy contra una opción de dinero que obtendrías en el futuro. 

En cada pregunta, las cantidades de dinero ofrecido y el número de días que habría que esperar en el futuro cambiarán. 

En cada pregunta, la opción inmediata y la  opción futura cambiarán de lado en la pantalla, así que debes poner atención para responder con el teclado cuál es tu preferencia.
38.35939499991946	EXP	intro2: alignHoriz = center
38.35939499991946	EXP	intro2: alignVert = center
38.35939499991946	EXP	intro2: flipHoriz = null
38.35939499991946	EXP	intro2: flipVert = null
38.35939499991946	EXP	intro2: font = Arial
38.35939499991946	EXP	intro2: height = 0.03
38.35939499991946	EXP	intro2: wrapWidth = 1
38.35939499991946	EXP	intro2: bold = null
38.35939499991946	EXP	intro2: italic = null
38.35939499991946	EXP	intro2: color = #FFFFFF
38.35939499991946	EXP	intro2: contrast = 1
38.35939499991946	EXP	intro2_2: units = height
38.35939499991946	EXP	intro2_2: pos = [0,0]
38.35939499991946	EXP	intro2_2: size = undefined
38.35939499991946	EXP	intro2_2: ori = null
38.35939499991946	EXP	intro2_2: opacity = 1
38.35939499991946	EXP	intro2_2: depth = null
38.35939499991946	EXP	intro2_2: clipMask = null
38.35939499991946	EXP	intro2_2: boundingBox = {"x":0,"y":0,"width":0,"height":0,"type":1}
38.35939499991946	EXP	intro2_2: text = Aunque estas decisiones son hipotéticas, te pedimos que hagas cada elección con honestidad, es decir, que respondas cuál es tu verdadera preferencia tal y como si fuéramos a darte el dinero que escogiste en la fecha en la que escogiste.

Es muy importante que sepas que en esta tarea NO HAY respuestas correctas o incorrectas, cada pregunta es sobre TU preferencia, así que tus respuestas pueden ser muy distintas de las de otra persona. Por este motivo, te recomendamos que contestes con sinceridad para que tus respuestas reflejen tus preferencias únicas.
38.35939499991946	EXP	intro2_2: alignHoriz = center
38.35939499991946	EXP	intro2_2: alignVert = center
38.35939499991946	EXP	intro2_2: flipHoriz = null
38.35939499991946	EXP	intro2_2: flipVert = null
38.35939499991946	EXP	intro2_2: font = Arial
38.35939499991946	EXP	intro2_2: height = 0.03
38.35939499991946	EXP	intro2_2: wrapWidth = 1
38.35939499991946	EXP	intro2_2: bold = null
38.35939499991946	EXP	intro2_2: italic = null
38.35939499991946	EXP	intro2_2: color = #FFFFFF
38.35939499991946	EXP	intro2_2: contrast = 1
38.35939499991946	EXP	Intro2_3: units = height
38.35939499991946	EXP	Intro2_3: pos = [0,0]
38.35939499991946	EXP	Intro2_3: size = undefined
38.35939499991946	EXP	Intro2_3: ori = null
38.35939499991946	EXP	Intro2_3: opacity = 1
38.35939499991946	EXP	Intro2_3: depth = null
38.35939499991946	EXP	Intro2_3: clipMask = null
38.35939499991946	EXP	Intro2_3: boundingBox = {"x":0,"y":0,"width":0,"height":0,"type":1}
38.35939499991946	EXP	Intro2_3: text = Si escoges la opción de la izquierda oprime la flecha hacia la izquierda, si escoges la opción de la derecha oprime la flecha hacia la derecha
38.35939499991946	EXP	Intro2_3: alignHoriz = center
38.35939499991946	EXP	Intro2_3: alignVert = center
38.35939499991946	EXP	Intro2_3: flipHoriz = null
38.35939499991946	EXP	Intro2_3: flipVert = null
38.35939499991946	EXP	Intro2_3: font = Arial
38.35939499991946	EXP	Intro2_3: height = 0.06
38.35939499991946	EXP	Intro2_3: wrapWidth = 1
38.35939499991946	EXP	Intro2_3: bold = null
38.35939499991946	EXP	Intro2_3: italic = null
38.35939499991946	EXP	Intro2_3: color = #FFFFFF
38.35939499991946	EXP	Intro2_3: contrast = 1
38.35939499991946	EXP	intro3: units = height
38.35939499991946	EXP	intro3: pos = [0,0.3]
38.35939499991946	EXP	intro3: size = undefined
38.35939499991946	EXP	intro3: ori = null
38.35939499991946	EXP	intro3: opacity = 1
38.35939499991946	EXP	intro3: depth = -1
38.35939499991946	EXP	intro3: clipMask = null
38.35939499991946	EXP	intro3: boundingBox = {"x":0,"y":0,"width":0,"height":0,"type":1}
38.35939499991946	EXP	intro3: text = Por ejemplo, ¿qué preferirías?
38.35939499991946	EXP	intro3: alignHoriz = center
38.35939499991946	EXP	intro3: alignVert = center
38.35939499991946	EXP	intro3: flipHoriz = null
38.35939499991946	EXP	intro3: flipVert = null
38.35939499991946	EXP	intro3: font = Arial
38.35939499991946	EXP	intro3: height = 0.06
38.35939499991946	EXP	intro3: wrapWidth = 1
38.35939499991946	EXP	intro3: bold = null
38.35939499991946	EXP	intro3: italic = null
38.35939499991946	EXP	intro3: color = #FFFFFF
38.35939499991946	EXP	intro3: contrast = 1
38.35939499991946	EXP	ss_am: units = height
38.35939499991946	EXP	ss_am: pos = [-0.5,0.1]
38.35939499991946	EXP	ss_am: size = undefined
38.35939499991946	EXP	ss_am: ori = null
38.35939499991946	EXP	ss_am: opacity = 1
38.35939499991946	EXP	ss_am: depth = -2
38.35939499991946	EXP	ss_am: clipMask = null
38.35939499991946	EXP	ss_am: boundingBox = {"x":0,"y":0,"width":0,"height":0,"type":1}
38.35939499991946	EXP	ss_am: text = $5.000
38.35939499991946	EXP	ss_am: alignHoriz = center
38.35939499991946	EXP	ss_am: alignVert = center
38.35939499991946	EXP	ss_am: flipHoriz = null
38.35939499991946	EXP	ss_am: flipVert = null
38.35939499991946	EXP	ss_am: font = Arial
38.35939499991946	EXP	ss_am: height = 0.08
38.35939499991946	EXP	ss_am: wrapWidth = 1
38.35939499991946	EXP	ss_am: bold = null
38.35939499991946	EXP	ss_am: italic = null
38.35939499991946	EXP	ss_am: color = #FFFFFF
38.35939499991946	EXP	ss_am: contrast = 1
38.35939499991946	EXP	ss_del: units = height
38.35939499991946	EXP	ss_del: pos = [-0.5,-0.1]
38.35939499991946	EXP	ss_del: size = undefined
38.35939499991946	EXP	ss_del: ori = null
38.35939499991946	EXP	ss_del: opacity = 1
38.35939499991946	EXP	ss_del: depth = -3
38.35939499991946	EXP	ss_del: clipMask = null
38.35939499991946	EXP	ss_del: boundingBox = {"x":0,"y":0,"width":0,"height":0,"type":1}
38.35939499991946	EXP	ss_del: text = hoy
38.35939499991946	EXP	ss_del: alignHoriz = center
38.35939499991946	EXP	ss_del: alignVert = center
38.35939499991946	EXP	ss_del: flipHoriz = null
38.35939499991946	EXP	ss_del: flipVert = null
38.35939499991946	EXP	ss_del: font = Arial
38.35939499991946	EXP	ss_del: height = 0.08
38.35939499991946	EXP	ss_del: wrapWidth = 1
38.35939499991946	EXP	ss_del: bold = null
38.35939499991946	EXP	ss_del: italic = null
38.35939499991946	EXP	ss_del: color = #FFFFFF
38.35939499991946	EXP	ss_del: contrast = 1
38.35939499991946	EXP	ll_am: units = height
38.35939499991946	EXP	ll_am: pos = [0.5,0.1]
38.35939499991946	EXP	ll_am: size = undefined
38.35939499991946	EXP	ll_am: ori = null
38.35939499991946	EXP	ll_am: opacity = 1
38.35939499991946	EXP	ll_am: depth = -4
38.35939499991946	EXP	ll_am: clipMask = null
38.35939499991946	EXP	ll_am: boundingBox = {"x":0,"y":0,"width":0,"height":0,"type":1}
38.35939499991946	EXP	ll_am: text = $10.000
38.35939499991946	EXP	ll_am: alignHoriz = center
38.35939499991946	EXP	ll_am: alignVert = center
38.35939499991946	EXP	ll_am: flipHoriz = null
38.35939499991946	EXP	ll_am: flipVert = null
38.35939499991946	EXP	ll_am: font = Arial
38.35939499991946	EXP	ll_am: height = 0.08
38.35939499991946	EXP	ll_am: wrapWidth = 1
38.35939499991946	EXP	ll_am: bold = null
38.35939499991946	EXP	ll_am: italic = null
38.35939499991946	EXP	ll_am: color = #FFFFFF
38.35939499991946	EXP	ll_am: contrast = 1
38.35939499991946	EXP	ll_del: units = height
38.35939499991946	EXP	ll_del: pos = [0.5,-0.1]
38.35939499991946	EXP	ll_del: size = undefined
38.35939499991946	EXP	ll_del: ori = null
38.35939499991946	EXP	ll_del: opacity = 1
38.35939499991946	EXP	ll_del: depth = -5
38.35939499991946	EXP	ll_del: clipMask = null
38.35939499991946	EXP	ll_del: boundingBox = {"x":0,"y":0,"width":0,"height":0,"type":1}
38.35939499991946	EXP	ll_del: text = en 7 días
38.35939499991946	EXP	ll_del: alignHoriz = center
38.35939499991946	EXP	ll_del: alignVert = center
38.35939499991946	EXP	ll_del: flipHoriz = null
38.35939499991946	EXP	ll_del: flipVert = null
38.35939499991946	EXP	ll_del: font = Arial
38.35939499991946	EXP	ll_del: height = 0.08
38.35939499991946	EXP	ll_del: wrapWidth = 1
38.35939499991946	EXP	ll_del: bold = null
38.35939499991946	EXP	ll_del: italic = null
38.35939499991946	EXP	ll_del: color = #FFFFFF
38.35939499991946	EXP	ll_del: contrast = 1
38.35939499991946	EXP	Intro4: units = height
38.35939499991946	EXP	Intro4: pos = [0,0]
38.35939499991946	EXP	Intro4: size = undefined
38.35939499991946	EXP	Intro4: ori = null
38.35939499991946	EXP	Intro4: opacity = 1
38.35939499991946	EXP	Intro4: depth = null
38.35939499991946	EXP	Intro4: clipMask = null
38.35939499991946	EXP	Intro4: boundingBox = {"x":0,"y":0,"width":0,"height":0,"type":1}
38.35939499991946	EXP	Intro4: text = Hagamos unos ensayos de práctica
38.35939499991946	EXP	Intro4: alignHoriz = center
38.35939499991946	EXP	Intro4: alignVert = center
38.35939499991946	EXP	Intro4: flipHoriz = null
38.35939499991946	EXP	Intro4: flipVert = null
38.35939499991946	EXP	Intro4: font = Arial
38.35939499991946	EXP	Intro4: height = 0.06
38.35939499991946	EXP	Intro4: wrapWidth = 1
38.35939499991946	EXP	Intro4: bold = null
38.35939499991946	EXP	Intro4: italic = null
38.35939499991946	EXP	Intro4: color = #FFFFFF
38.35939499991946	EXP	Intro4: contrast = 1
38.35939499991946	EXP	pregunta: units = height
38.35939499991946	EXP	pregunta: pos = [0,0.3]
38.35939499991946	EXP	pregunta: size = undefined
38.35939499991946	EXP	pregunta: ori = null
38.35939499991946	EXP	pregunta: opacity = 1
38.35939499991946	EXP	pregunta: depth = -1
38.35939499991946	EXP	pregunta: clipMask = null
38.35939499991946	EXP	pregunta: boundingBox = {"x":0,"y":0,"width":0,"height":0,"type":1}
38.35939499991946	EXP	pregunta: text = ¿qué preferirías?
38.35939499991946	EXP	pregunta: alignHoriz = center
38.35939499991946	EXP	pregunta: alignVert = center
38.35939499991946	EXP	pregunta: flipHoriz = null
38.35939499991946	EXP	pregunta: flipVert = null
38.35939499991946	EXP	pregunta: font = Arial
38.35939499991946	EXP	pregunta: height = 0.06
38.35939499991946	EXP	pregunta: wrapWidth = 1
38.35939499991946	EXP	pregunta: bold = null
38.35939499991946	EXP	pregunta: italic = null
38.35939499991946	EXP	pregunta: color = #FFFFFF
38.35939499991946	EXP	pregunta: contrast = 1
38.35939499991946	EXP	ssAm_P: units = height
38.35939499991946	EXP	ssAm_P: pos = [0,0]
38.35939499991946	EXP	ssAm_P: size = undefined
38.35939499991946	EXP	ssAm_P: ori = null
38.35939499991946	EXP	ssAm_P: opacity = 1
38.35939499991946	EXP	ssAm_P: depth = -2
38.35939499991946	EXP	ssAm_P: clipMask = null
38.35939499991946	EXP	ssAm_P: boundingBox = {"x":0,"y":0,"width":0,"height":0,"type":1}
38.35939499991946	EXP	ssAm_P: text = default text
38.35939499991946	EXP	ssAm_P: alignHoriz = center
38.35939499991946	EXP	ssAm_P: alignVert = center
38.35939499991946	EXP	ssAm_P: flipHoriz = null
38.35939499991946	EXP	ssAm_P: flipVert = null
38.35939499991946	EXP	ssAm_P: font = Arial
38.35939499991946	EXP	ssAm_P: height = 0.08
38.35939499991946	EXP	ssAm_P: wrapWidth = 1
38.35939499991946	EXP	ssAm_P: bold = null
38.35939499991946	EXP	ssAm_P: italic = null
38.35939499991946	EXP	ssAm_P: color = #FFFFFF
38.35939499991946	EXP	ssAm_P: contrast = 1
38.35939499991946	EXP	ssDel_P: units = height
38.35939499991946	EXP	ssDel_P: pos = [0,0]
38.35939499991946	EXP	ssDel_P: size = undefined
38.35939499991946	EXP	ssDel_P: ori = null
38.35939499991946	EXP	ssDel_P: opacity = 1
38.35939499991946	EXP	ssDel_P: depth = -3
38.35939499991946	EXP	ssDel_P: clipMask = null
38.35939499991946	EXP	ssDel_P: boundingBox = {"x":0,"y":0,"width":0,"height":0,"type":1}
38.35939499991946	EXP	ssDel_P: text = hoy
38.35939499991946	EXP	ssDel_P: alignHoriz = center
38.35939499991946	EXP	ssDel_P: alignVert = center
38.35939499991946	EXP	ssDel_P: flipHoriz = null
38.35939499991946	EXP	ssDel_P: flipVert = null
38.35939499991946	EXP	ssDel_P: font = Arial
38.35939499991946	EXP	ssDel_P: height = 0.08
38.35939499991946	EXP	ssDel_P: wrapWidth = 1
38.35939499991946	EXP	ssDel_P: bold = null
38.35939499991946	EXP	ssDel_P: italic = null
38.35939499991946	EXP	ssDel_P: color = #FFFFFF
38.35939499991946	EXP	ssDel_P: contrast = 1
38.35939499991946	EXP	llAm_P: units = height
38.35939499991946	EXP	llAm_P: pos = [0,0]
38.35939499991946	EXP	llAm_P: size = undefined
38.35939499991946	EXP	llAm_P: ori = null
38.35939499991946	EXP	llAm_P: opacity = 1
38.35939499991946	EXP	llAm_P: depth = -4
38.35939499991946	EXP	llAm_P: clipMask = null
38.35939499991946	EXP	llAm_P: boundingBox = {"x":0,"y":0,"width":0,"height":0,"type":1}
38.35939499991946	EXP	llAm_P: text = default text
38.35939499991946	EXP	llAm_P: alignHoriz = center
38.35939499991946	EXP	llAm_P: alignVert = center
38.35939499991946	EXP	llAm_P: flipHoriz = null
38.35939499991946	EXP	llAm_P: flipVert = null
38.35939499991946	EXP	llAm_P: font = Arial
38.35939499991946	EXP	llAm_P: height = 0.08
38.35939499991946	EXP	llAm_P: wrapWidth = 1
38.35939499991946	EXP	llAm_P: bold = null
38.35939499991946	EXP	llAm_P: italic = null
38.35939499991946	EXP	llAm_P: color = #FFFFFF
38.35939499991946	EXP	llAm_P: contrast = 1
38.35939499991946	EXP	llDel_P: units = height
38.35939499991946	EXP	llDel_P: pos = [0,0]
38.35939499991946	EXP	llDel_P: size = undefined
38.35939499991946	EXP	llDel_P: ori = null
38.35939499991946	EXP	llDel_P: opacity = 1
38.35939499991946	EXP	llDel_P: depth = -5
38.35939499991946	EXP	llDel_P: clipMask = null
38.35939499991946	EXP	llDel_P: boundingBox = {"x":0,"y":0,"width":0,"height":0,"type":1}
38.35939499991946	EXP	llDel_P: text = default text
38.35939499991946	EXP	llDel_P: alignHoriz = center
38.35939499991946	EXP	llDel_P: alignVert = center
38.35939499991946	EXP	llDel_P: flipHoriz = null
38.35939499991946	EXP	llDel_P: flipVert = null
38.35939499991946	EXP	llDel_P: font = Arial
38.35939499991946	EXP	llDel_P: height = 0.08
38.35939499991946	EXP	llDel_P: wrapWidth = 1
38.35939499991946	EXP	llDel_P: bold = null
38.35939499991946	EXP	llDel_P: italic = null
38.35939499991946	EXP	llDel_P: color = #FFFFFF
38.35939499991946	EXP	llDel_P: contrast = 1
38.35939499991946	EXP	feedbackP: units = height
38.35939499991946	EXP	feedbackP: pos = [0,0]
38.35939499991946	EXP	feedbackP: size = undefined
38.35939499991946	EXP	feedbackP: ori = null
38.35939499991946	EXP	feedbackP: opacity = 1
38.35939499991946	EXP	feedbackP: depth = -1
38.35939499991946	EXP	feedbackP: clipMask = null
38.35939499991946	EXP	feedbackP: boundingBox = {"x":0,"y":0,"width":0,"height":0,"type":1}
38.35939499991946	EXP	feedbackP: text = default text
38.35939499991946	EXP	feedbackP: alignHoriz = center
38.35939499991946	EXP	feedbackP: alignVert = center
38.35939499991946	EXP	feedbackP: flipHoriz = null
38.35939499991946	EXP	feedbackP: flipVert = null
38.35939499991946	EXP	feedbackP: font = Arial
38.35939499991946	EXP	feedbackP: height = 0.06
38.35939499991946	EXP	feedbackP: wrapWidth = 1
38.35939499991946	EXP	feedbackP: bold = null
38.35939499991946	EXP	feedbackP: italic = null
38.35939499991946	EXP	feedbackP: color = #FFFFFF
38.35939499991946	EXP	feedbackP: contrast = 1
38.35939499991946	EXP	comienzo: units = height
38.35939499991946	EXP	comienzo: pos = [0,0]
38.35939499991946	EXP	comienzo: size = undefined
38.35939499991946	EXP	comienzo: ori = null
38.35939499991946	EXP	comienzo: opacity = 1
38.35939499991946	EXP	comienzo: depth = null
38.35939499991946	EXP	comienzo: clipMask = null
38.35939499991946	EXP	comienzo: boundingBox = {"x":0,"y":0,"width":0,"height":0,"type":1}
38.35939499991946	EXP	comienzo: text = Ahora sí vamos a empezar con la tarea. Recuerda que debes contestar todas las preguntas. Tienes 20 segundos por cada pregunta. 
38.35939499991946	EXP	comienzo: alignHoriz = center
38.35939499991946	EXP	comienzo: alignVert = center
38.35939499991946	EXP	comienzo: flipHoriz = null
38.35939499991946	EXP	comienzo: flipVert = null
38.35939499991946	EXP	comienzo: font = Arial
38.35939499991946	EXP	comienzo: height = 0.06
38.35939499991946	EXP	comienzo: wrapWidth = 1
38.35939499991946	EXP	comienzo: bold = null
38.35939499991946	EXP	comienzo: italic = null
38.35939499991946	EXP	comienzo: color = #FFFFFF
38.35939499991946	EXP	comienzo: contrast = 1
38.35939499991946	EXP	preguntaT: units = height
38.35939499991946	EXP	preguntaT: pos = [0,0.3]
38.35939499991946	EXP	preguntaT: size = undefined
38.35939499991946	EXP	preguntaT: ori = null
38.35939499991946	EXP	preguntaT: opacity = 1
38.35939499991946	EXP	preguntaT: depth = -1
38.35939499991946	EXP	preguntaT: clipMask = null
38.35939499991946	EXP	preguntaT: boundingBox = {"x":0,"y":0,"width":0,"height":0,"type":1}
38.35939499991946	EXP	preguntaT: text = ¿qué preferirías?
38.35939499991946	EXP	preguntaT: alignHoriz = center
38.35939499991946	EXP	preguntaT: alignVert = center
38.35939499991946	EXP	preguntaT: flipHoriz = null
38.35939499991946	EXP	preguntaT: flipVert = null
38.35939499991946	EXP	preguntaT: font = Arial
38.35939499991946	EXP	preguntaT: height = 0.06
38.35939499991946	EXP	preguntaT: wrapWidth = 1
38.35939499991946	EXP	preguntaT: bold = null
38.35939499991946	EXP	preguntaT: italic = null
38.35939499991946	EXP	preguntaT: color = #FFFFFF
38.35939499991946	EXP	preguntaT: contrast = 1
38.35939499991946	EXP	ssAm_T: units = height
38.35939499991946	EXP	ssAm_T: pos = [0,0]
38.35939499991946	EXP	ssAm_T: size = undefined
38.35939499991946	EXP	ssAm_T: ori = null
38.35939499991946	EXP	ssAm_T: opacity = 1
38.35939499991946	EXP	ssAm_T: depth = -2
38.35939499991946	EXP	ssAm_T: clipMask = null
38.35939499991946	EXP	ssAm_T: boundingBox = {"x":0,"y":0,"width":0,"height":0,"type":1}
38.35939499991946	EXP	ssAm_T: text = default text
38.35939499991946	EXP	ssAm_T: alignHoriz = center
38.35939499991946	EXP	ssAm_T: alignVert = center
38.35939499991946	EXP	ssAm_T: flipHoriz = null
38.35939499991946	EXP	ssAm_T: flipVert = null
38.35939499991946	EXP	ssAm_T: font = Arial
38.35939499991946	EXP	ssAm_T: height = 0.08
38.35939499991946	EXP	ssAm_T: wrapWidth = 1
38.35939499991946	EXP	ssAm_T: bold = null
38.35939499991946	EXP	ssAm_T: italic = null
38.35939499991946	EXP	ssAm_T: color = #FFFFFF
38.35939499991946	EXP	ssAm_T: contrast = 1
38.35939499991946	EXP	ssDel_T: units = height
38.35939499991946	EXP	ssDel_T: pos = [0,0]
38.35939499991946	EXP	ssDel_T: size = undefined
38.35939499991946	EXP	ssDel_T: ori = null
38.35939499991946	EXP	ssDel_T: opacity = 1
38.35939499991946	EXP	ssDel_T: depth = -3
38.35939499991946	EXP	ssDel_T: clipMask = null
38.35939499991946	EXP	ssDel_T: boundingBox = {"x":0,"y":0,"width":0,"height":0,"type":1}
38.35939499991946	EXP	ssDel_T: text = hoy
38.35939499991946	EXP	ssDel_T: alignHoriz = center
38.35939499991946	EXP	ssDel_T: alignVert = center
38.35939499991946	EXP	ssDel_T: flipHoriz = null
38.35939499991946	EXP	ssDel_T: flipVert = null
38.35939499991946	EXP	ssDel_T: font = Arial
38.35939499991946	EXP	ssDel_T: height = 0.08
38.35939499991946	EXP	ssDel_T: wrapWidth = 1
38.35939499991946	EXP	ssDel_T: bold = null
38.35939499991946	EXP	ssDel_T: italic = null
38.35939499991946	EXP	ssDel_T: color = #FFFFFF
38.35939499991946	EXP	ssDel_T: contrast = 1
38.35939499991946	EXP	llAm_T: units = height
38.35939499991946	EXP	llAm_T: pos = [0,0]
38.35939499991946	EXP	llAm_T: size = undefined
38.35939499991946	EXP	llAm_T: ori = null
38.35939499991946	EXP	llAm_T: opacity = 1
38.35939499991946	EXP	llAm_T: depth = -4
38.35939499991946	EXP	llAm_T: clipMask = null
38.35939499991946	EXP	llAm_T: boundingBox = {"x":0,"y":0,"width":0,"height":0,"type":1}
38.35939499991946	EXP	llAm_T: text = default text
38.35939499991946	EXP	llAm_T: alignHoriz = center
38.35939499991946	EXP	llAm_T: alignVert = center
38.35939499991946	EXP	llAm_T: flipHoriz = null
38.35939499991946	EXP	llAm_T: flipVert = null
38.35939499991946	EXP	llAm_T: font = Arial
38.35939499991946	EXP	llAm_T: height = 0.08
38.35939499991946	EXP	llAm_T: wrapWidth = 1
38.35939499991946	EXP	llAm_T: bold = null
38.35939499991946	EXP	llAm_T: italic = null
38.35939499991946	EXP	llAm_T: color = #FFFFFF
38.35939499991946	EXP	llAm_T: contrast = 1
38.35939499991946	EXP	llDel_T: units = height
38.35939499991946	EXP	llDel_T: pos = [0,0]
38.35939499991946	EXP	llDel_T: size = undefined
38.35939499991946	EXP	llDel_T: ori = null
38.35939499991946	EXP	llDel_T: opacity = 1
38.35939499991946	EXP	llDel_T: depth = -5
38.35939499991946	EXP	llDel_T: clipMask = null
38.35939499991946	EXP	llDel_T: boundingBox = {"x":0,"y":0,"width":0,"height":0,"type":1}
38.35939499991946	EXP	llDel_T: text = default text
38.35939499991946	EXP	llDel_T: alignHoriz = center
38.35939499991946	EXP	llDel_T: alignVert = center
38.35939499991946	EXP	llDel_T: flipHoriz = null
38.35939499991946	EXP	llDel_T: flipVert = null
38.35939499991946	EXP	llDel_T: font = Arial
38.35939499991946	EXP	llDel_T: height = 0.08
38.35939499991946	EXP	llDel_T: wrapWidth = 1
38.35939499991946	EXP	llDel_T: bold = null
38.35939499991946	EXP	llDel_T: italic = null
38.35939499991946	EXP	llDel_T: color = #FFFFFF
38.35939499991946	EXP	llDel_T: contrast = 1
38.35939499991946	EXP	textfbT: units = height
38.35939499991946	EXP	textfbT: pos = [0,0]
38.35939499991946	EXP	textfbT: size = undefined
38.35939499991946	EXP	textfbT: ori = null
38.35939499991946	EXP	textfbT: opacity = 1
38.35939499991946	EXP	textfbT: depth = -1
38.35939499991946	EXP	textfbT: clipMask = null
38.35939499991946	EXP	textfbT: boundingBox = {"x":0,"y":0,"width":0,"height":0,"type":1}
38.35939499991946	EXP	textfbT: text = default text
38.35939499991946	EXP	textfbT: alignHoriz = center
38.35939499991946	EXP	textfbT: alignVert = center
38.35939499991946	EXP	textfbT: flipHoriz = null
38.35939499991946	EXP	textfbT: flipVert = null
38.35939499991946	EXP	textfbT: font = Arial
38.35939499991946	EXP	textfbT: height = 0.06
38.35939499991946	EXP	textfbT: wrapWidth = 1
38.35939499991946	EXP	textfbT: bold = null
38.35939499991946	EXP	textfbT: italic = null
38.35939499991946	EXP	textfbT: color = #FFFFFF
38.35939499991946	EXP	textfbT: contrast = 1
38.35939499991946	EXP	Gracias: units = height
38.35939499991946	EXP	Gracias: pos = [0,0]
38.35939499991946	EXP	Gracias: size = undefined
38.35939499991946	EXP	Gracias: ori = null
38.35939499991946	EXP	Gracias: opacity = 1
38.35939499991946	EXP	Gracias: depth = null
38.35939499991946	EXP	Gracias: clipMask = null
38.35939499991946	EXP	Gracias: boundingBox = {"x":0,"y":0,"width":0,"height":0,"type":1}
38.35939499991946	EXP	Gracias: text = Terminaste!

Muchas gracias por participar!
38.35939499991946	EXP	Gracias: alignHoriz = center
38.35939499991946	EXP	Gracias: alignVert = center
38.35939499991946	EXP	Gracias: flipHoriz = null
38.35939499991946	EXP	Gracias: flipVert = null
38.35939499991946	EXP	Gracias: font = Arial
38.35939499991946	EXP	Gracias: height = 0.06
38.35939499991946	EXP	Gracias: wrapWidth = 1
38.35939499991946	EXP	Gracias: bold = null
38.35939499991946	EXP	Gracias: italic = null
38.35939499991946	EXP	Gracias: color = #FFFFFF
38.35939499991946	EXP	Gracias: contrast = 1
38.35939499991946	EXP	intro1: autoDraw = true
43.31885499996133	DATA	Keydown:  
43.35198000003584	EXP	intro1: autoDraw = null
43.35198000003584	EXP	intro2: autoDraw = true
44.469525000080466	DATA	Keydown:  
44.48781000007875	EXP	intro2: autoDraw = null
44.48781000007875	EXP	intro2_2: autoDraw = true
44.886315000010654	DATA	Keydown:  
49.4061450001318	DATA	Keydown:  
49.42344500008039	EXP	intro2_2: autoDraw = null
49.42344500008039	EXP	Intro2_3: autoDraw = true
56.24639500002377	DATA	Keydown:  
56.28532000002451	EXP	Intro2_3: autoDraw = null
56.28532000002451	EXP	intro3: autoDraw = true
56.28532000002451	EXP	ss_am: autoDraw = true
56.28532000002451	EXP	ss_del: autoDraw = true
56.28532000002451	EXP	ll_am: autoDraw = true
56.28532000002451	EXP	ll_del: autoDraw = true
63.60162000008859	DATA	Keydown: ArrowRight
63.61324999993667	EXP	intro3: autoDraw = null
63.61324999993667	EXP	ss_am: autoDraw = null
63.61324999993667	EXP	ss_del: autoDraw = null
63.61324999993667	EXP	ll_am: autoDraw = null
63.61324999993667	EXP	ll_del: autoDraw = null
63.61324999993667	EXP	Intro4: autoDraw = true
68.3648749999702	DATA	Keydown: ArrowRight
69.05239000008442	DATA	Keydown:  
69.11739500006661	EXP	Intro4: autoDraw = null
69.11739500006661	EXP	ssAm_P: pos = [0.5,0.1]
69.11739500006661	EXP	ssAm_P: text = $25000
69.11739500006661	EXP	ssDel_P: pos = [0.5,-0.1]
69.11739500006661	EXP	llAm_P: pos = [-0.5,0.1]
69.11739500006661	EXP	llAm_P: text = $35000
69.11739500006661	EXP	llDel_P: pos = [-0.5,-0.1]
69.11739500006661	EXP	llDel_P: text = en 150 días
69.11739500006661	EXP	pregunta: autoDraw = true
69.11739500006661	EXP	ssAm_P: autoDraw = true
69.11739500006661	EXP	ssDel_P: autoDraw = true
69.11739500006661	EXP	llAm_P: autoDraw = true
69.11739500006661	EXP	llDel_P: autoDraw = true
75.0384100000374	DATA	Keydown: ArrowLeft
75.05249000014737	EXP	pregunta: autoDraw = null
75.05249000014737	EXP	ssAm_P: autoDraw = null
75.05249000014737	EXP	ssDel_P: autoDraw = null
75.05249000014737	EXP	llAm_P: autoDraw = null
75.05249000014737	EXP	llDel_P: autoDraw = null
75.05249000014737	EXP	feedbackP: text = Elegiste esperar
75.05249000014737	EXP	feedbackP: autoDraw = true
78.0687250001356	EXP	feedbackP: autoDraw = null
78.0687250001356	EXP	feedbackP: autoDraw = null
78.0687250001356	EXP	ssAm_P: pos = [0.5,0.1]
78.0687250001356	EXP	ssAm_P: text = $10000
78.0687250001356	EXP	ssDel_P: pos = [0.5,-0.1]
78.0687250001356	EXP	llAm_P: pos = [-0.5,0.1]
78.0687250001356	EXP	llAm_P: text = $109000
78.0687250001356	EXP	llDel_P: pos = [-0.5,-0.1]
78.0687250001356	EXP	llDel_P: text = en 9 días
78.0687250001356	EXP	pregunta: autoDraw = true
78.0687250001356	EXP	ssAm_P: autoDraw = true
78.0687250001356	EXP	ssDel_P: autoDraw = true
78.0687250001356	EXP	llAm_P: autoDraw = true
78.0687250001356	EXP	llDel_P: autoDraw = true
80.5863749999553	DATA	Keydown: ArrowRight
80.60443500010297	EXP	pregunta: autoDraw = null
80.60443500010297	EXP	ssAm_P: autoDraw = null
80.60443500010297	EXP	ssDel_P: autoDraw = null
80.60443500010297	EXP	llAm_P: autoDraw = null
80.60443500010297	EXP	llDel_P: autoDraw = null
80.60443500010297	EXP	feedbackP: text = Elegiste no esperar
80.60443500010297	EXP	feedbackP: autoDraw = true
83.60981500009075	EXP	feedbackP: autoDraw = null
83.60981500009075	EXP	feedbackP: autoDraw = null
83.60981500009075	EXP	ssAm_P: pos = [-0.5,0.1]
83.60981500009075	EXP	ssAm_P: text = $10000
83.60981500009075	EXP	ssDel_P: pos = [-0.5,-0.1]
83.60981500009075	EXP	llAm_P: pos = [0.5,0.1]
83.60981500009075	EXP	llAm_P: text = $19000
83.60981500009075	EXP	llDel_P: pos = [0.5,-0.1]
83.60981500009075	EXP	llDel_P: text = en 89 días
83.60981500009075	EXP	pregunta: autoDraw = true
83.60981500009075	EXP	ssAm_P: autoDraw = true
83.60981500009075	EXP	ssDel_P: autoDraw = true
83.60981500009075	EXP	llAm_P: autoDraw = true
83.60981500009075	EXP	llDel_P: autoDraw = true
86.62724000005983	DATA	Keydown: ArrowRight
86.64223000011407	EXP	pregunta: autoDraw = null
86.64223000011407	EXP	ssAm_P: autoDraw = null
86.64223000011407	EXP	ssDel_P: autoDraw = null
86.64223000011407	EXP	llAm_P: autoDraw = null
86.64223000011407	EXP	llDel_P: autoDraw = null
86.64223000011407	EXP	feedbackP: text = Elegiste esperar
86.64223000011407	EXP	feedbackP: autoDraw = true
89.64328499999829	EXP	feedbackP: autoDraw = null
89.64328499999829	EXP	feedbackP: autoDraw = null
89.64328499999829	EXP	comienzo: autoDraw = true
93.56148999999277	DATA	Keydown: ArrowRight
148.3028349999804	DATA	Keydown: Escape
